
Processing photonEfficiency.cc...
0/2967857
1000000/2967857
2000000/2967857
[#1] INFO:Minization -- RooMinuit::optimizeConst: activating const optimization
RooAbsTestStatistic::initSimMode: creating slave calculator #0 for state pass (1 dataset entries)
[#1] INFO:Fitting -- RooAbsTestStatistic::initSimMode: created 1 slave calculators.
[#1] INFO:Minization --  The following expressions will be evaluated in cache-and-track mode: (gx,px)
 **********
 **   13 **MIGRAD        8000           1
 **********
 FIRST CALL TO USER FUNCTION AT NEW START POINT, WITH IFLAG=4.
 START MIGRAD MINIMIZATION.  STRATEGY  1.  CONVERGENCE WHEN EDM .LT. 1.00e-03
 FCN=2.25816 FROM MIGRAD    STATUS=INITIATE     1406 CALLS        1407 TOTAL
                     EDM= unknown      STRATEGY= 1      NO ERROR MATRIX       
  EXT PARAMETER               CURRENT GUESS       STEP         FIRST   
  NO.   NAME      VALUE            ERROR          SIZE      DERIVATIVE 
   1  a0           1.05477e-04   5.00000e-02   0.00000e+00   6.42301e-02
   2  a0_fail      1.00000e-01   5.00000e-02   0.00000e+00   0.00000e+00
   3  a1           4.00000e-03   2.00000e-03   0.00000e+00   1.05563e-01
   4  a1_fail      4.00000e-03   2.00000e-03   0.00000e+00   0.00000e+00
   5  a2           4.00000e-03   2.00000e-03   0.00000e+00  -2.74843e-01
   6  a2_fail      4.00000e-03   2.00000e-03   0.00000e+00   0.00000e+00
   7  a3           4.00000e-03   2.00000e-03   0.00000e+00  -2.97041e-01
   8  a3_fail      4.00000e-03   2.00000e-03   0.00000e+00   0.00000e+00
   9  a4           4.00000e-03   2.00000e-03   0.00000e+00   7.22552e-02
  10  a4_fail      4.00000e-03   2.00000e-03   0.00000e+00   0.00000e+00
  11  a5           4.00000e-03   2.00000e-03   0.00000e+00   3.83653e-01
  12  a5_fail      4.00000e-03   2.00000e-03   0.00000e+00   0.00000e+00
  13  f            2.00000e-01   1.00000e-01   0.00000e+00  -1.63014e+00
  14  f_fail       2.00000e-01   1.00000e-01   0.00000e+00   0.00000e+00
  15  mean         9.00000e+01   1.00000e+01   0.00000e+00  -2.05801e+02
  16  sigma        3.00000e-01   1.00000e-01   0.00000e+00  -6.69587e+00
                               ERR DEF= 0.5
 MIGRAD MINIMIZATION HAS CONVERGED.
 FCN=-1.38363 FROM MIGRAD    STATUS=CONVERGED    1712 CALLS        1713 TOTAL
                     EDM=2.44067e-05    STRATEGY= 1  ERROR MATRIX UNCERTAINTY   2.0 per cent
  EXT PARAMETER                                   STEP         FIRST   
  NO.   NAME      VALUE            ERROR          SIZE      DERIVATIVE 
   1  a0           1.44337e-05   7.93704e-02   8.64817e-05  -6.91540e-11
   2  a0_fail      1.00000e-01   2.52441e-01  -0.00000e+00   0.00000e+00
   3  a1           8.94781e-02   9.51894e-01   1.79606e-03  -1.57173e-09
   4  a1_fail      4.00000e-03   2.28010e-01  -0.00000e+00   0.00000e+00
   5  a2           6.49590e-02   5.03558e-01  -1.33672e-03  -3.58417e-09
   6  a2_fail      4.00000e-03   2.28010e-01  -0.00000e+00   0.00000e+00
   7  a3           7.32415e-02   5.11366e-01  -1.45769e-03  -4.14910e-09
   8  a3_fail      4.00000e-03   2.28010e-01  -0.00000e+00   0.00000e+00
   9  a4           9.19055e-02   9.37371e-01   1.76708e-03  -1.07225e-09
  10  a4_fail      4.00000e-03   2.28010e-01  -0.00000e+00   0.00000e+00
  11  a5           6.55817e-02   7.41872e-01   1.69435e-03  -4.89861e-09
  12  a5_fail      4.00000e-03   2.28010e-01  -0.00000e+00   0.00000e+00
  13  f            9.99998e-01   7.21043e-01  -3.75078e-02   1.54502e-03
  14  f_fail       2.00000e-01   3.36588e-01  -0.00000e+00   0.00000e+00
  15  mean         9.04435e+01   9.99704e-02  -6.25367e-05  -1.26153e+00
  16  sigma        1.00001e-01   6.23843e-02   9.56646e-04** at limit **
                               ERR DEF= 0.5
 EXTERNAL ERROR MATRIX.    NDIM=  34    NPAR= 16    ERR DEF=0.5
 ELEMENTS ABOVE DIAGONAL ARE NOT PRINTED.
  4.709e-06 
  0.000e+00  9.000e-02 
 -2.879e-09  0.000e+00  4.575e-01 
  0.000e+00  0.000e+00  0.000e+00  3.984e-03 
 -1.187e-07  0.000e+00 -8.339e-05  0.000e+00  6.089e-02 
  0.000e+00  0.000e+00  0.000e+00  0.000e+00  0.000e+00  3.984e-03 
 -1.389e-07  0.000e+00 -1.011e-04  0.000e+00  1.705e-04  0.000e+00  6.808e-02 
  0.000e+00  0.000e+00  0.000e+00  0.000e+00  0.000e+00  0.000e+00  0.000e+00  3.984e-03 
 -2.220e-08  0.000e+00 -3.703e-04  0.000e+00 -6.796e-05  0.000e+00 -8.355e-05  0.000e+00  6.985e-01 
  0.000e+00  0.000e+00  0.000e+00  0.000e+00  0.000e+00  0.000e+00  0.000e+00  0.000e+00  0.000e+00  3.984e-03 
  3.371e-08  0.000e+00 -1.784e-04  0.000e+00 -9.592e-05  0.000e+00 -1.142e-04  0.000e+00 -2.111e-04  0.000e+00  8.128e-02 
  0.000e+00  0.000e+00  0.000e+00  0.000e+00  0.000e+00  0.000e+00  0.000e+00  0.000e+00  0.000e+00  0.000e+00  0.000e+00 
  0.000e+00  0.000e+00  0.000e+00  0.000e+00  0.000e+00  0.000e+00  0.000e+00  0.000e+00  0.000e+00  0.000e+00  0.000e+00  3.984e-03 
 -2.360e-08  0.000e+00 -3.912e-05  0.000e+00  2.295e-05  0.000e+00  2.642e-05  0.000e+00 -3.915e-05  0.000e+00 -3.144e-05 
 -2.360e-08  0.000e+00 -3.912e-05  0.000e+00  2.295e-05  0.000e+00  2.642e-05  0.000e+00 -3.915e-05  0.000e+00 -3.144e-05  0.000e+00  5.122e-06 
  0.000e+00  0.000e+00  0.000e+00  0.000e+00  0.000e+00  0.000e+00  0.000e+00  0.000e+00  0.000e+00  0.000e+00  0.000e+00 
  0.000e+00  0.000e+00  0.000e+00  0.000e+00  0.000e+00  0.000e+00  0.000e+00  0.000e+00  0.000e+00  0.000e+00  0.000e+00  0.000e+00  0.000e+00  1.600e-01 
  2.190e-07  0.000e+00  5.150e-04  0.000e+00 -1.715e-04  0.000e+00 -1.950e-04  0.000e+00  5.315e-04  0.000e+00  3.739e-04 
  2.190e-07  0.000e+00  5.150e-04  0.000e+00 -1.715e-04  0.000e+00 -1.950e-04  0.000e+00  5.315e-04  0.000e+00  3.739e-04  0.000e+00 -2.330e-06  0.000e+00  9.994e-03 
  5.254e-09  0.000e+00  9.383e-06  0.000e+00 -4.988e-06  0.000e+00 -5.733e-06  0.000e+00  9.503e-06  0.000e+00  7.316e-06 
  5.254e-09  0.000e+00  9.383e-06  0.000e+00 -4.988e-06  0.000e+00 -5.733e-06  0.000e+00  9.503e-06  0.000e+00  7.316e-06  0.000e+00  1.240e-07  0.000e+00 -1.401e-06  2.503e-07 
 PARAMETER  CORRELATION COEFFICIENTS  
       NO.  GLOBAL      1      2      3      4      5      6      7      8      9     10     11     12     13     14     15     16
        1  0.00735   1.000  0.000 -0.000  0.000 -0.000  0.000 -0.000  0.000 -0.000  0.000  0.000  0.000 -0.005  0.000  0.001  0.005
        2  0.00000   0.000  1.000  0.000  0.000  0.000  0.000  0.000  0.000  0.000  0.000  0.000  0.000  0.000  0.000  0.000  0.000
        3  0.04114  -0.000  0.000  1.000  0.000 -0.000  0.000 -0.001  0.000 -0.001  0.000 -0.001  0.000 -0.026  0.000  0.008  0.028
        4  0.00000   0.000  0.000  0.000  1.000  0.000  0.000  0.000  0.000  0.000  0.000  0.000  0.000  0.000  0.000  0.000  0.000
        5  0.06173  -0.000  0.000 -0.000  0.000  1.000  0.000  0.003  0.000 -0.000  0.000 -0.001  0.000  0.041  0.000 -0.007 -0.040
        6  0.00000   0.000  0.000  0.000  0.000  0.000  1.000  0.000  0.000  0.000  0.000  0.000  0.000  0.000  0.000  0.000  0.000
        7  0.06713  -0.000  0.000 -0.001  0.000  0.003  0.000  1.000  0.000 -0.000  0.000 -0.002  0.000  0.045  0.000 -0.007 -0.044
        8  0.00000   0.000  0.000  0.000  0.000  0.000  0.000  0.000  1.000  0.000  0.000  0.000  0.000  0.000  0.000  0.000  0.000
        9  0.03361  -0.000  0.000 -0.001  0.000 -0.000  0.000 -0.000  0.000  1.000  0.000 -0.001  0.000 -0.021  0.000  0.006  0.023
       10  0.00000   0.000  0.000  0.000  0.000  0.000  0.000  0.000  0.000  0.000  1.000  0.000  0.000  0.000  0.000  0.000  0.000
       11  0.07664   0.000  0.000 -0.001  0.000 -0.001  0.000 -0.002  0.000 -0.001  0.000  1.000  0.000 -0.049  0.000  0.013  0.051
       12  0.00000   0.000  0.000  0.000  0.000  0.000  0.000  0.000  0.000  0.000  0.000  0.000  1.000  0.000  0.000  0.000  0.000
       13  0.14469  -0.005  0.000 -0.026  0.000  0.041  0.000  0.045  0.000 -0.021  0.000 -0.049  0.000  1.000  0.000 -0.010  0.110
       14  0.00000   0.000  0.000  0.000  0.000  0.000  0.000  0.000  0.000  0.000  0.000  0.000  0.000  0.000  1.000  0.000  0.000
       15  0.03591   0.001  0.000  0.008  0.000 -0.007  0.000 -0.007  0.000  0.006  0.000  0.013  0.000 -0.010  0.000  1.000 -0.028
       16  0.14851   0.005  0.000  0.028  0.000 -0.040  0.000 -0.044  0.000  0.023  0.000  0.051  0.000  0.110  0.000 -0.028  1.000
 **********
 **   18 **HESSE        8000
 **********
 MINUIT WARNING IN HESSE
 ============== Second derivative enters zero, param 2
 MINUIT WARNING IN HESSE
 ============== Second derivative zero for parameter2
  MNHESS FAILS AND WILL RETURN DIAGONAL MATRIX. 
 FCN=-1.38363 FROM HESSE     STATUS=FAILED          5 CALLS        1718 TOTAL
                     EDM=2.44067e-05    STRATEGY= 1  ERROR MATRIX UNCERTAINTY 100.0 per cent
  EXT PARAMETER                APPROXIMATE     INTERNAL      INTERNAL  
  NO.   NAME      VALUE            ERROR       STEP SIZE       VALUE   
   1  a0           1.44337e-05   9.99067e-01   5.00000e-01  -1.57839e+00
   2  a0_fail      5.13931e-03   5.33846e-01  -0.00000e+00  -9.27295e-01
   3  a1           8.94781e-02   8.75982e-01   1.79606e-03  -2.17836e+00
   4  a1_fail      4.00000e-03   2.28010e-01  -0.00000e+00  -1.44422e+00
   5  a2           6.49590e-02   2.07384e-01  -1.33672e-03  -1.05537e+00
   6  a2_fail      4.00000e-03   2.28010e-01  -0.00000e+00  -1.44422e+00
   7  a3           7.32415e-02   2.19230e-01  -1.45769e-03  -1.02270e+00
   8  a3_fail      4.00000e-03   2.28010e-01  -0.00000e+00  -1.44422e+00
   9  a4           9.19055e-02   9.06682e-01   1.76708e-03  -2.18681e+00
  10  a4_fail      4.00000e-03   2.28010e-01  -0.00000e+00  -1.44422e+00
  11  a5           6.55817e-02   5.89660e-01   1.69435e-03  -2.08874e+00
  12  a5_fail      4.00000e-03   2.28010e-01  -0.00000e+00  -1.44422e+00
  13  f            9.99998e-01   7.11087e-01  -3.75078e-02   1.57390e+00
  14  f_fail       2.00000e-01   3.36588e-01  -0.00000e+00  -6.43501e-01
  15  mean         9.04435e+01   1.00001e-01  -6.25367e-05  -1.92314e-01
  16  sigma        1.00001e-01   4.99600e-02   9.56646e-04  -1.57035e+00
                                 WARNING -   - ABOVE PARAMETER IS AT LIMIT.
                               ERR DEF= 0.5
 EXTERNAL ERROR MATRIX.    NDIM=  34    NPAR= 16    ERR DEF=0.5
 ELEMENTS ABOVE DIAGONAL ARE NOT PRINTED.
  1.340e+03 
  0.000e+00  1.275e-01 
  0.000e+00  0.000e+00  2.164e+08 
  0.000e+00  0.000e+00  0.000e+00  3.984e-03 
  0.000e+00  0.000e+00  0.000e+00  0.000e+00  6.074e-02 
  0.000e+00  0.000e+00  0.000e+00  0.000e+00  0.000e+00  3.984e-03 
  0.000e+00  0.000e+00  0.000e+00  0.000e+00  0.000e+00  0.000e+00  6.788e-02 
  0.000e+00  0.000e+00  0.000e+00  0.000e+00  0.000e+00  0.000e+00  0.000e+00  3.984e-03 
  0.000e+00  0.000e+00  0.000e+00  0.000e+00  0.000e+00  0.000e+00  0.000e+00  0.000e+00  4.062e+08 
  0.000e+00  0.000e+00  0.000e+00  0.000e+00  0.000e+00  0.000e+00  0.000e+00  0.000e+00  0.000e+00  3.984e-03 
  0.000e+00  0.000e+00  0.000e+00  0.000e+00  0.000e+00  0.000e+00  0.000e+00  0.000e+00  0.000e+00  0.000e+00  1.549e+07 
  0.000e+00  0.000e+00  0.000e+00  0.000e+00  0.000e+00  0.000e+00  0.000e+00  0.000e+00  0.000e+00  0.000e+00  0.000e+00 
  0.000e+00  0.000e+00  0.000e+00  0.000e+00  0.000e+00  0.000e+00  0.000e+00  0.000e+00  0.000e+00  0.000e+00  0.000e+00  3.984e-03 
  0.000e+00  0.000e+00  0.000e+00  0.000e+00  0.000e+00  0.000e+00  0.000e+00  0.000e+00  0.000e+00  0.000e+00  0.000e+00 
  0.000e+00  0.000e+00  0.000e+00  0.000e+00  0.000e+00  0.000e+00  0.000e+00  0.000e+00  0.000e+00  0.000e+00  0.000e+00  0.000e+00  4.844e-06 
  0.000e+00  0.000e+00  0.000e+00  0.000e+00  0.000e+00  0.000e+00  0.000e+00  0.000e+00  0.000e+00  0.000e+00  0.000e+00 
  0.000e+00  0.000e+00  0.000e+00  0.000e+00  0.000e+00  0.000e+00  0.000e+00  0.000e+00  0.000e+00  0.000e+00  0.000e+00  0.000e+00  0.000e+00  1.600e-01 
  0.000e+00  0.000e+00  0.000e+00  0.000e+00  0.000e+00  0.000e+00  0.000e+00  0.000e+00  0.000e+00  0.000e+00  0.000e+00 
  0.000e+00  0.000e+00  0.000e+00  0.000e+00  0.000e+00  0.000e+00  0.000e+00  0.000e+00  0.000e+00  0.000e+00  0.000e+00  0.000e+00  0.000e+00  0.000e+00  1.000e-02 
  0.000e+00  0.000e+00  0.000e+00  0.000e+00  0.000e+00  0.000e+00  0.000e+00  0.000e+00  0.000e+00  0.000e+00  0.000e+00 
  0.000e+00  0.000e+00  0.000e+00  0.000e+00  0.000e+00  0.000e+00  0.000e+00  0.000e+00  0.000e+00  0.000e+00  0.000e+00  0.000e+00  0.000e+00  0.000e+00  0.000e+00  2.004e-07 
ERR MATRIX APPROXIMATE
 PARAMETER  CORRELATION COEFFICIENTS  
       NO.  GLOBAL      1      2      3      4      5      6      7      8      9     10     11     12     13     14     15     16
        1  0.00000   1.000  0.000  0.000  0.000  0.000  0.000  0.000  0.000  0.000  0.000  0.000  0.000  0.000  0.000  0.000  0.000
        2  0.00000   0.000  1.000  0.000  0.000  0.000  0.000  0.000  0.000  0.000  0.000  0.000  0.000  0.000  0.000  0.000  0.000
        3  0.00000   0.000  0.000  1.000  0.000  0.000  0.000  0.000  0.000  0.000  0.000  0.000  0.000  0.000  0.000  0.000  0.000
        4  0.00000   0.000  0.000  0.000  1.000  0.000  0.000  0.000  0.000  0.000  0.000  0.000  0.000  0.000  0.000  0.000  0.000
        5  0.00000   0.000  0.000  0.000  0.000  1.000  0.000  0.000  0.000  0.000  0.000  0.000  0.000  0.000  0.000  0.000  0.000
        6  0.00000   0.000  0.000  0.000  0.000  0.000  1.000  0.000  0.000  0.000  0.000  0.000  0.000  0.000  0.000  0.000  0.000
        7  0.00000   0.000  0.000  0.000  0.000  0.000  0.000  1.000  0.000  0.000  0.000  0.000  0.000  0.000  0.000  0.000  0.000
        8  0.00000   0.000  0.000  0.000  0.000  0.000  0.000  0.000  1.000  0.000  0.000  0.000  0.000  0.000  0.000  0.000  0.000
        9  0.00000   0.000  0.000  0.000  0.000  0.000  0.000  0.000  0.000  1.000  0.000  0.000  0.000  0.000  0.000  0.000  0.000
       10  0.00000   0.000  0.000  0.000  0.000  0.000  0.000  0.000  0.000  0.000  1.000  0.000  0.000  0.000  0.000  0.000  0.000
       11  0.00000   0.000  0.000  0.000  0.000  0.000  0.000  0.000  0.000  0.000  0.000  1.000  0.000  0.000  0.000  0.000  0.000
       12  0.00000   0.000  0.000  0.000  0.000  0.000  0.000  0.000  0.000  0.000  0.000  0.000  1.000  0.000  0.000  0.000  0.000
       13  0.00000   0.000  0.000  0.000  0.000  0.000  0.000  0.000  0.000  0.000  0.000  0.000  0.000  1.000  0.000  0.000  0.000
       14  0.00000   0.000  0.000  0.000  0.000  0.000  0.000  0.000  0.000  0.000  0.000  0.000  0.000  0.000  1.000  0.000  0.000
       15  0.00000   0.000  0.000  0.000  0.000  0.000  0.000  0.000  0.000  0.000  0.000  0.000  0.000  0.000  0.000  1.000  0.000
       16  0.00000   0.000  0.000  0.000  0.000  0.000  0.000  0.000  0.000  0.000  0.000  0.000  0.000  0.000  0.000  0.000  1.000
 ERR MATRIX APPROXIMATE
[#1] INFO:Minization -- RooMinuit::optimizeConst: deactivating const optimization
[#1] INFO:Plotting -- RooTreeData::plotOn: plotting 1 events out of 1 total events
[#1] INFO:Plotting -- RooSimultaneous::plotOn(simPdf) plot on x represents a slice in the index category (sample)
[#1] INFO:Plotting -- RooAbsReal::plotOn(myModel) slice variable sample was not projected anyway
[#1] INFO:Plotting -- RooSimultaneous::plotOn(simPdf) plot on x represents a slice in the index category (sample)
[#1] INFO:Plotting -- RooAbsPdf::plotOn(myModel) directly selected PDF components: (px)
[#1] INFO:Plotting -- RooAbsPdf::plotOn(myModel) indirectly selected PDF components: ()
[#1] INFO:Plotting -- RooAbsReal::plotOn(myModel) slice variable sample was not projected anyway
[#1] INFO:Plotting -- RooTreeData::plotOn: plotting 0 events out of 1 total events
[#1] INFO:Plotting -- RooSimultaneous::plotOn(simPdf) plot on x represents a slice in the index category (sample)
[#1] INFO:Plotting -- RooAbsReal::plotOn(myModel_fail) slice variable sample was not projected anyway
[#1] INFO:Plotting -- RooSimultaneous::plotOn(simPdf) plot on x represents a slice in the index category (sample)
[#1] INFO:Plotting -- RooAbsPdf::plotOn(myModel_fail) directly selected PDF components: (px_fail)
[#1] INFO:Plotting -- RooAbsPdf::plotOn(myModel_fail) indirectly selected PDF components: ()
[#1] INFO:Plotting -- RooAbsReal::plotOn(myModel_fail) slice variable sample was not projected anyway
efficiency(pt>75): 1
[#1] INFO:Minization -- RooMinuit::optimizeConst: activating const optimization
RooAbsTestStatistic::initSimMode: creating slave calculator #0 for state pass (5140 dataset entries)
RooAbsTestStatistic::initSimMode: creating slave calculator #1 for state fail (5445 dataset entries)
[#1] INFO:Fitting -- RooAbsTestStatistic::initSimMode: created 2 slave calculators.
[#1] INFO:Minization --  The following expressions will be evaluated in cache-and-track mode: (gx,px)
[#1] INFO:Minization --  The following expressions will be evaluated in cache-and-track mode: (gx_fail,px_fail)
 **********
 **   13 **MIGRAD        8000           1
 **********
 FIRST CALL TO USER FUNCTION AT NEW START POINT, WITH IFLAG=4.
 START MIGRAD MINIMIZATION.  STRATEGY  1.  CONVERGENCE WHEN EDM .LT. 1.00e-03
 FCN=44905.2 FROM MIGRAD    STATUS=INITIATE      289 CALLS         290 TOTAL
                     EDM= unknown      STRATEGY= 1      NO ERROR MATRIX       
  EXT PARAMETER               CURRENT GUESS       STEP         FIRST   
  NO.   NAME      VALUE            ERROR          SIZE      DERIVATIVE 
   1  a0           9.99817e-01   9.99067e-01   0.00000e+00   3.55158e-03
   2  a0_fail      5.13931e-03   5.33846e-01   0.00000e+00   6.53342e+03
   3  a1           8.94781e-02   8.75982e-01   0.00000e+00   6.28822e+00
   4  a1_fail      4.00000e-03   2.28010e-01   0.00000e+00   1.97107e+03
   5  a2           6.49590e-02   2.07384e-01   0.00000e+00   9.10288e+00
   6  a2_fail      4.00000e-03   2.28010e-01   0.00000e+00  -1.81511e+03
   7  a3           7.32415e-02   2.19230e-01   0.00000e+00   9.71182e+00
   8  a3_fail      4.00000e-03   2.28010e-01   0.00000e+00  -2.82364e+03
   9  a4           9.19055e-02   9.06682e-01   0.00000e+00   6.33844e+00
  10  a4_fail      4.00000e-03   2.28010e-01   0.00000e+00  -1.92752e+03
  11  a5           9.77815e-01   5.89660e-01   0.00000e+00  -1.41608e+00
  12  a5_fail      4.00000e-03   2.28010e-01   0.00000e+00  -2.81413e+03
  13  f            9.93937e-01   7.11087e-01  -1.52786e-01   1.22856e+03
  14  f_fail       2.00000e-01   3.36588e-01   0.00000e+00  -1.45361e+03
  15  mean         9.04435e+01   1.00001e-01   0.00000e+00   1.31261e+02
  16  sigma        5.90651e+00   4.99600e-02   0.00000e+00   4.01560e+03
                               ERR DEF= 0.5
 MINUIT WARNING IN MIGRAD  
 ============== Negative diagonal element 1 in Error Matrix
 MINUIT WARNING IN MIGRAD  
 ============== 1.0261 added to diagonal of error matrix
[#0] WARNING:Minization -- RooFitGlue: Minimized function has error status.
Returning maximum FCN so far (117354) to force MIGRAD to back out of this region. Error log follows
Parameter values: a0=0.551701, a0_fail=0.270901, a1=0.75957, a1_fail=0.952848, a2=0.185562, a2_fail=0.76372, a3=0.0798486, a3_fail=0.220685, a4=0.988627, a4_fail=0.726689, a5=0.00878328, a5_fail=0.441562, f=0.221772, f_fail=0.825158, mean=54.7586, sigma=0.242144
RooGaussian::gx_fail[ x=x mean=mean sigma=sigma ]
     p.d.f normalization integral is zero or negative @ x=x=89.8548, mean=mean=54.7586 +/- 0.100001, sigma=sigma=0.242144 +/- 0.04996
     p.d.f normalization integral is zero or negative @ x=x=107.223, mean=mean=54.7586 +/- 0.100001, sigma=sigma=0.242144 +/- 0.04996
     p.d.f normalization integral is zero or negative @ x=x=119.094, mean=mean=54.7586 +/- 0.100001, sigma=sigma=0.242144 +/- 0.04996
     p.d.f normalization integral is zero or negative @ x=x=88.7292, mean=mean=54.7586 +/- 0.100001, sigma=sigma=0.242144 +/- 0.04996
     p.d.f normalization integral is zero or negative @ x=x=79.2688, mean=mean=54.7586 +/- 0.100001, sigma=sigma=0.242144 +/- 0.04996
     p.d.f normalization integral is zero or negative @ x=x=111.405, mean=mean=54.7586 +/- 0.100001, sigma=sigma=0.242144 +/- 0.04996
     p.d.f normalization integral is zero or negative @ x=x=81.2894, mean=mean=54.7586 +/- 0.100001, sigma=sigma=0.242144 +/- 0.04996
     p.d.f normalization integral is zero or negative @ x=x=90.2911, mean=mean=54.7586 +/- 0.100001, sigma=sigma=0.242144 +/- 0.04996
     p.d.f normalization integral is zero or negative @ x=x=68.9223, mean=mean=54.7586 +/- 0.100001, sigma=sigma=0.242144 +/- 0.04996
     p.d.f normalization integral is zero or negative @ x=x=91.949, mean=mean=54.7586 +/- 0.100001, sigma=sigma=0.242144 +/- 0.04996
     p.d.f normalization integral is zero or negative @ x=x=87.2999, mean=mean=54.7586 +/- 0.100001, sigma=sigma=0.242144 +/- 0.04996
     p.d.f normalization integral is zero or negative @ x=x=112.135, mean=mean=54.7586 +/- 0.100001, sigma=sigma=0.242144 +/- 0.04996
    ... (remaining 5435 messages suppressed)
RooGaussian::gx[ x=x mean=mean sigma=sigma ]
     p.d.f normalization integral is zero or negative @ x=x=89.5991, mean=mean=54.7586 +/- 0.100001, sigma=sigma=0.242144 +/- 0.04996
     p.d.f normalization integral is zero or negative @ x=x=94.4516, mean=mean=54.7586 +/- 0.100001, sigma=sigma=0.242144 +/- 0.04996
     p.d.f normalization integral is zero or negative @ x=x=100.172, mean=mean=54.7586 +/- 0.100001, sigma=sigma=0.242144 +/- 0.04996
     p.d.f normalization integral is zero or negative @ x=x=91.1771, mean=mean=54.7586 +/- 0.100001, sigma=sigma=0.242144 +/- 0.04996
     p.d.f normalization integral is zero or negative @ x=x=88.5881, mean=mean=54.7586 +/- 0.100001, sigma=sigma=0.242144 +/- 0.04996
     p.d.f normalization integral is zero or negative @ x=x=90.3968, mean=mean=54.7586 +/- 0.100001, sigma=sigma=0.242144 +/- 0.04996
     p.d.f normalization integral is zero or negative @ x=x=94.6224, mean=mean=54.7586 +/- 0.100001, sigma=sigma=0.242144 +/- 0.04996
     p.d.f normalization integral is zero or negative @ x=x=91.8244, mean=mean=54.7586 +/- 0.100001, sigma=sigma=0.242144 +/- 0.04996
     p.d.f normalization integral is zero or negative @ x=x=79.9485, mean=mean=54.7586 +/- 0.100001, sigma=sigma=0.242144 +/- 0.04996
     p.d.f normalization integral is zero or negative @ x=x=89.9481, mean=mean=54.7586 +/- 0.100001, sigma=sigma=0.242144 +/- 0.04996
     p.d.f normalization integral is zero or negative @ x=x=90.7701, mean=mean=54.7586 +/- 0.100001, sigma=sigma=0.242144 +/- 0.04996
     p.d.f normalization integral is zero or negative @ x=x=87.2444, mean=mean=54.7586 +/- 0.100001, sigma=sigma=0.242144 +/- 0.04996
    ... (remaining 5130 messages suppressed)

 MIGRAD FAILS TO FIND IMPROVEMENT
 MINUIT WARNING IN HESSE   
 ============== Negative diagonal element 1 in Error Matrix
 MINUIT WARNING IN HESSE   
 ============== Negative diagonal element 3 in Error Matrix
 MINUIT WARNING IN HESSE   
 ============== Negative diagonal element 5 in Error Matrix
 MINUIT WARNING IN HESSE   
 ============== Negative diagonal element 7 in Error Matrix
 MINUIT WARNING IN HESSE   
 ============== Negative diagonal element 11 in Error Matrix
 MINUIT WARNING IN HESSE   
 ============== 40.7629 added to diagonal of error matrix
 EIGENVALUES OF SECOND-DERIVATIVE MATRIX:
        -9.3552e-01 -1.7547e-02  1.2135e-01  2.5658e-01  3.7529e-01  6.5477e-01  7.7188e-01  8.6420e-01  9.1206e-01  9.4326e-01  1.0286e+00  1.2830e+00  1.4192e+00  1.9447e+00  3.0107e+00  3.3675e+00
 MINUIT WARNING IN HESSE   
 ============== MATRIX FORCED POS-DEF BY ADDING 0.938888 TO DIAGONAL.
 FCN=42775.5 FROM HESSE     STATUS=NOT POSDEF    185 CALLS         796 TOTAL
                     EDM=10239.3    STRATEGY= 1      ERR MATRIX NOT POS-DEF
  EXT PARAMETER                APPROXIMATE        STEP         FIRST   
  NO.   NAME      VALUE            ERROR          SIZE      DERIVATIVE 
   1  a0           5.58137e-01   7.76961e-01   3.71526e-02   7.35996e+01
   2  a0_fail      1.02386e-03   1.27116e-04   6.99422e-04  -4.77638e+02
   3  a1           8.44792e-01   7.42128e-02   8.72214e-02   8.62178e+00
   4  a1_fail      6.82499e-04   3.72934e-04   2.44636e-03   2.77899e+01
   5  a2           2.40289e-01   7.63280e-01   1.31197e-01   3.05210e+01
   6  a2_fail      1.55074e-02   7.93467e-04   9.86776e-04  -5.88002e+01
   7  a3           5.62237e-02   5.13120e-01   2.26502e-02  -2.42848e+01
   8  a3_fail      4.46876e-03   9.76425e-04   1.97618e-03   4.36097e+01
   9  a4           9.81791e-01   2.84453e-02   2.22887e-02  -1.05407e+01
  10  a4_fail      5.67234e-03   7.66712e-04   1.51945e-03   1.95570e+02
  11  a5           6.82890e-03   1.69509e-02   2.37933e-02   2.82602e+01
  12  a5_fail      1.18773e-02   5.68959e-04   8.16600e-04   3.87795e+01
  13  f            8.90586e-01   1.53161e-02   1.90247e-03   8.43561e+02
  14  f_fail       4.34469e-01   6.90872e-03   2.36679e-03   3.18266e+02
  15  mean         9.03791e+01   3.74933e-02   9.97050e-05   9.34592e+02
  16  sigma        2.14648e+00   7.14721e-02   5.95478e-04  -5.25155e+03
                               ERR DEF= 0.5
 MIGRAD MINIMIZATION HAS CONVERGED.
 MIGRAD WILL VERIFY CONVERGENCE AND ERROR MATRIX.
 EIGENVALUES OF SECOND-DERIVATIVE MATRIX:
        -3.3558e-03  6.2972e-03  4.2155e-01  4.6958e-01  7.1145e-01  8.1680e-01  9.6892e-01  9.9096e-01  9.9690e-01  9.9830e-01  1.0111e+00  1.3602e+00  1.4119e+00  1.6130e+00  1.7898e+00  2.4367e+00
 MINUIT WARNING IN HESSE   
 ============== MATRIX FORCED POS-DEF BY ADDING 0.005793 TO DIAGONAL.
 MIGRAD TERMINATED WITHOUT CONVERGENCE.
 FCN=42362.8 FROM MIGRAD    STATUS=FAILED       2431 CALLS        2432 TOTAL
                     EDM=0.0019316    STRATEGY= 1      ERR MATRIX NOT POS-DEF
  EXT PARAMETER                APPROXIMATE        STEP         FIRST   
  NO.   NAME      VALUE            ERROR          SIZE      DERIVATIVE 
   1  a0           8.13528e-02   7.12576e-02   9.23648e-03   8.22756e-02
   2  a0_fail      1.98973e-03   1.49719e-03   7.84866e-04   6.53799e-02
   3  a1           3.38469e-08   1.86587e-02   3.89092e-02** at limit **
   4  a1_fail      3.19311e-12   1.94114e-04   3.95919e-03** at limit **
   5  a2           6.52960e-01   7.67242e-01   3.70326e-02  -9.69495e-03
   6  a2_fail      1.60124e-02   1.16866e-02   1.23653e-03  -9.24623e-02
   7  a3           9.99988e-01   5.88436e-01   3.13884e-01   1.65111e-04
   8  a3_fail      1.18598e-02   9.05086e-03   1.91921e-03  -5.52616e-02
   9  a4           3.67314e-10   1.42148e-02   3.39863e-02** at limit **
  10  a4_fail      1.15769e-10   1.46825e-03   1.07660e-02** at limit **
  11  a5           1.09450e-01   9.23364e-02   9.41060e-03   3.20926e-02
  12  a5_fail      1.61149e-02   1.17786e-02   8.90255e-04   1.16580e-01
  13  f            7.98040e-01   8.16900e-03   2.60008e-03   9.92627e-02
  14  f_fail       4.07022e-01   9.77428e-03   2.51923e-03  -6.35223e-02
  15  mean         9.03344e+01   3.81521e-02   1.09206e-04   6.98077e-01
  16  sigma        2.49154e+00   3.76291e-02   7.21613e-04   1.41391e-01
                               ERR DEF= 0.5
 EXTERNAL ERROR MATRIX.    NDIM=  34    NPAR= 16    ERR DEF=0.5
 ELEMENTS ABOVE DIAGONAL ARE NOT PRINTED.
  5.197e-03 
 -5.951e-08  2.242e-06 
 -2.238e-07  4.730e-12  2.542e-09 
 -2.951e-13  3.977e-12  3.792e-17  2.479e-15 
 -3.791e-02 -3.236e-08  1.771e-06 -1.525e-12  3.149e-01 
  5.096e-08  1.707e-05 -2.388e-11  3.132e-11  1.898e-06  1.370e-04 
  2.832e-03 -3.451e-08 -1.486e-07 -2.864e-14 -2.193e-02 -1.658e-07  1.651e-03 
 -2.829e-07  1.326e-05 -1.906e-11  2.658e-11  3.767e-06  1.025e-04 -5.732e-07  8.211e-05 
 -1.764e-08  1.230e-13  8.901e-13  1.945e-18  1.465e-07 -1.936e-12 -9.649e-09 -3.251e-12  2.098e-11 
 -1.081e-11  7.385e-11  2.607e-15  1.281e-16 -1.708e-10  6.832e-10  1.095e-11  2.540e-10  1.837e-16  6.802e-13 
  6.372e-03 -4.421e-08 -3.256e-07 -2.561e-13 -5.089e-02  8.851e-08  3.658e-03 -1.043e-07 -2.174e-08 -1.248e-11  8.787e-03 
 -3.041e-07  1.738e-05  2.139e-11  3.371e-11  9.760e-08  1.373e-04 -2.038e-07  1.048e-04  3.713e-13  5.616e-10 -2.188e-07 
 -3.041e-07  1.738e-05  2.139e-11  3.371e-11  9.760e-08  1.373e-04 -2.038e-07  1.048e-04  3.713e-13  5.616e-10 -2.188e-07  1.391e-04 
 -6.987e-06  1.067e-08  2.559e-09  3.444e-13 -1.665e-04 -4.089e-07  1.309e-05 -7.866e-07  1.949e-10  3.716e-11 -9.814e-06 
 -6.987e-06  1.067e-08  2.559e-09  3.444e-13 -1.665e-04 -4.089e-07  1.309e-05 -7.866e-07  1.949e-10  3.716e-11 -9.814e-06 -1.734e-09  6.674e-05 
 -3.084e-06 -1.044e-07  6.997e-10  1.698e-12 -4.457e-05 -2.987e-06  2.689e-06 -5.565e-06  4.834e-11  2.324e-10 -3.450e-06 
 -3.084e-06 -1.044e-07  6.997e-10  1.698e-12 -4.457e-05 -2.987e-06  2.689e-06 -5.565e-06  4.834e-11  2.324e-10 -3.450e-06 -1.100e-06  9.714e-06  9.555e-05 
  8.382e-05 -1.007e-06 -6.165e-09 -3.874e-12 -1.460e-06 -6.722e-07  5.348e-05 -7.994e-06 -1.274e-10 -4.781e-11  6.102e-05 
  8.382e-05 -1.007e-06 -6.165e-09 -3.874e-12 -1.460e-06 -6.722e-07  5.348e-05 -7.994e-06 -1.274e-10 -4.781e-11  6.102e-05 -5.361e-06 -5.016e-06 -1.705e-05  1.456e-03 
 -3.116e-05  1.404e-07  8.239e-09  4.066e-12 -5.606e-04 -4.742e-06  3.868e-05 -9.012e-06  5.964e-10  4.327e-10 -3.784e-05 
 -3.116e-05  1.404e-07  8.239e-09  4.066e-12 -5.606e-04 -4.742e-06  3.868e-05 -9.012e-06  5.964e-10  4.327e-10 -3.784e-05  6.716e-08  1.217e-04  1.132e-04 -8.201e-05  1.416e-03 
ERR MATRIX NOT POS-DEF
 PARAMETER  CORRELATION COEFFICIENTS  
       NO.  GLOBAL      1      2      3      4      5      6      7      8      9     10     11     12     13     14     15     16
        1  0.96935   1.000 -0.001 -0.062 -0.000 -0.937  0.000  0.967 -0.000 -0.053 -0.000  0.943 -0.000 -0.012 -0.004  0.030 -0.011
        2  0.98648  -0.001  1.000  0.000  0.053 -0.000  0.974 -0.001  0.977  0.000  0.060 -0.000  0.984  0.001 -0.007 -0.018  0.002
        3  0.08671  -0.062  0.000  1.000  0.000  0.063 -0.000 -0.073 -0.000  0.004  0.000 -0.069  0.000  0.006  0.001 -0.003  0.004
        4  0.07108  -0.000  0.053  0.000  1.000 -0.000  0.054 -0.000  0.059  0.000  0.003 -0.000  0.057  0.001  0.003 -0.002  0.002
        5  0.97534  -0.937 -0.000  0.063 -0.000  1.000  0.000 -0.962  0.001  0.057 -0.000 -0.967  0.000 -0.036 -0.008 -0.000 -0.027
        6  0.99566   0.000  0.974 -0.000  0.054  0.000  1.000 -0.000  0.966 -0.000  0.071  0.000  0.994 -0.004 -0.026 -0.002 -0.011
        7  0.98203   0.967 -0.001 -0.073 -0.000 -0.962 -0.000  1.000 -0.002 -0.052  0.000  0.960 -0.000  0.039  0.007  0.035  0.025
        8  0.98698  -0.000  0.977 -0.000  0.059  0.001  0.966 -0.002  1.000 -0.000  0.034 -0.000  0.980 -0.011 -0.063 -0.023 -0.026
        9  0.06196  -0.053  0.000  0.004  0.000  0.057 -0.000 -0.052 -0.000  1.000  0.000 -0.051  0.000  0.005  0.001 -0.001  0.003
       10  0.17332  -0.000  0.060  0.000  0.003 -0.000  0.071  0.000  0.034  0.000  1.000 -0.000  0.058  0.006  0.029 -0.002  0.014
       11  0.97553   0.943 -0.000 -0.069 -0.000 -0.967  0.000  0.960 -0.000 -0.051 -0.000  1.000 -0.000 -0.013 -0.004  0.017 -0.011
       12  0.99777  -0.000  0.984  0.000  0.057  0.000  0.994 -0.000  0.980  0.000  0.058 -0.000  1.000 -0.000 -0.010 -0.012  0.000
       13  0.44320  -0.012  0.001  0.006  0.001 -0.036 -0.004  0.039 -0.011  0.005  0.006 -0.013 -0.000  1.000  0.122 -0.016  0.396
       14  0.45937  -0.004 -0.007  0.001  0.003 -0.008 -0.026  0.007 -0.063  0.001  0.029 -0.004 -0.010  0.122  1.000 -0.046  0.308
       15  0.17184   0.030 -0.018 -0.003 -0.002 -0.000 -0.002  0.035 -0.023 -0.001 -0.002  0.017 -0.012 -0.016 -0.046  1.000 -0.057
       16  0.49203  -0.011  0.002  0.004  0.002 -0.027 -0.011  0.025 -0.026  0.003  0.014 -0.011  0.000  0.396  0.308 -0.057  1.000
 ERR MATRIX NOT POS-DEF
 **********
 **   18 **HESSE        8000
 **********
 EIGENVALUES OF SECOND-DERIVATIVE MATRIX:
        -1.3303e-04  9.4380e-03  4.2576e-01  4.6874e-01  7.0532e-01  8.1978e-01  9.9946e-01  9.9974e-01  9.9993e-01  9.9998e-01  1.0083e+00  1.3288e+00  1.4002e+00  1.6227e+00  1.7743e+00  2.4375e+00
 MINUIT WARNING IN HESSE   
 ============== MATRIX FORCED POS-DEF BY ADDING 0.002571 TO DIAGONAL.
 FCN=42362.8 FROM HESSE     STATUS=NOT POSDEF    189 CALLS        2621 TOTAL
                     EDM=0.00187509    STRATEGY= 1      ERR MATRIX NOT POS-DEF
  EXT PARAMETER                APPROXIMATE     INTERNAL      INTERNAL  
  NO.   NAME      VALUE            ERROR       STEP SIZE       VALUE   
   1  a0           8.13528e-02   7.10492e-02   1.84730e-03   1.67003e+01
   2  a0_fail      1.98973e-03   1.48014e-03   3.13946e-05  -1.48155e+00
   3  a1           3.38469e-08   1.86342e-02   7.78184e-03   4.71276e+00
                                 WARNING -   - ABOVE PARAMETER IS AT LIMIT.
   4  a1_fail      3.19311e-12   1.94184e-04   7.91838e-04  -1.57079e+00
                                 WARNING -   - ABOVE PARAMETER IS AT LIMIT.
   5  a2           6.52960e-01   7.69102e-01   1.48131e-03   3.10904e-01
   6  a2_fail      1.60124e-02   1.17638e-02   4.94613e-05  -1.31704e+00
   7  a3           9.99988e-01   5.62637e-01   5.00000e-01  -1.10025e+01
   8  a3_fail      1.18598e-02   8.85885e-03   7.67683e-05  -1.35256e+00
   9  a4           3.67314e-10   1.42196e-02   6.79726e-03  -7.85394e+00
                                 WARNING -   - ABOVE PARAMETER IS AT LIMIT.
  10  a4_fail      1.15769e-10   1.47726e-03   4.30638e-04  -1.57082e+00
                                 WARNING -   - ABOVE PARAMETER IS AT LIMIT.
  11  a5           1.09450e-01   9.38939e-02   3.76424e-04  -2.24517e+00
  12  a5_fail      1.61149e-02   1.17997e-02   3.56102e-05  -1.31622e+00
  13  f            7.98040e-01   8.18890e-03   5.20017e-04   6.38609e-01
  14  f_fail       4.07022e-01   9.79476e-03   5.03846e-04  -1.87044e-01
  15  mean         9.03344e+01   3.82193e-02   2.18412e-05  -1.94536e-01
  16  sigma        2.49154e+00   3.77403e-02   2.88645e-05  -8.62766e-01
                               ERR DEF= 0.5
 EXTERNAL ERROR MATRIX.    NDIM=  34    NPAR= 16    ERR DEF=0.5
 ELEMENTS ABOVE DIAGONAL ARE NOT PRINTED.
  5.166e-03 
 -2.548e-08  2.192e-06 
 -4.310e-08  8.342e-13  2.539e-09 
 -5.318e-14  7.304e-13  1.710e-18  2.480e-15 
 -3.816e-02 -2.258e-07  3.439e-07 -3.539e-13  3.212e-01 
  2.091e-07  1.697e-05 -6.063e-12  5.856e-12  1.504e-06  1.388e-04 
  1.690e-03 -2.283e-10 -1.744e-08  2.448e-15 -1.326e-02  2.134e-08  5.917e-04 
  2.623e-07  1.282e-05 -9.204e-12  4.888e-12 -2.238e-08  1.009e-04 -1.068e-07  7.866e-05 
 -3.682e-09  3.388e-14  3.601e-14  9.096e-20  3.101e-08 -2.207e-13 -1.210e-09 -8.615e-13  2.099e-11 
 -5.208e-13  2.259e-12  2.713e-17  6.932e-19 -5.391e-12  2.205e-11  2.225e-13  6.377e-12  1.525e-18  6.844e-13 
  6.466e-03 -1.717e-08 -6.453e-08 -4.829e-14 -5.235e-02  1.367e-07  2.229e-03  5.003e-07 -4.664e-09 -6.271e-13  9.095e-03 
 -1.045e-07  1.720e-05  3.757e-12  6.309e-12 -8.078e-07  1.384e-04  1.702e-08  1.026e-04  2.114e-13  1.737e-11 -1.050e-07 
 -1.045e-07  1.720e-05  3.757e-12  6.309e-12 -8.078e-07  1.384e-04  1.702e-08  1.026e-04  2.114e-13  1.737e-11 -1.050e-07  1.396e-04 
 -2.072e-05  3.535e-08  7.153e-10  8.007e-14 -6.251e-05 -2.242e-07  3.268e-06 -6.423e-07  4.972e-11  1.425e-12 -2.752e-05 
 -2.072e-05  3.535e-08  7.153e-10  8.007e-14 -6.251e-05 -2.242e-07  3.268e-06 -6.423e-07  4.972e-11  1.425e-12 -2.752e-05  1.964e-07  6.707e-05 
 -5.554e-06  1.558e-07  1.837e-10  4.446e-13 -2.700e-05 -9.511e-07  8.194e-07 -3.985e-06  1.163e-11  9.005e-12 -6.566e-06 
 -5.554e-06  1.558e-07  1.837e-10  4.446e-13 -2.700e-05 -9.511e-07  8.194e-07 -3.985e-06  1.163e-11  9.005e-12 -6.566e-06  9.993e-07  9.848e-06  9.595e-05 
  3.068e-05 -4.522e-07 -8.168e-10 -5.896e-13  4.348e-04  3.923e-06  1.378e-05 -4.705e-06  1.697e-11 -6.119e-13 -1.046e-05 
  3.068e-05 -4.522e-07 -8.168e-10 -5.896e-13  4.348e-04  3.923e-06  1.378e-05 -4.705e-06  1.697e-11 -6.119e-13 -1.046e-05 -8.237e-07 -5.437e-06 -1.734e-05  1.461e-03 
 -6.683e-05  4.161e-07  2.228e-09  9.362e-13 -2.991e-04 -2.658e-06  1.151e-05 -7.365e-06  1.472e-10  1.652e-11 -8.321e-05 
 -6.683e-05  4.161e-07  2.228e-09  9.362e-13 -2.991e-04 -2.658e-06  1.151e-05 -7.365e-06  1.472e-10  1.652e-11 -8.321e-05  2.285e-06  1.229e-04  1.143e-04 -8.556e-05  1.424e-03 
ERR MATRIX NOT POS-DEF
 PARAMETER  CORRELATION COEFFICIENTS  
       NO.  GLOBAL      1      2      3      4      5      6      7      8      9     10     11     12     13     14     15     16
        1  0.96906   1.000 -0.000 -0.012 -0.000 -0.937  0.000  0.967  0.000 -0.011 -0.000  0.943 -0.000 -0.035 -0.008  0.011 -0.025
        2  0.98612  -0.000  1.000  0.000  0.010 -0.000  0.973 -0.000  0.977  0.000  0.002 -0.000  0.983  0.003  0.011 -0.008  0.007
        3  0.01762  -0.012  0.000  1.000  0.000  0.012 -0.000 -0.014 -0.000  0.000  0.000 -0.013  0.000  0.002  0.000 -0.000  0.001
        4  0.01373  -0.000  0.010  0.000  1.000 -0.000  0.010  0.000  0.011  0.000  0.000 -0.000  0.011  0.000  0.001 -0.000  0.000
        5  0.97574  -0.937 -0.000  0.012 -0.000  1.000  0.000 -0.962 -0.000  0.012 -0.000 -0.969 -0.000 -0.013 -0.005  0.020 -0.014
        6  0.99571   0.000  0.973 -0.000  0.010  0.000  1.000  0.000  0.965 -0.000  0.002  0.000  0.994 -0.002 -0.008  0.009 -0.006
        7  0.98169   0.967 -0.000 -0.014  0.000 -0.962  0.000  1.000 -0.000 -0.011  0.000  0.961  0.000  0.016  0.003  0.015  0.013
        8  0.98636   0.000  0.977 -0.000  0.011 -0.000  0.965 -0.000  1.000 -0.000  0.001  0.001  0.979 -0.009 -0.046 -0.014 -0.022
        9  0.01292  -0.011  0.000  0.000  0.000  0.012 -0.000 -0.011 -0.000  1.000  0.000 -0.011  0.000  0.001  0.000  0.000  0.001
       10  0.00636  -0.000  0.002  0.000  0.000 -0.000  0.002  0.000  0.001  0.000  1.000 -0.000  0.002  0.000  0.001 -0.000  0.001
       11  0.97629   0.943 -0.000 -0.013 -0.000 -0.969  0.000  0.961  0.001 -0.011 -0.000  1.000 -0.000 -0.035 -0.007 -0.003 -0.023
       12  0.99778  -0.000  0.983  0.000  0.011 -0.000  0.994  0.000  0.979  0.000  0.002 -0.000  1.000  0.002  0.009 -0.002  0.005
       13  0.44469  -0.035  0.003  0.002  0.000 -0.013 -0.002  0.016 -0.009  0.001  0.000 -0.035  0.002  1.000  0.123 -0.017  0.398
       14  0.46021  -0.008  0.011  0.000  0.001 -0.005 -0.008  0.003 -0.046  0.000  0.001 -0.007  0.009  0.123  1.000 -0.046  0.309
       15  0.17271   0.011 -0.008 -0.000 -0.000  0.020  0.009  0.015 -0.014  0.000 -0.000 -0.003 -0.002 -0.017 -0.046  1.000 -0.059
       16  0.49409  -0.025  0.007  0.001  0.000 -0.014 -0.006  0.013 -0.022  0.001  0.001 -0.023  0.005  0.398  0.309 -0.059  1.000
 ERR MATRIX NOT POS-DEF
[#1] INFO:Minization -- RooMinuit::optimizeConst: deactivating const optimization
[#1] INFO:Plotting -- RooTreeData::plotOn: plotting 5140 events out of 10585 total events
[#1] INFO:Plotting -- RooSimultaneous::plotOn(simPdf) plot on x represents a slice in the index category (sample)
[#1] INFO:Plotting -- RooAbsReal::plotOn(myModel) slice variable sample was not projected anyway
[#1] INFO:Plotting -- RooSimultaneous::plotOn(simPdf) plot on x represents a slice in the index category (sample)
[#1] INFO:Plotting -- RooAbsPdf::plotOn(myModel) directly selected PDF components: (px)
[#1] INFO:Plotting -- RooAbsPdf::plotOn(myModel) indirectly selected PDF components: ()
[#1] INFO:Plotting -- RooAbsReal::plotOn(myModel) slice variable sample was not projected anyway
[#1] INFO:Plotting -- RooTreeData::plotOn: plotting 5445 events out of 10585 total events
[#1] INFO:Plotting -- RooSimultaneous::plotOn(simPdf) plot on x represents a slice in the index category (sample)
[#1] INFO:Plotting -- RooAbsReal::plotOn(myModel_fail) slice variable sample was not projected anyway
[#1] INFO:Plotting -- RooSimultaneous::plotOn(simPdf) plot on x represents a slice in the index category (sample)
[#1] INFO:Plotting -- RooAbsPdf::plotOn(myModel_fail) directly selected PDF components: (px_fail)
[#1] INFO:Plotting -- RooAbsPdf::plotOn(myModel_fail) indirectly selected PDF components: ()
[#1] INFO:Plotting -- RooAbsReal::plotOn(myModel_fail) slice variable sample was not projected anyway
efficiency(pt>100): 0.649227
[#1] INFO:Minization -- RooMinuit::optimizeConst: activating const optimization
RooAbsTestStatistic::initSimMode: creating slave calculator #0 for state pass (1794 dataset entries)
RooAbsTestStatistic::initSimMode: creating slave calculator #1 for state fail (2466 dataset entries)
[#1] INFO:Fitting -- RooAbsTestStatistic::initSimMode: created 2 slave calculators.
[#1] INFO:Minization --  The following expressions will be evaluated in cache-and-track mode: (gx,px)
[#1] INFO:Minization --  The following expressions will be evaluated in cache-and-track mode: (gx_fail,px_fail)
 **********
 **   13 **MIGRAD        8000           1
 **********
 FIRST CALL TO USER FUNCTION AT NEW START POINT, WITH IFLAG=4.
 MINUIT WARNING IN MIGrad    
 ============== VARIABLE4 IS AT ITS LOWER ALLOWED LIMIT.
 MINUIT WARNING IN MIGrad    
 ============== VARIABLE9 IS AT ITS LOWER ALLOWED LIMIT.
 MINUIT WARNING IN MIGrad    
 ============== VARIABLE10 IS AT ITS LOWER ALLOWED LIMIT.
 START MIGRAD MINIMIZATION.  STRATEGY  1.  CONVERGENCE WHEN EDM .LT. 1.00e-03
 FCN=17031.5 FROM MIGRAD    STATUS=INITIATE      144 CALLS         145 TOTAL
                     EDM= unknown      STRATEGY= 1      NO ERROR MATRIX       
  EXT PARAMETER               CURRENT GUESS       STEP         FIRST   
  NO.   NAME      VALUE            ERROR          SIZE      DERIVATIVE 
   1  a0           8.13528e-02   7.10492e-02   0.00000e+00  -1.67890e+00
   2  a0_fail      1.98973e-03   1.48014e-03   0.00000e+00   2.01212e+01
   3  a1           3.38469e-08   1.86342e-02   0.00000e+00** at limit **
   4  a1_fail      7.74118e-03   1.94184e-04   0.00000e+00  -2.38777e+01
   5  a2           6.52960e-01   7.69102e-01   0.00000e+00   2.60918e+00
   6  a2_fail      1.60124e-02   1.17638e-02   0.00000e+00  -3.86356e+02
   7  a3           9.99988e-01   5.62637e-01   0.00000e+00  -5.00937e-03
   8  a3_fail      1.18598e-02   8.85885e-03   0.00000e+00  -2.65348e+02
   9  a4           1.29481e-02   1.42196e-02   2.26120e-01   1.61598e-02
  10  a4_fail      9.53674e-07   1.47726e-03   0.00000e+00   8.76784e-01
  11  a5           1.09450e-01   9.38939e-02   0.00000e+00  -4.79353e+00
  12  a5_fail      1.61149e-02   1.17997e-02   0.00000e+00   6.21706e+02
  13  f            7.98040e-01   8.18890e-03   0.00000e+00  -1.16288e+01
  14  f_fail       4.07022e-01   9.79476e-03   0.00000e+00  -2.99249e+02
  15  mean         9.03344e+01   3.82193e-02   0.00000e+00  -8.10959e+02
  16  sigma        2.49154e+00   3.77403e-02   0.00000e+00   5.68224e+01
                               ERR DEF= 0.5
 MIGRAD MINIMIZATION HAS CONVERGED.
 FCN=16977.4 FROM MIGRAD    STATUS=CONVERGED     631 CALLS         632 TOTAL
                     EDM=5.41154e-06    STRATEGY= 1  ERROR MATRIX UNCERTAINTY   0.7 per cent
  EXT PARAMETER                                   STEP         FIRST   
  NO.   NAME      VALUE            ERROR          SIZE      DERIVATIVE 
   1  a0           9.09076e-02   3.13540e-02   9.36906e-04  -7.13420e-04
   2  a0_fail      4.17607e-03   7.79185e-04  -6.03055e-05   1.10061e-01
   3  a1           2.61741e-12   4.28910e-02  -3.32621e-06** at limit **
   4  a1_fail      2.12030e-09   8.38343e-04  -3.53055e-05** at limit **
   5  a2           4.23834e-01   2.01238e-01   1.64158e-03   9.65122e-04
   6  a2_fail      3.59523e-02   4.22724e-03   5.21454e-05  -1.01588e-02
   7  a3           1.00000e+00   6.55846e-01   4.21834e-05** at limit **
   8  a3_fail      1.41064e-02   3.55721e-03  -1.62778e-05   4.67544e-02
   9  a4           6.49310e-08   4.86282e-02   2.39112e-04** at limit **
  10  a4_fail      1.99444e-07   5.84639e-04   7.26270e-05** at limit **
  11  a5           1.12613e-01   4.37294e-02   1.29221e-03  -4.40100e-03
  12  a5_fail      1.45788e-02   1.33765e-03   1.49108e-05  -1.09476e-01
  13  f            8.06163e-01   1.26873e-02   8.94815e-05  -2.61980e-02
  14  f_fail       4.80284e-01   1.38966e-02  -2.24895e-05  -2.97398e-02
  15  mean         9.03833e+01   5.95152e-02  -9.24032e-06  -2.24299e-01
  16  sigma        2.51642e+00   5.68759e-02   2.40668e-05  -6.17604e-02
                               ERR DEF= 0.5
 EXTERNAL ERROR MATRIX.    NDIM=  34    NPAR= 16    ERR DEF=0.5
 ELEMENTS ABOVE DIAGONAL ARE NOT PRINTED.
  9.870e-04 
  2.379e-07  6.072e-07 
 -4.543e-12  2.621e-14  4.556e-13 
 -6.641e-10 -8.277e-10  4.537e-17  7.112e-12 
  3.912e-05 -5.350e-06 -3.441e-11 -1.460e-08  4.296e-02 
 -1.404e-06  2.712e-07 -2.048e-13 -5.103e-09  4.083e-05  1.787e-05 
  3.301e-09 -1.348e-11 -8.448e-17 -5.024e-14  1.882e-08  1.123e-10  1.499e-09 
  3.558e-07  8.202e-07  2.159e-13 -2.747e-09 -9.236e-07 -3.153e-06 -4.165e-11  1.266e-05 
 -8.770e-08 -5.989e-09 -4.112e-15  1.274e-11  4.360e-06  1.100e-08  1.414e-12 -1.043e-08  1.284e-08 
  7.287e-08 -8.813e-12 -1.751e-15 -3.754e-12  3.662e-07  4.016e-10  8.184e-13  4.764e-09 -1.017e-11  4.665e-10 
  3.094e-04 -7.217e-08 -1.075e-11 -3.255e-09  4.872e-03  3.962e-06  6.334e-09 -6.461e-06 -1.737e-07  1.359e-07  1.925e-03 
  1.671e-06  3.634e-07 -8.393e-14 -1.629e-09  5.496e-06  2.803e-06  3.449e-11  4.147e-07 -4.780e-09  1.201e-09  4.423e-06 
  1.671e-06  3.634e-07 -8.393e-14 -1.629e-09  5.496e-06  2.803e-06  3.449e-11  4.147e-07 -4.780e-09  1.201e-09  4.423e-06  1.789e-06 
  7.469e-05  3.978e-07 -1.644e-12 -1.814e-11  6.555e-05 -1.276e-06  8.075e-10  1.942e-06 -3.827e-08  1.671e-08  1.268e-04 
  7.469e-05  3.978e-07 -1.644e-12 -1.814e-11  6.555e-05 -1.276e-06  8.075e-10  1.942e-06 -3.827e-08  1.671e-08  1.268e-04  1.899e-07  1.610e-04 
  2.814e-05  1.727e-06 -3.740e-13  2.724e-09 -7.014e-05 -1.129e-05  1.293e-10 -1.883e-06 -5.196e-08  4.433e-09  2.841e-05 
  2.814e-05  1.727e-06 -3.740e-13  2.724e-09 -7.014e-05 -1.129e-05  1.293e-10 -1.883e-06 -5.196e-08  4.433e-09  2.841e-05  1.015e-06  1.164e-05  1.932e-04 
  4.740e-05 -1.558e-06  1.664e-12  8.507e-09  1.306e-03  6.780e-06 -1.943e-09 -1.010e-05 -9.664e-08 -5.150e-08  1.197e-04 
  4.740e-05 -1.558e-06  1.664e-12  8.507e-09  1.306e-03  6.780e-06 -1.943e-09 -1.010e-05 -9.664e-08 -5.150e-08  1.197e-04 -5.446e-06 -1.233e-05 -8.757e-05  3.542e-03 
  1.780e-04  4.000e-06 -6.930e-12  6.340e-09  4.123e-04 -2.082e-05  3.952e-09  5.694e-06 -1.853e-08  7.868e-08  3.584e-04 
  1.780e-04  4.000e-06 -6.930e-12  6.340e-09  4.123e-04 -2.082e-05  3.952e-09  5.694e-06 -1.853e-08  7.868e-08  3.584e-04  2.451e-06  2.064e-04  2.289e-04 -3.006e-04  3.235e-03 
 PARAMETER  CORRELATION COEFFICIENTS  
       NO.  GLOBAL      1      2      3      4      5      6      7      8      9     10     11     12     13     14     15     16
        1  0.30658   1.000  0.010 -0.000 -0.008  0.006 -0.011  0.003  0.003 -0.025  0.107  0.224  0.040  0.187  0.064  0.025  0.100
        2  0.52600   0.010  1.000  0.000 -0.398 -0.033  0.082 -0.000  0.296 -0.068 -0.001 -0.002  0.349  0.040  0.159 -0.034  0.090
        3  0.00045  -0.000  0.000  1.000  0.000 -0.000 -0.000 -0.000  0.000 -0.000 -0.000 -0.000 -0.000 -0.000 -0.000  0.000 -0.000
        4  0.66359  -0.008 -0.398  0.000  1.000 -0.026 -0.453 -0.000 -0.290  0.042 -0.065 -0.028 -0.457 -0.001  0.073  0.054  0.042
        5  0.59954   0.006 -0.033 -0.000 -0.026  1.000  0.047  0.002 -0.001  0.186  0.082  0.536  0.020  0.025 -0.024  0.106  0.035
        6  0.68763  -0.011  0.082 -0.000 -0.453  0.047  1.000  0.001 -0.210  0.023  0.004  0.021  0.496 -0.024 -0.192  0.027 -0.087
        7  0.00467   0.003 -0.000 -0.000 -0.000  0.002  0.001  1.000 -0.000  0.000  0.001  0.004  0.001  0.002  0.000 -0.001  0.002
        8  0.52934   0.003  0.296  0.000 -0.290 -0.001 -0.210 -0.000  1.000 -0.026  0.062 -0.041  0.087  0.043 -0.038 -0.048  0.028
        9  0.25985  -0.025 -0.068 -0.000  0.042  0.186  0.023  0.000 -0.026  1.000 -0.004 -0.035 -0.032 -0.027 -0.033 -0.014 -0.003
       10  0.19622   0.107 -0.001 -0.000 -0.065  0.082  0.004  0.001  0.062 -0.004  1.000  0.143  0.042  0.061  0.015 -0.040  0.064
       11  0.63117   0.224 -0.002 -0.000 -0.028  0.536  0.021  0.004 -0.041 -0.035  0.143  1.000  0.075  0.228  0.047  0.046  0.144
       12  0.62230   0.040  0.349 -0.000 -0.457  0.020  0.496  0.001  0.087 -0.032  0.042  0.075  1.000  0.011  0.055 -0.068  0.032
       13  0.37873   0.187  0.040 -0.000 -0.001  0.025 -0.024  0.002  0.043 -0.027  0.061  0.228  0.011  1.000  0.066 -0.016  0.286
       14  0.41881   0.064  0.159 -0.000  0.073 -0.024 -0.192  0.000 -0.038 -0.033  0.015  0.047  0.055  0.066  1.000 -0.106  0.290
       15  0.20293   0.025 -0.034  0.000  0.054  0.106  0.027 -0.001 -0.048 -0.014 -0.040  0.046 -0.068 -0.016 -0.106  1.000 -0.089
       16  0.41298   0.100  0.090 -0.000  0.042  0.035 -0.087  0.002  0.028 -0.003  0.064  0.144  0.032  0.286  0.290 -0.089  1.000
 **********
 **   18 **HESSE        8000
 **********
 EIGENVALUES OF SECOND-DERIVATIVE MATRIX:
        -1.0327e-02 -3.6558e-03  1.8020e-01  4.6392e-01  6.5311e-01  6.9984e-01  8.3944e-01  9.4582e-01  9.9565e-01  9.9664e-01  1.0254e+00  1.3815e+00  1.6611e+00  1.8383e+00  1.8723e+00  2.4609e+00
 MINUIT WARNING IN HESSE   
 ============== MATRIX FORCED POS-DEF BY ADDING 0.012788 TO DIAGONAL.
 FCN=16977.4 FROM HESSE     STATUS=NOT POSDEF    205 CALLS         837 TOTAL
                     EDM=4.98003e-05    STRATEGY= 1      ERR MATRIX NOT POS-DEF
  EXT PARAMETER                APPROXIMATE     INTERNAL      INTERNAL  
  NO.   NAME      VALUE            ERROR       STEP SIZE       VALUE   
   1  a0           9.09076e-02   5.25414e-01   9.36090e-03  -9.58247e-01
   2  a0_fail      4.17607e-03   2.78467e-03   1.00290e-03  -1.44146e+00
   3  a1           2.61741e-12   1.27552e-01   6.46733e-02  -1.57079e+00
                                 WARNING -   - ABOVE PARAMETER IS AT LIMIT.
   4  a1_fail      2.12030e-09   9.19342e-04   5.47705e-03  -1.57070e+00
                                 WARNING -   - ABOVE PARAMETER IS AT LIMIT.
   5  a2           4.23834e-01   5.31449e-01   2.98310e-02  -1.52928e-01
   6  a2_fail      3.59523e-02   2.32583e-02   1.77274e-03  -1.18926e+00
   7  a3           1.00000e+00   5.00016e-01   5.00000e-01   1.57073e+00
                                 WARNING -   - ABOVE PARAMETER IS AT LIMIT.
   8  a3_fail      1.41064e-02   1.03564e-02   2.75345e-03  -1.33269e+00
   9  a4           6.49310e-08   6.23407e-02   4.52109e-02  -1.57131e+00
                                 WARNING -   - ABOVE PARAMETER IS AT LIMIT.
  10  a4_fail      1.99444e-07   3.99785e-02   3.24726e-02  -1.57169e+00
                                 WARNING -   - ABOVE PARAMETER IS AT LIMIT.
  11  a5           1.12613e-01   5.32604e-01   9.99642e-03  -8.86358e-01
  12  a5_fail      1.45788e-02   9.20623e-03   9.73606e-04  -1.32872e+00
  13  f            8.06163e-01   1.32523e-02   2.76476e-03   6.58999e-01
  14  f_fail       4.80284e-01   1.53352e-02   2.41063e-03  -3.94417e-02
  15  mean         9.03833e+01   5.99431e-02   1.08765e-04  -1.93540e-01
  16  sigma        2.51642e+00   5.87038e-02   7.09610e-04  -8.58929e-01
                               ERR DEF= 0.5
 EXTERNAL ERROR MATRIX.    NDIM=  34    NPAR= 16    ERR DEF=0.5
 ELEMENTS ABOVE DIAGONAL ARE NOT PRINTED.
  8.525e-02 
  8.407e-07  7.759e-06 
  6.599e-08  1.766e-12  1.396e-12 
  8.742e-11  2.163e-10  1.982e-16  7.800e-12 
  3.844e-01  9.293e-07  2.968e-07  8.767e-11  1.789e+00 
  4.687e-07  6.099e-05  2.374e-12  1.927e-09 -3.312e-07  5.438e-04 
 -2.386e-04 -1.485e-09 -1.973e-10 -1.323e-13 -1.087e-03  1.276e-09  6.754e-07 
 -5.146e-07  2.467e-05 -6.814e-12  1.059e-09  2.940e-06  1.893e-04 -7.771e-09  1.075e-04 
  4.665e-06  8.942e-11  3.759e-12  1.069e-14  2.185e-05  1.826e-10 -1.296e-08 -6.021e-10  1.654e-08 
  9.412e-08  6.635e-08  2.892e-13  1.105e-12  4.804e-08  9.530e-07 -2.772e-11 -4.624e-07  1.875e-11  3.233e-08 
  1.026e-01  9.246e-07  8.382e-08  9.925e-11  4.710e-01  8.109e-07 -2.896e-04 -1.784e-06  5.572e-06  1.230e-07  1.261e-01 
  1.576e-06  2.448e-05  3.469e-12  8.990e-10  1.645e-06  2.091e-04 -2.542e-09  8.217e-05  1.828e-10  1.108e-07  1.767e-06 
  1.576e-06  2.448e-05  3.469e-12  8.990e-10  1.645e-06  2.091e-04 -2.542e-09  8.217e-05  1.828e-10  1.108e-07  1.767e-06  8.492e-05 
  1.002e-04  3.658e-07  3.221e-10  4.591e-11  9.855e-05  9.519e-07 -4.036e-08 -3.309e-06  2.118e-08  9.020e-08  1.335e-04 
  1.002e-04  3.658e-07  3.221e-10  4.591e-11  9.855e-05  9.519e-07 -4.036e-08 -3.309e-06  2.118e-08  9.020e-08  1.335e-04  7.715e-07  1.757e-04 
  3.381e-05  1.954e-06  9.183e-11  2.652e-10  2.462e-05  6.188e-06 -2.817e-08 -1.890e-05  5.585e-09  5.396e-07  4.161e-05 
  3.381e-05  1.954e-06  9.183e-11  2.652e-10  2.462e-05  6.188e-06 -2.817e-08 -1.890e-05  5.585e-09  5.396e-07  4.161e-05  3.983e-06  2.592e-05  2.352e-04 
 -3.967e-04 -4.269e-06 -5.082e-10 -3.730e-10 -6.372e-04  4.377e-06  1.193e-06 -2.524e-05 -1.117e-08 -3.336e-08 -3.672e-04 
 -3.967e-04 -4.269e-06 -5.082e-10 -3.730e-10 -6.372e-04  4.377e-06  1.193e-06 -2.524e-05 -1.117e-08 -3.336e-08 -3.672e-04 -7.228e-06  2.226e-06 -7.045e-05  3.593e-03 
  2.950e-04  4.935e-06  8.833e-10  6.082e-10  1.647e-04  1.178e-05 -1.218e-07 -4.029e-05  5.656e-08  1.147e-06  3.805e-04 
  2.950e-04  4.935e-06  8.833e-10  6.082e-10  1.647e-04  1.178e-05 -1.218e-07 -4.029e-05  5.656e-08  1.147e-06  3.805e-04  1.029e-05  2.703e-04  3.339e-04 -2.168e-04  3.446e-03 
ERR MATRIX NOT POS-DEF
 PARAMETER  CORRELATION COEFFICIENTS  
       NO.  GLOBAL      1      2      3      4      5      6      7      8      9     10     11     12     13     14     15     16
        1  0.99480   1.000  0.001  0.191  0.000  0.984  0.000 -0.994 -0.000  0.124  0.002  0.989  0.001  0.026  0.008 -0.023  0.017
        2  0.96657   0.001  1.000  0.001  0.028  0.000  0.939 -0.001  0.854  0.000  0.132  0.001  0.954  0.010  0.046 -0.026  0.030
        3  0.25045   0.191  0.001  1.000  0.000  0.188  0.000 -0.203 -0.001  0.025  0.001  0.200  0.000  0.021  0.005 -0.007  0.013
        4  0.05476   0.000  0.028  0.000  1.000  0.000  0.030 -0.000  0.037  0.000  0.002  0.000  0.035  0.001  0.006 -0.002  0.004
        5  0.99255   0.984  0.000  0.188  0.000  1.000 -0.000 -0.989  0.000  0.127  0.000  0.991  0.000  0.006  0.001 -0.008  0.002
        6  0.98771   0.000  0.939  0.000  0.030 -0.000  1.000  0.000  0.783  0.000  0.227  0.000  0.973  0.003  0.017  0.003  0.009
        7  0.99660  -0.994 -0.001 -0.203 -0.000 -0.989  0.000  1.000 -0.001 -0.123 -0.000 -0.992 -0.000 -0.004 -0.002  0.024 -0.003
        8  0.93829  -0.000  0.854 -0.001  0.037  0.000  0.783 -0.001  1.000 -0.000 -0.248 -0.000  0.860 -0.024 -0.119 -0.041 -0.066
        9  0.13381   0.124  0.000  0.025  0.000  0.127  0.000 -0.123 -0.000  1.000  0.001  0.122  0.000  0.012  0.003 -0.001  0.007
       10  0.81208   0.002  0.132  0.001  0.002  0.000  0.227 -0.000 -0.248  0.001  1.000  0.002  0.067  0.038  0.196 -0.003  0.109
       11  0.99515   0.989  0.001  0.200  0.000  0.991  0.000 -0.992 -0.000  0.122  0.002  1.000  0.001  0.028  0.008 -0.017  0.018
       12  0.99017   0.001  0.954  0.000  0.035  0.000  0.973 -0.000  0.860  0.000  0.067  0.001  1.000  0.006  0.028 -0.013  0.019
       13  0.41340   0.026  0.010  0.021  0.001  0.006  0.003 -0.004 -0.024  0.012  0.038  0.028  0.006  1.000  0.128  0.003  0.347
       14  0.49792   0.008  0.046  0.005  0.006  0.001  0.017 -0.002 -0.119  0.003  0.196  0.008  0.028  0.128  1.000 -0.077  0.371
       15  0.18229  -0.023 -0.026 -0.007 -0.002 -0.008  0.003  0.024 -0.041 -0.001 -0.003 -0.017 -0.013  0.003 -0.077  1.000 -0.062
       16  0.49709   0.017  0.030  0.013  0.004  0.002  0.009 -0.003 -0.066  0.007  0.109  0.018  0.019  0.347  0.371 -0.062  1.000
 ERR MATRIX NOT POS-DEF
[#1] INFO:Minization -- RooMinuit::optimizeConst: deactivating const optimization
[#1] INFO:Plotting -- RooTreeData::plotOn: plotting 1794 events out of 4260 total events
[#1] INFO:Plotting -- RooSimultaneous::plotOn(simPdf) plot on x represents a slice in the index category (sample)
[#1] INFO:Plotting -- RooAbsReal::plotOn(myModel) slice variable sample was not projected anyway
[#1] INFO:Plotting -- RooSimultaneous::plotOn(simPdf) plot on x represents a slice in the index category (sample)
[#1] INFO:Plotting -- RooAbsPdf::plotOn(myModel) directly selected PDF components: (px)
[#1] INFO:Plotting -- RooAbsPdf::plotOn(myModel) indirectly selected PDF components: ()
[#1] INFO:Plotting -- RooAbsReal::plotOn(myModel) slice variable sample was not projected anyway
[#1] INFO:Plotting -- RooTreeData::plotOn: plotting 2466 events out of 4260 total events
[#1] INFO:Plotting -- RooSimultaneous::plotOn(simPdf) plot on x represents a slice in the index category (sample)
[#1] INFO:Plotting -- RooAbsReal::plotOn(myModel_fail) slice variable sample was not projected anyway
[#1] INFO:Plotting -- RooSimultaneous::plotOn(simPdf) plot on x represents a slice in the index category (sample)
[#1] INFO:Plotting -- RooAbsPdf::plotOn(myModel_fail) directly selected PDF components: (px_fail)
[#1] INFO:Plotting -- RooAbsPdf::plotOn(myModel_fail) indirectly selected PDF components: ()
[#1] INFO:Plotting -- RooAbsReal::plotOn(myModel_fail) slice variable sample was not projected anyway
efficiency(pt>150): 0.549774
[#1] INFO:Minization -- RooMinuit::optimizeConst: activating const optimization
RooAbsTestStatistic::initSimMode: creating slave calculator #0 for state pass (334 dataset entries)
RooAbsTestStatistic::initSimMode: creating slave calculator #1 for state fail (835 dataset entries)
[#1] INFO:Fitting -- RooAbsTestStatistic::initSimMode: created 2 slave calculators.
[#1] INFO:Minization --  The following expressions will be evaluated in cache-and-track mode: (gx,px)
[#1] INFO:Minization --  The following expressions will be evaluated in cache-and-track mode: (gx_fail,px_fail)
 **********
 **   13 **MIGRAD        8000           1
 **********
 FIRST CALL TO USER FUNCTION AT NEW START POINT, WITH IFLAG=4.
 MINUIT WARNING IN MIGrad    
 ============== VARIABLE3 IS AT ITS LOWER ALLOWED LIMIT.
 MINUIT WARNING IN MIGrad    
 ============== VARIABLE4 IS AT ITS LOWER ALLOWED LIMIT.
 MINUIT WARNING IN MIGrad    
 ============== VARIABLE7 IS AT ITS UPPER ALLOWED LIMIT.
 START MIGRAD MINIMIZATION.  STRATEGY  1.  CONVERGENCE WHEN EDM .LT. 1.00e-03
 FCN=4694.76 FROM MIGRAD    STATUS=INITIATE      140 CALLS         141 TOTAL
                     EDM= unknown      STRATEGY= 1      NO ERROR MATRIX       
  EXT PARAMETER               CURRENT GUESS       STEP         FIRST   
  NO.   NAME      VALUE            ERROR          SIZE      DERIVATIVE 
   1  a0           9.09076e-02   5.25414e-01   0.00000e+00   5.36577e+00
   2  a0_fail      4.17607e-03   2.78467e-03   0.00000e+00   1.18221e+01
   3  a1           9.53674e-07   1.27552e-01   0.00000e+00   8.74397e-03
   4  a1_fail      3.68328e-03   9.19342e-04   0.00000e+00  -1.24462e-01
   5  a2           4.23834e-01   5.31449e-01   0.00000e+00   5.86452e-01
   6  a2_fail      3.59523e-02   2.32583e-02   0.00000e+00  -9.77128e+01
   7  a3           9.99999e-01   5.00016e-01   0.00000e+00  -2.85799e-03
   8  a3_fail      1.41064e-02   1.03564e-02   0.00000e+00  -4.73517e+01
   9  a4           3.69347e-01   6.23407e-02   1.30591e+00   2.13103e-02
  10  a4_fail      1.99444e-07   3.99785e-02   0.00000e+00** at limit **
  11  a5           1.12613e-01   5.32604e-01   0.00000e+00   1.99043e+00
  12  a5_fail      1.45788e-02   9.20623e-03   0.00000e+00   1.95472e+02
  13  f            8.06163e-01   1.32523e-02   0.00000e+00  -2.07816e+01
  14  f_fail       4.80284e-01   1.53352e-02   0.00000e+00  -3.94734e+01
  15  mean         9.03833e+01   5.99431e-02   0.00000e+00  -1.53890e+02
  16  sigma        2.51642e+00   5.87038e-02   0.00000e+00  -1.33805e+02
                               ERR DEF= 0.5
 MIGRAD MINIMIZATION HAS CONVERGED.
 MIGRAD WILL VERIFY CONVERGENCE AND ERROR MATRIX.
 MINUIT WARNING IN HESSE   
 ============== Negative diagonal element 10 in Error Matrix
 MINUIT WARNING IN HESSE   
 ============== 1.68377 added to diagonal of error matrix
 EIGENVALUES OF SECOND-DERIVATIVE MATRIX:
        -9.3476e-03 -1.7331e-03  4.3269e-01  6.4273e-01  7.5761e-01  9.5424e-01  9.7136e-01  9.9442e-01  9.9775e-01  9.9832e-01  1.0271e+00  1.0668e+00  1.2082e+00  1.4299e+00  1.7417e+00  2.7883e+00
 MINUIT WARNING IN HESSE   
 ============== MATRIX FORCED POS-DEF BY ADDING 0.012136 TO DIAGONAL.
 FCN=4677.41 FROM MIGRAD    STATUS=CONVERGED     740 CALLS         741 TOTAL
                     EDM=0.000152028    STRATEGY= 1      ERR MATRIX NOT POS-DEF
  EXT PARAMETER                APPROXIMATE        STEP         FIRST   
  NO.   NAME      VALUE            ERROR          SIZE      DERIVATIVE 
   1  a0           9.61873e-07   2.68994e-02   1.73736e-02   1.45393e-02
   2  a0_fail      5.49119e-03   9.18425e-03   1.07373e-03   9.28166e-02
   3  a1           3.02714e-09   1.13467e-01   7.63105e-02** at limit **
   4  a1_fail      1.02891e-07   3.04922e-03   5.31238e-03** at limit **
   5  a2           8.81968e-05   1.17897e-01   8.34002e-02   5.80740e-03
   6  a2_fail      5.06866e-02   1.08404e-01   2.34935e-03  -4.77719e-02
   7  a3           1.00000e+00   1.39564e-01   3.02081e-01** at limit **
   8  a3_fail      2.22731e-02   6.19114e-02   2.74623e-03  -2.65557e-02
   9  a4           2.09771e-05   1.21785e-01   8.65815e-02   2.37466e-03
  10  a4_fail      8.02745e-09   8.55815e-01   1.65803e-02** at limit **
  11  a5           6.28566e-02   6.03654e-02   1.20867e-02   6.56036e-03
  12  a5_fail      9.44527e-03   1.33619e-02   1.00634e-03   8.29628e-02
  13  f            8.51516e-01   2.99504e-02   3.52939e-03  -1.65242e-02
  14  f_fail       5.19298e-01   6.44888e-02   2.29011e-03   5.86042e-02
  15  mean         9.04098e+01   1.31128e-01   1.23661e-04  -1.55978e+00
  16  sigma        2.77363e+00   2.06372e-01   7.66440e-04   1.01414e-01
                               ERR DEF= 0.5
 EXTERNAL ERROR MATRIX.    NDIM=  34    NPAR= 16    ERR DEF=0.5
 ELEMENTS ABOVE DIAGONAL ARE NOT PRINTED.
  1.044e-07 
  1.027e-08  8.479e-05 
 -7.111e-11  5.330e-09  1.429e-09 
  9.980e-13  1.197e-08  5.037e-13  1.256e-09 
 -6.223e-09  2.899e-07 -6.931e-09  2.394e-11  4.334e-05 
  1.631e-07  9.783e-04  8.528e-08  1.281e-07  4.779e-06  1.286e-02 
 -2.275e-11  1.857e-10 -9.219e-13  1.825e-14 -1.905e-10  2.944e-09  2.273e-09 
 -1.008e-07 -1.116e-04 -5.286e-08  2.286e-08 -3.005e-06 -3.386e-03 -1.816e-09  4.082e-03 
  1.313e-09  1.922e-07  8.532e-10  1.959e-11  1.157e-07  3.018e-06 -1.667e-10 -1.853e-06  1.066e-05 
  2.305e-09  7.413e-06  1.204e-09  5.748e-10  6.722e-08  1.212e-04  4.161e-11 -7.355e-05  4.270e-08  1.705e-06 
  1.555e-07  5.143e-05  1.074e-07  5.043e-09  1.826e-05  8.155e-04 -1.600e-07 -5.033e-04 -1.102e-05  1.152e-05  3.722e-03 
 -9.523e-09  5.241e-05 -4.995e-09  1.531e-08 -2.838e-07  2.548e-04 -1.716e-10  6.600e-04 -1.751e-07 -7.364e-06 -4.755e-05 
 -9.523e-09  5.241e-05 -4.995e-09  1.531e-08 -2.838e-07  2.548e-04 -1.716e-10  6.600e-04 -1.751e-07 -7.364e-06 -4.755e-05  1.797e-04 
  9.148e-08  6.037e-05  4.959e-08  5.900e-09  2.667e-06  9.582e-04  1.659e-09 -5.916e-04  1.941e-06  1.354e-05  4.597e-04 
  9.148e-08  6.037e-05  4.959e-08  5.900e-09  2.667e-06  9.582e-04  1.659e-09 -5.916e-04  1.941e-06  1.354e-05  4.597e-04 -5.590e-05  8.992e-04 
  1.191e-07  3.395e-04  6.174e-08  3.394e-08  3.338e-06  5.371e-03  2.156e-09 -3.301e-03  2.235e-06  7.596e-05  5.968e-04 
  1.191e-07  3.395e-04  6.174e-08  3.394e-08  3.338e-06  5.371e-03  2.156e-09 -3.301e-03  2.235e-06  7.596e-05  5.968e-04 -3.145e-04  7.005e-04  4.182e-03 
  3.385e-08 -8.280e-05  3.988e-08 -1.933e-08  7.524e-06 -8.589e-04  3.205e-10  3.901e-04 -7.720e-07 -1.293e-05  1.018e-04 
  3.385e-08 -8.280e-05  3.988e-08 -1.933e-08  7.524e-06 -8.589e-04  3.205e-10  3.901e-04 -7.720e-07 -1.293e-05  1.018e-04  3.734e-05  1.512e-04 -1.026e-03  1.719e-02 
  4.641e-07  9.502e-04  2.423e-07  9.613e-08  1.351e-05  1.495e-02  8.380e-09 -9.187e-03  8.604e-06  2.114e-04  2.321e-03 
  4.641e-07  9.502e-04  2.423e-07  9.613e-08  1.351e-05  1.495e-02  8.380e-09 -9.187e-03  8.604e-06  2.114e-04  2.321e-03 -8.683e-04  2.727e-03  1.104e-02 -2.682e-03  4.260e-02 
ERR MATRIX NOT POS-DEF
 PARAMETER  CORRELATION COEFFICIENTS  
       NO.  GLOBAL      1      2      3      4      5      6      7      8      9     10     11     12     13     14     15     16
        1  0.01368   1.000  0.003 -0.006  0.000 -0.003  0.004 -0.001 -0.005  0.001  0.005  0.008 -0.002  0.009  0.006  0.001  0.007
        2  0.98343   0.003  1.000  0.015  0.037  0.005  0.937  0.000 -0.190  0.006  0.617  0.092  0.425  0.219  0.570 -0.069  0.500
        3  0.06670  -0.006  0.015  1.000  0.000 -0.028  0.020 -0.001 -0.022  0.007  0.024  0.047 -0.010  0.044  0.025  0.008  0.031
        4  0.05557   0.000  0.037  0.000  1.000  0.000  0.032  0.000  0.010  0.000  0.012  0.002  0.032  0.006  0.015 -0.004  0.013
        5  0.05595  -0.003  0.005 -0.028  0.000  1.000  0.006 -0.001 -0.007  0.005  0.008  0.045 -0.003  0.014  0.008  0.009  0.010
        6  0.99544   0.004  0.937  0.020  0.032  0.006  1.000  0.001 -0.467  0.008  0.819  0.118  0.168  0.282  0.732 -0.058  0.639
        7  0.05767  -0.001  0.000 -0.001  0.000 -0.001  0.001  1.000 -0.001 -0.001  0.001 -0.055 -0.000  0.001  0.001  0.000  0.001
        8  0.99109  -0.005 -0.190 -0.022  0.010 -0.007 -0.467 -0.001  1.000 -0.009 -0.882 -0.129  0.771 -0.309 -0.799  0.047 -0.697
        9  0.06728   0.001  0.006  0.007  0.000  0.005  0.008 -0.001 -0.009  1.000  0.010 -0.055 -0.004  0.020  0.011 -0.002  0.013
       10  0.99767   0.005  0.617  0.024  0.012  0.008  0.819  0.001 -0.882  0.010  1.000  0.145 -0.421  0.346  0.900 -0.076  0.784
       11  0.28265   0.008  0.092  0.047  0.002  0.045  0.118 -0.055 -0.129 -0.055  0.145  1.000 -0.058  0.251  0.151  0.013  0.184
       12  0.98826  -0.002  0.425 -0.010  0.032 -0.003  0.168 -0.000  0.771 -0.004 -0.421 -0.058  1.000 -0.139 -0.363  0.021 -0.314
       13  0.48080   0.009  0.219  0.044  0.006  0.014  0.282  0.001 -0.309  0.020  0.346  0.251 -0.139  1.000  0.361  0.038  0.441
       14  0.92841   0.006  0.570  0.025  0.015  0.008  0.732  0.001 -0.799  0.011  0.900  0.151 -0.363  0.361  1.000 -0.121  0.827
       15  0.22718   0.001 -0.069  0.008 -0.004  0.009 -0.058  0.000  0.047 -0.002 -0.076  0.013  0.021  0.038 -0.121  1.000 -0.099
       16  0.84791   0.007  0.500  0.031  0.013  0.010  0.639  0.001 -0.697  0.013  0.784  0.184 -0.314  0.441  0.827 -0.099  1.000
 ERR MATRIX NOT POS-DEF
 **********
 **   18 **HESSE        8000
 **********
 EIGENVALUES OF SECOND-DERIVATIVE MATRIX:
        -2.2047e-01 -1.8721e-01  3.9098e-01  4.6584e-01  5.7394e-01  6.3462e-01  8.1515e-01  9.9443e-01  9.9965e-01  9.9981e-01  1.0841e+00  1.4152e+00  1.5941e+00  1.7106e+00  2.1454e+00  2.5839e+00
 MINUIT WARNING IN HESSE   
 ============== MATRIX FORCED POS-DEF BY ADDING 0.223049 TO DIAGONAL.
 FCN=4677.41 FROM HESSE     STATUS=NOT POSDEF    211 CALLS         952 TOTAL
                     EDM=0.00118209    STRATEGY= 1      ERR MATRIX NOT POS-DEF
  EXT PARAMETER                APPROXIMATE     INTERNAL      INTERNAL  
  NO.   NAME      VALUE            ERROR       STEP SIZE       VALUE   
   1  a0           9.61873e-07   2.74411e-02   3.47473e-03  -1.56883e+00
   2  a0_fail      5.49119e-03   3.85363e-03   2.14747e-04  -1.42246e+00
   3  a1           3.02714e-09   9.27062e-01   5.00000e-01  -1.57069e+00
                                 WARNING -   - ABOVE PARAMETER IS AT LIMIT.
   4  a1_fail      1.02891e-07   2.57262e-03   1.06248e-03  -1.57015e+00
                                 WARNING -   - ABOVE PARAMETER IS AT LIMIT.
   5  a2           8.81968e-05   8.65355e-01   5.00000e-01  -1.55201e+00
   6  a2_fail      5.06866e-02   3.88383e-02   4.69871e-04  -1.11663e+00
   7  a3           1.00000e+00   6.58234e-01   5.00000e-01   1.57067e+00
                                 WARNING -   - ABOVE PARAMETER IS AT LIMIT.
   8  a3_fail      2.22731e-02   1.13370e-02   5.49245e-04  -1.27119e+00
   9  a4           2.09771e-05   8.17798e-01   3.46326e-03  -1.56164e+00
  10  a4_fail      8.02745e-09   1.04923e-02   2.58474e-01  -1.57062e+00
                                 WARNING -   - ABOVE PARAMETER IS AT LIMIT.
  11  a5           6.28566e-02   9.46658e-01   2.41733e-03  -1.06396e+00
  12  a5_fail      9.44527e-03   4.51062e-03   2.01268e-04  -1.37612e+00
  13  f            8.51516e-01   3.24482e-02   7.05877e-04   7.79651e-01
  14  f_fail       5.19298e-01   2.56779e-02   4.58022e-04   3.86065e-02
  15  mean         9.04098e+01   1.26111e-01   2.47322e-05  -1.93001e-01
  16  sigma        2.77363e+00   1.19725e-01   1.53288e-04  -8.20216e-01
                               ERR DEF= 0.5
 EXTERNAL ERROR MATRIX.    NDIM=  34    NPAR= 16    ERR DEF=0.5
 ELEMENTS ABOVE DIAGONAL ARE NOT PRINTED.
  1.066e-07 
  2.649e-09  1.486e-05 
  4.527e-09  2.570e-08  4.665e-08 
  5.314e-13  1.482e-09  5.179e-12  1.060e-09 
  3.460e-07  1.832e-06  3.487e-06  3.758e-10  3.777e-04 
  2.408e-08  1.330e-04  2.347e-07  1.672e-08  1.704e-05  1.524e-03 
 -1.319e-07 -7.136e-07 -1.323e-06 -1.443e-10 -1.034e-04 -6.540e-06  3.825e-05 
 -6.352e-09  3.022e-05 -6.495e-08  4.938e-09 -5.555e-06  2.724e-04  1.873e-06  1.288e-04 
  5.248e-08  3.069e-07  5.264e-07  6.152e-11  4.194e-05  2.787e-06 -1.513e-05 -7.297e-07  7.215e-05 
  1.279e-11  6.026e-08  1.242e-10  8.613e-12  8.876e-09  6.582e-07 -3.451e-09  1.078e-07  1.482e-09  3.381e-10 
  1.667e-05  9.345e-05  1.672e-04  1.883e-08  1.317e-02  8.535e-04 -4.829e-03 -2.363e-04  1.899e-03  4.517e-07  6.133e-01 
  3.644e-09  1.429e-05  3.565e-08  2.001e-09  2.623e-06  1.568e-04 -9.960e-07  3.088e-05  4.216e-07  6.321e-08  1.296e-04 
  3.644e-09  1.429e-05  3.565e-08  2.001e-09  2.623e-06  1.568e-04 -9.960e-07  3.088e-05  4.216e-07  6.321e-08  1.296e-04  2.036e-05 
  4.458e-07  5.988e-06  4.432e-06  1.137e-09  3.422e-04  5.148e-05 -1.251e-04 -5.416e-06  5.176e-05  2.872e-08  1.611e-02 
  4.458e-07  5.988e-06  4.432e-06  1.137e-09  3.422e-04  5.148e-05 -1.251e-04 -5.416e-06  5.176e-05  2.872e-08  1.611e-02  7.443e-06  1.056e-03 
  6.185e-08  3.004e-05  6.101e-07  5.477e-09  4.629e-05  2.478e-04 -1.715e-05  2.217e-05  7.146e-06  1.446e-07  2.219e-03 
  6.185e-08  3.004e-05  6.101e-07  5.477e-09  4.629e-05  2.478e-04 -1.715e-05  2.217e-05  7.146e-06  1.446e-07  2.219e-03  3.306e-05  1.128e-04  6.599e-04 
  8.919e-07 -5.021e-05  9.018e-06 -7.936e-09  7.442e-04 -3.575e-04 -2.580e-04 -1.789e-04  1.026e-04 -2.355e-07  3.280e-02 
  8.919e-07 -5.021e-05  9.018e-06 -7.936e-09  7.442e-04 -3.575e-04 -2.580e-04 -1.789e-04  1.026e-04 -2.355e-07  3.280e-02 -4.247e-05  1.036e-03 -2.667e-04  1.590e-02 
  9.189e-07  8.698e-05  9.118e-06  1.560e-08  7.065e-04  7.050e-04 -2.574e-04  5.063e-05  1.061e-04  4.141e-07  3.316e-02 
  9.189e-07  8.698e-05  9.118e-06  1.560e-08  7.065e-04  7.050e-04 -2.574e-04  5.063e-05  1.061e-04  4.141e-07  3.316e-02  9.661e-05  1.531e-03  1.247e-03  8.680e-04  1.434e-02 
ERR MATRIX NOT POS-DEF
 PARAMETER  CORRELATION COEFFICIENTS  
       NO.  GLOBAL      1      2      3      4      5      6      7      8      9     10     11     12     13     14     15     16
        1  0.06570   1.000  0.002  0.064  0.000  0.055  0.002 -0.065 -0.002  0.019  0.002  0.065  0.002  0.042  0.007  0.022  0.024
        2  0.91911   0.002  1.000  0.031  0.012  0.024  0.883 -0.030  0.691  0.009  0.850  0.031  0.821  0.048  0.303 -0.103  0.188
        3  0.99167   0.064  0.031  1.000  0.001  0.831  0.028 -0.990 -0.027  0.287  0.031  0.989  0.037  0.632  0.110  0.331  0.353
        4  0.01841   0.000  0.012  0.001  1.000  0.001  0.013 -0.001  0.013  0.000  0.014  0.001  0.014  0.001  0.007 -0.002  0.004
        5  0.88244   0.055  0.024  0.831  0.001  1.000  0.022 -0.860 -0.025  0.254  0.025  0.866  0.030  0.542  0.093  0.304  0.304
        6  0.96762   0.002  0.883  0.028  0.013  0.022  1.000 -0.027  0.615  0.008  0.917  0.028  0.890  0.041  0.247 -0.073  0.151
        7  0.99767  -0.065 -0.030 -0.990 -0.001 -0.860 -0.027  1.000  0.027 -0.288 -0.030 -0.997 -0.036 -0.623 -0.108 -0.331 -0.348
        8  0.72946  -0.002  0.691 -0.027  0.013 -0.025  0.615  0.027  1.000 -0.008  0.516 -0.027  0.603 -0.015  0.076 -0.125  0.037
        9  0.29060   0.019  0.009  0.287  0.000  0.254  0.008 -0.288 -0.008  1.000  0.009  0.286  0.011  0.188  0.033  0.096  0.104
       10  0.93802   0.002  0.850  0.031  0.014  0.025  0.917 -0.030  0.516  0.009  1.000  0.031  0.762  0.048  0.306 -0.102  0.188
       11  0.99743   0.065  0.031  0.989  0.001  0.866  0.028 -0.997 -0.027  0.286  0.031  1.000  0.037  0.633  0.110  0.332  0.354
       12  0.91071   0.002  0.821  0.037  0.014  0.030  0.890 -0.036  0.603  0.011  0.762  0.037  1.000  0.051  0.285 -0.075  0.179
       13  0.67310   0.042  0.048  0.632  0.001  0.542  0.041 -0.623 -0.015  0.188  0.048  0.633  0.051  1.000  0.135  0.253  0.393
       14  0.52265   0.007  0.303  0.110  0.007  0.093  0.247 -0.108  0.076  0.033  0.306  0.110  0.285  0.135  1.000 -0.082  0.405
       15  0.38917   0.022 -0.103  0.331 -0.002  0.304 -0.073 -0.331 -0.125  0.096 -0.102  0.332 -0.075  0.253 -0.082  1.000  0.057
       16  0.55544   0.024  0.188  0.353  0.004  0.304  0.151 -0.348  0.037  0.104  0.188  0.354  0.179  0.393  0.405  0.057  1.000
 ERR MATRIX NOT POS-DEF
[#1] INFO:Minization -- RooMinuit::optimizeConst: deactivating const optimization
[#1] INFO:Plotting -- RooTreeData::plotOn: plotting 334 events out of 1169 total events
[#1] INFO:Plotting -- RooSimultaneous::plotOn(simPdf) plot on x represents a slice in the index category (sample)
[#1] INFO:Plotting -- RooAbsReal::plotOn(myModel) slice variable sample was not projected anyway
[#1] INFO:Plotting -- RooSimultaneous::plotOn(simPdf) plot on x represents a slice in the index category (sample)
[#1] INFO:Plotting -- RooAbsPdf::plotOn(myModel) directly selected PDF components: (px)
[#1] INFO:Plotting -- RooAbsPdf::plotOn(myModel) indirectly selected PDF components: ()
[#1] INFO:Plotting -- RooAbsReal::plotOn(myModel) slice variable sample was not projected anyway
[#1] INFO:Plotting -- RooTreeData::plotOn: plotting 835 events out of 1169 total events
[#1] INFO:Plotting -- RooSimultaneous::plotOn(simPdf) plot on x represents a slice in the index category (sample)
[#1] INFO:Plotting -- RooAbsReal::plotOn(myModel_fail) slice variable sample was not projected anyway
[#1] INFO:Plotting -- RooSimultaneous::plotOn(simPdf) plot on x represents a slice in the index category (sample)
[#1] INFO:Plotting -- RooAbsPdf::plotOn(myModel_fail) directly selected PDF components: (px_fail)
[#1] INFO:Plotting -- RooAbsPdf::plotOn(myModel_fail) indirectly selected PDF components: ()
[#1] INFO:Plotting -- RooAbsReal::plotOn(myModel_fail) slice variable sample was not projected anyway
efficiency(pt>250): 0.396098
[#1] INFO:Minization -- RooMinuit::optimizeConst: activating const optimization
RooAbsTestStatistic::initSimMode: creating slave calculator #0 for state pass (27 dataset entries)
RooAbsTestStatistic::initSimMode: creating slave calculator #1 for state fail (192 dataset entries)
[#1] INFO:Fitting -- RooAbsTestStatistic::initSimMode: created 2 slave calculators.
[#1] INFO:Minization --  The following expressions will be evaluated in cache-and-track mode: (gx,px)
[#1] INFO:Minization --  The following expressions will be evaluated in cache-and-track mode: (gx_fail,px_fail)
 **********
 **   13 **MIGRAD        8000           1
 **********
 FIRST CALL TO USER FUNCTION AT NEW START POINT, WITH IFLAG=4.
 MINUIT WARNING IN MIGrad    
 ============== VARIABLE3 IS AT ITS LOWER ALLOWED LIMIT.
 MINUIT WARNING IN MIGrad    
 ============== VARIABLE7 IS AT ITS UPPER ALLOWED LIMIT.
 MINUIT WARNING IN MIGrad    
 ============== VARIABLE10 IS AT ITS LOWER ALLOWED LIMIT.
 START MIGRAD MINIMIZATION.  STRATEGY  1.  CONVERGENCE WHEN EDM .LT. 1.00e-03
 FCN=874.416 FROM MIGRAD    STATUS=INITIATE      158 CALLS         159 TOTAL
                     EDM= unknown      STRATEGY= 1      NO ERROR MATRIX       
  EXT PARAMETER               CURRENT GUESS       STEP         FIRST   
  NO.   NAME      VALUE            ERROR          SIZE      DERIVATIVE 
   1  a0           9.61873e-07   2.74411e-02   0.00000e+00   2.89749e-03
   2  a0_fail      5.49119e-03   3.85363e-03   0.00000e+00  -8.41202e+00
   3  a1           9.53674e-07   9.27062e-01   0.00000e+00   2.29162e-03
   4  a1_fail      1.02891e-07   2.57262e-03   0.00000e+00** at limit **
   5  a2           8.81968e-05   8.65355e-01   0.00000e+00   1.23276e-02
   6  a2_fail      5.06866e-02   3.88383e-02   0.00000e+00   8.87627e+00
   7  a3           2.13619e-01   6.58234e-01   0.00000e+00   1.43073e-01
   8  a3_fail      2.22731e-02   1.13370e-02   0.00000e+00   1.68795e+00
   9  a4           9.95721e-01   8.17798e-01   3.00151e+00  -7.14912e-03
  10  a4_fail      9.53674e-07   1.04923e-02   0.00000e+00   2.81644e-02
  11  a5           6.28566e-02   9.46658e-01   0.00000e+00   1.31460e-01
  12  a5_fail      9.44527e-03   4.51062e-03   0.00000e+00  -1.72142e+01
  13  f            8.51516e-01   3.24482e-02   0.00000e+00  -1.66015e-01
  14  f_fail       5.19298e-01   2.56779e-02   0.00000e+00  -2.21046e+01
  15  mean         9.04098e+01   1.26111e-01   0.00000e+00   1.20450e+02
  16  sigma        2.77363e+00   1.19725e-01   0.00000e+00   3.96092e+01
                               ERR DEF= 0.5
 MIGRAD MINIMIZATION HAS CONVERGED.
 MIGRAD WILL VERIFY CONVERGENCE AND ERROR MATRIX.
 EIGENVALUES OF SECOND-DERIVATIVE MATRIX:
        -5.3758e+00 -4.2261e-03  5.5584e-01  6.2380e-01  9.6784e-01  9.9869e-01  9.9951e-01  1.0000e+00  1.0001e+00  1.0001e+00  1.0014e+00  1.0313e+00  1.1977e+00  1.6161e+00  2.0125e+00  7.3752e+00
 MINUIT WARNING IN HESSE   
 ============== MATRIX FORCED POS-DEF BY ADDING 5.383175 TO DIAGONAL.
 FCN=869.875 FROM MIGRAD    STATUS=CONVERGED     537 CALLS         538 TOTAL
                     EDM=7.56548e-06    STRATEGY= 1      ERR MATRIX NOT POS-DEF
  EXT PARAMETER                APPROXIMATE        STEP         FIRST   
  NO.   NAME      VALUE            ERROR          SIZE      DERIVATIVE 
   1  a0           5.74535e-12   9.80278e-01   1.48707e-02** at limit **
   2  a0_fail      7.31564e-03   1.54124e-03   9.24448e-04   1.39275e-02
   3  a1           5.83800e-12   9.99355e-01   1.66509e-02** at limit **
   4  a1_fail      8.54466e-12   1.62573e-03   4.18435e-03** at limit **
   5  a2           5.28366e-10   8.90802e-01   2.22387e-02** at limit **
   6  a2_fail      2.98430e-02   6.01465e-03   1.80545e-03  -4.16841e-03
   7  a3           6.29603e-10   7.21878e-01   4.19163e-02** at limit **
   8  a3_fail      1.73790e-02   5.56998e-03   2.18256e-03   9.98568e-04
   9  a4           9.99990e-01   9.82910e-01   5.00000e-01  -1.23066e-09
  10  a4_fail      4.21169e-11   1.79858e-03   4.32151e-03** at limit **
  11  a5           4.25023e-07   6.51320e-01   3.03463e-02  -5.85270e-04
  12  a5_fail      1.18640e-02   1.96817e-03   9.26969e-04  -5.46544e-03
  13  f            8.54277e-01   3.09848e-02   4.53061e-03  -4.96937e-03
  14  f_fail       6.42530e-01   1.74854e-02   1.87382e-03   8.84962e-03
  15  mean         9.01877e+01   9.96125e-02   1.04597e-04   4.76593e-02
  16  sigma        2.65494e+00   7.62579e-02   5.89465e-04   9.67383e-03
                               ERR DEF= 0.5
 EXTERNAL ERROR MATRIX.    NDIM=  34    NPAR= 16    ERR DEF=0.5
 ELEMENTS ABOVE DIAGONAL ARE NOT PRINTED.
  4.319e-11 
  2.161e-14  2.376e-06 
  4.820e-11  2.430e-14  5.501e-11 
  4.846e-19 -5.034e-13  5.472e-19  5.560e-14 
  6.146e-10  3.060e-13  6.937e-10  6.976e-18  8.943e-09 
  7.182e-13  3.016e-07  8.120e-13 -2.616e-12  1.039e-11  3.619e-05 
  1.262e-09  6.002e-13  1.425e-09  1.425e-17  1.817e-08  2.150e-11  3.773e-08 
 -1.024e-12  7.699e-07 -1.156e-12  2.877e-12 -1.474e-11 -5.344e-07 -3.011e-11  3.104e-05 
 -3.871e-04 -1.932e-07 -4.369e-04 -4.378e-12 -5.570e-03 -6.516e-06 -1.144e-02  9.258e-06  3.508e+03 
 -1.471e-18  1.644e-12 -1.662e-18  9.407e-18 -2.125e-17  7.755e-12 -4.380e-17 -7.993e-12  1.333e-11  3.032e-13 
  2.165e-08  1.129e-11  2.444e-08  2.469e-16  3.116e-07  3.627e-10  6.401e-07 -5.216e-10 -1.963e-01 -7.448e-16  1.113e-05 
 -3.043e-14  1.861e-07 -3.455e-14  1.067e-12 -4.475e-13  1.411e-06 -9.629e-13  3.650e-07  2.794e-07 -1.406e-12 -1.494e-11 
 -3.043e-14  1.861e-07 -3.455e-14  1.067e-12 -4.475e-13  1.411e-06 -9.629e-13  3.650e-07  2.794e-07 -1.406e-12 -1.494e-11  3.874e-06 
 -1.996e-09  3.292e-09 -2.257e-09  1.387e-14 -2.890e-08 -1.177e-08 -6.004e-08 -2.587e-08  1.813e-02  3.150e-15 -1.006e-06 
 -1.996e-09  3.292e-09 -2.257e-09  1.387e-14 -2.890e-08 -1.177e-08 -6.004e-08 -2.587e-08  1.813e-02  3.150e-15 -1.006e-06  4.591e-09  9.625e-04 
  4.260e-13  6.118e-07  4.755e-13  2.094e-12  5.859e-12 -3.643e-06  1.061e-11 -3.244e-06 -3.730e-06  5.055e-12  2.325e-10 
  4.260e-13  6.118e-07  4.755e-13  2.094e-12  5.859e-12 -3.643e-06  1.061e-11 -3.244e-06 -3.730e-06  5.055e-12  2.325e-10  9.599e-07  1.603e-07  3.059e-04 
  1.243e-09 -5.551e-08  1.404e-09  4.424e-12  1.792e-08  7.274e-06  3.675e-08 -7.245e-06 -1.125e-02 -1.598e-11  6.315e-07 
  1.243e-09 -5.551e-08  1.404e-09  4.424e-12  1.792e-08  7.274e-06  3.675e-08 -7.245e-06 -1.125e-02 -1.598e-11  6.315e-07 -5.955e-07  1.543e-05 -7.906e-06  9.923e-03 
  1.625e-10  9.512e-07  1.829e-10  1.939e-12  2.309e-09 -6.537e-06  4.567e-09 -4.068e-06 -1.456e-03  7.977e-12  8.449e-08 
  1.625e-10  9.512e-07  1.829e-10  1.939e-12  2.309e-09 -6.537e-06  4.567e-09 -4.068e-06 -1.456e-03  7.977e-12  8.449e-08  1.556e-06  2.058e-05  4.862e-05 -5.632e-05  5.816e-03 
ERR MATRIX NOT POS-DEF
 PARAMETER  CORRELATION COEFFICIENTS  
       NO.  GLOBAL      1      2      3      4      5      6      7      8      9     10     11     12     13     14     15     16
        1  0.99443   1.000  0.000  0.989  0.000  0.989  0.000  0.989 -0.000 -0.994 -0.000  0.988 -0.000 -0.010  0.000  0.002  0.000
        2  0.11351   0.000  1.000  0.000 -0.001  0.000  0.033  0.000  0.090 -0.000  0.002  0.000  0.061  0.000  0.023 -0.000  0.008
        3  0.99443   0.989  0.000  1.000  0.000  0.989  0.000  0.989 -0.000 -0.994 -0.000  0.988 -0.000 -0.010  0.000  0.002  0.000
        4  0.00415   0.000 -0.001  0.000  1.000  0.000 -0.002  0.000  0.002 -0.000  0.000  0.000  0.002  0.000  0.001  0.000  0.000
        5  0.99448   0.989  0.000  0.989  0.000  1.000  0.000  0.989 -0.000 -0.994 -0.000  0.988 -0.000 -0.010  0.000  0.002  0.000
        6  0.13132   0.000  0.033  0.000 -0.002  0.000  1.000  0.000 -0.016 -0.000  0.002  0.000  0.119 -0.000 -0.035  0.012 -0.014
        7  0.99450   0.989  0.000  0.989  0.000  0.989  0.000  1.000 -0.000 -0.994 -0.000  0.988 -0.000 -0.010  0.000  0.002  0.000
        8  0.10463  -0.000  0.090 -0.000  0.002 -0.000 -0.016 -0.000  1.000  0.000 -0.003 -0.000  0.033 -0.000 -0.033 -0.013 -0.010
        9  0.99884  -0.994 -0.000 -0.994 -0.000 -0.994 -0.000 -0.994  0.000  1.000  0.000 -0.993  0.000  0.010 -0.000 -0.002 -0.000
       10  0.00442  -0.000  0.002 -0.000  0.000 -0.000  0.002 -0.000 -0.003  0.000  1.000 -0.000 -0.001  0.000  0.001 -0.000  0.000
       11  0.99331   0.988  0.000  0.988  0.000  0.988  0.000  0.988 -0.000 -0.993 -0.000  1.000 -0.000 -0.010  0.000  0.002  0.000
       12  0.13988  -0.000  0.061 -0.000  0.002 -0.000  0.119 -0.000  0.033  0.000 -0.001 -0.000  1.000  0.000  0.028 -0.003  0.010
       13  0.01419  -0.010  0.000 -0.010  0.000 -0.010 -0.000 -0.010 -0.000  0.010  0.000 -0.010  0.000  1.000  0.000  0.005  0.009
       14  0.07309   0.000  0.023  0.000  0.001  0.000 -0.035  0.000 -0.033 -0.000  0.001  0.000  0.028  0.000  1.000 -0.005  0.036
       15  0.02075   0.002 -0.000  0.002  0.000  0.002  0.012  0.002 -0.013 -0.002 -0.000  0.002 -0.003  0.005 -0.005  1.000 -0.007
       16  0.04347   0.000  0.008  0.000  0.000  0.000 -0.014  0.000 -0.010 -0.000  0.000  0.000  0.010  0.009  0.036 -0.007  1.000
 ERR MATRIX NOT POS-DEF
 **********
 **   18 **HESSE        8000
 **********
 EIGENVALUES OF SECOND-DERIVATIVE MATRIX:
        -6.5517e-04  5.5034e-01  6.2327e-01  9.6985e-01  9.8254e-01  9.9994e-01  9.9998e-01  1.0000e+00  1.0000e+00  1.0000e+00  1.0000e+00  1.0175e+00  1.0299e+00  1.1983e+00  1.6141e+00  2.0149e+00
 MINUIT WARNING IN HESSE   
 ============== MATRIX FORCED POS-DEF BY ADDING 0.002670 TO DIAGONAL.
 FCN=869.875 FROM HESSE     STATUS=NOT POSDEF    185 CALLS         723 TOTAL
                     EDM=3.9332e-06    STRATEGY= 1      ERR MATRIX NOT POS-DEF
  EXT PARAMETER                APPROXIMATE     INTERNAL      INTERNAL  
  NO.   NAME      VALUE            ERROR       STEP SIZE       VALUE   
   1  a0           5.74535e-12   1.27202e-01   2.97413e-03  -1.57079e+00
                                 WARNING -   - ABOVE PARAMETER IS AT LIMIT.
   2  a0_fail      7.31564e-03   5.98670e-02   1.84890e-04  -1.39952e+00
   3  a1           5.83800e-12   1.57542e-01   3.33019e-03  -1.57079e+00
                                 WARNING -   - ABOVE PARAMETER IS AT LIMIT.
   4  a1_fail      8.54466e-12   1.03268e-02   8.36871e-04  -1.57079e+00
                                 WARNING -   - ABOVE PARAMETER IS AT LIMIT.
   5  a2           5.28366e-10   6.34127e-01   4.44774e-03  -1.57075e+00
                                 WARNING -   - ABOVE PARAMETER IS AT LIMIT.
   6  a2_fail      2.98430e-02   5.39012e-01   7.22181e-05  -1.22355e+00
   7  a3           6.29603e-10   8.64316e-01   8.38326e-03  -1.57075e+00
                                 WARNING -   - ABOVE PARAMETER IS AT LIMIT.
   8  a3_fail      1.73790e-02   1.39063e-01   4.36513e-04  -1.30637e+00
   9  a4           9.99990e-01   6.81995e-01   2.00000e-02   1.56437e+00
  10  a4_fail      4.21169e-11   1.14225e-02   8.64303e-04  -1.57078e+00
                                 WARNING -   - ABOVE PARAMETER IS AT LIMIT.
  11  a5           4.25023e-07   7.30300e-01   6.06927e-03  -1.57210e+00
  12  a5_fail      1.18640e-02   9.48571e-02   3.70788e-05  -1.35252e+00
  13  f            8.54277e-01   7.77939e-02   9.06121e-04   7.87448e-01
  14  f_fail       6.42530e-01   4.82163e-02   3.74764e-04   2.89069e-01
  15  mean         9.01877e+01   2.54089e-01   2.09194e-05  -1.97528e-01
  16  sigma        2.65494e+00   2.01533e-01   2.35786e-05  -8.37874e-01
                               ERR DEF= 0.5
 EXTERNAL ERROR MATRIX.    NDIM=  34    NPAR= 16    ERR DEF=0.5
 ELEMENTS ABOVE DIAGONAL ARE NOT PRINTED.
  3.056e-12 
 -7.005e-14  1.802e-03 
  2.433e-16 -1.031e-13  3.890e-12 
  1.110e-20  3.030e-10 -1.813e-20  3.542e-13 
  3.171e-15 -1.761e-12  3.580e-15 -5.647e-19  6.265e-10 
 -3.966e-13  7.273e-03 -3.716e-13  1.217e-09 -1.848e-12  2.992e-02 
  6.901e-15 -7.222e-12  7.781e-15 -3.604e-18  1.002e-13  2.581e-12  2.635e-09 
 -4.049e-13  4.274e-03 -4.804e-13  7.480e-10 -4.760e-12  1.726e-02  2.945e-12  1.035e-02 
 -1.066e-07  5.623e-05 -1.203e-07  9.353e-12 -1.556e-06  2.320e-04 -3.176e-06  1.339e-04  5.378e+01 
  1.641e-20  7.096e-10  3.138e-20  1.210e-16 -7.797e-19  2.937e-09 -9.444e-18  1.599e-09  2.257e-11  1.932e-12 
  7.218e-14 -6.460e-12  8.164e-14  1.307e-17  1.074e-12 -1.811e-10  2.445e-12 -2.454e-10 -3.367e-05  6.758e-17  9.444e-07 
 -1.020e-13  2.896e-03 -1.407e-13  4.977e-10 -2.310e-12  1.182e-02 -1.062e-11  6.882e-03  9.143e-05  1.139e-09 -3.333e-12 
 -1.020e-13  2.896e-03 -1.407e-13  4.977e-10 -2.310e-12  1.182e-02 -1.062e-11  6.882e-03  9.143e-05  1.139e-09 -3.333e-12  4.712e-03 
  3.219e-11  5.629e-07  6.080e-12  8.338e-13 -9.637e-10 -3.779e-06 -7.539e-09 -8.422e-06  7.599e-06  2.796e-12  4.011e-08 
  3.219e-11  5.629e-07  6.080e-12  8.338e-13 -9.637e-10 -3.779e-06 -7.539e-09 -8.422e-06  7.599e-06  2.796e-12  4.011e-08  1.256e-06  6.153e-03 
  1.240e-12  1.900e-05  7.877e-13  2.344e-11 -1.243e-11 -1.273e-04 -1.673e-10 -1.112e-04 -5.336e-06  5.953e-11  1.330e-09 
  1.240e-12  1.900e-05  7.877e-13  2.344e-11 -1.243e-11 -1.273e-04 -1.673e-10 -1.112e-04 -5.336e-06  5.953e-11  1.330e-09  2.638e-05  5.513e-05  2.333e-03 
  1.669e-11 -6.226e-05  2.620e-11 -3.156e-11  3.834e-10  3.504e-04 -4.780e-12 -4.330e-04  3.839e-06  1.985e-11  1.310e-08 
  1.669e-11 -6.226e-05  2.620e-11 -3.156e-11  3.834e-10  3.504e-04 -4.780e-12 -4.330e-04  3.839e-06  1.985e-11  1.310e-08 -1.858e-05  5.830e-04 -5.330e-04  6.456e-02 
  2.028e-11  5.258e-05  1.408e-11  5.082e-11 -1.605e-10 -3.223e-04 -2.565e-09 -1.787e-04 -5.156e-05  1.145e-10  2.139e-08 
  2.028e-11  5.258e-05  1.408e-11  5.082e-11 -1.605e-10 -3.223e-04 -2.565e-09 -1.787e-04 -5.156e-05  1.145e-10  2.139e-08  6.374e-05  8.909e-04  2.669e-03 -3.012e-03  4.063e-02 
ERR MATRIX NOT POS-DEF
 PARAMETER  CORRELATION COEFFICIENTS  
       NO.  GLOBAL      1      2      3      4      5      6      7      8      9     10     11     12     13     14     15     16
        1  0.00832   1.000 -0.000  0.000  0.000  0.000 -0.000  0.000 -0.000 -0.008  0.000  0.000 -0.000  0.000  0.000  0.000  0.000
        2  0.99585  -0.000  1.000 -0.000  0.012 -0.000  0.991 -0.000  0.990  0.000  0.012 -0.000  0.994  0.000  0.009 -0.006  0.006
        3  0.00832   0.000 -0.000  1.000 -0.000  0.000 -0.000  0.000 -0.000 -0.008  0.000  0.000 -0.000  0.000  0.000  0.000  0.000
        4  0.01296   0.000  0.012 -0.000  1.000 -0.000  0.012 -0.000  0.012  0.000  0.000  0.000  0.012  0.000  0.001 -0.000  0.000
        5  0.00849   0.000 -0.000  0.000 -0.000  1.000 -0.000  0.000 -0.000 -0.008 -0.000  0.000 -0.000 -0.000 -0.000  0.000 -0.000
        6  0.99621  -0.000  0.991 -0.000  0.012 -0.000  1.000  0.000  0.981  0.000  0.012 -0.000  0.996 -0.000 -0.015  0.008 -0.009
        7  0.00864   0.000 -0.000  0.000 -0.000  0.000  0.000  1.000  0.000 -0.008 -0.000  0.000 -0.000 -0.002 -0.000 -0.000 -0.000
        8  0.99052  -0.000  0.990 -0.000  0.012 -0.000  0.981  0.000  1.000  0.000  0.011 -0.000  0.985 -0.001 -0.023 -0.017 -0.009
        9  0.01742  -0.008  0.000 -0.008  0.000 -0.008  0.000 -0.008  0.000  1.000  0.000 -0.005  0.000  0.000 -0.000  0.000 -0.000
       10  0.01311   0.000  0.012  0.000  0.000 -0.000  0.012 -0.000  0.011  0.000  1.000  0.000  0.012  0.000  0.001  0.000  0.000
       11  0.00475   0.000 -0.000  0.000  0.000  0.000 -0.000  0.000 -0.000 -0.005  0.000  1.000 -0.000  0.001  0.000  0.000  0.000
       12  0.99743  -0.000  0.994 -0.000  0.012 -0.000  0.996 -0.000  0.985  0.000  0.012 -0.000  1.000  0.000  0.008 -0.001  0.005
       13  0.06514   0.000  0.000  0.000  0.000 -0.000 -0.000 -0.002 -0.001  0.000  0.000  0.001  0.000  1.000  0.015  0.029  0.056
       14  0.41194   0.000  0.009  0.000  0.001 -0.000 -0.015 -0.000 -0.023 -0.000  0.001  0.000  0.008  0.015  1.000 -0.043  0.274
       15  0.14827   0.000 -0.006  0.000 -0.000  0.000  0.008 -0.000 -0.017  0.000  0.000  0.000 -0.001  0.029 -0.043  1.000 -0.059
       16  0.30076   0.000  0.006  0.000  0.000 -0.000 -0.009 -0.000 -0.009 -0.000  0.000  0.000  0.005  0.056  0.274 -0.059  1.000
 ERR MATRIX NOT POS-DEF
[#1] INFO:Minization -- RooMinuit::optimizeConst: deactivating const optimization
[#1] INFO:Plotting -- RooTreeData::plotOn: plotting 27 events out of 219 total events
[#1] INFO:Plotting -- RooSimultaneous::plotOn(simPdf) plot on x represents a slice in the index category (sample)
[#1] INFO:Plotting -- RooAbsReal::plotOn(myModel) slice variable sample was not projected anyway
[#1] INFO:Plotting -- RooSimultaneous::plotOn(simPdf) plot on x represents a slice in the index category (sample)
[#1] INFO:Plotting -- RooAbsPdf::plotOn(myModel) directly selected PDF components: (px)
[#1] INFO:Plotting -- RooAbsPdf::plotOn(myModel) indirectly selected PDF components: ()
[#1] INFO:Plotting -- RooAbsReal::plotOn(myModel) slice variable sample was not projected anyway
[#1] INFO:Plotting -- RooTreeData::plotOn: plotting 192 events out of 219 total events
[#1] INFO:Plotting -- RooSimultaneous::plotOn(simPdf) plot on x represents a slice in the index category (sample)
[#1] INFO:Plotting -- RooAbsReal::plotOn(myModel_fail) slice variable sample was not projected anyway
[#1] INFO:Plotting -- RooSimultaneous::plotOn(simPdf) plot on x represents a slice in the index category (sample)
[#1] INFO:Plotting -- RooAbsPdf::plotOn(myModel_fail) directly selected PDF components: (px_fail)
[#1] INFO:Plotting -- RooAbsPdf::plotOn(myModel_fail) indirectly selected PDF components: ()
[#1] INFO:Plotting -- RooAbsReal::plotOn(myModel_fail) slice variable sample was not projected anyway
efficiency(pt>1000): 0.157518
