
Processing photonEfficiency.cc...
0/2992866
1000000/2992866
2000000/2992866
[#1] INFO:Minization -- RooMinuit::optimizeConst: activating const optimization
[#1] INFO:Fitting -- RooAbsTestStatistic::initSimMode: created 0 slave calculators.
 **********
 **   13 **MIGRAD        8000           1
 **********
 FIRST CALL TO USER FUNCTION AT NEW START POINT, WITH IFLAG=4.
 START MIGRAD MINIMIZATION.  STRATEGY  1.  CONVERGENCE WHEN EDM .LT. 1.00e-03
 FCN=0 FROM MIGRAD    STATUS=INITIATE     1397 CALLS        1398 TOTAL
                     EDM= unknown      STRATEGY= 1      NO ERROR MATRIX       
  EXT PARAMETER               CURRENT GUESS       STEP         FIRST   
  NO.   NAME      VALUE            ERROR          SIZE      DERIVATIVE 
   1  a0           1.00000e-01   5.00000e-02   0.00000e+00   0.00000e+00
   2  a0_fail      1.00000e-01   5.00000e-02   0.00000e+00   0.00000e+00
   3  a1           4.00000e-03   2.00000e-03   0.00000e+00   0.00000e+00
   4  a1_fail      4.00000e-03   2.00000e-03   0.00000e+00   0.00000e+00
   5  a2           4.00000e-03   2.00000e-03   0.00000e+00   0.00000e+00
   6  a2_fail      4.00000e-03   2.00000e-03   0.00000e+00   0.00000e+00
   7  a3           4.00000e-03   2.00000e-03   0.00000e+00   0.00000e+00
   8  a3_fail      4.00000e-03   2.00000e-03   0.00000e+00   0.00000e+00
   9  a4           4.00000e-03   2.00000e-03   0.00000e+00   0.00000e+00
  10  a4_fail      4.00000e-03   2.00000e-03   0.00000e+00   0.00000e+00
  11  a5           4.00000e-03   2.00000e-03   0.00000e+00   0.00000e+00
  12  a5_fail      4.00000e-03   2.00000e-03   0.00000e+00   0.00000e+00
  13  f            2.00000e-01   1.00000e-01   0.00000e+00   0.00000e+00
  14  f_fail       2.00000e-01   1.00000e-01   0.00000e+00   0.00000e+00
  15  mean         9.00000e+01   1.00000e+01   0.00000e+00   0.00000e+00
  16  sigma        3.00000e-01   1.00000e-01   0.00000e+00   0.00000e+00
                               ERR DEF= 0.5
 MIGRAD MINIMIZATION HAS CONVERGED.
 MIGRAD WILL VERIFY CONVERGENCE AND ERROR MATRIX.
 MINUIT WARNING IN HESSE
 ============== Second derivative zero for parameter1
  MNHESS FAILS AND WILL RETURN DIAGONAL MATRIX. 
 FCN=0 FROM HESSE     STATUS=FAILED          3 CALLS        1401 TOTAL
                     EDM=0    STRATEGY= 1  ERROR MATRIX UNCERTAINTY 100.0 per cent
  EXT PARAMETER                APPROXIMATE        STEP         FIRST   
  NO.   NAME      VALUE            ERROR          SIZE      DERIVATIVE 
   1  a0           1.00000e-01   2.52441e-01   0.00000e+00   0.00000e+00
   2  a0_fail      1.00000e-01   2.52441e-01   0.00000e+00   0.00000e+00
   3  a1           4.00000e-03   2.28010e-01   0.00000e+00   0.00000e+00
   4  a1_fail      4.00000e-03   2.28010e-01   0.00000e+00   0.00000e+00
   5  a2           4.00000e-03   2.28010e-01   0.00000e+00   0.00000e+00
   6  a2_fail      4.00000e-03   2.28010e-01   0.00000e+00   0.00000e+00
   7  a3           4.00000e-03   2.28010e-01   0.00000e+00   0.00000e+00
   8  a3_fail      4.00000e-03   2.28010e-01   0.00000e+00   0.00000e+00
   9  a4           4.00000e-03   2.28010e-01   0.00000e+00   0.00000e+00
  10  a4_fail      4.00000e-03   2.28010e-01   0.00000e+00   0.00000e+00
  11  a5           4.00000e-03   2.28010e-01   0.00000e+00   0.00000e+00
  12  a5_fail      4.00000e-03   2.28010e-01   0.00000e+00   0.00000e+00
  13  f            2.00000e-01   3.36588e-01   0.00000e+00   0.00000e+00
  14  f_fail       2.00000e-01   3.36588e-01   0.00000e+00   0.00000e+00
  15  mean         9.00000e+01   4.12235e+01   0.00000e+00   0.00000e+00
  16  sigma        3.00000e-01   4.48205e+00   0.00000e+00   0.00000e+00
                               ERR DEF= 0.5
 MIGRAD MINIMIZATION HAS CONVERGED.
 MIGRAD WILL VERIFY CONVERGENCE AND ERROR MATRIX.
 MINUIT WARNING IN HESSE
 ============== Second derivative zero for parameter1
  MNHESS FAILS AND WILL RETURN DIAGONAL MATRIX. 
 FCN=0 FROM MIGRAD    STATUS=CONVERGED    1403 CALLS        1404 TOTAL
                     EDM=0    STRATEGY= 1  ERROR MATRIX UNCERTAINTY 100.0 per cent
  EXT PARAMETER                APPROXIMATE        STEP         FIRST   
  NO.   NAME      VALUE            ERROR          SIZE      DERIVATIVE 
   1  a0           1.00000e-01   2.52441e-01   0.00000e+00   0.00000e+00
   2  a0_fail      1.00000e-01   2.52441e-01   0.00000e+00   0.00000e+00
   3  a1           4.00000e-03   2.28010e-01   0.00000e+00   0.00000e+00
   4  a1_fail      4.00000e-03   2.28010e-01   0.00000e+00   0.00000e+00
   5  a2           4.00000e-03   2.28010e-01   0.00000e+00   0.00000e+00
   6  a2_fail      4.00000e-03   2.28010e-01   0.00000e+00   0.00000e+00
   7  a3           4.00000e-03   2.28010e-01   0.00000e+00   0.00000e+00
   8  a3_fail      4.00000e-03   2.28010e-01   0.00000e+00   0.00000e+00
   9  a4           4.00000e-03   2.28010e-01   0.00000e+00   0.00000e+00
  10  a4_fail      4.00000e-03   2.28010e-01   0.00000e+00   0.00000e+00
  11  a5           4.00000e-03   2.28010e-01   0.00000e+00   0.00000e+00
  12  a5_fail      4.00000e-03   2.28010e-01   0.00000e+00   0.00000e+00
  13  f            2.00000e-01   3.36588e-01   0.00000e+00   0.00000e+00
  14  f_fail       2.00000e-01   3.36588e-01   0.00000e+00   0.00000e+00
  15  mean         9.00000e+01   4.12235e+01   0.00000e+00   0.00000e+00
  16  sigma        3.00000e-01   4.48205e+00   0.00000e+00   0.00000e+00
                               ERR DEF= 0.5
 EXTERNAL ERROR MATRIX.    NDIM=  34    NPAR= 16    ERR DEF=0.5
 ELEMENTS ABOVE DIAGONAL ARE NOT PRINTED.
  9.000e-02 
  0.000e+00  9.000e-02 
  0.000e+00  0.000e+00  3.984e-03 
  0.000e+00  0.000e+00  0.000e+00  3.984e-03 
  0.000e+00  0.000e+00  0.000e+00  0.000e+00  3.984e-03 
  0.000e+00  0.000e+00  0.000e+00  0.000e+00  0.000e+00  3.984e-03 
  0.000e+00  0.000e+00  0.000e+00  0.000e+00  0.000e+00  0.000e+00  3.984e-03 
  0.000e+00  0.000e+00  0.000e+00  0.000e+00  0.000e+00  0.000e+00  0.000e+00  3.984e-03 
  0.000e+00  0.000e+00  0.000e+00  0.000e+00  0.000e+00  0.000e+00  0.000e+00  0.000e+00  3.984e-03 
  0.000e+00  0.000e+00  0.000e+00  0.000e+00  0.000e+00  0.000e+00  0.000e+00  0.000e+00  0.000e+00  3.984e-03 
  0.000e+00  0.000e+00  0.000e+00  0.000e+00  0.000e+00  0.000e+00  0.000e+00  0.000e+00  0.000e+00  0.000e+00  3.984e-03 
  0.000e+00  0.000e+00  0.000e+00  0.000e+00  0.000e+00  0.000e+00  0.000e+00  0.000e+00  0.000e+00  0.000e+00  0.000e+00 
  0.000e+00  0.000e+00  0.000e+00  0.000e+00  0.000e+00  0.000e+00  0.000e+00  0.000e+00  0.000e+00  0.000e+00  0.000e+00  3.984e-03 
  0.000e+00  0.000e+00  0.000e+00  0.000e+00  0.000e+00  0.000e+00  0.000e+00  0.000e+00  0.000e+00  0.000e+00  0.000e+00 
  0.000e+00  0.000e+00  0.000e+00  0.000e+00  0.000e+00  0.000e+00  0.000e+00  0.000e+00  0.000e+00  0.000e+00  0.000e+00  0.000e+00  1.600e-01 
  0.000e+00  0.000e+00  0.000e+00  0.000e+00  0.000e+00  0.000e+00  0.000e+00  0.000e+00  0.000e+00  0.000e+00  0.000e+00 
  0.000e+00  0.000e+00  0.000e+00  0.000e+00  0.000e+00  0.000e+00  0.000e+00  0.000e+00  0.000e+00  0.000e+00  0.000e+00  0.000e+00  0.000e+00  1.600e-01 
  0.000e+00  0.000e+00  0.000e+00  0.000e+00  0.000e+00  0.000e+00  0.000e+00  0.000e+00  0.000e+00  0.000e+00  0.000e+00 
  0.000e+00  0.000e+00  0.000e+00  0.000e+00  0.000e+00  0.000e+00  0.000e+00  0.000e+00  0.000e+00  0.000e+00  0.000e+00  0.000e+00  0.000e+00  0.000e+00  2.400e+03 
  0.000e+00  0.000e+00  0.000e+00  0.000e+00  0.000e+00  0.000e+00  0.000e+00  0.000e+00  0.000e+00  0.000e+00  0.000e+00 
  0.000e+00  0.000e+00  0.000e+00  0.000e+00  0.000e+00  0.000e+00  0.000e+00  0.000e+00  0.000e+00  0.000e+00  0.000e+00  0.000e+00  0.000e+00  0.000e+00  0.000e+00  3.940e+00 
ERR MATRIX APPROXIMATE
 PARAMETER  CORRELATION COEFFICIENTS  
       NO.  GLOBAL      1      2      3      4      5      6      7      8      9     10     11     12     13     14     15     16
        1  0.00000   1.000  0.000  0.000  0.000  0.000  0.000  0.000  0.000  0.000  0.000  0.000  0.000  0.000  0.000  0.000  0.000
        2  0.00000   0.000  1.000  0.000  0.000  0.000  0.000  0.000  0.000  0.000  0.000  0.000  0.000  0.000  0.000  0.000  0.000
        3  0.00000   0.000  0.000  1.000  0.000  0.000  0.000  0.000  0.000  0.000  0.000  0.000  0.000  0.000  0.000  0.000  0.000
        4  0.00000   0.000  0.000  0.000  1.000  0.000  0.000  0.000  0.000  0.000  0.000  0.000  0.000  0.000  0.000  0.000  0.000
        5  0.00000   0.000  0.000  0.000  0.000  1.000  0.000  0.000  0.000  0.000  0.000  0.000  0.000  0.000  0.000  0.000  0.000
        6  0.00000   0.000  0.000  0.000  0.000  0.000  1.000  0.000  0.000  0.000  0.000  0.000  0.000  0.000  0.000  0.000  0.000
        7  0.00000   0.000  0.000  0.000  0.000  0.000  0.000  1.000  0.000  0.000  0.000  0.000  0.000  0.000  0.000  0.000  0.000
        8  0.00000   0.000  0.000  0.000  0.000  0.000  0.000  0.000  1.000  0.000  0.000  0.000  0.000  0.000  0.000  0.000  0.000
        9  0.00000   0.000  0.000  0.000  0.000  0.000  0.000  0.000  0.000  1.000  0.000  0.000  0.000  0.000  0.000  0.000  0.000
       10  0.00000   0.000  0.000  0.000  0.000  0.000  0.000  0.000  0.000  0.000  1.000  0.000  0.000  0.000  0.000  0.000  0.000
       11  0.00000   0.000  0.000  0.000  0.000  0.000  0.000  0.000  0.000  0.000  0.000  1.000  0.000  0.000  0.000  0.000  0.000
       12  0.00000   0.000  0.000  0.000  0.000  0.000  0.000  0.000  0.000  0.000  0.000  0.000  1.000  0.000  0.000  0.000  0.000
       13  0.00000   0.000  0.000  0.000  0.000  0.000  0.000  0.000  0.000  0.000  0.000  0.000  0.000  1.000  0.000  0.000  0.000
       14  0.00000   0.000  0.000  0.000  0.000  0.000  0.000  0.000  0.000  0.000  0.000  0.000  0.000  0.000  1.000  0.000  0.000
       15  0.00000   0.000  0.000  0.000  0.000  0.000  0.000  0.000  0.000  0.000  0.000  0.000  0.000  0.000  0.000  1.000  0.000
       16  0.00000   0.000  0.000  0.000  0.000  0.000  0.000  0.000  0.000  0.000  0.000  0.000  0.000  0.000  0.000  0.000  1.000
 ERR MATRIX APPROXIMATE
 **********
 **   18 **HESSE        8000
 **********
 MINUIT WARNING IN HESSE
 ============== Second derivative zero for parameter1
  MNHESS FAILS AND WILL RETURN DIAGONAL MATRIX. 
 FCN=0 FROM HESSE     STATUS=FAILED          3 CALLS        1407 TOTAL
                     EDM=0    STRATEGY= 1  ERROR MATRIX UNCERTAINTY 100.0 per cent
  EXT PARAMETER                APPROXIMATE     INTERNAL      INTERNAL  
  NO.   NAME      VALUE            ERROR       STEP SIZE       VALUE   
   1  a0           5.13931e-03   2.78740e-01   0.00000e+00  -9.27295e-01
   2  a0_fail      1.00000e-01   2.52441e-01   0.00000e+00  -9.27295e-01
   3  a1           4.00000e-03   2.28010e-01   0.00000e+00  -1.44422e+00
   4  a1_fail      4.00000e-03   2.28010e-01   0.00000e+00  -1.44422e+00
   5  a2           4.00000e-03   2.28010e-01   0.00000e+00  -1.44422e+00
   6  a2_fail      4.00000e-03   2.28010e-01   0.00000e+00  -1.44422e+00
   7  a3           4.00000e-03   2.28010e-01   0.00000e+00  -1.44422e+00
   8  a3_fail      4.00000e-03   2.28010e-01   0.00000e+00  -1.44422e+00
   9  a4           4.00000e-03   2.28010e-01   0.00000e+00  -1.44422e+00
  10  a4_fail      4.00000e-03   2.28010e-01   0.00000e+00  -1.44422e+00
  11  a5           4.00000e-03   2.28010e-01   0.00000e+00  -1.44422e+00
  12  a5_fail      4.00000e-03   2.28010e-01   0.00000e+00  -1.44422e+00
  13  f            2.00000e-01   3.36588e-01   0.00000e+00  -6.43501e-01
  14  f_fail       2.00000e-01   3.36588e-01   0.00000e+00  -6.43501e-01
  15  mean         9.00000e+01   4.12235e+01   0.00000e+00  -2.01358e-01
  16  sigma        3.00000e-01   4.48205e+00   0.00000e+00  -1.36996e+00
                               ERR DEF= 0.5
 EXTERNAL ERROR MATRIX.    NDIM=  34    NPAR= 16    ERR DEF=0.5
 ELEMENTS ABOVE DIAGONAL ARE NOT PRINTED.
  9.000e-02 
  0.000e+00  9.000e-02 
  0.000e+00  0.000e+00  3.984e-03 
  0.000e+00  0.000e+00  0.000e+00  3.984e-03 
  0.000e+00  0.000e+00  0.000e+00  0.000e+00  3.984e-03 
  0.000e+00  0.000e+00  0.000e+00  0.000e+00  0.000e+00  3.984e-03 
  0.000e+00  0.000e+00  0.000e+00  0.000e+00  0.000e+00  0.000e+00  3.984e-03 
  0.000e+00  0.000e+00  0.000e+00  0.000e+00  0.000e+00  0.000e+00  0.000e+00  3.984e-03 
  0.000e+00  0.000e+00  0.000e+00  0.000e+00  0.000e+00  0.000e+00  0.000e+00  0.000e+00  3.984e-03 
  0.000e+00  0.000e+00  0.000e+00  0.000e+00  0.000e+00  0.000e+00  0.000e+00  0.000e+00  0.000e+00  3.984e-03 
  0.000e+00  0.000e+00  0.000e+00  0.000e+00  0.000e+00  0.000e+00  0.000e+00  0.000e+00  0.000e+00  0.000e+00  3.984e-03 
  0.000e+00  0.000e+00  0.000e+00  0.000e+00  0.000e+00  0.000e+00  0.000e+00  0.000e+00  0.000e+00  0.000e+00  0.000e+00 
  0.000e+00  0.000e+00  0.000e+00  0.000e+00  0.000e+00  0.000e+00  0.000e+00  0.000e+00  0.000e+00  0.000e+00  0.000e+00  3.984e-03 
  0.000e+00  0.000e+00  0.000e+00  0.000e+00  0.000e+00  0.000e+00  0.000e+00  0.000e+00  0.000e+00  0.000e+00  0.000e+00 
  0.000e+00  0.000e+00  0.000e+00  0.000e+00  0.000e+00  0.000e+00  0.000e+00  0.000e+00  0.000e+00  0.000e+00  0.000e+00  0.000e+00  1.600e-01 
  0.000e+00  0.000e+00  0.000e+00  0.000e+00  0.000e+00  0.000e+00  0.000e+00  0.000e+00  0.000e+00  0.000e+00  0.000e+00 
  0.000e+00  0.000e+00  0.000e+00  0.000e+00  0.000e+00  0.000e+00  0.000e+00  0.000e+00  0.000e+00  0.000e+00  0.000e+00  0.000e+00  0.000e+00  1.600e-01 
  0.000e+00  0.000e+00  0.000e+00  0.000e+00  0.000e+00  0.000e+00  0.000e+00  0.000e+00  0.000e+00  0.000e+00  0.000e+00 
  0.000e+00  0.000e+00  0.000e+00  0.000e+00  0.000e+00  0.000e+00  0.000e+00  0.000e+00  0.000e+00  0.000e+00  0.000e+00  0.000e+00  0.000e+00  0.000e+00  2.400e+03 
  0.000e+00  0.000e+00  0.000e+00  0.000e+00  0.000e+00  0.000e+00  0.000e+00  0.000e+00  0.000e+00  0.000e+00  0.000e+00 
  0.000e+00  0.000e+00  0.000e+00  0.000e+00  0.000e+00  0.000e+00  0.000e+00  0.000e+00  0.000e+00  0.000e+00  0.000e+00  0.000e+00  0.000e+00  0.000e+00  0.000e+00  3.940e+00 
ERR MATRIX APPROXIMATE
 PARAMETER  CORRELATION COEFFICIENTS  
       NO.  GLOBAL      1      2      3      4      5      6      7      8      9     10     11     12     13     14     15     16
        1  0.00000   1.000  0.000  0.000  0.000  0.000  0.000  0.000  0.000  0.000  0.000  0.000  0.000  0.000  0.000  0.000  0.000
        2  0.00000   0.000  1.000  0.000  0.000  0.000  0.000  0.000  0.000  0.000  0.000  0.000  0.000  0.000  0.000  0.000  0.000
        3  0.00000   0.000  0.000  1.000  0.000  0.000  0.000  0.000  0.000  0.000  0.000  0.000  0.000  0.000  0.000  0.000  0.000
        4  0.00000   0.000  0.000  0.000  1.000  0.000  0.000  0.000  0.000  0.000  0.000  0.000  0.000  0.000  0.000  0.000  0.000
        5  0.00000   0.000  0.000  0.000  0.000  1.000  0.000  0.000  0.000  0.000  0.000  0.000  0.000  0.000  0.000  0.000  0.000
        6  0.00000   0.000  0.000  0.000  0.000  0.000  1.000  0.000  0.000  0.000  0.000  0.000  0.000  0.000  0.000  0.000  0.000
        7  0.00000   0.000  0.000  0.000  0.000  0.000  0.000  1.000  0.000  0.000  0.000  0.000  0.000  0.000  0.000  0.000  0.000
        8  0.00000   0.000  0.000  0.000  0.000  0.000  0.000  0.000  1.000  0.000  0.000  0.000  0.000  0.000  0.000  0.000  0.000
        9  0.00000   0.000  0.000  0.000  0.000  0.000  0.000  0.000  0.000  1.000  0.000  0.000  0.000  0.000  0.000  0.000  0.000
       10  0.00000   0.000  0.000  0.000  0.000  0.000  0.000  0.000  0.000  0.000  1.000  0.000  0.000  0.000  0.000  0.000  0.000
       11  0.00000   0.000  0.000  0.000  0.000  0.000  0.000  0.000  0.000  0.000  0.000  1.000  0.000  0.000  0.000  0.000  0.000
       12  0.00000   0.000  0.000  0.000  0.000  0.000  0.000  0.000  0.000  0.000  0.000  0.000  1.000  0.000  0.000  0.000  0.000
       13  0.00000   0.000  0.000  0.000  0.000  0.000  0.000  0.000  0.000  0.000  0.000  0.000  0.000  1.000  0.000  0.000  0.000
       14  0.00000   0.000  0.000  0.000  0.000  0.000  0.000  0.000  0.000  0.000  0.000  0.000  0.000  0.000  1.000  0.000  0.000
       15  0.00000   0.000  0.000  0.000  0.000  0.000  0.000  0.000  0.000  0.000  0.000  0.000  0.000  0.000  0.000  1.000  0.000
       16  0.00000   0.000  0.000  0.000  0.000  0.000  0.000  0.000  0.000  0.000  0.000  0.000  0.000  0.000  0.000  0.000  1.000
 ERR MATRIX APPROXIMATE
[#1] INFO:Minization -- RooMinuit::optimizeConst: deactivating const optimization
[#1] INFO:Plotting -- RooTreeData::plotOn: plotting 0 events out of 0 total events
[#1] INFO:Plotting -- RooSimultaneous::plotOn(simPdf) plot on x represents a slice in the index category (sample)
[#0] WARNING:Contents -- Roo1DTable::getFrac: WARNING table empty, returning 0
[#1] INFO:Plotting -- RooAbsReal::plotOn(myModel) slice variable sample was not projected anyway
[#1] INFO:Plotting -- RooSimultaneous::plotOn(simPdf) plot on x represents a slice in the index category (sample)
[#0] WARNING:Contents -- Roo1DTable::getFrac: WARNING table empty, returning 0
[#1] INFO:Plotting -- RooAbsPdf::plotOn(myModel) directly selected PDF components: (px)
[#1] INFO:Plotting -- RooAbsPdf::plotOn(myModel) indirectly selected PDF components: ()
[#1] INFO:Plotting -- RooAbsReal::plotOn(myModel) slice variable sample was not projected anyway
[#1] INFO:Plotting -- RooTreeData::plotOn: plotting 0 events out of 0 total events
[#1] INFO:Plotting -- RooSimultaneous::plotOn(simPdf) plot on x represents a slice in the index category (sample)
[#0] WARNING:Contents -- Roo1DTable::getFrac: WARNING table empty, returning 0
[#1] INFO:Plotting -- RooAbsReal::plotOn(myModel_fail) slice variable sample was not projected anyway
[#1] INFO:Plotting -- RooSimultaneous::plotOn(simPdf) plot on x represents a slice in the index category (sample)
[#0] WARNING:Contents -- Roo1DTable::getFrac: WARNING table empty, returning 0
[#1] INFO:Plotting -- RooAbsPdf::plotOn(myModel_fail) directly selected PDF components: (px_fail)
[#1] INFO:Plotting -- RooAbsPdf::plotOn(myModel_fail) indirectly selected PDF components: ()
[#1] INFO:Plotting -- RooAbsReal::plotOn(myModel_fail) slice variable sample was not projected anyway
efficiency(pt>75): -nan
[#1] INFO:Minization -- RooMinuit::optimizeConst: activating const optimization
RooAbsTestStatistic::initSimMode: creating slave calculator #0 for state pass (5600 dataset entries)
RooAbsTestStatistic::initSimMode: creating slave calculator #1 for state fail (27830 dataset entries)
[#1] INFO:Fitting -- RooAbsTestStatistic::initSimMode: created 2 slave calculators.
[#1] INFO:Minization --  The following expressions will be evaluated in cache-and-track mode: (gx,px)
[#1] INFO:Minization --  The following expressions will be evaluated in cache-and-track mode: (gx_fail,px_fail)
 **********
 **   13 **MIGRAD        8000           1
 **********
 FIRST CALL TO USER FUNCTION AT NEW START POINT, WITH IFLAG=4.
 START MIGRAD MINIMIZATION.  STRATEGY  1.  CONVERGENCE WHEN EDM .LT. 1.00e-03
 FCN=155615 FROM MIGRAD    STATUS=INITIATE      337 CALLS         338 TOTAL
                     EDM= unknown      STRATEGY= 1      NO ERROR MATRIX       
  EXT PARAMETER               CURRENT GUESS       STEP         FIRST   
  NO.   NAME      VALUE            ERROR          SIZE      DERIVATIVE 
   1  a0           5.13931e-03   2.78740e-01   0.00000e+00  -1.14912e+02
   2  a0_fail      1.24378e-03   2.52441e-01   0.00000e+00  -1.32586e+02
   3  a1           4.00000e-03   2.28010e-01   0.00000e+00   2.51466e+01
   4  a1_fail      4.00000e-03   2.28010e-01   0.00000e+00   1.46598e+04
   5  a2           2.49251e-01   2.28010e-01   0.00000e+00   2.72256e+01
   6  a2_fail      4.00000e-03   2.28010e-01   0.00000e+00   1.64967e+04
   7  a3           9.16296e-01   2.28010e-01   0.00000e+00   1.76862e-01
   8  a3_fail      4.00000e-03   2.28010e-01   0.00000e+00   9.31711e+03
   9  a4           4.00000e-03   2.28010e-01   0.00000e+00   2.82518e+01
  10  a4_fail      4.00000e-03   2.28010e-01   0.00000e+00  -8.08942e+03
  11  a5           4.00000e-03   2.28010e-01   0.00000e+00  -1.83954e+02
  12  a5_fail      4.00000e-03   2.28010e-01   0.00000e+00  -3.24581e+04
  13  f            2.00000e-01   3.36588e-01   0.00000e+00  -2.35365e+03
  14  f_fail       2.00000e-01   3.36588e-01   0.00000e+00   5.18325e+03
  15  mean         9.13622e+01   4.12235e+01   0.00000e+00   2.46761e+03
  16  sigma        2.36149e+00   4.48205e+00   4.86850e-01  -2.65790e+02
                               ERR DEF= 0.5
 MIGRAD MINIMIZATION HAS CONVERGED.
 FCN=151876 FROM MIGRAD    STATUS=CONVERGED    1293 CALLS        1294 TOTAL
                     EDM=9.22857e-05    STRATEGY= 1  ERROR MATRIX UNCERTAINTY   5.1 per cent
  EXT PARAMETER                                   STEP         FIRST   
  NO.   NAME      VALUE            ERROR          SIZE      DERIVATIVE 
   1  a0           3.33691e-02   5.48088e-03   4.26481e-04   5.52536e-02
   2  a0_fail      2.21386e-03   1.19968e-04  -1.78022e-05   3.50980e+00
   3  a1           3.55116e-07   1.21677e-03  -5.98109e-04   2.74343e-02
   4  a1_fail      1.08971e-03   2.16302e-04   3.67611e-05  -2.46280e+00
   5  a2           1.26741e-01   2.68387e-02  -2.08058e-04   1.36361e-02
   6  a2_fail      5.27282e-03   3.67640e-04  -3.02890e-06   1.36636e+00
   7  a3           3.03389e-01   5.65344e-02   6.88488e-04   4.38126e-02
   8  a3_fail      2.16522e-09   1.56325e-04  -5.72015e-04** at limit **
   9  a4           1.09152e-09   7.17916e-03   4.74822e-05** at limit **
  10  a4_fail      5.63559e-03   2.48215e-04   2.00816e-05   1.61166e+00
  11  a5           5.19340e-02   6.22130e-03  -5.44140e-05  -9.93087e-02
  12  a5_fail      7.02025e-03   1.90015e-04   2.90744e-05   2.61978e-01
  13  f            7.82894e-01   8.41828e-03   1.18567e-04  -1.65040e-01
  14  f_fail       9.46398e-02   3.71738e-03   2.10875e-04   9.21454e-01
  15  mean         9.11952e+01   4.40916e-02  -2.01225e-06   2.57419e-01
  16  sigma        2.74207e+00   4.29136e-02   4.10228e-05  -1.18515e-01
                               ERR DEF= 0.5
 EXTERNAL ERROR MATRIX.    NDIM=  34    NPAR= 16    ERR DEF=0.5
 ELEMENTS ABOVE DIAGONAL ARE NOT PRINTED.
  3.005e-05 
 -1.608e-07  1.439e-08 
 -3.951e-08  8.905e-10  1.729e-09 
 -1.869e-07  1.948e-08  1.204e-09  4.679e-08 
  4.867e-06 -6.106e-07 -1.879e-07 -1.460e-06  7.219e-04 
  4.194e-07 -3.172e-08 -2.222e-09 -6.635e-08  2.503e-06  1.352e-07 
 -1.756e-04  1.768e-06 -9.271e-08  3.570e-06 -3.909e-04 -6.120e-06  3.212e-03 
 -2.121e-09  6.229e-11  9.416e-12  4.076e-11 -4.126e-09 -1.831e-10  1.309e-08  1.354e-12 
  1.800e-09 -1.913e-12 -5.760e-11  7.623e-12  1.234e-08 -3.365e-12 -3.381e-08 -2.333e-13  3.142e-11 
  6.473e-08 -9.214e-09  3.450e-10  2.800e-09 -7.589e-08  1.168e-08 -3.998e-07 -1.134e-10 -9.917e-12  6.161e-08 
  4.058e-06 -2.575e-07 -3.023e-08 -5.148e-07  7.376e-05  8.951e-07 -1.258e-04 -2.057e-09  6.638e-09  7.340e-08  3.871e-05 
  3.193e-07 -1.281e-08 -1.681e-09 -1.853e-08  1.074e-06  4.715e-08 -2.742e-06 -1.523e-10  3.326e-11  3.602e-09  4.296e-07 
  3.193e-07 -1.281e-08 -1.681e-09 -1.853e-08  1.074e-06  4.715e-08 -2.742e-06 -1.523e-10  3.326e-11  3.602e-09  4.296e-07  3.611e-08 
  1.222e-06  5.314e-08  4.275e-09  1.719e-07 -2.745e-05 -2.540e-07  1.166e-04 -3.299e-10 -1.153e-09 -1.712e-08  3.942e-06 
  1.222e-06  5.314e-08  4.275e-09  1.719e-07 -2.745e-05 -2.540e-07  1.166e-04 -3.299e-10 -1.153e-09 -1.712e-08  3.942e-06 -2.497e-08  7.088e-05 
 -1.549e-06  1.582e-07  9.855e-09  4.848e-07 -1.456e-05 -8.242e-07  3.199e-05 -8.538e-11  3.441e-10 -5.534e-08 -4.335e-06 
 -1.549e-06  1.582e-07  9.855e-09  4.848e-07 -1.456e-05 -8.242e-07  3.199e-05 -8.538e-11  3.441e-10 -5.534e-08 -4.335e-06 -1.337e-07  3.701e-06  1.382e-05 
 -9.012e-06 -8.869e-08  2.478e-08 -4.486e-07  1.513e-04  1.073e-06  1.519e-04  8.893e-11  2.296e-09 -4.587e-07  9.476e-06 
 -9.012e-06 -8.869e-08  2.478e-08 -4.486e-07  1.513e-04  1.073e-06  1.519e-04  8.893e-11  2.296e-09 -4.587e-07  9.476e-06  2.420e-07  1.110e-06 -1.006e-05  1.944e-03 
 -7.910e-06  5.480e-07  2.159e-08  1.847e-06 -1.750e-04 -3.256e-06  5.778e-04 -4.698e-10 -6.641e-11 -1.397e-07 -1.045e-05 
 -7.910e-06  5.480e-07  2.159e-08  1.847e-06 -1.750e-04 -3.256e-06  5.778e-04 -4.698e-10 -6.641e-11 -1.397e-07 -1.045e-05 -5.725e-07  1.587e-04  4.657e-05 -8.160e-05  1.842e-03 
 PARAMETER  CORRELATION COEFFICIENTS  
       NO.  GLOBAL      1      2      3      4      5      6      7      8      9     10     11     12     13     14     15     16
        1  0.68994   1.000 -0.245 -0.173 -0.158  0.033  0.208 -0.565 -0.333  0.059  0.048  0.119  0.307  0.026 -0.076 -0.037 -0.034
        2  0.87102  -0.245  1.000  0.179  0.751 -0.189 -0.719  0.260  0.446 -0.003 -0.309 -0.345 -0.562  0.053  0.355 -0.017  0.106
        3  0.46175  -0.173  0.179  1.000  0.134 -0.168 -0.145 -0.039  0.195 -0.247  0.033 -0.117 -0.213  0.012  0.064  0.014  0.012
        4  0.92858  -0.158  0.751  0.134  1.000 -0.251 -0.834  0.291  0.162  0.006  0.052 -0.383 -0.451  0.094  0.603 -0.047  0.199
        5  0.52059   0.033 -0.189 -0.168 -0.251  1.000  0.253 -0.257 -0.132  0.082 -0.011  0.441  0.210 -0.121 -0.146  0.128 -0.152
        6  0.92454   0.208 -0.719 -0.145 -0.834  0.253  1.000 -0.294 -0.428 -0.002  0.128  0.391  0.675 -0.082 -0.603  0.066 -0.206
        7  0.74110  -0.565  0.260 -0.039  0.291 -0.257 -0.294  1.000  0.199 -0.106 -0.028 -0.357 -0.255  0.244  0.152  0.061  0.238
        8  0.81010  -0.333  0.446  0.195  0.162 -0.132 -0.428  0.199  1.000 -0.036 -0.393 -0.284 -0.689 -0.034 -0.020  0.002 -0.009
        9  0.33853   0.059 -0.003 -0.247  0.006  0.082 -0.002 -0.106 -0.036  1.000 -0.007  0.190  0.031 -0.024  0.017  0.009 -0.000
       10  0.68166   0.048 -0.309  0.033  0.052 -0.011  0.128 -0.028 -0.393 -0.007  1.000  0.048  0.076 -0.008 -0.060 -0.042 -0.013
       11  0.64355   0.119 -0.345 -0.117 -0.383  0.441  0.391 -0.357 -0.284  0.190  0.048  1.000  0.363  0.075 -0.187  0.035 -0.039
       12  0.84595   0.307 -0.562 -0.213 -0.451  0.210  0.675 -0.255 -0.689  0.031  0.076  0.363  1.000 -0.016 -0.189  0.029 -0.070
       13  0.52870   0.026  0.053  0.012  0.094 -0.121 -0.082  0.244 -0.034 -0.024 -0.008  0.075 -0.016  1.000  0.118  0.003  0.439
       14  0.72835  -0.076  0.355  0.064  0.603 -0.146 -0.603  0.152 -0.020  0.017 -0.060 -0.187 -0.189  0.118  1.000 -0.061  0.292
       15  0.19842  -0.037 -0.017  0.014 -0.047  0.128  0.066  0.061  0.002  0.009 -0.042  0.035  0.029  0.003 -0.061  1.000 -0.043
       16  0.51937  -0.034  0.106  0.012  0.199 -0.152 -0.206  0.238 -0.009 -0.000 -0.013 -0.039 -0.070  0.439  0.292 -0.043  1.000
 **********
 **   18 **HESSE        8000
 **********
 EIGENVALUES OF SECOND-DERIVATIVE MATRIX:
        -2.7147e-02 -2.9208e-03  7.8864e-02  4.2592e-01  5.6137e-01  5.8403e-01  6.7231e-01  8.6151e-01  8.6984e-01  9.8464e-01  1.0136e+00  1.3553e+00  1.6936e+00  1.8298e+00  1.9290e+00  3.1702e+00
 MINUIT WARNING IN HESSE   
 ============== MATRIX FORCED POS-DEF BY ADDING 0.030317 TO DIAGONAL.
 FCN=151876 FROM HESSE     STATUS=NOT POSDEF    203 CALLS        1497 TOTAL
                     EDM=0.000365247    STRATEGY= 1      ERR MATRIX NOT POS-DEF
  EXT PARAMETER                APPROXIMATE     INTERNAL      INTERNAL  
  NO.   NAME      VALUE            ERROR       STEP SIZE       VALUE   
   1  a0           3.33691e-02   4.59730e-02   8.10326e-03  -1.20339e+00
   2  a0_fail      2.21386e-03   1.83608e-04   3.64481e-04  -1.66493e+00
   3  a1           3.55116e-07   1.32406e-02   5.87172e-02  -1.56960e+00
   4  a1_fail      1.08971e-03   2.72923e-04   8.44712e-04  -1.50476e+00
   5  a2           1.26741e-01   1.66804e-01   2.11888e-02  -8.42814e-01
   6  a2_fail      5.27282e-03   4.54318e-04   5.23333e-04  -1.42544e+00
   7  a3           3.03389e-01   3.66305e-01   2.45616e-02  -2.73746e+00
   8  a3_fail      2.16522e-09   2.03630e-04   7.48121e-03  -1.57070e+00
                                 WARNING -   - ABOVE PARAMETER IS AT LIMIT.
   9  a4           1.09152e-09   7.71414e-03   4.68060e-02  -1.57073e+00
                                 WARNING -   - ABOVE PARAMETER IS AT LIMIT.
  10  a4_fail      5.63559e-03   5.17607e-04   7.02931e-04  -1.42051e+00
  11  a5           5.19340e-02   6.98269e-02   8.72805e-03  -1.11098e+00
  12  a5_fail      7.02025e-03   5.67613e-04   4.61476e-04  -1.40303e+00
  13  f            7.82894e-01   8.43911e-03   4.78843e-03   6.01390e-01
  14  f_fail       9.46398e-02   3.58293e-03   2.73736e-03  -9.45382e-01
  15  mean         9.11952e+01   4.35867e-02   2.37602e-04  -1.77019e-01
  16  sigma        2.74207e+00   4.21630e-02   1.47084e-03  -8.24878e-01
                               ERR DEF= 0.5
 EXTERNAL ERROR MATRIX.    NDIM=  34    NPAR= 16    ERR DEF=0.5
 ELEMENTS ABOVE DIAGONAL ARE NOT PRINTED.
  2.161e-03 
 -1.580e-09  3.371e-08 
  1.868e-06 -4.816e-12  1.889e-08 
 -9.267e-09 -7.426e-09  6.872e-11  7.449e-08 
  7.935e-03  3.100e-09  6.734e-06 -1.616e-07  3.053e-02 
  4.328e-09 -7.034e-08 -8.546e-11 -3.391e-09  1.744e-07  2.064e-07 
 -1.955e-02  8.112e-09 -1.825e-05  3.614e-07 -7.262e-02 -3.416e-07  1.797e-01 
  2.017e-11 -7.341e-12 -9.103e-15  2.069e-11  9.131e-11 -2.461e-11 -3.320e-10  1.764e-12 
  4.973e-08 -8.192e-14  4.500e-11  1.937e-12  1.937e-07 -2.236e-12 -4.404e-07 -7.141e-16  3.377e-11 
  2.341e-08 -7.346e-08  6.904e-11  8.406e-08 -4.164e-08  1.491e-07 -1.276e-07 -1.780e-11  1.156e-12  2.679e-07 
  3.262e-03 -1.764e-09  3.002e-06 -1.325e-08  1.226e-02  7.791e-09 -2.981e-02  2.463e-11  7.427e-08  2.619e-08  5.046e-03 
 -1.368e-08 -8.897e-08  3.735e-11  7.343e-08 -1.197e-07  2.081e-07  3.261e-07  3.991e-11  1.262e-12  2.446e-07 -1.764e-08 
 -1.368e-08 -8.897e-08  3.735e-11  7.343e-08 -1.197e-07  2.081e-07  3.261e-07  3.991e-11  1.262e-12  2.446e-07 -1.764e-08  3.222e-07 
 -1.262e-05 -2.800e-09  1.984e-08  9.898e-08 -7.621e-05 -1.097e-07  2.403e-04 -4.825e-11  8.292e-10  3.874e-08 -1.556e-05 
 -1.262e-05 -2.800e-09  1.984e-08  9.898e-08 -7.621e-05 -1.097e-07  2.403e-04 -4.825e-11  8.292e-10  3.874e-08 -1.556e-05  6.983e-08  7.123e-05 
 -6.677e-07 -1.423e-09  1.985e-09  3.316e-07 -6.144e-06 -3.415e-07  1.644e-05 -1.717e-10  6.562e-11  1.489e-07 -8.658e-07 
 -6.677e-07 -1.423e-09  1.985e-09  3.316e-07 -6.144e-06 -3.415e-07  1.644e-05 -1.717e-10  6.562e-11  1.489e-07 -8.658e-07  2.115e-07  3.601e-06  1.284e-05 
 -6.906e-05  6.462e-08 -1.046e-07 -4.674e-07 -6.080e-05  6.841e-07  6.970e-04 -2.087e-10 -9.417e-10 -9.370e-07 -8.025e-05 
 -6.906e-05  6.462e-08 -1.046e-07 -4.674e-07 -6.080e-05  6.841e-07  6.970e-04 -2.087e-10 -9.417e-10 -9.370e-07 -8.025e-05 -1.307e-07  3.567e-06 -7.789e-06  1.900e-03 
 -3.979e-05 -3.444e-08  6.922e-08  1.144e-06 -2.752e-04 -1.276e-06  8.208e-04 -5.403e-10  2.687e-09  4.782e-07 -5.013e-05 
 -3.979e-05 -3.444e-08  6.922e-08  1.144e-06 -2.752e-04 -1.276e-06  8.208e-04 -5.403e-10  2.687e-09  4.782e-07 -5.013e-05  7.993e-07  1.562e-04  4.126e-05 -3.576e-05  1.778e-03 
ERR MATRIX NOT POS-DEF
 PARAMETER  CORRELATION COEFFICIENTS  
       NO.  GLOBAL      1      2      3      4      5      6      7      8      9     10     11     12     13     14     15     16
        1  0.99341   1.000 -0.000  0.292 -0.001  0.977  0.000 -0.992  0.000  0.184  0.001  0.988 -0.001 -0.032 -0.004 -0.034 -0.020
        2  0.93984  -0.000  1.000 -0.000 -0.148  0.000 -0.843  0.000 -0.030 -0.000 -0.773 -0.000 -0.854 -0.002 -0.002  0.008 -0.004
        3  0.38938   0.292 -0.000  1.000  0.002  0.280 -0.001 -0.313 -0.000  0.056  0.001  0.307  0.000  0.017  0.004 -0.017  0.012
        4  0.92754  -0.001 -0.148  0.002  1.000 -0.003 -0.027  0.003  0.057  0.001  0.595 -0.001  0.474  0.043  0.339 -0.039  0.099
        5  0.98904   0.977  0.000  0.280 -0.003  1.000  0.002 -0.981  0.000  0.191 -0.000  0.988 -0.001 -0.052 -0.010 -0.008 -0.037
        6  0.95220   0.000 -0.843 -0.001 -0.027  0.002  1.000 -0.002 -0.041 -0.001  0.634  0.000  0.807 -0.029 -0.210  0.035 -0.067
        7  0.99525  -0.992  0.000 -0.313  0.003 -0.981 -0.002  1.000 -0.001 -0.179 -0.001 -0.990  0.001  0.067  0.011  0.038  0.046
        8  0.28011   0.000 -0.030 -0.000  0.057  0.000 -0.041 -0.001  1.000 -0.000 -0.026  0.000  0.053 -0.004 -0.036 -0.004 -0.010
        9  0.20911   0.184 -0.000  0.056  0.001  0.191 -0.001 -0.179 -0.000  1.000  0.000  0.180  0.000  0.017  0.003 -0.004  0.011
       10  0.92815   0.001 -0.773  0.001  0.595 -0.000  0.634 -0.001 -0.026  0.000  1.000  0.001  0.833  0.009  0.080 -0.042  0.022
       11  0.99501   0.988 -0.000  0.307 -0.001  0.988  0.000 -0.990  0.000  0.180  0.001  1.000 -0.000 -0.026 -0.003 -0.026 -0.017
       12  0.96862  -0.001 -0.854  0.000  0.474 -0.001  0.807  0.001  0.053  0.000  0.833 -0.000  1.000  0.015  0.104 -0.005  0.033
       13  0.51651  -0.032 -0.002  0.017  0.043 -0.052 -0.029  0.067 -0.004  0.017  0.009 -0.026  0.015  1.000  0.119  0.010  0.439
       14  0.57451  -0.004 -0.002  0.004  0.339 -0.010 -0.210  0.011 -0.036  0.003  0.080 -0.003  0.104  0.119  1.000 -0.050  0.273
       15  0.18776  -0.034  0.008 -0.017 -0.039 -0.008  0.035  0.038 -0.004 -0.004 -0.042 -0.026 -0.005  0.010 -0.050  1.000 -0.019
       16  0.50636  -0.020 -0.004  0.012  0.099 -0.037 -0.067  0.046 -0.010  0.011  0.022 -0.017  0.033  0.439  0.273 -0.019  1.000
 ERR MATRIX NOT POS-DEF
[#1] INFO:Minization -- RooMinuit::optimizeConst: deactivating const optimization
[#1] INFO:Plotting -- RooTreeData::plotOn: plotting 5600 events out of 33430 total events
[#1] INFO:Plotting -- RooSimultaneous::plotOn(simPdf) plot on x represents a slice in the index category (sample)
[#1] INFO:Plotting -- RooAbsReal::plotOn(myModel) slice variable sample was not projected anyway
[#1] INFO:Plotting -- RooSimultaneous::plotOn(simPdf) plot on x represents a slice in the index category (sample)
[#1] INFO:Plotting -- RooAbsPdf::plotOn(myModel) directly selected PDF components: (px)
[#1] INFO:Plotting -- RooAbsPdf::plotOn(myModel) indirectly selected PDF components: ()
[#1] INFO:Plotting -- RooAbsReal::plotOn(myModel) slice variable sample was not projected anyway
[#1] INFO:Plotting -- RooTreeData::plotOn: plotting 27830 events out of 33430 total events
[#1] INFO:Plotting -- RooSimultaneous::plotOn(simPdf) plot on x represents a slice in the index category (sample)
[#1] INFO:Plotting -- RooAbsReal::plotOn(myModel_fail) slice variable sample was not projected anyway
[#1] INFO:Plotting -- RooSimultaneous::plotOn(simPdf) plot on x represents a slice in the index category (sample)
[#1] INFO:Plotting -- RooAbsPdf::plotOn(myModel_fail) directly selected PDF components: (px_fail)
[#1] INFO:Plotting -- RooAbsPdf::plotOn(myModel_fail) indirectly selected PDF components: ()
[#1] INFO:Plotting -- RooAbsReal::plotOn(myModel_fail) slice variable sample was not projected anyway
efficiency(pt>100): 0.624706
[#1] INFO:Minization -- RooMinuit::optimizeConst: activating const optimization
RooAbsTestStatistic::initSimMode: creating slave calculator #0 for state pass (1907 dataset entries)
RooAbsTestStatistic::initSimMode: creating slave calculator #1 for state fail (14651 dataset entries)
[#1] INFO:Fitting -- RooAbsTestStatistic::initSimMode: created 2 slave calculators.
[#1] INFO:Minization --  The following expressions will be evaluated in cache-and-track mode: (gx,px)
[#1] INFO:Minization --  The following expressions will be evaluated in cache-and-track mode: (gx_fail,px_fail)
 **********
 **   13 **MIGRAD        8000           1
 **********
 FIRST CALL TO USER FUNCTION AT NEW START POINT, WITH IFLAG=4.
 MINUIT WARNING IN MIGrad    
 ============== VARIABLE8 IS AT ITS LOWER ALLOWED LIMIT.
 MINUIT WARNING IN MIGrad    
 ============== VARIABLE9 IS AT ITS LOWER ALLOWED LIMIT.
 START MIGRAD MINIMIZATION.  STRATEGY  1.  CONVERGENCE WHEN EDM .LT. 1.00e-03
 FCN=76842.9 FROM MIGRAD    STATUS=INITIATE      180 CALLS         181 TOTAL
                     EDM= unknown      STRATEGY= 1      NO ERROR MATRIX       
  EXT PARAMETER               CURRENT GUESS       STEP         FIRST   
  NO.   NAME      VALUE            ERROR          SIZE      DERIVATIVE 
   1  a0           3.33691e-02   4.59730e-02   0.00000e+00  -4.52184e+00
   2  a0_fail      2.21386e-03   1.83608e-04   0.00000e+00  -3.64813e+03
   3  a1           6.83012e-02   1.32406e-02   0.00000e+00   5.23301e-01
   4  a1_fail      6.31783e-03   2.72923e-04   0.00000e+00  -5.85431e+02
   5  a2           1.26741e-01   1.66804e-01   0.00000e+00  -4.00148e+00
   6  a2_fail      5.27282e-03   4.54318e-04   0.00000e+00  -1.91037e+02
   7  a3           3.03389e-01   3.66305e-01   0.00000e+00  -2.67065e+00
   8  a3_fail      2.96761e-03   2.03630e-04   1.07052e-01  -1.49565e+02
   9  a4           9.53674e-07   7.71414e-03   0.00000e+00   4.52650e-02
  10  a4_fail      5.63559e-03   5.17607e-04   0.00000e+00   6.15039e+02
  11  a5           5.19340e-02   6.98269e-02   0.00000e+00   1.69853e+01
  12  a5_fail      7.02025e-03   5.67613e-04   0.00000e+00   2.31077e+03
  13  f            7.82894e-01   8.43911e-03   0.00000e+00  -5.09593e+01
  14  f_fail       9.46398e-02   3.58293e-03   0.00000e+00  -1.16430e+02
  15  mean         9.11952e+01   4.35867e-02   0.00000e+00  -1.35661e+03
  16  sigma        2.74207e+00   4.21630e-02   0.00000e+00   1.21963e+02
                               ERR DEF= 0.5
 MIGRAD MINIMIZATION HAS CONVERGED.
 MIGRAD WILL VERIFY CONVERGENCE AND ERROR MATRIX.
 EIGENVALUES OF SECOND-DERIVATIVE MATRIX:
        -1.5759e-02 -8.0783e-03  2.6106e-02  1.2631e-01  4.2562e-01  5.8682e-01  6.3294e-01  7.4182e-01  7.8558e-01  9.7389e-01  1.0239e+00  1.3714e+00  1.7349e+00  2.0532e+00  2.3648e+00  3.1766e+00
 MINUIT WARNING IN HESSE   
 ============== MATRIX FORCED POS-DEF BY ADDING 0.018936 TO DIAGONAL.
 FCN=76764.9 FROM MIGRAD    STATUS=CONVERGED    1086 CALLS        1087 TOTAL
                     EDM=5.44195e-05    STRATEGY= 1      ERR MATRIX NOT POS-DEF
  EXT PARAMETER                APPROXIMATE        STEP         FIRST   
  NO.   NAME      VALUE            ERROR          SIZE      DERIVATIVE 
   1  a0           6.52602e-02   1.44760e-01   1.33254e-02  -7.88100e-03
   2  a0_fail      4.64753e-03   8.30607e-04   4.56130e-04   2.28920e-02
   3  a1           3.64942e-07   1.18330e-01   1.11493e-01  -2.68116e-03
   4  a1_fail      2.57767e-03   9.50256e-04   1.03321e-03  -2.30581e-01
   5  a2           3.24973e-01   6.37813e-01   3.68579e-02   1.18273e-02
   6  a2_fail      8.79992e-03   1.67009e-03   7.63291e-04  -1.56658e-01
   7  a3           3.38437e-01   6.41053e-01   3.58707e-02  -1.22120e-02
   8  a3_fail      3.60301e-03   1.51995e-03   1.27950e-03  -2.14697e-01
   9  a4           5.82812e-12   3.02723e-02   6.48248e-02** at limit **
  10  a4_fail      5.35518e-03   1.17284e-03   8.59366e-04   4.17700e-02
  11  a5           5.69353e-02   1.28688e-01   1.27418e-02   1.04648e-02
  12  a5_fail      6.80663e-03   1.28192e-03   4.85852e-04   4.20066e-01
  13  f            7.89791e-01   1.41040e-02   5.74905e-03  -3.45760e-02
  14  f_fail       8.74150e-02   5.63656e-03   2.91892e-03  -1.93764e-01
  15  mean         9.13580e+01   7.12817e-02   2.73671e-04   4.37289e-01
  16  sigma        2.63924e+00   6.98045e-02   1.70598e-03   1.07791e-01
                               ERR DEF= 0.5
 EXTERNAL ERROR MATRIX.    NDIM=  34    NPAR= 16    ERR DEF=0.5
 ELEMENTS ABOVE DIAGONAL ARE NOT PRINTED.
  2.392e-02 
 -1.152e-09  6.899e-07 
  2.448e-05  6.550e-11  1.800e-07 
  9.125e-07  4.432e-07  2.106e-09  9.031e-07 
  1.187e-01 -2.215e-07  1.217e-04  3.071e-06  6.054e-01 
 -3.650e-07  1.129e-06 -9.891e-10  2.795e-07 -7.591e-07  2.789e-06 
  1.249e-01  1.032e-07  1.406e-04  3.961e-06  6.248e-01 -1.817e-06  6.632e-01 
 -2.078e-06  6.982e-07 -3.941e-09  1.021e-06 -9.724e-06  1.616e-07 -7.664e-06  2.311e-06 
  3.629e-08 -4.291e-14  3.961e-11  1.849e-12  1.856e-07 -6.522e-13  1.854e-07 -4.721e-12  7.130e-13 
  1.517e-06  7.295e-07  3.207e-09  5.035e-07  6.046e-06  1.581e-06  6.119e-06  6.252e-08  3.250e-12  1.376e-06 
  2.083e-02 -1.821e-08  2.287e-05  7.661e-07  1.052e-01 -2.693e-07  1.096e-01 -1.961e-06  3.121e-08  1.348e-06  1.861e-02 
  3.441e-08  9.997e-07  1.959e-10  8.820e-07 -2.563e-07  1.514e-06  3.343e-07  1.339e-06  3.719e-16  9.763e-07 -5.810e-10 
  3.441e-08  9.997e-07  1.959e-10  8.820e-07 -2.563e-07  1.514e-06  3.343e-07  1.339e-06  3.719e-16  9.763e-07 -5.810e-10  1.643e-06 
  2.942e-04 -2.742e-09  6.515e-07  3.298e-07  1.223e-03 -1.269e-07  1.134e-03 -7.804e-07  6.837e-10  5.585e-07  2.678e-04 
  2.942e-04 -2.742e-09  6.515e-07  3.298e-07  1.223e-03 -1.269e-07  1.134e-03 -7.804e-07  6.837e-10  5.585e-07  2.678e-04  8.461e-09  1.990e-04 
  3.389e-05 -2.755e-08  7.087e-08  7.823e-07  1.375e-04 -2.269e-07  1.355e-04 -1.901e-06  7.306e-11  1.407e-06  3.031e-05 
  3.389e-05 -2.755e-08  7.087e-08  7.823e-07  1.375e-04 -2.269e-07  1.355e-04 -1.901e-06  7.306e-11  1.407e-06  3.031e-05 -2.400e-08  1.250e-05  3.177e-05 
 -1.331e-05 -1.265e-06 -2.995e-07 -4.607e-06  8.136e-04  4.582e-06 -4.844e-04 -5.460e-06  1.330e-10 -2.170e-06  5.681e-05 
 -1.331e-05 -1.265e-06 -2.995e-07 -4.607e-06  8.136e-04  4.582e-06 -4.844e-04 -5.460e-06  1.330e-10 -2.170e-06  5.681e-05 -2.347e-06  4.357e-06 -3.406e-05  5.081e-03 
  1.156e-03  2.607e-08  2.365e-06  3.955e-06  4.860e-03 -1.649e-06  4.538e-03 -8.617e-06  2.524e-09  6.441e-06  1.047e-03 
  1.156e-03  2.607e-08  2.365e-06  3.955e-06  4.860e-03 -1.649e-06  4.538e-03 -8.617e-06  2.524e-09  6.441e-06  1.047e-03  2.022e-07  4.283e-04  1.435e-04 -1.803e-04  4.873e-03 
ERR MATRIX NOT POS-DEF
 PARAMETER  CORRELATION COEFFICIENTS  
       NO.  GLOBAL      1      2      3      4      5      6      7      8      9     10     11     12     13     14     15     16
        1  0.99391   1.000 -0.000  0.373  0.006  0.986 -0.001  0.991 -0.009  0.278  0.008  0.987  0.000  0.135  0.039 -0.001  0.107
        2  0.98112  -0.000  1.000  0.000  0.561 -0.000  0.814  0.000  0.553 -0.000  0.749 -0.000  0.939 -0.000 -0.006 -0.021  0.000
        3  0.52430   0.373  0.000  1.000  0.005  0.369 -0.001  0.407 -0.006  0.111  0.006  0.395  0.000  0.109  0.030 -0.010  0.080
        4  0.95835   0.006  0.561  0.005  1.000  0.004  0.176  0.005  0.707  0.002  0.452  0.006  0.724  0.025  0.146 -0.068  0.060
        5  0.99339   0.986 -0.000  0.369  0.004  1.000 -0.001  0.986 -0.008  0.283  0.007  0.991 -0.000  0.111  0.031  0.015  0.089
        6  0.97528  -0.001  0.814 -0.001  0.176 -0.001  1.000 -0.001  0.064 -0.000  0.807 -0.001  0.707 -0.005 -0.024  0.038 -0.014
        7  0.99414   0.991  0.000  0.407  0.005  0.986 -0.001  1.000 -0.006  0.270  0.006  0.986  0.000  0.099  0.030 -0.008  0.080
        8  0.96527  -0.009  0.553 -0.006  0.707 -0.008  0.064 -0.006  1.000 -0.004  0.035 -0.009  0.687 -0.036 -0.222 -0.050 -0.081
        9  0.30207   0.278 -0.000  0.111  0.002  0.283 -0.000  0.270 -0.004  1.000  0.003  0.271  0.000  0.057  0.015  0.002  0.043
       10  0.96091   0.008  0.749  0.006  0.452  0.007  0.807  0.006  0.035  0.003  1.000  0.008  0.649  0.034  0.213 -0.026  0.079
       11  0.99370   0.987 -0.000  0.395  0.006  0.991 -0.001  0.986 -0.009  0.271  0.008  1.000 -0.000  0.139  0.039  0.006  0.110
       12  0.98690   0.000  0.939  0.000  0.724 -0.000  0.707  0.000  0.687  0.000  0.649 -0.000  1.000  0.000 -0.003 -0.026  0.002
       13  0.51064   0.135 -0.000  0.109  0.025  0.111 -0.005  0.099 -0.036  0.057  0.034  0.139  0.000  1.000  0.157  0.004  0.435
       14  0.65294   0.039 -0.006  0.030  0.146  0.031 -0.024  0.030 -0.222  0.015  0.213  0.039 -0.003  0.157  1.000 -0.085  0.365
       15  0.20364  -0.001 -0.021 -0.010 -0.068  0.015  0.038 -0.008 -0.050  0.002 -0.026  0.006 -0.026  0.004 -0.085  1.000 -0.036
       16  0.54224   0.107  0.000  0.080  0.060  0.089 -0.014  0.080 -0.081  0.043  0.079  0.110  0.002  0.435  0.365 -0.036  1.000
 ERR MATRIX NOT POS-DEF
 **********
 **   18 **HESSE        8000
 **********
 EIGENVALUES OF SECOND-DERIVATIVE MATRIX:
        -4.6737e-02 -2.9763e-04  2.1530e-02  1.2392e-01  3.3794e-01  4.3311e-01  5.8598e-01  6.5564e-01  7.6299e-01  9.9876e-01  1.0223e+00  1.3725e+00  1.7280e+00  2.3658e+00  2.4618e+00  3.1768e+00
 MINUIT WARNING IN HESSE   
 ============== MATRIX FORCED POS-DEF BY ADDING 0.049914 TO DIAGONAL.
 FCN=76764.9 FROM HESSE     STATUS=NOT POSDEF    189 CALLS        1276 TOTAL
                     EDM=0.000189227    STRATEGY= 1      ERR MATRIX NOT POS-DEF
  EXT PARAMETER                APPROXIMATE     INTERNAL      INTERNAL  
  NO.   NAME      VALUE            ERROR       STEP SIZE       VALUE   
   1  a0           6.52602e-02   1.21951e-01   5.33016e-04  -1.05415e+00
   2  a0_fail      4.64753e-03   4.18896e-04   1.82452e-05  -1.43434e+00
   3  a1           3.64942e-07   7.87598e-01   4.54891e-01  -1.57200e+00
   4  a1_fail      2.57767e-03   6.52957e-04   4.13285e-05  -1.46921e+00
   5  a2           3.24973e-01   6.61612e-01   1.47432e-03  -3.57628e-01
   6  a2_fail      8.79992e-03   1.05937e-03   3.05317e-05  -1.38290e+00
   7  a3           3.38437e-01   6.04857e-01   1.43483e-03  -3.29032e-01
   8  a3_fail      3.60301e-03   1.06252e-03   5.11802e-05  -1.45067e+00
   9  a4           5.82812e-12   2.72885e-02   1.29650e-02  -1.57080e+00
                                 WARNING -   - ABOVE PARAMETER IS AT LIMIT.
  10  a4_fail      5.35518e-03   7.78360e-04   3.43746e-05  -1.42431e+00
  11  a5           5.69353e-02   1.30296e-01   5.09670e-04  -1.08893e+00
  12  a5_fail      6.80663e-03   6.22967e-04   1.94341e-05  -1.40560e+00
  13  f            7.89791e-01   1.65229e-02   2.29962e-04   6.18215e-01
  14  f_fail       8.74150e-02   5.45055e-03   1.16757e-04  -9.70503e-01
  15  mean         9.13580e+01   7.03225e-02   5.47342e-05  -1.73712e-01
  16  sigma        2.63924e+00   7.44074e-02   6.82394e-05  -8.40236e-01
                               ERR DEF= 0.5
 EXTERNAL ERROR MATRIX.    NDIM=  34    NPAR= 16    ERR DEF=0.5
 ELEMENTS ABOVE DIAGONAL ARE NOT PRINTED.
  1.627e-02 
 -9.727e-08  1.755e-07 
  1.252e-04 -8.231e-10  1.080e-06 
  2.938e-06  4.037e-08  2.453e-08  4.264e-07 
  7.583e-02 -4.733e-07  5.922e-04  1.294e-05  3.689e-01 
 -2.575e-06  2.839e-07 -2.142e-08 -2.016e-07 -1.100e-05  1.122e-06 
  1.177e-01 -6.601e-07  9.450e-04  2.114e-05  5.557e-01 -1.883e-05  8.739e-01 
 -5.291e-06  1.318e-07 -4.443e-08  3.435e-07 -2.430e-05 -3.862e-07 -3.720e-05  1.129e-06 
  5.751e-09 -4.202e-14  4.594e-11  1.146e-12  2.798e-08 -9.724e-13  4.130e-08 -2.155e-12  6.420e-13 
  3.847e-06  1.592e-07  3.219e-08  1.064e-07  1.722e-05  5.003e-07  2.744e-05 -3.325e-07  1.526e-12  6.059e-07 
  1.735e-02 -1.114e-07  1.387e-04  3.210e-06  8.288e-02 -2.774e-06  1.278e-01 -5.894e-06  6.119e-09  4.234e-06  1.915e-02 
  5.545e-08  2.071e-07  4.542e-10  1.948e-07  2.072e-07  2.956e-07  4.321e-07  3.445e-07  1.828e-14  1.387e-07  5.634e-08 
  5.545e-08  2.071e-07  4.542e-10  1.948e-07  2.072e-07  2.956e-07  4.321e-07  3.445e-07  1.828e-14  1.387e-07  5.634e-08  3.881e-07 
  1.156e-03 -2.052e-08  9.710e-06  4.680e-07  5.242e-03 -3.716e-07  8.243e-03 -9.531e-07  4.658e-10  6.432e-07  1.279e-03 
  1.156e-03 -2.052e-08  9.710e-06  4.680e-07  5.242e-03 -3.716e-07  8.243e-03 -9.531e-07  4.658e-10  6.432e-07  1.279e-03  4.646e-09  2.732e-04 
  1.098e-04 -5.069e-08  9.191e-07  6.820e-07  4.925e-04 -4.271e-07  7.823e-04 -1.507e-06  4.363e-11  1.027e-06  1.210e-04 
  1.098e-04 -5.069e-08  9.191e-07  6.820e-07  4.925e-04 -4.271e-07  7.823e-04 -1.507e-06  4.363e-11  1.027e-06  1.210e-04 -2.836e-08  1.846e-05  2.971e-05 
 -7.251e-04 -2.291e-07 -5.908e-06 -2.580e-06 -2.582e-03  4.690e-06 -5.760e-03 -2.275e-06 -2.262e-10 -1.467e-06 -7.221e-04 
 -7.251e-04 -2.291e-07 -5.908e-06 -2.580e-06 -2.582e-03  4.690e-06 -5.760e-03 -2.275e-06 -2.262e-10 -1.467e-06 -7.221e-04 -3.098e-07 -4.702e-05 -3.554e-05  4.945e-03 
  3.913e-03 -1.711e-07  3.279e-05  3.832e-06  1.768e-02 -3.020e-06  2.776e-02 -7.870e-06  1.567e-09  5.285e-06  4.326e-03 
  3.913e-03 -1.711e-07  3.279e-05  3.832e-06  1.768e-02 -3.020e-06  2.776e-02 -7.870e-06  1.567e-09  5.285e-06  4.326e-03  3.540e-08  6.726e-04  1.517e-04 -3.447e-04  5.537e-03 
ERR MATRIX NOT POS-DEF
 PARAMETER  CORRELATION COEFFICIENTS  
       NO.  GLOBAL      1      2      3      4      5      6      7      8      9     10     11     12     13     14     15     16
        1  0.99130   1.000 -0.002  0.945  0.035  0.979 -0.019  0.987 -0.039  0.056  0.039  0.983  0.001  0.548  0.158 -0.081  0.412
        2  0.92590  -0.002  1.000 -0.002  0.148 -0.002  0.640 -0.002  0.296 -0.000  0.488 -0.002  0.794 -0.003 -0.022 -0.008 -0.005
        3  0.98259   0.945 -0.002  1.000  0.036  0.938 -0.019  0.973 -0.040  0.055  0.040  0.964  0.001  0.565  0.162 -0.081  0.424
        4  0.91233   0.035  0.148  0.036  1.000  0.033 -0.291  0.035  0.495  0.002  0.209  0.036  0.479  0.043  0.192 -0.056  0.079
        5  0.98945   0.979 -0.002  0.938  0.033  1.000 -0.017  0.979 -0.038  0.057  0.036  0.986  0.001  0.522  0.149 -0.060  0.391
        6  0.93927  -0.019  0.640 -0.019 -0.291 -0.017  1.000 -0.019 -0.343 -0.001  0.607 -0.019  0.448 -0.021 -0.074  0.063 -0.038
        7  0.99568   0.987 -0.002  0.973  0.035  0.979 -0.019  1.000 -0.037  0.055  0.038  0.988  0.001  0.533  0.154 -0.088  0.399
        8  0.92976  -0.039  0.296 -0.040  0.495 -0.038 -0.343 -0.037  1.000 -0.003 -0.402 -0.040  0.520 -0.054 -0.260 -0.030 -0.100
        9  0.06189   0.056 -0.000  0.055  0.002  0.057 -0.001  0.055 -0.003  1.000  0.002  0.055  0.000  0.035  0.010 -0.004  0.026
       10  0.91163   0.039  0.488  0.040  0.209  0.036  0.607  0.038 -0.402  0.002  1.000  0.039  0.286  0.050  0.242 -0.027  0.091
       11  0.99405   0.983 -0.002  0.964  0.036  0.986 -0.019  0.988 -0.040  0.055  0.039  1.000  0.001  0.559  0.160 -0.074  0.420
       12  0.94499   0.001  0.794  0.001  0.479  0.001  0.448  0.001  0.520  0.000  0.286  0.001  1.000  0.000 -0.008 -0.007  0.001
       13  0.69088   0.548 -0.003  0.565  0.043  0.522 -0.021  0.533 -0.054  0.035  0.050  0.559  0.000  1.000  0.205 -0.040  0.547
       14  0.63609   0.158 -0.022  0.162  0.192  0.149 -0.074  0.154 -0.260  0.010  0.242  0.160 -0.008  0.205  1.000 -0.093  0.374
       15  0.21025  -0.081 -0.008 -0.081 -0.056 -0.060  0.063 -0.088 -0.030 -0.004 -0.027 -0.074 -0.007 -0.040 -0.093  1.000 -0.066
       16  0.63008   0.412 -0.005  0.424  0.079  0.391 -0.038  0.399 -0.100  0.026  0.091  0.420  0.001  0.547  0.374 -0.066  1.000
 ERR MATRIX NOT POS-DEF
[#1] INFO:Minization -- RooMinuit::optimizeConst: deactivating const optimization
[#1] INFO:Plotting -- RooTreeData::plotOn: plotting 1907 events out of 16558 total events
[#1] INFO:Plotting -- RooSimultaneous::plotOn(simPdf) plot on x represents a slice in the index category (sample)
[#1] INFO:Plotting -- RooAbsReal::plotOn(myModel) slice variable sample was not projected anyway
[#1] INFO:Plotting -- RooSimultaneous::plotOn(simPdf) plot on x represents a slice in the index category (sample)
[#1] INFO:Plotting -- RooAbsPdf::plotOn(myModel) directly selected PDF components: (px)
[#1] INFO:Plotting -- RooAbsPdf::plotOn(myModel) indirectly selected PDF components: ()
[#1] INFO:Plotting -- RooAbsReal::plotOn(myModel) slice variable sample was not projected anyway
[#1] INFO:Plotting -- RooTreeData::plotOn: plotting 14651 events out of 16558 total events
[#1] INFO:Plotting -- RooSimultaneous::plotOn(simPdf) plot on x represents a slice in the index category (sample)
[#1] INFO:Plotting -- RooAbsReal::plotOn(myModel_fail) slice variable sample was not projected anyway
[#1] INFO:Plotting -- RooSimultaneous::plotOn(simPdf) plot on x represents a slice in the index category (sample)
[#1] INFO:Plotting -- RooAbsPdf::plotOn(myModel_fail) directly selected PDF components: (px_fail)
[#1] INFO:Plotting -- RooAbsPdf::plotOn(myModel_fail) indirectly selected PDF components: ()
[#1] INFO:Plotting -- RooAbsReal::plotOn(myModel_fail) slice variable sample was not projected anyway
efficiency(pt>150): 0.540442
[#1] INFO:Minization -- RooMinuit::optimizeConst: activating const optimization
RooAbsTestStatistic::initSimMode: creating slave calculator #0 for state pass (329 dataset entries)
RooAbsTestStatistic::initSimMode: creating slave calculator #1 for state fail (5184 dataset entries)
[#1] INFO:Fitting -- RooAbsTestStatistic::initSimMode: created 2 slave calculators.
[#1] INFO:Minization --  The following expressions will be evaluated in cache-and-track mode: (gx,px)
[#1] INFO:Minization --  The following expressions will be evaluated in cache-and-track mode: (gx_fail,px_fail)
 **********
 **   13 **MIGRAD        8000           1
 **********
 FIRST CALL TO USER FUNCTION AT NEW START POINT, WITH IFLAG=4.
 MINUIT WARNING IN MIGrad    
 ============== VARIABLE9 IS AT ITS LOWER ALLOWED LIMIT.
 START MIGRAD MINIMIZATION.  STRATEGY  1.  CONVERGENCE WHEN EDM .LT. 1.00e-03
 FCN=25944 FROM MIGRAD    STATUS=INITIATE       60 CALLS          61 TOTAL
                     EDM= unknown      STRATEGY= 1      NO ERROR MATRIX       
  EXT PARAMETER               CURRENT GUESS       STEP         FIRST   
  NO.   NAME      VALUE            ERROR          SIZE      DERIVATIVE 
   1  a0           6.52602e-02   1.21951e-01   4.46486e-01   5.65937e+00
   2  a0_fail      4.64753e-03   4.18896e-04   6.16521e-03  -7.93529e+02
   3  a1           3.64942e-07   7.87598e-01   1.09159e+00   2.04825e-03
   4  a1_fail      2.57767e-03   6.52957e-04   1.29836e-02  -5.23076e+02
   5  a2           3.24973e-01   6.61612e-01   1.45374e+00  -1.01356e+00
   6  a2_fail      8.79992e-03   1.05937e-03   1.13636e-02  -6.20526e+02
   7  a3           3.38437e-01   6.04857e-01   1.32938e+00   2.18549e-01
   8  a3_fail      3.60301e-03   1.06252e-03   1.79333e-02  -1.02958e+02
   9  a4           9.53674e-07   2.72885e-02   1.64979e-01   1.83166e-03
  10  a4_fail      5.35518e-03   7.78360e-04   1.06933e-02   5.14978e+02
  11  a5           5.69353e-02   1.30296e-01   4.46512e-01  -3.89128e+00
  12  a5_fail      6.80663e-03   6.22967e-04   7.58467e-03   1.30087e+03
  13  f            7.89791e-01   1.65229e-02   4.05793e-02   2.08683e+01
  14  f_fail       8.74150e-02   5.45055e-03   1.93068e-02  -7.04079e+01
  15  mean         9.13580e+01   7.03225e-02   1.42794e-03   2.12948e+02
  16  sigma        2.63924e+00   7.44074e-02   1.12079e-02  -7.00531e+01
                               ERR DEF= 0.5
 MIGRAD MINIMIZATION HAS CONVERGED.
 FCN=25920.5 FROM MIGRAD    STATUS=CONVERGED     685 CALLS         686 TOTAL
                     EDM=1.79125e-05    STRATEGY= 1  ERROR MATRIX UNCERTAINTY   3.5 per cent
  EXT PARAMETER                                   STEP         FIRST   
  NO.   NAME      VALUE            ERROR          SIZE      DERIVATIVE 
   1  a0           3.63765e-02   4.15279e-02   1.68022e-03  -6.66999e-05
   2  a0_fail      5.65277e-03   5.74459e-04   1.63251e-06   2.75060e-01
   3  a1           1.66533e-16   1.44186e-01   1.84912e-05** at limit **
   4  a1_fail      7.56315e-03   2.78710e-03  -8.08548e-05   4.86746e-02
   5  a2           6.45447e-01   2.43156e-01  -1.54942e-03   2.07978e-03
   6  a2_fail      3.75903e-03   2.63398e-03   8.34417e-05  -4.73429e-02
   7  a3           3.55180e-01   2.95907e-01   7.56889e-03  -3.47576e-03
   8  a3_fail      1.36382e-02   5.05131e-03  -5.28205e-06  -8.96861e-02
   9  a4           2.17026e-07   2.14598e-01  -5.17301e-04** at limit **
  10  a4_fail      1.65849e-03   1.75069e-03  -1.14650e-04  -8.61995e-02
  11  a5           1.15361e-01   5.93858e-02   6.48647e-04  -3.34946e-02
  12  a5_fail      8.27494e-03   1.49797e-03  -4.11723e-06  -6.29157e-02
  13  f            7.55518e-01   3.41896e-02   6.37716e-04   3.73238e-02
  14  f_fail       9.43471e-02   1.04680e-02  -6.75183e-05  -4.97825e-02
  15  mean         9.12478e+01   1.66563e-01  -2.00314e-05   6.81660e-02
  16  sigma        2.80695e+00   1.70671e-01   6.03335e-05   5.26598e-02
                               ERR DEF= 0.5
 EXTERNAL ERROR MATRIX.    NDIM=  34    NPAR= 16    ERR DEF=0.5
 ELEMENTS ABOVE DIAGONAL ARE NOT PRINTED.
  1.754e-03 
  4.041e-06  3.300e-07 
  2.916e-13  3.344e-16  1.130e-16 
  8.409e-06  9.034e-07 -1.345e-15  7.771e-06 
 -2.187e-04  6.088e-05 -9.569e-13  1.305e-04  6.506e-02 
 -1.245e-05 -1.100e-06  4.356e-16 -6.873e-06 -1.841e-04  6.942e-06 
  5.706e-03  3.511e-05  2.444e-12  5.430e-05  1.348e-02 -9.349e-05  1.018e-01 
  3.567e-05  2.335e-06 -7.626e-16  1.173e-05  6.069e-04 -1.211e-05  3.460e-04  2.553e-05 
 -5.181e-08  2.700e-09  8.288e-17  1.025e-08  1.131e-06 -1.396e-08  1.040e-06  2.322e-08  2.014e-07 
 -1.662e-05 -6.736e-07 -4.642e-16 -2.028e-06 -2.970e-04  2.554e-06 -1.674e-04 -7.006e-06 -5.934e-09  3.067e-06 
  3.943e-04  1.307e-05  1.689e-13  3.626e-05  5.646e-03 -4.635e-05  1.409e-03  1.265e-04 -2.034e-07 -5.564e-05  3.568e-03 
  1.024e-05  6.308e-07 -3.410e-16  3.534e-06  1.748e-04 -3.490e-06  8.919e-05  7.157e-06  7.801e-09 -2.052e-06  3.759e-05 
  1.024e-05  6.308e-07 -3.410e-16  3.534e-06  1.748e-04 -3.490e-06  8.919e-05  7.157e-06  7.801e-09 -2.052e-06  3.759e-05  2.244e-06 
  8.414e-05  2.224e-07  8.557e-15  5.873e-06 -1.382e-03 -4.533e-06 -1.712e-03 -1.554e-06 -7.059e-08  2.465e-06  4.555e-04 
  8.414e-05  2.224e-07  8.557e-15  5.873e-06 -1.382e-03 -4.533e-06 -1.712e-03 -1.554e-06 -7.059e-08  2.465e-06  4.555e-04  1.476e-06  1.171e-03 
 -1.584e-05 -5.160e-07  4.440e-15  4.642e-06 -8.384e-04 -2.942e-06 -5.954e-04 -8.348e-06 -3.187e-08  6.304e-06 -1.003e-04 
 -1.584e-05 -5.160e-07  4.440e-15  4.642e-06 -8.384e-04 -2.942e-06 -5.954e-04 -8.348e-06 -3.187e-08  6.304e-06 -1.003e-04 -6.304e-07  7.241e-05  1.096e-04 
 -7.659e-04 -9.715e-06 -4.241e-13 -5.910e-05  1.131e-03  6.582e-05 -9.278e-03 -1.121e-04 -7.536e-07  1.499e-05 -6.763e-04 
 -7.659e-04 -9.715e-06 -4.241e-13 -5.910e-05  1.131e-03  6.582e-05 -9.278e-03 -1.121e-04 -7.536e-07  1.499e-05 -6.763e-04 -3.045e-05  1.788e-04 -1.372e-05  2.774e-02 
  2.909e-04  3.033e-07  3.780e-14  5.599e-05 -9.090e-03 -4.452e-05 -8.777e-03 -2.987e-05 -4.546e-07  3.698e-05  6.830e-04 
  2.909e-04  3.033e-07  3.780e-14  5.599e-05 -9.090e-03 -4.452e-05 -8.777e-03 -2.987e-05 -4.546e-07  3.698e-05  6.830e-04  9.088e-06  2.287e-03  8.123e-04  5.647e-04  2.913e-02 
 PARAMETER  CORRELATION COEFFICIENTS  
       NO.  GLOBAL      1      2      3      4      5      6      7      8      9     10     11     12     13     14     15     16
        1  0.50664   1.000  0.168  0.001  0.072 -0.020 -0.113  0.427  0.169 -0.003 -0.227  0.158  0.163  0.059 -0.036 -0.110  0.041
        2  0.86662   0.168  1.000  0.000  0.564  0.416 -0.727  0.192  0.805  0.010 -0.670  0.381  0.733  0.011 -0.086 -0.102  0.003
        3  0.00101   0.001  0.000  1.000 -0.000 -0.000  0.000  0.001 -0.000  0.000 -0.000  0.000 -0.000  0.000  0.000 -0.000  0.000
        4  0.97461   0.072  0.564 -0.000  1.000  0.184 -0.936  0.061  0.833  0.008 -0.415  0.218  0.846  0.062  0.159 -0.127  0.118
        5  0.71338  -0.020  0.416 -0.000  0.184  1.000 -0.274  0.166  0.471  0.010 -0.665  0.371  0.457 -0.158 -0.314  0.027 -0.209
        6  0.97445  -0.113 -0.727  0.000 -0.936 -0.274  1.000 -0.111 -0.910 -0.012  0.554 -0.295 -0.884 -0.050 -0.107  0.150 -0.099
        7  0.53602   0.427  0.192  0.001  0.061  0.166 -0.111  1.000  0.215  0.007 -0.300  0.074  0.187 -0.157 -0.178 -0.175 -0.161
        8  0.98551   0.169  0.805 -0.000  0.833  0.471 -0.910  0.215  1.000  0.010 -0.792  0.419  0.946 -0.009 -0.158 -0.133 -0.035
        9  0.02915  -0.003  0.010  0.000  0.008  0.010 -0.012  0.007  0.010  1.000 -0.008 -0.008  0.012 -0.005 -0.007 -0.010 -0.006
       10  0.95511  -0.227 -0.670 -0.000 -0.415 -0.665  0.554 -0.300 -0.792 -0.008  1.000 -0.532 -0.782  0.041  0.344  0.051  0.124
       11  0.60234   0.158  0.381  0.000  0.218  0.371 -0.295  0.074  0.419 -0.008 -0.532  1.000  0.420  0.223 -0.160 -0.068  0.067
       12  0.97248   0.163  0.733 -0.000  0.846  0.457 -0.884  0.187  0.946  0.012 -0.782  0.420  1.000  0.029 -0.040 -0.122  0.036
       13  0.48487   0.059  0.011  0.000  0.062 -0.158 -0.050 -0.157 -0.009 -0.005  0.041  0.223  0.029  1.000  0.202  0.031  0.391
       14  0.71824  -0.036 -0.086  0.000  0.159 -0.314 -0.107 -0.178 -0.158 -0.007  0.344 -0.160 -0.040  0.202  1.000 -0.008  0.455
       15  0.27473  -0.110 -0.102 -0.000 -0.127  0.027  0.150 -0.175 -0.133 -0.010  0.051 -0.068 -0.122  0.031 -0.008  1.000  0.020
       16  0.56459   0.041  0.003  0.000  0.118 -0.209 -0.099 -0.161 -0.035 -0.006  0.124  0.067  0.036  0.391  0.455  0.020  1.000
 **********
 **   18 **HESSE        8000
 **********
 EIGENVALUES OF SECOND-DERIVATIVE MATRIX:
        -7.6246e-03 -8.0355e-04  2.5318e-02  1.1857e-01  3.9080e-01  5.8241e-01  6.6233e-01  7.5791e-01  8.0819e-01  9.4729e-01  1.0269e+00  1.3740e+00  1.6896e+00  2.0735e+00  2.3455e+00  3.2061e+00
 MINUIT WARNING IN HESSE   
 ============== MATRIX FORCED POS-DEF BY ADDING 0.010831 TO DIAGONAL.
 FCN=25920.5 FROM HESSE     STATUS=NOT POSDEF    211 CALLS         897 TOTAL
                     EDM=0.000121859    STRATEGY= 1      ERR MATRIX NOT POS-DEF
  EXT PARAMETER                APPROXIMATE     INTERNAL      INTERNAL  
  NO.   NAME      VALUE            ERROR       STEP SIZE       VALUE   
   1  a0           3.63765e-02   1.17449e-01   2.27619e-02  -1.18699e+00
   2  a0_fail      5.65277e-03   3.40580e-03   5.45285e-04  -1.42028e+00
   3  a1           1.66533e-16   7.02892e-01   1.34110e-01  -1.57080e+00
                                 WARNING -   - ABOVE PARAMETER IS AT LIMIT.
   4  a1_fail      7.56315e-03   4.01399e-03   8.19975e-04  -1.39664e+00
   5  a2           6.45447e-01   5.90933e-01   7.54820e-02   2.95160e-01
   6  a2_fail      3.75903e-03   4.79536e-03   1.54878e-03  -1.44810e+00
   7  a3           3.55180e-01   5.03188e-01   6.70154e-02  -2.93851e-01
   8  a3_fail      1.36382e-02   6.26870e-03   8.42643e-04  -1.33670e+00
   9  a4           2.17026e-07   6.26160e-01   1.14896e-01  -1.57173e+00
                                 WARNING -   - ABOVE PARAMETER IS AT LIMIT.
  10  a4_fail      1.65849e-03   2.91335e-03   1.78167e-03  -1.48932e+00
  11  a5           1.15361e-01   5.35793e-01   2.05224e-02  -8.77710e-01
  12  a5_fail      8.27494e-03   4.46742e-03   4.98435e-04  -1.38861e+00
  13  f            7.55518e-01   3.67668e-02   8.23741e-03   5.36390e-01
  14  f_fail       9.43471e-02   1.07814e-02   2.88947e-03  -9.46382e-01
  15  mean         9.12478e+01   1.70468e-01   3.75276e-04  -1.75950e-01
  16  sigma        2.80695e+00   1.79243e-01   2.37037e-03  -8.15320e-01
                               ERR DEF= 0.5
 EXTERNAL ERROR MATRIX.    NDIM=  34    NPAR= 16    ERR DEF=0.5
 ELEMENTS ABOVE DIAGONAL ARE NOT PRINTED.
  1.612e-02 
  2.481e-08  1.161e-05 
  5.542e-10  1.009e-13  3.552e-16 
  2.950e-06  1.176e-05  3.467e-13  1.612e-05 
  2.354e-01  8.368e-07  1.073e-08  3.142e-05  3.942e+00 
 -3.509e-06  1.408e-05 -1.150e-13  1.083e-05 -3.564e-05  2.304e-05 
  1.449e-01 -2.525e-05  7.472e-09 -9.406e-06  2.309e+00 -6.521e-05  1.478e+00 
 -4.058e-07  1.832e-05 -4.159e-16  2.296e-05 -4.047e-06  1.564e-05 -1.085e-05  3.933e-05 
  1.097e-05  3.610e-09  5.421e-13  7.706e-09  1.904e-04  1.595e-09  8.898e-05  6.508e-10  2.400e-07 
  1.799e-06  7.984e-06  2.734e-13  7.741e-06  1.952e-05  1.203e-05 -2.165e-05  8.496e-06  6.941e-09  8.502e-06 
  4.227e-02  1.962e-06  2.092e-09  9.961e-06  6.951e-01 -6.146e-06  4.122e-01 -4.637e-07  2.964e-05  7.262e-06  1.268e-01 
  2.398e-07  1.490e-05  1.433e-13  1.644e-05  3.228e-06  1.707e-05 -3.034e-05  2.558e-05  4.793e-09  9.562e-06  3.018e-06 
  2.398e-07  1.490e-05  1.433e-13  1.644e-05  3.228e-06  1.707e-05 -3.034e-05  2.558e-05  4.793e-09  9.562e-06  3.018e-06  1.997e-05 
  4.506e-04  4.083e-06  4.980e-11  7.247e-06  4.609e-03  3.591e-06  4.677e-04  9.444e-07  1.000e-06  6.963e-06  1.377e-03 
  4.506e-04  4.083e-06  4.980e-11  7.247e-06  4.609e-03  3.591e-06  4.677e-04  9.444e-07  1.000e-06  6.963e-06  1.377e-03  5.317e-06  1.355e-03 
  4.571e-05  5.964e-06  4.591e-12  1.070e-05  4.823e-04  5.541e-06  5.499e-05  1.885e-06  9.111e-08  1.042e-05  1.393e-04 
  4.571e-05  5.964e-06  4.591e-12  1.070e-05  4.823e-04  5.541e-06  5.499e-05  1.885e-06  9.111e-08  1.042e-05  1.393e-04  7.716e-06  8.019e-05  1.163e-04 
 -1.300e-03  4.781e-05 -7.192e-11  2.321e-05 -1.337e-02  1.169e-04 -1.662e-02  1.978e-05 -4.697e-07  4.427e-05 -2.838e-03 
 -1.300e-03  4.781e-05 -7.192e-11  2.321e-05 -1.337e-02  1.169e-04 -1.662e-02  1.978e-05 -4.697e-07  4.427e-05 -2.838e-03  5.785e-05  1.264e-04 -2.009e-05  2.906e-02 
  1.577e-03  4.417e-05  1.604e-10  8.088e-05  1.665e-02  3.584e-05  1.394e-03  9.866e-06  3.215e-06  7.682e-05  4.846e-03 
  1.577e-03  4.417e-05  1.604e-10  8.088e-05  1.665e-02  3.584e-05  1.394e-03  9.866e-06  3.215e-06  7.682e-05  4.846e-03  5.770e-05  2.848e-03  9.061e-04  2.593e-04  3.214e-02 
ERR MATRIX NOT POS-DEF
 PARAMETER  CORRELATION COEFFICIENTS  
       NO.  GLOBAL      1      2      3      4      5      6      7      8      9     10     11     12     13     14     15     16
        1  0.95372   1.000  0.000  0.232  0.006  0.934 -0.006  0.939 -0.001  0.176  0.005  0.935  0.000  0.096  0.033 -0.060  0.069
        2  0.99422   0.000  1.000  0.002  0.860  0.000  0.861 -0.006  0.857  0.002  0.804  0.002  0.978  0.033  0.162  0.082  0.072
        3  0.43903   0.232  0.002  1.000  0.005  0.287 -0.001  0.326 -0.000  0.059  0.005  0.312  0.002  0.072  0.023 -0.022  0.047
        4  0.98739   0.006  0.860  0.005  1.000  0.004  0.562 -0.002  0.912  0.004  0.661  0.007  0.916  0.049  0.247  0.034  0.112
        5  0.98675   0.934  0.000  0.287  0.004  1.000 -0.004  0.956 -0.000  0.196  0.003  0.983  0.000  0.063  0.023 -0.040  0.047
        6  0.98430  -0.006  0.861 -0.001  0.562 -0.004  1.000 -0.011  0.520  0.001  0.859 -0.004  0.796  0.020  0.107  0.143  0.042
        7  0.97148   0.939 -0.006  0.326 -0.002  0.956 -0.011  1.000 -0.001  0.149 -0.006  0.952 -0.006  0.010  0.004 -0.080  0.006
        8  0.99024  -0.001  0.857 -0.000  0.912 -0.000  0.520 -0.001  1.000  0.000  0.465 -0.000  0.912  0.004  0.028  0.019  0.009
        9  0.27123   0.176  0.002  0.059  0.004  0.196  0.001  0.149  0.000  1.000  0.005  0.170  0.002  0.055  0.017 -0.006  0.037
       10  0.97488   0.005  0.804  0.005  0.661  0.003  0.859 -0.006  0.465  0.005  1.000  0.007  0.734  0.065  0.331  0.089  0.147
       11  0.98628   0.935  0.002  0.312  0.007  0.983 -0.004  0.952 -0.000  0.170  0.007  1.000  0.002  0.105  0.036 -0.047  0.076
       12  0.99591   0.000  0.978  0.002  0.916  0.000  0.796 -0.006  0.912  0.002  0.734  0.002  1.000  0.032  0.160  0.076  0.072
       13  0.50987   0.096  0.033  0.072  0.049  0.063  0.020  0.010  0.004  0.055  0.065  0.105  0.032  1.000  0.202  0.020  0.432
       14  0.71332   0.033  0.162  0.023  0.247  0.023  0.107  0.004  0.028  0.017  0.331  0.036  0.160  0.202  1.000 -0.011  0.469
       15  0.24456  -0.060  0.082 -0.022  0.034 -0.040  0.143 -0.080  0.019 -0.006  0.089 -0.047  0.076  0.020 -0.011  1.000  0.008
       16  0.59031   0.069  0.072  0.047  0.112  0.047  0.042  0.006  0.009  0.037  0.147  0.076  0.072  0.432  0.469  0.008  1.000
 ERR MATRIX NOT POS-DEF
[#1] INFO:Minization -- RooMinuit::optimizeConst: deactivating const optimization
[#1] INFO:Plotting -- RooTreeData::plotOn: plotting 329 events out of 5513 total events
[#1] INFO:Plotting -- RooSimultaneous::plotOn(simPdf) plot on x represents a slice in the index category (sample)
[#1] INFO:Plotting -- RooAbsReal::plotOn(myModel) slice variable sample was not projected anyway
[#1] INFO:Plotting -- RooSimultaneous::plotOn(simPdf) plot on x represents a slice in the index category (sample)
[#1] INFO:Plotting -- RooAbsPdf::plotOn(myModel) directly selected PDF components: (px)
[#1] INFO:Plotting -- RooAbsPdf::plotOn(myModel) indirectly selected PDF components: ()
[#1] INFO:Plotting -- RooAbsReal::plotOn(myModel) slice variable sample was not projected anyway
[#1] INFO:Plotting -- RooTreeData::plotOn: plotting 5184 events out of 5513 total events
[#1] INFO:Plotting -- RooSimultaneous::plotOn(simPdf) plot on x represents a slice in the index category (sample)
[#1] INFO:Plotting -- RooAbsReal::plotOn(myModel_fail) slice variable sample was not projected anyway
[#1] INFO:Plotting -- RooSimultaneous::plotOn(simPdf) plot on x represents a slice in the index category (sample)
[#1] INFO:Plotting -- RooAbsPdf::plotOn(myModel_fail) directly selected PDF components: (px_fail)
[#1] INFO:Plotting -- RooAbsPdf::plotOn(myModel_fail) indirectly selected PDF components: ()
[#1] INFO:Plotting -- RooAbsReal::plotOn(myModel_fail) slice variable sample was not projected anyway
efficiency(pt>250): 0.336964
[#1] INFO:Minization -- RooMinuit::optimizeConst: activating const optimization
RooAbsTestStatistic::initSimMode: creating slave calculator #0 for state pass (25 dataset entries)
RooAbsTestStatistic::initSimMode: creating slave calculator #1 for state fail (913 dataset entries)
[#1] INFO:Fitting -- RooAbsTestStatistic::initSimMode: created 2 slave calculators.
[#1] INFO:Minization --  The following expressions will be evaluated in cache-and-track mode: (gx,px)
[#1] INFO:Minization --  The following expressions will be evaluated in cache-and-track mode: (gx_fail,px_fail)
 **********
 **   13 **MIGRAD        8000           1
 **********
 FIRST CALL TO USER FUNCTION AT NEW START POINT, WITH IFLAG=4.
 MINUIT WARNING IN MIGrad    
 ============== VARIABLE3 IS AT ITS LOWER ALLOWED LIMIT.
 START MIGRAD MINIMIZATION.  STRATEGY  1.  CONVERGENCE WHEN EDM .LT. 1.00e-03
 FCN=4415.66 FROM MIGRAD    STATUS=INITIATE       98 CALLS          99 TOTAL
                     EDM= unknown      STRATEGY= 1      NO ERROR MATRIX       
  EXT PARAMETER               CURRENT GUESS       STEP         FIRST   
  NO.   NAME      VALUE            ERROR          SIZE      DERIVATIVE 
   1  a0           3.63765e-02   1.17449e-01   0.00000e+00   2.35365e-01
   2  a0_fail      5.65277e-03   3.40580e-03   0.00000e+00   1.78690e+02
   3  a1           9.99560e-01   7.02892e-01   3.18158e+00   2.01725e-03
   4  a1_fail      7.56315e-03   4.01399e-03   0.00000e+00   9.88209e+01
   5  a2           6.45447e-01   5.90933e-01   0.00000e+00  -2.13150e-01
   6  a2_fail      3.75903e-03   4.79536e-03   0.00000e+00  -2.59137e+01
   7  a3           3.55180e-01   5.03188e-01   0.00000e+00   1.18929e-01
   8  a3_fail      1.36382e-02   6.26870e-03   0.00000e+00  -9.26862e+01
   9  a4           2.17026e-07   6.26160e-01   0.00000e+00** at limit **
  10  a4_fail      1.65849e-03   2.91335e-03   0.00000e+00  -2.58008e+01
  11  a5           1.15361e-01   5.35793e-01   0.00000e+00   6.86558e-01
  12  a5_fail      8.27494e-03   4.46742e-03   0.00000e+00  -9.36750e+01
  13  f            7.55518e-01   3.67668e-02   0.00000e+00  -2.26500e+00
  14  f_fail       9.43471e-02   1.07814e-02   0.00000e+00  -4.50714e+01
  15  mean         9.12478e+01   1.70468e-01   0.00000e+00   2.35451e+02
  16  sigma        2.80695e+00   1.79243e-01   0.00000e+00   1.71735e+01
                               ERR DEF= 0.5
 MIGRAD MINIMIZATION HAS CONVERGED.
 FCN=4405.14 FROM MIGRAD    STATUS=CONVERGED     803 CALLS         804 TOTAL
                     EDM=5.42391e-05    STRATEGY= 1  ERROR MATRIX UNCERTAINTY   2.3 per cent
  EXT PARAMETER                                   STEP         FIRST   
  NO.   NAME      VALUE            ERROR          SIZE      DERIVATIVE 
   1  a0           1.76830e-07   1.43171e-01   2.86968e-03** at limit **
   2  a0_fail      7.63001e-03   3.67067e-03   3.73649e-04   2.69534e-01
   3  a1           7.77554e-07   8.03850e-01  -1.38193e-03  -6.13867e-04
   4  a1_fail      1.07064e-03   3.53634e-03  -1.13253e-03  -2.13553e-01
   5  a2           9.93817e-01   9.63284e-01   2.80164e-03  -7.28308e-07
   6  a2_fail      1.59717e-02   1.57777e-02   1.40805e-03  -1.55285e-01
   7  a3           5.43866e-06   7.15560e-01   5.93560e-03   2.63644e-03
   8  a3_fail      8.40534e-03   7.81431e-03  -1.14262e-03   1.03707e-01
   9  a4           3.26487e-09   6.62574e-01   1.77845e-04** at limit **
  10  a4_fail      4.72338e-03   8.19610e-03   6.43173e-04  -7.79513e-02
  11  a5           2.19405e-07   9.34550e-02  -2.32364e-04** at limit **
  12  a5_fail      1.08903e-02   2.85884e-03   4.06381e-04  -6.30235e-03
  13  f            7.62601e-01   1.22680e-01   9.88046e-04   1.04056e-02
  14  f_fail       1.41040e-01   2.44614e-02   6.27182e-04  -6.03464e-03
  15  mean         9.03762e+01   3.96149e-01   9.36983e-05   1.36094e-01
  16  sigma        2.65723e+00   4.00339e-01  -4.26574e-05  -4.43950e-02
                               ERR DEF= 0.5
 EXTERNAL ERROR MATRIX.    NDIM=  34    NPAR= 16    ERR DEF=0.5
 ELEMENTS ABOVE DIAGONAL ARE NOT PRINTED.
  1.065e-07 
  7.026e-08  1.348e-05 
  3.392e-08  5.167e-07  2.481e-06 
 -7.142e-08 -1.247e-05 -5.421e-07  1.255e-05 
 -4.140e-07  3.541e-06 -3.699e-06 -3.991e-07  3.717e-02 
  3.837e-07  5.500e-05  2.708e-06 -5.446e-05 -1.035e-05  2.503e-04 
  4.932e-09  4.696e-07  4.101e-07 -4.032e-07  4.867e-06  2.388e-06  1.123e-05 
 -1.436e-07 -2.625e-05 -8.033e-07  2.637e-05 -2.106e-05 -1.179e-04 -7.926e-07  6.121e-05 
 -2.722e-11 -2.048e-10  4.689e-13  2.581e-10 -6.586e-09 -2.349e-10 -5.676e-10  6.115e-10  4.809e-09 
  2.047e-07  2.843e-05  1.377e-06 -2.712e-05 -9.685e-06  1.233e-04  1.088e-06 -5.937e-05  8.507e-10  6.750e-05 
 -8.276e-10 -1.596e-08 -6.582e-09  2.074e-08  6.811e-07 -1.059e-07  3.187e-09  3.775e-08 -9.506e-12 -5.227e-08  8.471e-08 
  4.459e-08  9.067e-06  2.401e-07 -8.925e-06  8.523e-06  4.114e-05  1.712e-07 -2.038e-05 -3.540e-10  1.956e-05 -1.410e-08 
  4.459e-08  9.067e-06  2.401e-07 -8.925e-06  8.523e-06  4.114e-05  1.712e-07 -2.038e-05 -3.540e-10  1.956e-05 -1.410e-08  8.175e-06 
  2.330e-07  2.273e-05  9.405e-06 -2.172e-05  9.922e-04  8.273e-05  1.453e-05 -6.568e-05 -2.004e-08  4.949e-05  3.755e-07 
  2.330e-07  2.273e-05  9.405e-06 -2.172e-05  9.922e-04  8.273e-05  1.453e-05 -6.568e-05 -2.004e-08  4.949e-05  3.755e-07  2.356e-05  1.549e-02 
 -1.581e-07  1.136e-05 -2.285e-06 -9.134e-06  2.324e-04  1.819e-05 -5.022e-06 -3.307e-05 -5.928e-09  1.908e-05  4.748e-08 
 -1.581e-07  1.136e-05 -2.285e-06 -9.134e-06  2.324e-04  1.819e-05 -5.022e-06 -3.307e-05 -5.928e-09  1.908e-05  4.748e-08  1.297e-05  5.214e-04  5.994e-04 
  4.677e-06  3.252e-04  4.728e-05 -3.269e-04 -7.102e-04  1.739e-03 -2.419e-05 -7.920e-04 -7.015e-08  7.647e-04 -1.698e-06 
  4.677e-06  3.252e-04  4.728e-05 -3.269e-04 -7.102e-04  1.739e-03 -2.419e-05 -7.920e-04 -7.015e-08  7.647e-04 -1.698e-06  2.637e-04 -3.249e-05 -1.173e-03  1.569e-01 
 -3.139e-06  2.860e-05 -2.412e-05 -1.032e-05  3.873e-03 -3.257e-04  2.281e-05 -7.469e-05 -2.503e-08 -9.235e-05  9.392e-07 
 -3.139e-06  2.860e-05 -2.412e-05 -1.032e-05  3.873e-03 -3.257e-04  2.281e-05 -7.469e-05 -2.503e-08 -9.235e-05  9.392e-07  5.084e-05  1.735e-02  5.045e-03 -2.948e-02  1.605e-01 
 PARAMETER  CORRELATION COEFFICIENTS  
       NO.  GLOBAL      1      2      3      4      5      6      7      8      9     10     11     12     13     14     15     16
        1  0.11842   1.000  0.059  0.066 -0.062 -0.007  0.074  0.005 -0.056 -0.001  0.076 -0.009  0.048  0.006 -0.020  0.036 -0.024
        2  0.97180   0.059  1.000  0.089 -0.958  0.005  0.947  0.038 -0.914 -0.001  0.943 -0.015  0.864  0.050  0.126  0.224  0.019
        3  0.21624   0.066  0.089  1.000 -0.097 -0.012  0.109  0.078 -0.065  0.000  0.106 -0.014  0.053  0.048 -0.059  0.076 -0.038
        4  0.98417  -0.062 -0.958 -0.097  1.000 -0.001 -0.972 -0.034  0.951  0.001 -0.931  0.020 -0.881 -0.049 -0.105 -0.233 -0.007
        5  0.08506  -0.007  0.005 -0.012 -0.001  1.000 -0.003  0.008 -0.014 -0.000 -0.006  0.012  0.015  0.041  0.049 -0.009  0.050
        6  0.98841   0.074  0.947  0.109 -0.972 -0.003  1.000  0.045 -0.952 -0.000  0.949 -0.023  0.910  0.042  0.047  0.277 -0.051
        7  0.14335   0.005  0.038  0.078 -0.034  0.008  0.045  1.000 -0.030 -0.002  0.039  0.003  0.018  0.035 -0.061 -0.018  0.017
        8  0.97261  -0.056 -0.914 -0.065  0.951 -0.014 -0.952 -0.030  1.000  0.001 -0.924  0.017 -0.911 -0.067 -0.173 -0.256 -0.024
        9  0.01000  -0.001 -0.001  0.000  0.001 -0.000 -0.000 -0.002  0.001  1.000  0.001 -0.000 -0.002 -0.002 -0.003 -0.003 -0.001
       10  0.96867   0.076  0.943  0.106 -0.931 -0.006  0.949  0.039 -0.924  0.001  1.000 -0.022  0.833  0.048  0.095  0.235 -0.028
       11  0.04354  -0.009 -0.015 -0.014  0.020  0.012 -0.023  0.003  0.017 -0.000 -0.022  1.000 -0.017  0.010  0.007 -0.015  0.008
       12  0.94237   0.048  0.864  0.053 -0.881  0.015  0.910  0.018 -0.911 -0.002  0.833 -0.017  1.000  0.066  0.185  0.233  0.044
       13  0.36716   0.006  0.050  0.048 -0.049  0.041  0.042  0.035 -0.067 -0.002  0.048  0.010  0.066  1.000  0.171 -0.001  0.348
       14  0.64152  -0.020  0.126 -0.059 -0.105  0.049  0.047 -0.061 -0.173 -0.003  0.095  0.007  0.185  0.171  1.000 -0.121  0.514
       15  0.37504   0.036  0.224  0.076 -0.233 -0.009  0.277 -0.018 -0.256 -0.003  0.235 -0.015  0.233 -0.001 -0.121  1.000 -0.186
       16  0.60963  -0.024  0.019 -0.038 -0.007  0.050 -0.051  0.017 -0.024 -0.001 -0.028  0.008  0.044  0.348  0.514 -0.186  1.000
 **********
 **   18 **HESSE        8000
 **********
 EIGENVALUES OF SECOND-DERIVATIVE MATRIX:
        -1.7043e-01 -6.4501e-03  1.9017e-02  9.9319e-02  3.8936e-01  5.7315e-01  8.8190e-01  1.0002e+00  1.0002e+00  1.0004e+00  1.0057e+00  1.0409e+00  1.4705e+00  2.1676e+00  2.2665e+00  3.2621e+00
 MINUIT WARNING IN HESSE   
 ============== MATRIX FORCED POS-DEF BY ADDING 0.173696 TO DIAGONAL.
 FCN=4405.14 FROM HESSE     STATUS=NOT POSDEF    195 CALLS         999 TOTAL
                     EDM=0.0010751    STRATEGY= 1      ERR MATRIX NOT POS-DEF
  EXT PARAMETER                APPROXIMATE     INTERNAL      INTERNAL  
  NO.   NAME      VALUE            ERROR       STEP SIZE       VALUE   
   1  a0           1.76830e-07   9.18411e-01   3.50390e-02  -1.57164e+00
                                 WARNING -   - ABOVE PARAMETER IS AT LIMIT.
   2  a0_fail      7.63001e-03   1.59717e-03   5.31094e-04  -1.39587e+00
   3  a1           7.77554e-07   9.57058e-01   7.74198e-02   4.71063e+00
   4  a1_fail      1.07064e-03   2.94374e-03   2.38401e-03  -1.50534e+00
   5  a2           9.93817e-01   8.54522e-01   5.00000e-01   1.41337e+00
   6  a2_fail      1.59717e-02   4.27952e-03   9.11326e-04  -1.31736e+00
   7  a3           5.43866e-06   8.64393e-01   6.10076e-02  -1.56613e+00
   8  a3_fail      8.40534e-03   4.43113e-03   1.33087e-03  -1.38718e+00
   9  a4           3.26487e-09   8.67319e-01   3.53094e-02  -1.57068e+00
                                 WARNING -   - ABOVE PARAMETER IS AT LIMIT.
  10  a4_fail      4.72338e-03   3.15751e-03   1.34709e-03  -1.43323e+00
  11  a5           2.19405e-07   9.78685e-01   2.81121e-02  -1.56986e+00
                                 WARNING -   - ABOVE PARAMETER IS AT LIMIT.
  12  a5_fail      1.08903e-02   2.27972e-03   5.70891e-04  -1.36170e+00
  13  f            7.62601e-01   1.16572e-01   1.29441e-02   5.52953e-01
  14  f_fail       1.41040e-01   2.19704e-02   2.48329e-03  -8.00811e-01
  15  mean         9.03762e+01   3.50967e-01   3.47411e-04  -1.93686e-01
  16  sigma        2.65723e+00   3.63749e-01   2.30459e-03  -8.37530e-01
                               ERR DEF= 0.5
 EXTERNAL ERROR MATRIX.    NDIM=  34    NPAR= 16    ERR DEF=0.5
 ELEMENTS ABOVE DIAGONAL ARE NOT PRINTED.
  2.790e-06 
  8.280e-09  2.551e-06 
  1.259e-05  3.903e-08  6.060e-05 
  5.226e-08 -4.499e-07  2.473e-07  8.689e-06 
 -7.510e-01 -2.285e-03 -3.500e+00 -1.440e-02  2.087e+05 
 -5.908e-08  3.318e-06 -2.786e-07 -4.718e-06  1.630e-02  1.832e-05 
  3.160e-05  9.598e-08  1.473e-04  6.025e-07 -8.783e+00 -6.844e-07  3.777e-04 
 -6.709e-08  2.120e-06 -3.191e-07  4.247e-06  1.846e-02 -5.151e-06 -7.685e-07  1.965e-05 
  3.911e-07  1.193e-09  1.823e-06  7.514e-09 -1.087e-01 -8.512e-09  4.574e-06 -9.620e-09  5.825e-08 
  5.623e-08  1.355e-06  2.660e-07  2.336e-06 -1.550e-02  4.644e-06  6.487e-07 -5.563e-06  8.087e-09  9.977e-06 
  2.705e-06  8.266e-09  1.261e-05  5.212e-08 -7.518e-01 -5.897e-08  3.163e-05 -6.683e-08  3.915e-07  5.609e-08  2.778e-06 
  1.700e-08  2.086e-06  8.050e-08  2.280e-06 -4.683e-03  3.504e-06  1.958e-07  4.788e-06  2.443e-09  2.889e-07  1.695e-08 
  1.700e-08  2.086e-06  8.050e-08  2.280e-06 -4.683e-03  3.504e-06  1.958e-07  4.788e-06  2.443e-09  2.889e-07  1.695e-08  5.198e-06 
  3.731e-05  1.582e-06  1.764e-04  1.119e-05 -1.029e+01 -1.145e-05  4.311e-04 -1.626e-05  5.371e-06  1.192e-05  3.723e-05 
  3.731e-05  1.582e-06  1.764e-04  1.119e-05 -1.029e+01 -1.145e-05  4.311e-04 -1.626e-05  5.371e-06  1.192e-05  3.723e-05  3.705e-06  1.394e-02 
  1.585e-06  1.692e-06  7.508e-06  1.449e-05 -4.368e-01 -1.362e-05  1.826e-05 -1.750e-05  2.279e-07  1.583e-05  1.581e-06 
  1.585e-06  1.692e-06  7.508e-06  1.449e-05 -4.368e-01 -1.362e-05  1.826e-05 -1.750e-05  2.279e-07  1.583e-05  1.581e-06  4.016e-06  3.448e-04  4.833e-04 
 -2.563e-06 -2.075e-05 -1.073e-05 -4.193e-05  7.305e-01  1.363e-04 -3.393e-05 -8.528e-05 -3.917e-07 -5.412e-05 -2.624e-06 
 -2.563e-06 -2.075e-05 -1.073e-05 -4.193e-05  7.305e-01  1.363e-04 -3.393e-05 -8.528e-05 -3.917e-07 -5.412e-05 -2.624e-06 -8.850e-06  1.094e-03 -8.834e-04  1.232e-01 
  5.738e-05  2.047e-05  2.719e-04  1.227e-04 -1.581e+01 -1.452e-04  6.605e-04 -1.473e-04  8.245e-06  1.327e-04  5.721e-05 
  5.738e-05  2.047e-05  2.719e-04  1.227e-04 -1.581e+01 -1.452e-04  6.605e-04 -1.473e-04  8.245e-06  1.327e-04  5.721e-05  3.955e-05  1.271e-02  3.694e-03 -1.489e-02  1.324e-01 
ERR MATRIX NOT POS-DEF
 PARAMETER  CORRELATION COEFFICIENTS  
       NO.  GLOBAL      1      2      3      4      5      6      7      8      9     10     11     12     13     14     15     16
        1  0.98406   1.000  0.003  0.969  0.011 -0.984 -0.008  0.973 -0.009  0.970  0.011  0.972  0.004  0.189  0.043 -0.004  0.094
        2  0.81216   0.003  1.000  0.003 -0.096 -0.003  0.485  0.003  0.299  0.003  0.269  0.003  0.573  0.008  0.048 -0.037  0.035
        3  0.98418   0.969  0.003  1.000  0.011 -0.984 -0.008  0.973 -0.009  0.970  0.011  0.972  0.005  0.192  0.044 -0.004  0.096
        4  0.84031   0.011 -0.096  0.011  1.000 -0.011 -0.374  0.011  0.325  0.011  0.251  0.011  0.339  0.032  0.224 -0.041  0.114
        5  0.99722  -0.984 -0.003 -0.984 -0.011  1.000  0.008 -0.989  0.009 -0.986 -0.011 -0.987 -0.004 -0.191 -0.043  0.005 -0.095
        6  0.84375  -0.008  0.485 -0.008 -0.374  0.008  1.000 -0.008 -0.271 -0.008  0.343 -0.008  0.359 -0.023 -0.145  0.091 -0.093
        7  0.98910   0.973  0.003  0.973  0.011 -0.989 -0.008  1.000 -0.009  0.975  0.011  0.976  0.004  0.188  0.043 -0.005  0.093
        8  0.83069  -0.009  0.299 -0.009  0.325  0.009 -0.271 -0.009  1.000 -0.009 -0.397 -0.009  0.474 -0.031 -0.180 -0.055 -0.091
        9  0.98573   0.970  0.003  0.970  0.011 -0.986 -0.008  0.975 -0.009  1.000  0.011  0.973  0.004  0.188  0.043 -0.005  0.094
       10  0.80880   0.011  0.269  0.011  0.251 -0.011  0.343  0.011 -0.397  0.011  1.000  0.011  0.040  0.032  0.228 -0.049  0.115
       11  0.98725   0.972  0.003  0.972  0.011 -0.987 -0.008  0.976 -0.009  0.973  0.011  1.000  0.004  0.189  0.043 -0.004  0.094
       12  0.85148   0.004  0.573  0.005  0.339 -0.004  0.359  0.004  0.474  0.004  0.040  0.004  1.000  0.014  0.080 -0.011  0.048
       13  0.34392   0.189  0.008  0.192  0.032 -0.191 -0.023  0.188 -0.031  0.188  0.032  0.189  0.014  1.000  0.133  0.026  0.296
       14  0.61156   0.043  0.048  0.044  0.224 -0.043 -0.145  0.043 -0.180  0.043  0.228  0.043  0.080  0.133  1.000 -0.114  0.462
       15  0.21159  -0.004 -0.037 -0.004 -0.041  0.005  0.091 -0.005 -0.055 -0.005 -0.049 -0.004 -0.011  0.026 -0.114  1.000 -0.117
       16  0.52890   0.094  0.035  0.096  0.114 -0.095 -0.093  0.093 -0.091  0.094  0.115  0.094  0.048  0.296  0.462 -0.117  1.000
 ERR MATRIX NOT POS-DEF
[#1] INFO:Minization -- RooMinuit::optimizeConst: deactivating const optimization
[#1] INFO:Plotting -- RooTreeData::plotOn: plotting 25 events out of 938 total events
[#1] INFO:Plotting -- RooSimultaneous::plotOn(simPdf) plot on x represents a slice in the index category (sample)
[#1] INFO:Plotting -- RooAbsReal::plotOn(myModel) slice variable sample was not projected anyway
[#1] INFO:Plotting -- RooSimultaneous::plotOn(simPdf) plot on x represents a slice in the index category (sample)
[#1] INFO:Plotting -- RooAbsPdf::plotOn(myModel) directly selected PDF components: (px)
[#1] INFO:Plotting -- RooAbsPdf::plotOn(myModel) indirectly selected PDF components: ()
[#1] INFO:Plotting -- RooAbsReal::plotOn(myModel) slice variable sample was not projected anyway
[#1] INFO:Plotting -- RooTreeData::plotOn: plotting 913 events out of 938 total events
[#1] INFO:Plotting -- RooSimultaneous::plotOn(simPdf) plot on x represents a slice in the index category (sample)
[#1] INFO:Plotting -- RooAbsReal::plotOn(myModel_fail) slice variable sample was not projected anyway
[#1] INFO:Plotting -- RooSimultaneous::plotOn(simPdf) plot on x represents a slice in the index category (sample)
[#1] INFO:Plotting -- RooAbsPdf::plotOn(myModel_fail) directly selected PDF components: (px_fail)
[#1] INFO:Plotting -- RooAbsPdf::plotOn(myModel_fail) indirectly selected PDF components: ()
[#1] INFO:Plotting -- RooAbsReal::plotOn(myModel_fail) slice variable sample was not projected anyway
efficiency(pt>1000): 0.128962
