[?1034h[#1] INFO:DataHandling -- RooDataHist::adjustBinning(nonpromptDataHist): fit range of variable sieie expanded to nearest bin boundaries: [0,20] --> [0,20]
[#1] INFO:DataHandling -- RooDataHist::adjustBinning(dataHist): fit range of variable sieie expanded to nearest bin boundaries: [0,20] --> [0,20]
[#1] INFO:Minization -- RooMinuit::optimizeConst: activating const optimization
[#1] INFO:Minization --  The following expressions have been identified as constant and will be precalculated and cached: (promptPdf,nonpromptPdf)
 **********
 **   13 **MIGRAD         500           1
 **********
 FIRST CALL TO USER FUNCTION AT NEW START POINT, WITH IFLAG=4.
 START MIGRAD MINIMIZATION.  STRATEGY  1.  CONVERGENCE WHEN EDM .LT. 1.00e-03
 FCN=2581.42 FROM MIGRAD    STATUS=INITIATE        4 CALLS           5 TOTAL
                     EDM= unknown      STRATEGY= 1      NO ERROR MATRIX       
  EXT PARAMETER               CURRENT GUESS       STEP         FIRST   
  NO.   NAME      VALUE            ERROR          SIZE      DERIVATIVE 
   1  frac         8.50000e-01   7.50000e-02   2.16811e-01  -6.79443e+01
                               ERR DEF= 0.5
 MIGRAD MINIMIZATION HAS CONVERGED.
 MIGRAD WILL VERIFY CONVERGENCE AND ERROR MATRIX.
 COVARIANCE MATRIX CALCULATED SUCCESSFULLY
 FCN=2580.01 FROM MIGRAD    STATUS=CONVERGED      15 CALLS          16 TOTAL
                     EDM=5.17245e-09    STRATEGY= 1      ERROR MATRIX ACCURATE 
  EXT PARAMETER                                   STEP         FIRST   
  NO.   NAME      VALUE            ERROR          SIZE      DERIVATIVE 
   1  frac         8.64517e-01   8.43113e-03   8.64210e-04  -2.91909e-03
                               ERR DEF= 0.5
 EXTERNAL ERROR MATRIX.    NDIM=  25    NPAR=  1    ERR DEF=0.5
  7.110e-05 
 **********
 **   18 **HESSE         500
 **********
 COVARIANCE MATRIX CALCULATED SUCCESSFULLY
 FCN=2580.01 FROM HESSE     STATUS=OK              5 CALLS          21 TOTAL
                     EDM=5.18151e-09    STRATEGY= 1      ERROR MATRIX ACCURATE 
  EXT PARAMETER                                INTERNAL      INTERNAL  
  NO.   NAME      VALUE            ERROR       STEP SIZE       VALUE   
   1  frac         8.64517e-01   8.43113e-03   1.72842e-04   8.16909e-01
                               ERR DEF= 0.5
 EXTERNAL ERROR MATRIX.    NDIM=  25    NPAR=  1    ERR DEF=0.5
  7.110e-05 
[#1] INFO:Minization -- RooMinuit::optimizeConst: deactivating const optimization
[#1] INFO:Eval -- RooRealVar::setRange(sieie) new range named 'SR' created with bounds [0,2.67]
purity in SR:  0.870243381195 +/- 0.0084869759216
purity from fit:  0.864516866023 +/- 0.00843112856048
[?1034h[#1] INFO:DataHandling -- RooDataHist::adjustBinning(nonpromptDataHist): fit range of variable sieie expanded to nearest bin boundaries: [0,20] --> [0,20]
[#1] INFO:DataHandling -- RooDataHist::adjustBinning(dataHist): fit range of variable sieie expanded to nearest bin boundaries: [0,20] --> [0,20]
[#1] INFO:Minization -- RooMinuit::optimizeConst: activating const optimization
[#1] INFO:Minization --  The following expressions have been identified as constant and will be precalculated and cached: (promptPdf,nonpromptPdf)
 **********
 **   13 **MIGRAD         500           1
 **********
 FIRST CALL TO USER FUNCTION AT NEW START POINT, WITH IFLAG=4.
 START MIGRAD MINIMIZATION.  STRATEGY  1.  CONVERGENCE WHEN EDM .LT. 1.00e-03
 FCN=2374.72 FROM MIGRAD    STATUS=INITIATE        4 CALLS           5 TOTAL
                     EDM= unknown      STRATEGY= 1      NO ERROR MATRIX       
  EXT PARAMETER               CURRENT GUESS       STEP         FIRST   
  NO.   NAME      VALUE            ERROR          SIZE      DERIVATIVE 
   1  frac         8.50000e-01   7.50000e-02   2.16811e-01  -7.38455e+01
                               ERR DEF= 0.5
 MIGRAD MINIMIZATION HAS CONVERGED.
 MIGRAD WILL VERIFY CONVERGENCE AND ERROR MATRIX.
 COVARIANCE MATRIX CALCULATED SUCCESSFULLY
 FCN=2372.83 FROM MIGRAD    STATUS=CONVERGED      15 CALLS          16 TOTAL
                     EDM=1.43585e-09    STRATEGY= 1      ERROR MATRIX ACCURATE 
  EXT PARAMETER                                   STEP         FIRST   
  NO.   NAME      VALUE            ERROR          SIZE      DERIVATIVE 
   1  frac         8.67811e-01   8.89670e-03   8.83738e-04  -1.44240e-03
                               ERR DEF= 0.5
 EXTERNAL ERROR MATRIX.    NDIM=  25    NPAR=  1    ERR DEF=0.5
  7.917e-05 
 **********
 **   18 **HESSE         500
 **********
 COVARIANCE MATRIX CALCULATED SUCCESSFULLY
 FCN=2372.83 FROM HESSE     STATUS=OK              5 CALLS          21 TOTAL
                     EDM=1.43831e-09    STRATEGY= 1      ERROR MATRIX ACCURATE 
  EXT PARAMETER                                INTERNAL      INTERNAL  
  NO.   NAME      VALUE            ERROR       STEP SIZE       VALUE   
   1  frac         8.67811e-01   8.89670e-03   1.76748e-04   8.26583e-01
                               ERR DEF= 0.5
 EXTERNAL ERROR MATRIX.    NDIM=  25    NPAR=  1    ERR DEF=0.5
  7.917e-05 
[#1] INFO:Minization -- RooMinuit::optimizeConst: deactivating const optimization
[#1] INFO:Eval -- RooRealVar::setRange(sieie) new range named 'SR' created with bounds [0,2.67]
purity in SR:  0.876325737866 +/- 0.0089839946524
purity from fit:  0.867810608385 +/- 0.00889669848567
[?1034h[#1] INFO:DataHandling -- RooDataHist::adjustBinning(nonpromptDataHist): fit range of variable sieie expanded to nearest bin boundaries: [0,20] --> [0,20]
[#1] INFO:DataHandling -- RooDataHist::adjustBinning(dataHist): fit range of variable sieie expanded to nearest bin boundaries: [0,20] --> [0,20]
[#1] INFO:Minization -- RooMinuit::optimizeConst: activating const optimization
[#1] INFO:Minization --  The following expressions have been identified as constant and will be precalculated and cached: (promptPdf,nonpromptPdf)
 **********
 **   13 **MIGRAD         500           1
 **********
 FIRST CALL TO USER FUNCTION AT NEW START POINT, WITH IFLAG=4.
 START MIGRAD MINIMIZATION.  STRATEGY  1.  CONVERGENCE WHEN EDM .LT. 1.00e-03
 FCN=447.98 FROM MIGRAD    STATUS=INITIATE        4 CALLS           5 TOTAL
                     EDM= unknown      STRATEGY= 1      NO ERROR MATRIX       
  EXT PARAMETER               CURRENT GUESS       STEP         FIRST   
  NO.   NAME      VALUE            ERROR          SIZE      DERIVATIVE 
   1  frac         8.50000e-01   7.50000e-02   2.16811e-01  -7.02058e+01
                               ERR DEF= 0.5
 MIGRAD MINIMIZATION HAS CONVERGED.
 MIGRAD WILL VERIFY CONVERGENCE AND ERROR MATRIX.
 COVARIANCE MATRIX CALCULATED SUCCESSFULLY
 FCN=440.806 FROM MIGRAD    STATUS=CONVERGED      15 CALLS          16 TOTAL
                     EDM=1.39606e-06    STRATEGY= 1      ERROR MATRIX ACCURATE 
  EXT PARAMETER                                   STEP         FIRST   
  NO.   NAME      VALUE            ERROR          SIZE      DERIVATIVE 
   1  frac         9.14833e-01   1.48704e-02   7.72921e-04  -2.21682e-02
                               ERR DEF= 0.5
 EXTERNAL ERROR MATRIX.    NDIM=  25    NPAR=  1    ERR DEF=0.5
  2.213e-04 
 **********
 **   18 **HESSE         500
 **********
 COVARIANCE MATRIX CALCULATED SUCCESSFULLY
 FCN=440.806 FROM HESSE     STATUS=OK              5 CALLS          21 TOTAL
                     EDM=1.39609e-06    STRATEGY= 1      ERROR MATRIX ACCURATE 
  EXT PARAMETER                                INTERNAL      INTERNAL  
  NO.   NAME      VALUE            ERROR       STEP SIZE       VALUE   
   1  frac         9.14833e-01   1.48704e-02   1.54584e-04   9.78508e-01
                               ERR DEF= 0.5
 EXTERNAL ERROR MATRIX.    NDIM=  25    NPAR=  1    ERR DEF=0.5
  2.213e-04 
[#1] INFO:Minization -- RooMinuit::optimizeConst: deactivating const optimization
[#1] INFO:Eval -- RooRealVar::setRange(sieie) new range named 'SR' created with bounds [0,2.67]
purity in SR:  0.920278158926 +/- 0.0149589260167
purity from fit:  0.91483275039 +/- 0.0148704120575
[?1034h[#1] INFO:DataHandling -- RooDataHist::adjustBinning(nonpromptDataHist): fit range of variable sieie expanded to nearest bin boundaries: [0,20] --> [0,20]
[#1] INFO:DataHandling -- RooDataHist::adjustBinning(dataHist): fit range of variable sieie expanded to nearest bin boundaries: [0,20] --> [0,20]
[#1] INFO:Minization -- RooMinuit::optimizeConst: activating const optimization
[#1] INFO:Minization --  The following expressions have been identified as constant and will be precalculated and cached: (promptPdf,nonpromptPdf)
 **********
 **   13 **MIGRAD         500           1
 **********
 FIRST CALL TO USER FUNCTION AT NEW START POINT, WITH IFLAG=4.
 START MIGRAD MINIMIZATION.  STRATEGY  1.  CONVERGENCE WHEN EDM .LT. 1.00e-03
 FCN=152.854 FROM MIGRAD    STATUS=INITIATE        4 CALLS           5 TOTAL
                     EDM= unknown      STRATEGY= 1      NO ERROR MATRIX       
  EXT PARAMETER               CURRENT GUESS       STEP         FIRST   
  NO.   NAME      VALUE            ERROR          SIZE      DERIVATIVE 
   1  frac         8.50000e-01   7.50000e-02   2.16811e-01  -5.53990e+01
                               ERR DEF= 0.5
 MIGRAD MINIMIZATION HAS CONVERGED.
 MIGRAD WILL VERIFY CONVERGENCE AND ERROR MATRIX.
 COVARIANCE MATRIX CALCULATED SUCCESSFULLY
 FCN=142.699 FROM MIGRAD    STATUS=CONVERGED      15 CALLS          16 TOTAL
                     EDM=7.18165e-08    STRATEGY= 1      ERROR MATRIX ACCURATE 
  EXT PARAMETER                                   STEP         FIRST   
  NO.   NAME      VALUE            ERROR          SIZE      DERIVATIVE 
   1  frac         9.54943e-01   1.69245e-02   6.74983e-04  -3.28083e-03
                               ERR DEF= 0.5
 EXTERNAL ERROR MATRIX.    NDIM=  25    NPAR=  1    ERR DEF=0.5
  2.871e-04 
 **********
 **   18 **HESSE         500
 **********
 COVARIANCE MATRIX CALCULATED SUCCESSFULLY
 FCN=142.699 FROM HESSE     STATUS=OK              5 CALLS          21 TOTAL
                     EDM=7.18168e-08    STRATEGY= 1      ERROR MATRIX ACCURATE 
  EXT PARAMETER                                INTERNAL      INTERNAL  
  NO.   NAME      VALUE            ERROR       STEP SIZE       VALUE   
   1  frac         9.54943e-01   1.69245e-02   1.34997e-04   1.14301e+00
                               ERR DEF= 0.5
 EXTERNAL ERROR MATRIX.    NDIM=  25    NPAR=  1    ERR DEF=0.5
  2.871e-04 
[#1] INFO:Minization -- RooMinuit::optimizeConst: deactivating const optimization
[#1] INFO:Eval -- RooRealVar::setRange(sieie) new range named 'SR' created with bounds [0,2.67]
purity in SR:  0.957210641379 +/- 0.016964673343
purity from fit:  0.954942981393 +/- 0.016924483536
[?1034h[#1] INFO:DataHandling -- RooDataHist::adjustBinning(nonpromptDataHist): fit range of variable sieie expanded to nearest bin boundaries: [0,20] --> [0,20]
[#1] INFO:DataHandling -- RooDataHist::adjustBinning(dataHist): fit range of variable sieie expanded to nearest bin boundaries: [0,20] --> [0,20]
[#1] INFO:Minization -- RooMinuit::optimizeConst: activating const optimization
[#1] INFO:Minization --  The following expressions have been identified as constant and will be precalculated and cached: (promptPdf,nonpromptPdf)
 **********
 **   13 **MIGRAD         500           1
 **********
 FIRST CALL TO USER FUNCTION AT NEW START POINT, WITH IFLAG=4.
 START MIGRAD MINIMIZATION.  STRATEGY  1.  CONVERGENCE WHEN EDM .LT. 1.00e-03
 FCN=3638.45 FROM MIGRAD    STATUS=INITIATE        4 CALLS           5 TOTAL
                     EDM= unknown      STRATEGY= 1      NO ERROR MATRIX       
  EXT PARAMETER               CURRENT GUESS       STEP         FIRST   
  NO.   NAME      VALUE            ERROR          SIZE      DERIVATIVE 
   1  frac         8.50000e-01   7.50000e-02   2.16811e-01   7.36917e+02
                               ERR DEF= 0.5
 MIGRAD MINIMIZATION HAS CONVERGED.
 MIGRAD WILL VERIFY CONVERGENCE AND ERROR MATRIX.
 COVARIANCE MATRIX CALCULATED SUCCESSFULLY
 FCN=3431.65 FROM MIGRAD    STATUS=CONVERGED      16 CALLS          17 TOTAL
                     EDM=1.61946e-05    STRATEGY= 1      ERROR MATRIX ACCURATE 
  EXT PARAMETER                                   STEP         FIRST   
  NO.   NAME      VALUE            ERROR          SIZE      DERIVATIVE 
   1  frac         5.97789e-01   1.43928e-02   1.17953e-03   1.37081e-01
                               ERR DEF= 0.5
 EXTERNAL ERROR MATRIX.    NDIM=  25    NPAR=  1    ERR DEF=0.5
  2.072e-04 
 **********
 **   18 **HESSE         500
 **********
 COVARIANCE MATRIX CALCULATED SUCCESSFULLY
 FCN=3431.65 FROM HESSE     STATUS=OK              5 CALLS          22 TOTAL
                     EDM=1.61938e-05    STRATEGY= 1      ERROR MATRIX ACCURATE 
  EXT PARAMETER                                INTERNAL      INTERNAL  
  NO.   NAME      VALUE            ERROR       STEP SIZE       VALUE   
   1  frac         5.97789e-01   1.43928e-02   2.35906e-04   1.96846e-01
                               ERR DEF= 0.5
 EXTERNAL ERROR MATRIX.    NDIM=  25    NPAR=  1    ERR DEF=0.5
  2.072e-04 
[#1] INFO:Minization -- RooMinuit::optimizeConst: deactivating const optimization
[#1] INFO:Eval -- RooRealVar::setRange(sieie) new range named 'SR' created with bounds [0,2.67]
purity in SR:  0.694123474718 +/- 0.0167122321199
purity from fit:  0.597788706061 +/- 0.0143928047073
[?1034h[#1] INFO:DataHandling -- RooDataHist::adjustBinning(nonpromptDataHist): fit range of variable sieie expanded to nearest bin boundaries: [0,20] --> [0,20]
[#1] INFO:DataHandling -- RooDataHist::adjustBinning(dataHist): fit range of variable sieie expanded to nearest bin boundaries: [0,20] --> [0,20]
[#1] INFO:Minization -- RooMinuit::optimizeConst: activating const optimization
[#1] INFO:Minization --  The following expressions have been identified as constant and will be precalculated and cached: (promptPdf,nonpromptPdf)
 **********
 **   13 **MIGRAD         500           1
 **********
 FIRST CALL TO USER FUNCTION AT NEW START POINT, WITH IFLAG=4.
 START MIGRAD MINIMIZATION.  STRATEGY  1.  CONVERGENCE WHEN EDM .LT. 1.00e-03
 FCN=3140.26 FROM MIGRAD    STATUS=INITIATE        4 CALLS           5 TOTAL
                     EDM= unknown      STRATEGY= 1      NO ERROR MATRIX       
  EXT PARAMETER               CURRENT GUESS       STEP         FIRST   
  NO.   NAME      VALUE            ERROR          SIZE      DERIVATIVE 
   1  frac         8.50000e-01   7.50000e-02   2.16811e-01   5.98855e+02
                               ERR DEF= 0.5
 MIGRAD MINIMIZATION HAS CONVERGED.
 MIGRAD WILL VERIFY CONVERGENCE AND ERROR MATRIX.
 COVARIANCE MATRIX CALCULATED SUCCESSFULLY
 FCN=2977.52 FROM MIGRAD    STATUS=CONVERGED      16 CALLS          17 TOTAL
                     EDM=3.6032e-07    STRATEGY= 1      ERROR MATRIX ACCURATE 
  EXT PARAMETER                                   STEP         FIRST   
  NO.   NAME      VALUE            ERROR          SIZE      DERIVATIVE 
   1  frac         6.10014e-01   1.52742e-02   1.17752e-03   1.91650e-02
                               ERR DEF= 0.5
 EXTERNAL ERROR MATRIX.    NDIM=  25    NPAR=  1    ERR DEF=0.5
  2.334e-04 
 **********
 **   18 **HESSE         500
 **********
 COVARIANCE MATRIX CALCULATED SUCCESSFULLY
 FCN=2977.52 FROM HESSE     STATUS=OK              5 CALLS          22 TOTAL
                     EDM=3.60247e-07    STRATEGY= 1      ERROR MATRIX ACCURATE 
  EXT PARAMETER                                INTERNAL      INTERNAL  
  NO.   NAME      VALUE            ERROR       STEP SIZE       VALUE   
   1  frac         6.10014e-01   1.52742e-02   2.35504e-04   2.21843e-01
                               ERR DEF= 0.5
 EXTERNAL ERROR MATRIX.    NDIM=  25    NPAR=  1    ERR DEF=0.5
  2.334e-04 
[#1] INFO:Minization -- RooMinuit::optimizeConst: deactivating const optimization
[#1] INFO:Eval -- RooRealVar::setRange(sieie) new range named 'SR' created with bounds [0,2.67]
purity in SR:  0.770365919534 +/- 0.0192893086086
purity from fit:  0.610014105131 +/- 0.0152742353096
[?1034h[#1] INFO:DataHandling -- RooDataHist::adjustBinning(nonpromptDataHist): fit range of variable sieie expanded to nearest bin boundaries: [0,20] --> [0,20]
[#1] INFO:DataHandling -- RooDataHist::adjustBinning(dataHist): fit range of variable sieie expanded to nearest bin boundaries: [0,20] --> [0,20]
[#1] INFO:Minization -- RooMinuit::optimizeConst: activating const optimization
[#1] INFO:Minization --  The following expressions have been identified as constant and will be precalculated and cached: (promptPdf,nonpromptPdf)
 **********
 **   13 **MIGRAD         500           1
 **********
 FIRST CALL TO USER FUNCTION AT NEW START POINT, WITH IFLAG=4.
 START MIGRAD MINIMIZATION.  STRATEGY  1.  CONVERGENCE WHEN EDM .LT. 1.00e-03
 FCN=586.869 FROM MIGRAD    STATUS=INITIATE        4 CALLS           5 TOTAL
                     EDM= unknown      STRATEGY= 1      NO ERROR MATRIX       
  EXT PARAMETER               CURRENT GUESS       STEP         FIRST   
  NO.   NAME      VALUE            ERROR          SIZE      DERIVATIVE 
   1  frac         8.50000e-01   7.50000e-02   2.16811e-01   1.23823e+02
                               ERR DEF= 0.5
 MIGRAD MINIMIZATION HAS CONVERGED.
 MIGRAD WILL VERIFY CONVERGENCE AND ERROR MATRIX.
 COVARIANCE MATRIX CALCULATED SUCCESSFULLY
 FCN=556.116 FROM MIGRAD    STATUS=CONVERGED      17 CALLS          18 TOTAL
                     EDM=1.86976e-07    STRATEGY= 1      ERROR MATRIX ACCURATE 
  EXT PARAMETER                                   STEP         FIRST   
  NO.   NAME      VALUE            ERROR          SIZE      DERIVATIVE 
   1  frac         6.28355e-01   3.27733e-02   1.10211e-03   6.37097e-03
                               ERR DEF= 0.5
 EXTERNAL ERROR MATRIX.    NDIM=  25    NPAR=  1    ERR DEF=0.5
  1.076e-03 
 **********
 **   18 **HESSE         500
 **********
 COVARIANCE MATRIX CALCULATED SUCCESSFULLY
 FCN=556.116 FROM HESSE     STATUS=OK              5 CALLS          23 TOTAL
                     EDM=1.86947e-07    STRATEGY= 1      ERROR MATRIX ACCURATE 
  EXT PARAMETER                                INTERNAL      INTERNAL  
  NO.   NAME      VALUE            ERROR       STEP SIZE       VALUE   
   1  frac         6.28355e-01   3.27733e-02   2.20421e-04   2.59616e-01
                               ERR DEF= 0.5
 EXTERNAL ERROR MATRIX.    NDIM=  25    NPAR=  1    ERR DEF=0.5
  1.076e-03 
[#1] INFO:Minization -- RooMinuit::optimizeConst: deactivating const optimization
[#1] INFO:Eval -- RooRealVar::setRange(sieie) new range named 'SR' created with bounds [0,2.67]
purity in SR:  0.802622862685 +/- 0.0418626672823
purity from fit:  0.628354553011 +/- 0.0327732971623
[?1034h[#1] INFO:DataHandling -- RooDataHist::adjustBinning(nonpromptDataHist): fit range of variable sieie expanded to nearest bin boundaries: [0,20] --> [0,20]
[#1] INFO:DataHandling -- RooDataHist::adjustBinning(dataHist): fit range of variable sieie expanded to nearest bin boundaries: [0,20] --> [0,20]
[#1] INFO:Minization -- RooMinuit::optimizeConst: activating const optimization
[#1] INFO:Minization --  The following expressions have been identified as constant and will be precalculated and cached: (promptPdf,nonpromptPdf)
 **********
 **   13 **MIGRAD         500           1
 **********
 FIRST CALL TO USER FUNCTION AT NEW START POINT, WITH IFLAG=4.
 START MIGRAD MINIMIZATION.  STRATEGY  1.  CONVERGENCE WHEN EDM .LT. 1.00e-03
 FCN=144.962 FROM MIGRAD    STATUS=INITIATE        4 CALLS           5 TOTAL
                     EDM= unknown      STRATEGY= 1      NO ERROR MATRIX       
  EXT PARAMETER               CURRENT GUESS       STEP         FIRST   
  NO.   NAME      VALUE            ERROR          SIZE      DERIVATIVE 
   1  frac         8.50000e-01   7.50000e-02   2.16811e-01   2.90526e+01
                               ERR DEF= 0.5
 MIGRAD MINIMIZATION HAS CONVERGED.
 MIGRAD WILL VERIFY CONVERGENCE AND ERROR MATRIX.
 COVARIANCE MATRIX CALCULATED SUCCESSFULLY
 FCN=139.523 FROM MIGRAD    STATUS=CONVERGED      17 CALLS          18 TOTAL
                     EDM=1.50955e-09    STRATEGY= 1      ERROR MATRIX ACCURATE 
  EXT PARAMETER                                   STEP         FIRST   
  NO.   NAME      VALUE            ERROR          SIZE      DERIVATIVE 
   1  frac         6.90989e-01   5.46606e-02   9.67684e-04   3.27683e-04
                               ERR DEF= 0.5
 EXTERNAL ERROR MATRIX.    NDIM=  25    NPAR=  1    ERR DEF=0.5
  3.002e-03 
 **********
 **   18 **HESSE         500
 **********
 COVARIANCE MATRIX CALCULATED SUCCESSFULLY
 FCN=139.523 FROM HESSE     STATUS=OK              5 CALLS          23 TOTAL
                     EDM=1.50864e-09    STRATEGY= 1      ERROR MATRIX ACCURATE 
  EXT PARAMETER                                INTERNAL      INTERNAL  
  NO.   NAME      VALUE            ERROR       STEP SIZE       VALUE   
   1  frac         6.90989e-01   5.46606e-02   1.93537e-04   3.91935e-01
                               ERR DEF= 0.5
 EXTERNAL ERROR MATRIX.    NDIM=  25    NPAR=  1    ERR DEF=0.5
  3.002e-03 
[#1] INFO:Minization -- RooMinuit::optimizeConst: deactivating const optimization
[#1] INFO:Eval -- RooRealVar::setRange(sieie) new range named 'SR' created with bounds [0,2.67]
purity in SR:  0.83594603866 +/- 0.0661274553351
purity from fit:  0.69098873528 +/- 0.0546606175711
