[?1034h######################
      Trigger         
HLT_Photon175_v3
######################
[#1] INFO:DataHandling -- RooDataHist::adjustBinning(promptDataHist): fit range of variable sieie expanded to nearest bin boundaries: [0,20] --> [0,20]
[#1] INFO:DataHandling -- RooDataHist::adjustBinning(nonpromptDataHist): fit range of variable sieie expanded to nearest bin boundaries: [0,20] --> [0,20]
[#1] INFO:DataHandling -- RooDataHist::adjustBinning(nonpromptHist): fit range of variable sieie expanded to nearest bin boundaries: [0,20] --> [0,20]
[#1] INFO:DataHandling -- RooDataHist::adjustBinning(dataHist): fit range of variable sieie expanded to nearest bin boundaries: [0,20] --> [0,20]
[#1] INFO:Minization -- RooMinuit::optimizeConst: activating const optimization
[#1] INFO:Minization --  The following expressions have been identified as constant and will be precalculated and cached: (promptPdf,nonpromptPdf)
 **********
 **   13 **MIGRAD         500           1
 **********
 FIRST CALL TO USER FUNCTION AT NEW START POINT, WITH IFLAG=4.
 START MIGRAD MINIMIZATION.  STRATEGY  1.  CONVERGENCE WHEN EDM .LT. 1.00e-03
 FCN=3687.12 FROM MIGRAD    STATUS=INITIATE        4 CALLS           5 TOTAL
                     EDM= unknown      STRATEGY= 1      NO ERROR MATRIX       
  EXT PARAMETER               CURRENT GUESS       STEP         FIRST   
  NO.   NAME      VALUE            ERROR          SIZE      DERIVATIVE 
   1  frac         8.50000e-01   7.50000e-02   2.16811e-01  -2.18428e+02
                               ERR DEF= 0.5
 MIGRAD MINIMIZATION HAS CONVERGED.
 MIGRAD WILL VERIFY CONVERGENCE AND ERROR MATRIX.
 COVARIANCE MATRIX CALCULATED SUCCESSFULLY
 FCN=3676.34 FROM MIGRAD    STATUS=CONVERGED      15 CALLS          16 TOTAL
                     EDM=2.63084e-07    STRATEGY= 1      ERROR MATRIX ACCURATE 
  EXT PARAMETER                                   STEP         FIRST   
  NO.   NAME      VALUE            ERROR          SIZE      DERIVATIVE 
   1  frac         8.83360e-01   6.77382e-03   8.83581e-04  -2.43038e-02
                               ERR DEF= 0.5
 EXTERNAL ERROR MATRIX.    NDIM=  25    NPAR=  1    ERR DEF=0.5
  4.589e-05 
 **********
 **   18 **HESSE         500
 **********
 COVARIANCE MATRIX CALCULATED SUCCESSFULLY
 FCN=3676.34 FROM HESSE     STATUS=OK              5 CALLS          21 TOTAL
                     EDM=2.63139e-07    STRATEGY= 1      ERROR MATRIX ACCURATE 
  EXT PARAMETER                                INTERNAL      INTERNAL  
  NO.   NAME      VALUE            ERROR       STEP SIZE       VALUE   
   1  frac         8.83360e-01   6.77382e-03   1.76716e-04   8.73716e-01
                               ERR DEF= 0.5
 EXTERNAL ERROR MATRIX.    NDIM=  25    NPAR=  1    ERR DEF=0.5
  4.589e-05 
[#1] INFO:Minization -- RooMinuit::optimizeConst: deactivating const optimization
[#1] INFO:Minization -- RooMinuit::optimizeConst: activating const optimization
[#1] INFO:Minization --  The following expressions have been identified as constant and will be precalculated and cached: (promptPdf,nonpromptDataPdf)
 **********
 **   13 **MIGRAD         500           1
 **********
 FIRST CALL TO USER FUNCTION AT NEW START POINT, WITH IFLAG=4.
 START MIGRAD MINIMIZATION.  STRATEGY  1.  CONVERGENCE WHEN EDM .LT. 1.00e-03
 FCN=3677.27 FROM MIGRAD    STATUS=INITIATE        4 CALLS           5 TOTAL
                     EDM= unknown      STRATEGY= 1      NO ERROR MATRIX       
  EXT PARAMETER               CURRENT GUESS       STEP         FIRST   
  NO.   NAME      VALUE            ERROR          SIZE      DERIVATIVE 
   1  fracALT      8.50000e-01   7.50000e-02   2.16811e-01  -2.07919e+02
                               ERR DEF= 0.5
 MIGRAD MINIMIZATION HAS CONVERGED.
 MIGRAD WILL VERIFY CONVERGENCE AND ERROR MATRIX.
 COVARIANCE MATRIX CALCULATED SUCCESSFULLY
 FCN=3667.48 FROM MIGRAD    STATUS=CONVERGED      15 CALLS          16 TOTAL
                     EDM=4.29741e-07    STRATEGY= 1      ERROR MATRIX ACCURATE 
  EXT PARAMETER                                   STEP         FIRST   
  NO.   NAME      VALUE            ERROR          SIZE      DERIVATIVE 
   1  fracALT      8.81903e-01   6.81258e-03   8.82768e-04  -3.10520e-02
                               ERR DEF= 0.5
 EXTERNAL ERROR MATRIX.    NDIM=  25    NPAR=  1    ERR DEF=0.5
  4.642e-05 
 **********
 **   18 **HESSE         500
 **********
 COVARIANCE MATRIX CALCULATED SUCCESSFULLY
 FCN=3667.48 FROM HESSE     STATUS=OK              5 CALLS          21 TOTAL
                     EDM=4.29824e-07    STRATEGY= 1      ERROR MATRIX ACCURATE 
  EXT PARAMETER                                INTERNAL      INTERNAL  
  NO.   NAME      VALUE            ERROR       STEP SIZE       VALUE   
   1  fracALT      8.81903e-01   6.81258e-03   1.76554e-04   8.69188e-01
                               ERR DEF= 0.5
 EXTERNAL ERROR MATRIX.    NDIM=  25    NPAR=  1    ERR DEF=0.5
  4.642e-05 
[#1] INFO:Minization -- RooMinuit::optimizeConst: deactivating const optimization
[#1] INFO:Eval -- RooRealVar::setRange(sieie) new range named 'SR' created with bounds [0,2.67]
purity in SR:  0.887648074094 +/- 0.00680670444105
purity from fit:  0.883360036621 +/- 0.00677382271172
ALT purity in SR:  0.886394460042 +/- 0.00685859705466
ALT purity from fit:  0.881902569546 +/- 0.00681258170222
[?1034h######################
      Trigger         
HLT_Photon175_v3
######################
[#1] INFO:DataHandling -- RooDataHist::adjustBinning(promptDataHist): fit range of variable sieie expanded to nearest bin boundaries: [0,20] --> [0,20]
[#1] INFO:DataHandling -- RooDataHist::adjustBinning(nonpromptDataHist): fit range of variable sieie expanded to nearest bin boundaries: [0,20] --> [0,20]
[#1] INFO:DataHandling -- RooDataHist::adjustBinning(nonpromptHist): fit range of variable sieie expanded to nearest bin boundaries: [0,20] --> [0,20]
[#1] INFO:DataHandling -- RooDataHist::adjustBinning(dataHist): fit range of variable sieie expanded to nearest bin boundaries: [0,20] --> [0,20]
[#1] INFO:Minization -- RooMinuit::optimizeConst: activating const optimization
[#1] INFO:Minization --  The following expressions have been identified as constant and will be precalculated and cached: (promptPdf,nonpromptPdf)
 **********
 **   13 **MIGRAD         500           1
 **********
 FIRST CALL TO USER FUNCTION AT NEW START POINT, WITH IFLAG=4.
 START MIGRAD MINIMIZATION.  STRATEGY  1.  CONVERGENCE WHEN EDM .LT. 1.00e-03
 FCN=4528.18 FROM MIGRAD    STATUS=INITIATE        4 CALLS           5 TOTAL
                     EDM= unknown      STRATEGY= 1      NO ERROR MATRIX       
  EXT PARAMETER               CURRENT GUESS       STEP         FIRST   
  NO.   NAME      VALUE            ERROR          SIZE      DERIVATIVE 
   1  frac         8.50000e-01   7.50000e-02   2.16811e-01  -6.52792e+01
                               ERR DEF= 0.5
 MIGRAD MINIMIZATION HAS CONVERGED.
 MIGRAD WILL VERIFY CONVERGENCE AND ERROR MATRIX.
 COVARIANCE MATRIX CALCULATED SUCCESSFULLY
 FCN=4527.39 FROM MIGRAD    STATUS=CONVERGED      12 CALLS          13 TOTAL
                     EDM=2.15013e-05    STRATEGY= 1      ERROR MATRIX ACCURATE 
  EXT PARAMETER                                   STEP         FIRST   
  NO.   NAME      VALUE            ERROR          SIZE      DERIVATIVE 
   1  frac         8.58611e-01   6.71205e-03   8.98509e-04   2.40690e-01
                               ERR DEF= 0.5
 EXTERNAL ERROR MATRIX.    NDIM=  25    NPAR=  1    ERR DEF=0.5
  4.506e-05 
 **********
 **   18 **HESSE         500
 **********
 COVARIANCE MATRIX CALCULATED SUCCESSFULLY
 FCN=4527.39 FROM HESSE     STATUS=OK              5 CALLS          18 TOTAL
                     EDM=2.15006e-05    STRATEGY= 1      ERROR MATRIX ACCURATE 
  EXT PARAMETER                                INTERNAL      INTERNAL  
  NO.   NAME      VALUE            ERROR       STEP SIZE       VALUE   
   1  frac         8.58611e-01   6.71205e-03   1.79702e-04   7.99807e-01
                               ERR DEF= 0.5
 EXTERNAL ERROR MATRIX.    NDIM=  25    NPAR=  1    ERR DEF=0.5
  4.506e-05 
[#1] INFO:Minization -- RooMinuit::optimizeConst: deactivating const optimization
[#1] INFO:Minization -- RooMinuit::optimizeConst: activating const optimization
[#1] INFO:Minization --  The following expressions have been identified as constant and will be precalculated and cached: (promptPdf,nonpromptDataPdf)
 **********
 **   13 **MIGRAD         500           1
 **********
 FIRST CALL TO USER FUNCTION AT NEW START POINT, WITH IFLAG=4.
 START MIGRAD MINIMIZATION.  STRATEGY  1.  CONVERGENCE WHEN EDM .LT. 1.00e-03
 FCN=4545.2 FROM MIGRAD    STATUS=INITIATE        4 CALLS           5 TOTAL
                     EDM= unknown      STRATEGY= 1      NO ERROR MATRIX       
  EXT PARAMETER               CURRENT GUESS       STEP         FIRST   
  NO.   NAME      VALUE            ERROR          SIZE      DERIVATIVE 
   1  fracALT      8.50000e-01   7.50000e-02   2.16811e-01  -5.33517e+01
                               ERR DEF= 0.5
 MIGRAD MINIMIZATION HAS CONVERGED.
 MIGRAD WILL VERIFY CONVERGENCE AND ERROR MATRIX.
 COVARIANCE MATRIX CALCULATED SUCCESSFULLY
 FCN=4544.65 FROM MIGRAD    STATUS=CONVERGED      12 CALLS          13 TOTAL
                     EDM=9.47178e-06    STRATEGY= 1      ERROR MATRIX ACCURATE 
  EXT PARAMETER                                   STEP         FIRST   
  NO.   NAME      VALUE            ERROR          SIZE      DERIVATIVE 
   1  fracALT      8.57238e-01   6.83284e-03   9.12048e-04   1.57559e-01
                               ERR DEF= 0.5
 EXTERNAL ERROR MATRIX.    NDIM=  25    NPAR=  1    ERR DEF=0.5
  4.669e-05 
 **********
 **   18 **HESSE         500
 **********
 COVARIANCE MATRIX CALCULATED SUCCESSFULLY
 FCN=4544.65 FROM HESSE     STATUS=OK              5 CALLS          18 TOTAL
                     EDM=9.47129e-06    STRATEGY= 1      ERROR MATRIX ACCURATE 
  EXT PARAMETER                                INTERNAL      INTERNAL  
  NO.   NAME      VALUE            ERROR       STEP SIZE       VALUE   
   1  fracALT      8.57238e-01   6.83284e-03   1.82410e-04   7.95874e-01
                               ERR DEF= 0.5
 EXTERNAL ERROR MATRIX.    NDIM=  25    NPAR=  1    ERR DEF=0.5
  4.669e-05 
[#1] INFO:Minization -- RooMinuit::optimizeConst: deactivating const optimization
[#1] INFO:Eval -- RooRealVar::setRange(sieie) new range named 'SR' created with bounds [0,2.67]
purity in SR:  0.865039964093 +/- 0.00676230780276
purity from fit:  0.858610717173 +/- 0.00671204822122
ALT purity in SR:  0.862293052881 +/- 0.00688414354134
ALT purity from fit:  0.857237841309 +/- 0.00683284222949
[?1034h######################
      Trigger         
HLT_Photon175_v3
######################
[#1] INFO:DataHandling -- RooDataHist::adjustBinning(promptDataHist): fit range of variable sieie expanded to nearest bin boundaries: [0,20] --> [0,20]
[#1] INFO:DataHandling -- RooDataHist::adjustBinning(nonpromptDataHist): fit range of variable sieie expanded to nearest bin boundaries: [0,20] --> [0,20]
[#1] INFO:DataHandling -- RooDataHist::adjustBinning(nonpromptHist): fit range of variable sieie expanded to nearest bin boundaries: [0,20] --> [0,20]
[#1] INFO:DataHandling -- RooDataHist::adjustBinning(dataHist): fit range of variable sieie expanded to nearest bin boundaries: [0,20] --> [0,20]
[#1] INFO:Minization -- RooMinuit::optimizeConst: activating const optimization
[#1] INFO:Minization --  The following expressions have been identified as constant and will be precalculated and cached: (promptPdf,nonpromptPdf)
 **********
 **   13 **MIGRAD         500           1
 **********
 FIRST CALL TO USER FUNCTION AT NEW START POINT, WITH IFLAG=4.
 START MIGRAD MINIMIZATION.  STRATEGY  1.  CONVERGENCE WHEN EDM .LT. 1.00e-03
 FCN=7116.25 FROM MIGRAD    STATUS=INITIATE        4 CALLS           5 TOTAL
                     EDM= unknown      STRATEGY= 1      NO ERROR MATRIX       
  EXT PARAMETER               CURRENT GUESS       STEP         FIRST   
  NO.   NAME      VALUE            ERROR          SIZE      DERIVATIVE 
   1  frac         8.50000e-01   7.50000e-02   2.16811e-01  -1.87159e+02
                               ERR DEF= 0.5
 MIGRAD MINIMIZATION HAS CONVERGED.
 MIGRAD WILL VERIFY CONVERGENCE AND ERROR MATRIX.
 COVARIANCE MATRIX CALCULATED SUCCESSFULLY
 FCN=7112.15 FROM MIGRAD    STATUS=CONVERGED      15 CALLS          16 TOTAL
                     EDM=3.3744e-09    STRATEGY= 1      ERROR MATRIX ACCURATE 
  EXT PARAMETER                                   STEP         FIRST   
  NO.   NAME      VALUE            ERROR          SIZE      DERIVATIVE 
   1  frac         8.65268e-01   5.20601e-03   8.87979e-04  -3.80967e-03
                               ERR DEF= 0.5
 EXTERNAL ERROR MATRIX.    NDIM=  25    NPAR=  1    ERR DEF=0.5
  2.710e-05 
 **********
 **   18 **HESSE         500
 **********
 COVARIANCE MATRIX CALCULATED SUCCESSFULLY
 FCN=7112.15 FROM HESSE     STATUS=OK              5 CALLS          21 TOTAL
                     EDM=3.38242e-09    STRATEGY= 1      ERROR MATRIX ACCURATE 
  EXT PARAMETER                                INTERNAL      INTERNAL  
  NO.   NAME      VALUE            ERROR       STEP SIZE       VALUE   
   1  frac         8.65268e-01   5.20601e-03   1.77596e-04   8.19106e-01
                               ERR DEF= 0.5
 EXTERNAL ERROR MATRIX.    NDIM=  25    NPAR=  1    ERR DEF=0.5
  2.710e-05 
[#1] INFO:Minization -- RooMinuit::optimizeConst: deactivating const optimization
[#1] INFO:Minization -- RooMinuit::optimizeConst: activating const optimization
[#1] INFO:Minization --  The following expressions have been identified as constant and will be precalculated and cached: (promptPdf,nonpromptDataPdf)
 **********
 **   13 **MIGRAD         500           1
 **********
 FIRST CALL TO USER FUNCTION AT NEW START POINT, WITH IFLAG=4.
 START MIGRAD MINIMIZATION.  STRATEGY  1.  CONVERGENCE WHEN EDM .LT. 1.00e-03
 FCN=7128.55 FROM MIGRAD    STATUS=INITIATE        4 CALLS           5 TOTAL
                     EDM= unknown      STRATEGY= 1      NO ERROR MATRIX       
  EXT PARAMETER               CURRENT GUESS       STEP         FIRST   
  NO.   NAME      VALUE            ERROR          SIZE      DERIVATIVE 
   1  fracALT      8.50000e-01   7.50000e-02   2.16811e-01  -2.42988e+02
                               ERR DEF= 0.5
 MIGRAD MINIMIZATION HAS CONVERGED.
 MIGRAD WILL VERIFY CONVERGENCE AND ERROR MATRIX.
 COVARIANCE MATRIX CALCULATED SUCCESSFULLY
 FCN=7121.72 FROM MIGRAD    STATUS=CONVERGED      15 CALLS          16 TOTAL
                     EDM=1.77267e-08    STRATEGY= 1      ERROR MATRIX ACCURATE 
  EXT PARAMETER                                   STEP         FIRST   
  NO.   NAME      VALUE            ERROR          SIZE      DERIVATIVE 
   1  fracALT      8.69473e-01   5.10353e-03   8.82846e-04  -8.78832e-03
                               ERR DEF= 0.5
 EXTERNAL ERROR MATRIX.    NDIM=  25    NPAR=  1    ERR DEF=0.5
  2.605e-05 
 **********
 **   18 **HESSE         500
 **********
 COVARIANCE MATRIX CALCULATED SUCCESSFULLY
 FCN=7121.72 FROM HESSE     STATUS=OK              5 CALLS          21 TOTAL
                     EDM=1.77462e-08    STRATEGY= 1      ERROR MATRIX ACCURATE 
  EXT PARAMETER                                INTERNAL      INTERNAL  
  NO.   NAME      VALUE            ERROR       STEP SIZE       VALUE   
   1  fracALT      8.69473e-01   5.10353e-03   1.76569e-04   8.31503e-01
                               ERR DEF= 0.5
 EXTERNAL ERROR MATRIX.    NDIM=  25    NPAR=  1    ERR DEF=0.5
  2.605e-05 
[#1] INFO:Minization -- RooMinuit::optimizeConst: deactivating const optimization
[#1] INFO:Eval -- RooRealVar::setRange(sieie) new range named 'SR' created with bounds [0,2.67]
purity in SR:  0.874042705302 +/- 0.00525880626214
purity from fit:  0.865267757737 +/- 0.00520601050179
ALT purity in SR:  0.873859780013 +/- 0.00510447311884
ALT purity from fit:  0.869472532419 +/- 0.00510352659661
[?1034h######################
      Trigger         
HLT_Photon175_v3
######################
[#1] INFO:DataHandling -- RooDataHist::adjustBinning(promptDataHist): fit range of variable sieie expanded to nearest bin boundaries: [0,20] --> [0,20]
[#1] INFO:DataHandling -- RooDataHist::adjustBinning(nonpromptDataHist): fit range of variable sieie expanded to nearest bin boundaries: [0,20] --> [0,20]
[#1] INFO:DataHandling -- RooDataHist::adjustBinning(nonpromptHist): fit range of variable sieie expanded to nearest bin boundaries: [0,20] --> [0,20]
[#1] INFO:DataHandling -- RooDataHist::adjustBinning(dataHist): fit range of variable sieie expanded to nearest bin boundaries: [0,20] --> [0,20]
[#1] INFO:Minization -- RooMinuit::optimizeConst: activating const optimization
[#1] INFO:Minization --  The following expressions have been identified as constant and will be precalculated and cached: (promptPdf,nonpromptPdf)
 **********
 **   13 **MIGRAD         500           1
 **********
 FIRST CALL TO USER FUNCTION AT NEW START POINT, WITH IFLAG=4.
 START MIGRAD MINIMIZATION.  STRATEGY  1.  CONVERGENCE WHEN EDM .LT. 1.00e-03
 FCN=4005.78 FROM MIGRAD    STATUS=INITIATE        4 CALLS           5 TOTAL
                     EDM= unknown      STRATEGY= 1      NO ERROR MATRIX       
  EXT PARAMETER               CURRENT GUESS       STEP         FIRST   
  NO.   NAME      VALUE            ERROR          SIZE      DERIVATIVE 
   1  frac         8.50000e-01   7.50000e-02   2.16811e-01  -1.79139e+02
                               ERR DEF= 0.5
 MIGRAD MINIMIZATION HAS CONVERGED.
 MIGRAD WILL VERIFY CONVERGENCE AND ERROR MATRIX.
 COVARIANCE MATRIX CALCULATED SUCCESSFULLY
 FCN=3998.95 FROM MIGRAD    STATUS=CONVERGED      15 CALLS          16 TOTAL
                     EDM=3.24467e-08    STRATEGY= 1      ERROR MATRIX ACCURATE 
  EXT PARAMETER                                   STEP         FIRST   
  NO.   NAME      VALUE            ERROR          SIZE      DERIVATIVE 
   1  frac         8.76114e-01   6.76349e-03   8.96549e-04  -8.77355e-03
                               ERR DEF= 0.5
 EXTERNAL ERROR MATRIX.    NDIM=  25    NPAR=  1    ERR DEF=0.5
  4.575e-05 
 **********
 **   18 **HESSE         500
 **********
 COVARIANCE MATRIX CALCULATED SUCCESSFULLY
 FCN=3998.95 FROM HESSE     STATUS=OK              5 CALLS          21 TOTAL
                     EDM=3.24638e-08    STRATEGY= 1      ERROR MATRIX ACCURATE 
  EXT PARAMETER                                INTERNAL      INTERNAL  
  NO.   NAME      VALUE            ERROR       STEP SIZE       VALUE   
   1  frac         8.76114e-01   6.76349e-03   1.79310e-04   8.51438e-01
                               ERR DEF= 0.5
 EXTERNAL ERROR MATRIX.    NDIM=  25    NPAR=  1    ERR DEF=0.5
  4.575e-05 
[#1] INFO:Minization -- RooMinuit::optimizeConst: deactivating const optimization
[#1] INFO:Minization -- RooMinuit::optimizeConst: activating const optimization
[#1] INFO:Minization --  The following expressions have been identified as constant and will be precalculated and cached: (promptPdf,nonpromptDataPdf)
 **********
 **   13 **MIGRAD         500           1
 **********
 FIRST CALL TO USER FUNCTION AT NEW START POINT, WITH IFLAG=4.
 START MIGRAD MINIMIZATION.  STRATEGY  1.  CONVERGENCE WHEN EDM .LT. 1.00e-03
 FCN=4007.43 FROM MIGRAD    STATUS=INITIATE        4 CALLS           5 TOTAL
                     EDM= unknown      STRATEGY= 1      NO ERROR MATRIX       
  EXT PARAMETER               CURRENT GUESS       STEP         FIRST   
  NO.   NAME      VALUE            ERROR          SIZE      DERIVATIVE 
   1  fracALT      8.50000e-01   7.50000e-02   2.16811e-01   2.88814e+01
                               ERR DEF= 0.5
 MIGRAD MINIMIZATION HAS CONVERGED.
 MIGRAD WILL VERIFY CONVERGENCE AND ERROR MATRIX.
 COVARIANCE MATRIX CALCULATED SUCCESSFULLY
 FCN=4007.19 FROM MIGRAD    STATUS=CONVERGED      12 CALLS          13 TOTAL
                     EDM=2.50155e-06    STRATEGY= 1      ERROR MATRIX ACCURATE 
  EXT PARAMETER                                   STEP         FIRST   
  NO.   NAME      VALUE            ERROR          SIZE      DERIVATIVE 
   1  fracALT      8.44074e-01   8.68070e-03   1.04371e-03   6.60934e-02
                               ERR DEF= 0.5
 EXTERNAL ERROR MATRIX.    NDIM=  25    NPAR=  1    ERR DEF=0.5
  7.537e-05 
 **********
 **   18 **HESSE         500
 **********
 COVARIANCE MATRIX CALCULATED SUCCESSFULLY
 FCN=4007.19 FROM HESSE     STATUS=OK              5 CALLS          18 TOTAL
                     EDM=2.50129e-06    STRATEGY= 1      ERROR MATRIX ACCURATE 
  EXT PARAMETER                                INTERNAL      INTERNAL  
  NO.   NAME      VALUE            ERROR       STEP SIZE       VALUE   
   1  fracALT      8.44074e-01   8.68070e-03   2.08741e-04   7.58934e-01
                               ERR DEF= 0.5
 EXTERNAL ERROR MATRIX.    NDIM=  25    NPAR=  1    ERR DEF=0.5
  7.537e-05 
[#1] INFO:Minization -- RooMinuit::optimizeConst: deactivating const optimization
[#1] INFO:Eval -- RooRealVar::setRange(sieie) new range named 'SR' created with bounds [0,2.67]
purity in SR:  0.884512052306 +/- 0.00682831680582
purity from fit:  0.876114344842 +/- 0.00676348760778
ALT purity in SR:  0.848900898469 +/- 0.00906172762035
ALT purity from fit:  0.844074336425 +/- 0.00868069728096
[?1034h######################
      Trigger         
HLT_Photon175_v3
######################
[#1] INFO:DataHandling -- RooDataHist::adjustBinning(promptDataHist): fit range of variable sieie expanded to nearest bin boundaries: [0,20] --> [0,20]
[#1] INFO:DataHandling -- RooDataHist::adjustBinning(nonpromptDataHist): fit range of variable sieie expanded to nearest bin boundaries: [0,20] --> [0,20]
[#1] INFO:DataHandling -- RooDataHist::adjustBinning(nonpromptHist): fit range of variable sieie expanded to nearest bin boundaries: [0,20] --> [0,20]
[#1] INFO:DataHandling -- RooDataHist::adjustBinning(dataHist): fit range of variable sieie expanded to nearest bin boundaries: [0,20] --> [0,20]
[#1] INFO:Minization -- RooMinuit::optimizeConst: activating const optimization
[#1] INFO:Minization --  The following expressions have been identified as constant and will be precalculated and cached: (promptPdf,nonpromptPdf)
 **********
 **   13 **MIGRAD         500           1
 **********
 FIRST CALL TO USER FUNCTION AT NEW START POINT, WITH IFLAG=4.
 START MIGRAD MINIMIZATION.  STRATEGY  1.  CONVERGENCE WHEN EDM .LT. 1.00e-03
 FCN=1555.12 FROM MIGRAD    STATUS=INITIATE        4 CALLS           5 TOTAL
                     EDM= unknown      STRATEGY= 1      NO ERROR MATRIX       
  EXT PARAMETER               CURRENT GUESS       STEP         FIRST   
  NO.   NAME      VALUE            ERROR          SIZE      DERIVATIVE 
   1  frac         8.50000e-01   7.50000e-02   2.16811e-01  -2.20672e+02
                               ERR DEF= 0.5
 MIGRAD MINIMIZATION HAS CONVERGED.
 MIGRAD WILL VERIFY CONVERGENCE AND ERROR MATRIX.
 COVARIANCE MATRIX CALCULATED SUCCESSFULLY
 FCN=1533.75 FROM MIGRAD    STATUS=CONVERGED      15 CALLS          16 TOTAL
                     EDM=1.53529e-05    STRATEGY= 1      ERROR MATRIX ACCURATE 
  EXT PARAMETER                                   STEP         FIRST   
  NO.   NAME      VALUE            ERROR          SIZE      DERIVATIVE 
   1  frac         9.11724e-01   8.25771e-03   7.86813e-04  -1.34595e-01
                               ERR DEF= 0.5
 EXTERNAL ERROR MATRIX.    NDIM=  25    NPAR=  1    ERR DEF=0.5
  6.821e-05 
 **********
 **   18 **HESSE         500
 **********
 COVARIANCE MATRIX CALCULATED SUCCESSFULLY
 FCN=1533.75 FROM HESSE     STATUS=OK              5 CALLS          21 TOTAL
                     EDM=1.53533e-05    STRATEGY= 1      ERROR MATRIX ACCURATE 
  EXT PARAMETER                                INTERNAL      INTERNAL  
  NO.   NAME      VALUE            ERROR       STEP SIZE       VALUE   
   1  frac         9.11724e-01   8.25771e-03   1.57363e-04   9.67460e-01
                               ERR DEF= 0.5
 EXTERNAL ERROR MATRIX.    NDIM=  25    NPAR=  1    ERR DEF=0.5
  6.821e-05 
[#1] INFO:Minization -- RooMinuit::optimizeConst: deactivating const optimization
[#1] INFO:Minization -- RooMinuit::optimizeConst: activating const optimization
[#1] INFO:Minization --  The following expressions have been identified as constant and will be precalculated and cached: (promptPdf,nonpromptDataPdf)
 **********
 **   13 **MIGRAD         500           1
 **********
 FIRST CALL TO USER FUNCTION AT NEW START POINT, WITH IFLAG=4.
 START MIGRAD MINIMIZATION.  STRATEGY  1.  CONVERGENCE WHEN EDM .LT. 1.00e-03
 FCN=1543.39 FROM MIGRAD    STATUS=INITIATE        4 CALLS           5 TOTAL
                     EDM= unknown      STRATEGY= 1      NO ERROR MATRIX       
  EXT PARAMETER               CURRENT GUESS       STEP         FIRST   
  NO.   NAME      VALUE            ERROR          SIZE      DERIVATIVE 
   1  fracALT      8.50000e-01   7.50000e-02   2.16811e-01  -1.00207e+02
                               ERR DEF= 0.5
 MIGRAD MINIMIZATION HAS CONVERGED.
 MIGRAD WILL VERIFY CONVERGENCE AND ERROR MATRIX.
 COVARIANCE MATRIX CALCULATED SUCCESSFULLY
 FCN=1537.52 FROM MIGRAD    STATUS=CONVERGED      15 CALLS          16 TOTAL
                     EDM=5.65137e-06    STRATEGY= 1      ERROR MATRIX ACCURATE 
  EXT PARAMETER                                   STEP         FIRST   
  NO.   NAME      VALUE            ERROR          SIZE      DERIVATIVE 
   1  fracALT      8.88991e-01   1.05526e-02   9.09206e-04  -7.07559e-02
                               ERR DEF= 0.5
 EXTERNAL ERROR MATRIX.    NDIM=  25    NPAR=  1    ERR DEF=0.5
  1.114e-04 
 **********
 **   18 **HESSE         500
 **********
 COVARIANCE MATRIX CALCULATED SUCCESSFULLY
 FCN=1537.52 FROM HESSE     STATUS=OK              5 CALLS          21 TOTAL
                     EDM=5.65172e-06    STRATEGY= 1      ERROR MATRIX ACCURATE 
  EXT PARAMETER                                INTERNAL      INTERNAL  
  NO.   NAME      VALUE            ERROR       STEP SIZE       VALUE   
   1  fracALT      8.88991e-01   1.05526e-02   1.81841e-04   8.91447e-01
                               ERR DEF= 0.5
 EXTERNAL ERROR MATRIX.    NDIM=  25    NPAR=  1    ERR DEF=0.5
  1.114e-04 
[#1] INFO:Minization -- RooMinuit::optimizeConst: deactivating const optimization
[#1] INFO:Eval -- RooRealVar::setRange(sieie) new range named 'SR' created with bounds [0,2.67]
purity in SR:  0.918450970555 +/- 0.00831863652247
purity from fit:  0.911723636608 +/- 0.00825770540294
ALT purity in SR:  0.894443669607 +/- 0.0108888488559
ALT purity from fit:  0.888990784273 +/- 0.0105526194905
[?1034h######################
      Trigger         
HLT_Photon175_v3
######################
[#1] INFO:DataHandling -- RooDataHist::adjustBinning(promptDataHist): fit range of variable sieie expanded to nearest bin boundaries: [0,20] --> [0,20]
[#1] INFO:DataHandling -- RooDataHist::adjustBinning(nonpromptDataHist): fit range of variable sieie expanded to nearest bin boundaries: [0,20] --> [0,20]
[#1] INFO:DataHandling -- RooDataHist::adjustBinning(nonpromptHist): fit range of variable sieie expanded to nearest bin boundaries: [0,20] --> [0,20]
[#1] INFO:DataHandling -- RooDataHist::adjustBinning(dataHist): fit range of variable sieie expanded to nearest bin boundaries: [0,20] --> [0,20]
[#1] INFO:Minization -- RooMinuit::optimizeConst: activating const optimization
[#1] INFO:Minization --  The following expressions have been identified as constant and will be precalculated and cached: (promptPdf,nonpromptPdf)
 **********
 **   13 **MIGRAD         500           1
 **********
 FIRST CALL TO USER FUNCTION AT NEW START POINT, WITH IFLAG=4.
 START MIGRAD MINIMIZATION.  STRATEGY  1.  CONVERGENCE WHEN EDM .LT. 1.00e-03
 FCN=810.478 FROM MIGRAD    STATUS=INITIATE        4 CALLS           5 TOTAL
                     EDM= unknown      STRATEGY= 1      NO ERROR MATRIX       
  EXT PARAMETER               CURRENT GUESS       STEP         FIRST   
  NO.   NAME      VALUE            ERROR          SIZE      DERIVATIVE 
   1  frac         8.50000e-01   7.50000e-02   2.16811e-01  -1.30697e+02
                               ERR DEF= 0.5
 MIGRAD MINIMIZATION HAS CONVERGED.
 MIGRAD WILL VERIFY CONVERGENCE AND ERROR MATRIX.
 COVARIANCE MATRIX CALCULATED SUCCESSFULLY
 FCN=796.004 FROM MIGRAD    STATUS=CONVERGED      15 CALLS          16 TOTAL
                     EDM=8.66584e-06    STRATEGY= 1      ERROR MATRIX ACCURATE 
  EXT PARAMETER                                   STEP         FIRST   
  NO.   NAME      VALUE            ERROR          SIZE      DERIVATIVE 
   1  frac         9.19400e-01   1.10091e-02   7.87777e-04  -7.27706e-02
                               ERR DEF= 0.5
 EXTERNAL ERROR MATRIX.    NDIM=  25    NPAR=  1    ERR DEF=0.5
  1.213e-04 
 **********
 **   18 **HESSE         500
 **********
 COVARIANCE MATRIX CALCULATED SUCCESSFULLY
 FCN=796.004 FROM HESSE     STATUS=OK              5 CALLS          21 TOTAL
                     EDM=8.66603e-06    STRATEGY= 1      ERROR MATRIX ACCURATE 
  EXT PARAMETER                                INTERNAL      INTERNAL  
  NO.   NAME      VALUE            ERROR       STEP SIZE       VALUE   
   1  frac         9.19400e-01   1.10091e-02   1.57555e-04   9.95074e-01
                               ERR DEF= 0.5
 EXTERNAL ERROR MATRIX.    NDIM=  25    NPAR=  1    ERR DEF=0.5
  1.213e-04 
[#1] INFO:Minization -- RooMinuit::optimizeConst: deactivating const optimization
[#1] INFO:Minization -- RooMinuit::optimizeConst: activating const optimization
[#1] INFO:Minization --  The following expressions have been identified as constant and will be precalculated and cached: (promptPdf,nonpromptDataPdf)
 **********
 **   13 **MIGRAD         500           1
 **********
 FIRST CALL TO USER FUNCTION AT NEW START POINT, WITH IFLAG=4.
 START MIGRAD MINIMIZATION.  STRATEGY  1.  CONVERGENCE WHEN EDM .LT. 1.00e-03
 FCN=803.864 FROM MIGRAD    STATUS=INITIATE        4 CALLS           5 TOTAL
                     EDM= unknown      STRATEGY= 1      NO ERROR MATRIX       
  EXT PARAMETER               CURRENT GUESS       STEP         FIRST   
  NO.   NAME      VALUE            ERROR          SIZE      DERIVATIVE 
   1  fracALT      8.50000e-01   7.50000e-02   2.16811e-01  -6.78632e+01
                               ERR DEF= 0.5
 MIGRAD MINIMIZATION HAS CONVERGED.
 MIGRAD WILL VERIFY CONVERGENCE AND ERROR MATRIX.
 COVARIANCE MATRIX CALCULATED SUCCESSFULLY
 FCN=798.738 FROM MIGRAD    STATUS=CONVERGED      15 CALLS          16 TOTAL
                     EDM=1.06538e-05    STRATEGY= 1      ERROR MATRIX ACCURATE 
  EXT PARAMETER                                   STEP         FIRST   
  NO.   NAME      VALUE            ERROR          SIZE      DERIVATIVE 
   1  fracALT      8.99234e-01   1.38949e-02   9.00407e-04  -7.06861e-02
                               ERR DEF= 0.5
 EXTERNAL ERROR MATRIX.    NDIM=  25    NPAR=  1    ERR DEF=0.5
  1.932e-04 
 **********
 **   18 **HESSE         500
 **********
 COVARIANCE MATRIX CALCULATED SUCCESSFULLY
 FCN=798.738 FROM HESSE     STATUS=OK              5 CALLS          21 TOTAL
                     EDM=1.06541e-05    STRATEGY= 1      ERROR MATRIX ACCURATE 
  EXT PARAMETER                                INTERNAL      INTERNAL  
  NO.   NAME      VALUE            ERROR       STEP SIZE       VALUE   
   1  fracALT      8.99234e-01   1.38949e-02   1.80081e-04   9.24747e-01
                               ERR DEF= 0.5
 EXTERNAL ERROR MATRIX.    NDIM=  25    NPAR=  1    ERR DEF=0.5
  1.932e-04 
[#1] INFO:Minization -- RooMinuit::optimizeConst: deactivating const optimization
[#1] INFO:Eval -- RooRealVar::setRange(sieie) new range named 'SR' created with bounds [0,2.67]
purity in SR:  0.924412636311 +/- 0.0110691152596
purity from fit:  0.919399600292 +/- 0.0110090880906
ALT purity in SR:  0.906593227172 +/- 0.0143227798654
ALT purity from fit:  0.899234193471 +/- 0.0138949235441
[?1034h######################
      Trigger         
HLT_Photon175_v3
######################
[#1] INFO:DataHandling -- RooDataHist::adjustBinning(promptDataHist): fit range of variable sieie expanded to nearest bin boundaries: [0,20] --> [0,20]
[#1] INFO:DataHandling -- RooDataHist::adjustBinning(nonpromptDataHist): fit range of variable sieie expanded to nearest bin boundaries: [0,20] --> [0,20]
[#1] INFO:DataHandling -- RooDataHist::adjustBinning(nonpromptHist): fit range of variable sieie expanded to nearest bin boundaries: [0,20] --> [0,20]
[#1] INFO:DataHandling -- RooDataHist::adjustBinning(dataHist): fit range of variable sieie expanded to nearest bin boundaries: [0,20] --> [0,20]
[#1] INFO:Minization -- RooMinuit::optimizeConst: activating const optimization
[#1] INFO:Minization --  The following expressions have been identified as constant and will be precalculated and cached: (promptPdf,nonpromptPdf)
 **********
 **   13 **MIGRAD         500           1
 **********
 FIRST CALL TO USER FUNCTION AT NEW START POINT, WITH IFLAG=4.
 START MIGRAD MINIMIZATION.  STRATEGY  1.  CONVERGENCE WHEN EDM .LT. 1.00e-03
 FCN=946.459 FROM MIGRAD    STATUS=INITIATE        4 CALLS           5 TOTAL
                     EDM= unknown      STRATEGY= 1      NO ERROR MATRIX       
  EXT PARAMETER               CURRENT GUESS       STEP         FIRST   
  NO.   NAME      VALUE            ERROR          SIZE      DERIVATIVE 
   1  frac         8.50000e-01   7.50000e-02   2.16811e-01  -2.64694e+02
                               ERR DEF= 0.5
 MIGRAD MINIMIZATION HAS CONVERGED.
 MIGRAD WILL VERIFY CONVERGENCE AND ERROR MATRIX.
 COVARIANCE MATRIX CALCULATED SUCCESSFULLY
 FCN=904.582 FROM MIGRAD    STATUS=CONVERGED      15 CALLS          16 TOTAL
                     EDM=3.1523e-05    STRATEGY= 1      ERROR MATRIX ACCURATE 
  EXT PARAMETER                                   STEP         FIRST   
  NO.   NAME      VALUE            ERROR          SIZE      DERIVATIVE 
   1  frac         9.43073e-01   7.85585e-03   7.03966e-04  -1.65565e-01
                               ERR DEF= 0.5
 EXTERNAL ERROR MATRIX.    NDIM=  25    NPAR=  1    ERR DEF=0.5
  6.174e-05 
 **********
 **   18 **HESSE         500
 **********
 COVARIANCE MATRIX CALCULATED SUCCESSFULLY
 FCN=904.582 FROM HESSE     STATUS=OK              5 CALLS          21 TOTAL
                     EDM=3.15232e-05    STRATEGY= 1      ERROR MATRIX ACCURATE 
  EXT PARAMETER                                INTERNAL      INTERNAL  
  NO.   NAME      VALUE            ERROR       STEP SIZE       VALUE   
   1  frac         9.43073e-01   7.85585e-03   1.40793e-04   1.08896e+00
                               ERR DEF= 0.5
 EXTERNAL ERROR MATRIX.    NDIM=  25    NPAR=  1    ERR DEF=0.5
  6.174e-05 
[#1] INFO:Minization -- RooMinuit::optimizeConst: deactivating const optimization
[#1] INFO:Minization -- RooMinuit::optimizeConst: activating const optimization
[#1] INFO:Minization --  The following expressions have been identified as constant and will be precalculated and cached: (promptPdf,nonpromptDataPdf)
 **********
 **   13 **MIGRAD         500           1
 **********
 FIRST CALL TO USER FUNCTION AT NEW START POINT, WITH IFLAG=4.
 START MIGRAD MINIMIZATION.  STRATEGY  1.  CONVERGENCE WHEN EDM .LT. 1.00e-03
 FCN=929.062 FROM MIGRAD    STATUS=INITIATE        4 CALLS           5 TOTAL
                     EDM= unknown      STRATEGY= 1      NO ERROR MATRIX       
  EXT PARAMETER               CURRENT GUESS       STEP         FIRST   
  NO.   NAME      VALUE            ERROR          SIZE      DERIVATIVE 
   1  fracALT      8.50000e-01   7.50000e-02   2.16811e-01  -1.57612e+02
                               ERR DEF= 0.5
 MIGRAD MINIMIZATION HAS CONVERGED.
 MIGRAD WILL VERIFY CONVERGENCE AND ERROR MATRIX.
 COVARIANCE MATRIX CALCULATED SUCCESSFULLY
 FCN=908.713 FROM MIGRAD    STATUS=CONVERGED      20 CALLS          21 TOTAL
                     EDM=2.44562e-10    STRATEGY= 1      ERROR MATRIX ACCURATE 
  EXT PARAMETER                                   STEP         FIRST   
  NO.   NAME      VALUE            ERROR          SIZE      DERIVATIVE 
   1  fracALT      9.28727e-01   1.01446e-02   8.21269e-04  -3.96509e-04
                               ERR DEF= 0.5
 EXTERNAL ERROR MATRIX.    NDIM=  25    NPAR=  1    ERR DEF=0.5
  1.030e-04 
 **********
 **   18 **HESSE         500
 **********
 COVARIANCE MATRIX CALCULATED SUCCESSFULLY
 FCN=908.713 FROM HESSE     STATUS=OK              5 CALLS          26 TOTAL
                     EDM=2.44607e-10    STRATEGY= 1      ERROR MATRIX ACCURATE 
  EXT PARAMETER                                INTERNAL      INTERNAL  
  NO.   NAME      VALUE            ERROR       STEP SIZE       VALUE   
   1  fracALT      9.28727e-01   1.01446e-02   3.28508e-05   1.03030e+00
                               ERR DEF= 0.5
 EXTERNAL ERROR MATRIX.    NDIM=  25    NPAR=  1    ERR DEF=0.5
  1.030e-04 
[#1] INFO:Minization -- RooMinuit::optimizeConst: deactivating const optimization
[#1] INFO:Eval -- RooRealVar::setRange(sieie) new range named 'SR' created with bounds [0,2.67]
purity in SR:  0.947186282211 +/- 0.00789011599619
purity from fit:  0.94307295692 +/- 0.00785585176086
ALT purity in SR:  0.930983776357 +/- 0.0103263597829
ALT purity from fit:  0.928727079093 +/- 0.0101446265723
[?1034h######################
      Trigger         
HLT_Photon175_v3
######################
[#1] INFO:DataHandling -- RooDataHist::adjustBinning(promptDataHist): fit range of variable sieie expanded to nearest bin boundaries: [0,20] --> [0,20]
[#1] INFO:DataHandling -- RooDataHist::adjustBinning(nonpromptDataHist): fit range of variable sieie expanded to nearest bin boundaries: [0,20] --> [0,20]
[#1] INFO:DataHandling -- RooDataHist::adjustBinning(nonpromptHist): fit range of variable sieie expanded to nearest bin boundaries: [0,20] --> [0,20]
[#1] INFO:DataHandling -- RooDataHist::adjustBinning(dataHist): fit range of variable sieie expanded to nearest bin boundaries: [0,20] --> [0,20]
[#1] INFO:Minization -- RooMinuit::optimizeConst: activating const optimization
[#1] INFO:Minization --  The following expressions have been identified as constant and will be precalculated and cached: (promptPdf,nonpromptPdf)
 **********
 **   13 **MIGRAD         500           1
 **********
 FIRST CALL TO USER FUNCTION AT NEW START POINT, WITH IFLAG=4.
 START MIGRAD MINIMIZATION.  STRATEGY  1.  CONVERGENCE WHEN EDM .LT. 1.00e-03
 FCN=4283.63 FROM MIGRAD    STATUS=INITIATE        4 CALLS           5 TOTAL
                     EDM= unknown      STRATEGY= 1      NO ERROR MATRIX       
  EXT PARAMETER               CURRENT GUESS       STEP         FIRST   
  NO.   NAME      VALUE            ERROR          SIZE      DERIVATIVE 
   1  frac         8.50000e-01   7.50000e-02   2.16811e-01   7.17323e+02
                               ERR DEF= 0.5
 MIGRAD MINIMIZATION HAS CONVERGED.
 MIGRAD WILL VERIFY CONVERGENCE AND ERROR MATRIX.
 COVARIANCE MATRIX CALCULATED SUCCESSFULLY
 FCN=4137.66 FROM MIGRAD    STATUS=CONVERGED      16 CALLS          17 TOTAL
                     EDM=4.10549e-06    STRATEGY= 1      ERROR MATRIX ACCURATE 
  EXT PARAMETER                                   STEP         FIRST   
  NO.   NAME      VALUE            ERROR          SIZE      DERIVATIVE 
   1  frac         6.75367e-01   1.16883e-02   1.10408e-03   8.11620e-02
                               ERR DEF= 0.5
 EXTERNAL ERROR MATRIX.    NDIM=  25    NPAR=  1    ERR DEF=0.5
  1.366e-04 
 **********
 **   18 **HESSE         500
 **********
 COVARIANCE MATRIX CALCULATED SUCCESSFULLY
 FCN=4137.66 FROM HESSE     STATUS=OK              5 CALLS          22 TOTAL
                     EDM=4.10512e-06    STRATEGY= 1      ERROR MATRIX ACCURATE 
  EXT PARAMETER                                INTERNAL      INTERNAL  
  NO.   NAME      VALUE            ERROR       STEP SIZE       VALUE   
   1  frac         6.75367e-01   1.16883e-02   2.20816e-04   3.58354e-01
                               ERR DEF= 0.5
 EXTERNAL ERROR MATRIX.    NDIM=  25    NPAR=  1    ERR DEF=0.5
  1.366e-04 
[#1] INFO:Minization -- RooMinuit::optimizeConst: deactivating const optimization
[#1] INFO:Minization -- RooMinuit::optimizeConst: activating const optimization
[#1] INFO:Minization --  The following expressions have been identified as constant and will be precalculated and cached: (promptPdf,nonpromptDataPdf)
 **********
 **   13 **MIGRAD         500           1
 **********
 FIRST CALL TO USER FUNCTION AT NEW START POINT, WITH IFLAG=4.
 START MIGRAD MINIMIZATION.  STRATEGY  1.  CONVERGENCE WHEN EDM .LT. 1.00e-03
 FCN=4298.56 FROM MIGRAD    STATUS=INITIATE        4 CALLS           5 TOTAL
                     EDM= unknown      STRATEGY= 1      NO ERROR MATRIX       
  EXT PARAMETER               CURRENT GUESS       STEP         FIRST   
  NO.   NAME      VALUE            ERROR          SIZE      DERIVATIVE 
   1  fracALT      8.50000e-01   7.50000e-02   2.16811e-01   7.45039e+02
                               ERR DEF= 0.5
 MIGRAD MINIMIZATION HAS CONVERGED.
 MIGRAD WILL VERIFY CONVERGENCE AND ERROR MATRIX.
 COVARIANCE MATRIX CALCULATED SUCCESSFULLY
 FCN=4143.75 FROM MIGRAD    STATUS=CONVERGED      16 CALLS          17 TOTAL
                     EDM=2.36943e-06    STRATEGY= 1      ERROR MATRIX ACCURATE 
  EXT PARAMETER                                   STEP         FIRST   
  NO.   NAME      VALUE            ERROR          SIZE      DERIVATIVE 
   1  fracALT      6.71703e-01   1.15746e-02   1.09180e-03   6.24447e-02
                               ERR DEF= 0.5
 EXTERNAL ERROR MATRIX.    NDIM=  25    NPAR=  1    ERR DEF=0.5
  1.340e-04 
 **********
 **   18 **HESSE         500
 **********
 COVARIANCE MATRIX CALCULATED SUCCESSFULLY
 FCN=4143.75 FROM HESSE     STATUS=OK              5 CALLS          22 TOTAL
                     EDM=2.36918e-06    STRATEGY= 1      ERROR MATRIX ACCURATE 
  EXT PARAMETER                                INTERNAL      INTERNAL  
  NO.   NAME      VALUE            ERROR       STEP SIZE       VALUE   
   1  fracALT      6.71703e-01   1.15746e-02   2.18360e-04   3.50541e-01
                               ERR DEF= 0.5
 EXTERNAL ERROR MATRIX.    NDIM=  25    NPAR=  1    ERR DEF=0.5
  1.340e-04 
[#1] INFO:Minization -- RooMinuit::optimizeConst: deactivating const optimization
[#1] INFO:Eval -- RooRealVar::setRange(sieie) new range named 'SR' created with bounds [0,1.79]
purity in SR:  0.747529340057 +/- 0.012937172879
purity from fit:  0.675366625053 +/- 0.0116882834115
ALT purity in SR:  0.702282098395 +/- 0.0121674886172
ALT purity from fit:  0.671702913165 +/- 0.0115745527652
[?1034h######################
      Trigger         
HLT_Photon175_v3
######################
[#1] INFO:DataHandling -- RooDataHist::adjustBinning(promptDataHist): fit range of variable sieie expanded to nearest bin boundaries: [0,20] --> [0,20]
[#1] INFO:DataHandling -- RooDataHist::adjustBinning(nonpromptDataHist): fit range of variable sieie expanded to nearest bin boundaries: [0,20] --> [0,20]
[#1] INFO:DataHandling -- RooDataHist::adjustBinning(nonpromptHist): fit range of variable sieie expanded to nearest bin boundaries: [0,20] --> [0,20]
[#1] INFO:DataHandling -- RooDataHist::adjustBinning(dataHist): fit range of variable sieie expanded to nearest bin boundaries: [0,20] --> [0,20]
[#1] INFO:Minization -- RooMinuit::optimizeConst: activating const optimization
[#1] INFO:Minization --  The following expressions have been identified as constant and will be precalculated and cached: (promptPdf,nonpromptPdf)
 **********
 **   13 **MIGRAD         500           1
 **********
 FIRST CALL TO USER FUNCTION AT NEW START POINT, WITH IFLAG=4.
 START MIGRAD MINIMIZATION.  STRATEGY  1.  CONVERGENCE WHEN EDM .LT. 1.00e-03
 FCN=5745.78 FROM MIGRAD    STATUS=INITIATE        4 CALLS           5 TOTAL
                     EDM= unknown      STRATEGY= 1      NO ERROR MATRIX       
  EXT PARAMETER               CURRENT GUESS       STEP         FIRST   
  NO.   NAME      VALUE            ERROR          SIZE      DERIVATIVE 
   1  frac         8.50000e-01   7.50000e-02   2.16811e-01   1.09181e+03
                               ERR DEF= 0.5
 MIGRAD MINIMIZATION HAS CONVERGED.
 MIGRAD WILL VERIFY CONVERGENCE AND ERROR MATRIX.
 COVARIANCE MATRIX CALCULATED SUCCESSFULLY
 FCN=5453.87 FROM MIGRAD    STATUS=CONVERGED      16 CALLS          17 TOTAL
                     EDM=5.46852e-06    STRATEGY= 1      ERROR MATRIX ACCURATE 
  EXT PARAMETER                                   STEP         FIRST   
  NO.   NAME      VALUE            ERROR          SIZE      DERIVATIVE 
   1  frac         6.12867e-01   1.13260e-02   1.18071e-03   1.00562e-01
                               ERR DEF= 0.5
 EXTERNAL ERROR MATRIX.    NDIM=  25    NPAR=  1    ERR DEF=0.5
  1.283e-04 
 **********
 **   18 **HESSE         500
 **********
 COVARIANCE MATRIX CALCULATED SUCCESSFULLY
 FCN=5453.87 FROM HESSE     STATUS=OK              5 CALLS          22 TOTAL
                     EDM=5.46803e-06    STRATEGY= 1      ERROR MATRIX ACCURATE 
  EXT PARAMETER                                INTERNAL      INTERNAL  
  NO.   NAME      VALUE            ERROR       STEP SIZE       VALUE   
   1  frac         6.12867e-01   1.13260e-02   2.36141e-04   2.27697e-01
                               ERR DEF= 0.5
 EXTERNAL ERROR MATRIX.    NDIM=  25    NPAR=  1    ERR DEF=0.5
  1.283e-04 
[#1] INFO:Minization -- RooMinuit::optimizeConst: deactivating const optimization
[#1] INFO:Minization -- RooMinuit::optimizeConst: activating const optimization
[#1] INFO:Minization --  The following expressions have been identified as constant and will be precalculated and cached: (promptPdf,nonpromptDataPdf)
 **********
 **   13 **MIGRAD         500           1
 **********
 FIRST CALL TO USER FUNCTION AT NEW START POINT, WITH IFLAG=4.
 START MIGRAD MINIMIZATION.  STRATEGY  1.  CONVERGENCE WHEN EDM .LT. 1.00e-03
 FCN=5761.99 FROM MIGRAD    STATUS=INITIATE        4 CALLS           5 TOTAL
                     EDM= unknown      STRATEGY= 1      NO ERROR MATRIX       
  EXT PARAMETER               CURRENT GUESS       STEP         FIRST   
  NO.   NAME      VALUE            ERROR          SIZE      DERIVATIVE 
   1  fracALT      8.50000e-01   7.50000e-02   2.16811e-01   1.09389e+03
                               ERR DEF= 0.5
 MIGRAD MINIMIZATION HAS CONVERGED.
 MIGRAD WILL VERIFY CONVERGENCE AND ERROR MATRIX.
 COVARIANCE MATRIX CALCULATED SUCCESSFULLY
 FCN=5461.9 FROM MIGRAD    STATUS=CONVERGED      16 CALLS          17 TOTAL
                     EDM=4.32288e-06    STRATEGY= 1      ERROR MATRIX ACCURATE 
  EXT PARAMETER                                   STEP         FIRST   
  NO.   NAME      VALUE            ERROR          SIZE      DERIVATIVE 
   1  fracALT      6.06132e-01   1.14946e-02   1.19563e-03   8.83711e-02
                               ERR DEF= 0.5
 EXTERNAL ERROR MATRIX.    NDIM=  25    NPAR=  1    ERR DEF=0.5
  1.322e-04 
 **********
 **   18 **HESSE         500
 **********
 COVARIANCE MATRIX CALCULATED SUCCESSFULLY
 FCN=5461.9 FROM HESSE     STATUS=OK              5 CALLS          22 TOTAL
                     EDM=4.32242e-06    STRATEGY= 1      ERROR MATRIX ACCURATE 
  EXT PARAMETER                                INTERNAL      INTERNAL  
  NO.   NAME      VALUE            ERROR       STEP SIZE       VALUE   
   1  fracALT      6.06132e-01   1.14946e-02   2.39126e-04   2.13890e-01
                               ERR DEF= 0.5
 EXTERNAL ERROR MATRIX.    NDIM=  25    NPAR=  1    ERR DEF=0.5
  1.322e-04 
[#1] INFO:Minization -- RooMinuit::optimizeConst: deactivating const optimization
[#1] INFO:Eval -- RooRealVar::setRange(sieie) new range named 'SR' created with bounds [0,1.79]
purity in SR:  0.725355974958 +/- 0.013404796489
purity from fit:  0.612867147421 +/- 0.0113259691374
ALT purity in SR:  0.654297404735 +/- 0.0125459319835
ALT purity from fit:  0.606131518815 +/- 0.0114946334076
[?1034h######################
      Trigger         
HLT_Photon175_v3
######################
[#1] INFO:DataHandling -- RooDataHist::adjustBinning(promptDataHist): fit range of variable sieie expanded to nearest bin boundaries: [0,20] --> [0,20]
[#1] INFO:DataHandling -- RooDataHist::adjustBinning(nonpromptDataHist): fit range of variable sieie expanded to nearest bin boundaries: [0,20] --> [0,20]
[#1] INFO:DataHandling -- RooDataHist::adjustBinning(nonpromptHist): fit range of variable sieie expanded to nearest bin boundaries: [0,20] --> [0,20]
[#1] INFO:DataHandling -- RooDataHist::adjustBinning(dataHist): fit range of variable sieie expanded to nearest bin boundaries: [0,20] --> [0,20]
[#1] INFO:Minization -- RooMinuit::optimizeConst: activating const optimization
[#1] INFO:Minization --  The following expressions have been identified as constant and will be precalculated and cached: (promptPdf,nonpromptPdf)
 **********
 **   13 **MIGRAD         500           1
 **********
 FIRST CALL TO USER FUNCTION AT NEW START POINT, WITH IFLAG=4.
 START MIGRAD MINIMIZATION.  STRATEGY  1.  CONVERGENCE WHEN EDM .LT. 1.00e-03
 FCN=9881.87 FROM MIGRAD    STATUS=INITIATE        4 CALLS           5 TOTAL
                     EDM= unknown      STRATEGY= 1      NO ERROR MATRIX       
  EXT PARAMETER               CURRENT GUESS       STEP         FIRST   
  NO.   NAME      VALUE            ERROR          SIZE      DERIVATIVE 
   1  frac         8.50000e-01   7.50000e-02   2.16811e-01   1.88972e+03
                               ERR DEF= 0.5
 MIGRAD MINIMIZATION HAS CONVERGED.
 MIGRAD WILL VERIFY CONVERGENCE AND ERROR MATRIX.
 COVARIANCE MATRIX CALCULATED SUCCESSFULLY
 FCN=9348.19 FROM MIGRAD    STATUS=CONVERGED      16 CALLS          17 TOTAL
                     EDM=1.06454e-05    STRATEGY= 1      ERROR MATRIX ACCURATE 
  EXT PARAMETER                                   STEP         FIRST   
  NO.   NAME      VALUE            ERROR          SIZE      DERIVATIVE 
   1  frac         5.97653e-01   8.90533e-03   1.20736e-03   1.79652e-01
                               ERR DEF= 0.5
 EXTERNAL ERROR MATRIX.    NDIM=  25    NPAR=  1    ERR DEF=0.5
  7.931e-05 
 **********
 **   18 **HESSE         500
 **********
 COVARIANCE MATRIX CALCULATED SUCCESSFULLY
 FCN=9348.19 FROM HESSE     STATUS=OK              5 CALLS          22 TOTAL
                     EDM=1.06446e-05    STRATEGY= 1      ERROR MATRIX ACCURATE 
  EXT PARAMETER                                INTERNAL      INTERNAL  
  NO.   NAME      VALUE            ERROR       STEP SIZE       VALUE   
   1  frac         5.97653e-01   8.90533e-03   2.41473e-04   1.96569e-01
                               ERR DEF= 0.5
 EXTERNAL ERROR MATRIX.    NDIM=  25    NPAR=  1    ERR DEF=0.5
  7.931e-05 
[#1] INFO:Minization -- RooMinuit::optimizeConst: deactivating const optimization
[#1] INFO:Minization -- RooMinuit::optimizeConst: activating const optimization
[#1] INFO:Minization --  The following expressions have been identified as constant and will be precalculated and cached: (promptPdf,nonpromptDataPdf)
 **********
 **   13 **MIGRAD         500           1
 **********
 FIRST CALL TO USER FUNCTION AT NEW START POINT, WITH IFLAG=4.
 START MIGRAD MINIMIZATION.  STRATEGY  1.  CONVERGENCE WHEN EDM .LT. 1.00e-03
 FCN=9923.4 FROM MIGRAD    STATUS=INITIATE        4 CALLS           5 TOTAL
                     EDM= unknown      STRATEGY= 1      NO ERROR MATRIX       
  EXT PARAMETER               CURRENT GUESS       STEP         FIRST   
  NO.   NAME      VALUE            ERROR          SIZE      DERIVATIVE 
   1  fracALT      8.50000e-01   7.50000e-02   2.16811e-01   1.87707e+03
                               ERR DEF= 0.5
 MIGRAD MINIMIZATION HAS CONVERGED.
 MIGRAD WILL VERIFY CONVERGENCE AND ERROR MATRIX.
 COVARIANCE MATRIX CALCULATED SUCCESSFULLY
 FCN=9371.09 FROM MIGRAD    STATUS=CONVERGED      16 CALLS          17 TOTAL
                     EDM=1.26728e-05    STRATEGY= 1      ERROR MATRIX ACCURATE 
  EXT PARAMETER                                   STEP         FIRST   
  NO.   NAME      VALUE            ERROR          SIZE      DERIVATIVE 
   1  fracALT      5.85644e-01   9.18391e-03   1.24040e-03   1.90936e-01
                               ERR DEF= 0.5
 EXTERNAL ERROR MATRIX.    NDIM=  25    NPAR=  1    ERR DEF=0.5
  8.435e-05 
 **********
 **   18 **HESSE         500
 **********
 COVARIANCE MATRIX CALCULATED SUCCESSFULLY
 FCN=9371.09 FROM HESSE     STATUS=OK              5 CALLS          22 TOTAL
                     EDM=1.26718e-05    STRATEGY= 1      ERROR MATRIX ACCURATE 
  EXT PARAMETER                                INTERNAL      INTERNAL  
  NO.   NAME      VALUE            ERROR       STEP SIZE       VALUE   
   1  fracALT      5.85644e-01   9.18391e-03   2.48080e-04   1.72138e-01
                               ERR DEF= 0.5
 EXTERNAL ERROR MATRIX.    NDIM=  25    NPAR=  1    ERR DEF=0.5
  8.435e-05 
[#1] INFO:Minization -- RooMinuit::optimizeConst: deactivating const optimization
[#1] INFO:Eval -- RooRealVar::setRange(sieie) new range named 'SR' created with bounds [0,1.79]
purity in SR:  0.756249745054 +/- 0.0112685008288
purity from fit:  0.597652999675 +/- 0.00890532970916
ALT purity in SR:  0.634299004911 +/- 0.0101508570947
ALT purity from fit:  0.585644340941 +/- 0.00918390710531
[?1034h######################
      Trigger         
HLT_Photon175_v3
######################
[#1] INFO:DataHandling -- RooDataHist::adjustBinning(promptDataHist): fit range of variable sieie expanded to nearest bin boundaries: [0,20] --> [0,20]
[#1] INFO:DataHandling -- RooDataHist::adjustBinning(nonpromptDataHist): fit range of variable sieie expanded to nearest bin boundaries: [0,20] --> [0,20]
[#1] INFO:DataHandling -- RooDataHist::adjustBinning(nonpromptHist): fit range of variable sieie expanded to nearest bin boundaries: [0,20] --> [0,20]
[#1] INFO:DataHandling -- RooDataHist::adjustBinning(dataHist): fit range of variable sieie expanded to nearest bin boundaries: [0,20] --> [0,20]
[#1] INFO:Minization -- RooMinuit::optimizeConst: activating const optimization
[#1] INFO:Minization --  The following expressions have been identified as constant and will be precalculated and cached: (promptPdf,nonpromptPdf)
 **********
 **   13 **MIGRAD         500           1
 **********
 FIRST CALL TO USER FUNCTION AT NEW START POINT, WITH IFLAG=4.
 START MIGRAD MINIMIZATION.  STRATEGY  1.  CONVERGENCE WHEN EDM .LT. 1.00e-03
 FCN=4664.34 FROM MIGRAD    STATUS=INITIATE        4 CALLS           5 TOTAL
                     EDM= unknown      STRATEGY= 1      NO ERROR MATRIX       
  EXT PARAMETER               CURRENT GUESS       STEP         FIRST   
  NO.   NAME      VALUE            ERROR          SIZE      DERIVATIVE 
   1  frac         8.50000e-01   7.50000e-02   2.16811e-01   9.10295e+02
                               ERR DEF= 0.5
 MIGRAD MINIMIZATION HAS CONVERGED.
 MIGRAD WILL VERIFY CONVERGENCE AND ERROR MATRIX.
 COVARIANCE MATRIX CALCULATED SUCCESSFULLY
 FCN=4422.27 FROM MIGRAD    STATUS=CONVERGED      16 CALLS          17 TOTAL
                     EDM=4.10376e-06    STRATEGY= 1      ERROR MATRIX ACCURATE 
  EXT PARAMETER                                   STEP         FIRST   
  NO.   NAME      VALUE            ERROR          SIZE      DERIVATIVE 
   1  frac         6.14335e-01   1.23348e-02   1.15924e-03   7.99319e-02
                               ERR DEF= 0.5
 EXTERNAL ERROR MATRIX.    NDIM=  25    NPAR=  1    ERR DEF=0.5
  1.522e-04 
 **********
 **   18 **HESSE         500
 **********
 COVARIANCE MATRIX CALCULATED SUCCESSFULLY
 FCN=4422.27 FROM HESSE     STATUS=OK              5 CALLS          22 TOTAL
                     EDM=4.10344e-06    STRATEGY= 1      ERROR MATRIX ACCURATE 
  EXT PARAMETER                                INTERNAL      INTERNAL  
  NO.   NAME      VALUE            ERROR       STEP SIZE       VALUE   
   1  frac         6.14335e-01   1.23348e-02   2.31848e-04   2.30711e-01
                               ERR DEF= 0.5
 EXTERNAL ERROR MATRIX.    NDIM=  25    NPAR=  1    ERR DEF=0.5
  1.522e-04 
[#1] INFO:Minization -- RooMinuit::optimizeConst: deactivating const optimization
[#1] INFO:Minization -- RooMinuit::optimizeConst: activating const optimization
[#1] INFO:Minization --  The following expressions have been identified as constant and will be precalculated and cached: (promptPdf,nonpromptDataPdf)
 **********
 **   13 **MIGRAD         500           1
 **********
 FIRST CALL TO USER FUNCTION AT NEW START POINT, WITH IFLAG=4.
 START MIGRAD MINIMIZATION.  STRATEGY  1.  CONVERGENCE WHEN EDM .LT. 1.00e-03
 FCN=4700.66 FROM MIGRAD    STATUS=INITIATE        4 CALLS           5 TOTAL
                     EDM= unknown      STRATEGY= 1      NO ERROR MATRIX       
  EXT PARAMETER               CURRENT GUESS       STEP         FIRST   
  NO.   NAME      VALUE            ERROR          SIZE      DERIVATIVE 
   1  fracALT      8.50000e-01   7.50000e-02   2.16811e-01   9.07549e+02
                               ERR DEF= 0.5
 MIGRAD MINIMIZATION HAS CONVERGED.
 MIGRAD WILL VERIFY CONVERGENCE AND ERROR MATRIX.
 COVARIANCE MATRIX CALCULATED SUCCESSFULLY
 FCN=4446.74 FROM MIGRAD    STATUS=CONVERGED      16 CALLS          17 TOTAL
                     EDM=7.02401e-06    STRATEGY= 1      ERROR MATRIX ACCURATE 
  EXT PARAMETER                                   STEP         FIRST   
  NO.   NAME      VALUE            ERROR          SIZE      DERIVATIVE 
   1  fracALT      5.99928e-01   1.28382e-02   1.20071e-03   1.01125e-01
                               ERR DEF= 0.5
 EXTERNAL ERROR MATRIX.    NDIM=  25    NPAR=  1    ERR DEF=0.5
  1.649e-04 
 **********
 **   18 **HESSE         500
 **********
 COVARIANCE MATRIX CALCULATED SUCCESSFULLY
 FCN=4446.74 FROM HESSE     STATUS=OK              5 CALLS          22 TOTAL
                     EDM=7.02347e-06    STRATEGY= 1      ERROR MATRIX ACCURATE 
  EXT PARAMETER                                INTERNAL      INTERNAL  
  NO.   NAME      VALUE            ERROR       STEP SIZE       VALUE   
   1  fracALT      5.99928e-01   1.28382e-02   2.40143e-04   2.01211e-01
                               ERR DEF= 0.5
 EXTERNAL ERROR MATRIX.    NDIM=  25    NPAR=  1    ERR DEF=0.5
  1.649e-04 
[#1] INFO:Minization -- RooMinuit::optimizeConst: deactivating const optimization
[#1] INFO:Eval -- RooRealVar::setRange(sieie) new range named 'SR' created with bounds [0,1.79]
purity in SR:  0.823022286707 +/- 0.0165248895761
purity from fit:  0.614334869678 +/- 0.0123348007072
ALT purity in SR:  0.648382653173 +/- 0.0142083005729
ALT purity from fit:  0.599928080496 +/- 0.0128381948393
[?1034h######################
      Trigger         
HLT_Photon175_v3
######################
[#1] INFO:DataHandling -- RooDataHist::adjustBinning(promptDataHist): fit range of variable sieie expanded to nearest bin boundaries: [0,20] --> [0,20]
[#1] INFO:DataHandling -- RooDataHist::adjustBinning(nonpromptDataHist): fit range of variable sieie expanded to nearest bin boundaries: [0,20] --> [0,20]
[#1] INFO:DataHandling -- RooDataHist::adjustBinning(nonpromptHist): fit range of variable sieie expanded to nearest bin boundaries: [0,20] --> [0,20]
[#1] INFO:DataHandling -- RooDataHist::adjustBinning(dataHist): fit range of variable sieie expanded to nearest bin boundaries: [0,20] --> [0,20]
[#1] INFO:Minization -- RooMinuit::optimizeConst: activating const optimization
[#1] INFO:Minization --  The following expressions have been identified as constant and will be precalculated and cached: (promptPdf,nonpromptPdf)
 **********
 **   13 **MIGRAD         500           1
 **********
 FIRST CALL TO USER FUNCTION AT NEW START POINT, WITH IFLAG=4.
 START MIGRAD MINIMIZATION.  STRATEGY  1.  CONVERGENCE WHEN EDM .LT. 1.00e-03
 FCN=1973.96 FROM MIGRAD    STATUS=INITIATE        4 CALLS           5 TOTAL
                     EDM= unknown      STRATEGY= 1      NO ERROR MATRIX       
  EXT PARAMETER               CURRENT GUESS       STEP         FIRST   
  NO.   NAME      VALUE            ERROR          SIZE      DERIVATIVE 
   1  frac         8.50000e-01   7.50000e-02   2.16811e-01   3.95286e+02
                               ERR DEF= 0.5
 MIGRAD MINIMIZATION HAS CONVERGED.
 MIGRAD WILL VERIFY CONVERGENCE AND ERROR MATRIX.
 COVARIANCE MATRIX CALCULATED SUCCESSFULLY
 FCN=1880.09 FROM MIGRAD    STATUS=CONVERGED      17 CALLS          18 TOTAL
                     EDM=1.25317e-07    STRATEGY= 1      ERROR MATRIX ACCURATE 
  EXT PARAMETER                                   STEP         FIRST   
  NO.   NAME      VALUE            ERROR          SIZE      DERIVATIVE 
   1  frac         6.41160e-01   1.75604e-02   1.09430e-03   9.66734e-03
                               ERR DEF= 0.5
 EXTERNAL ERROR MATRIX.    NDIM=  25    NPAR=  1    ERR DEF=0.5
  3.085e-04 
 **********
 **   18 **HESSE         500
 **********
 COVARIANCE MATRIX CALCULATED SUCCESSFULLY
 FCN=1880.09 FROM HESSE     STATUS=OK              5 CALLS          23 TOTAL
                     EDM=1.2528e-07    STRATEGY= 1      ERROR MATRIX ACCURATE 
  EXT PARAMETER                                INTERNAL      INTERNAL  
  NO.   NAME      VALUE            ERROR       STEP SIZE       VALUE   
   1  frac         6.41160e-01   1.75604e-02   2.18860e-04   2.86211e-01
                               ERR DEF= 0.5
 EXTERNAL ERROR MATRIX.    NDIM=  25    NPAR=  1    ERR DEF=0.5
  3.085e-04 
[#1] INFO:Minization -- RooMinuit::optimizeConst: deactivating const optimization
[#1] INFO:Minization -- RooMinuit::optimizeConst: activating const optimization
[#1] INFO:Minization --  The following expressions have been identified as constant and will be precalculated and cached: (promptPdf,nonpromptDataPdf)
 **********
 **   13 **MIGRAD         500           1
 **********
 FIRST CALL TO USER FUNCTION AT NEW START POINT, WITH IFLAG=4.
 START MIGRAD MINIMIZATION.  STRATEGY  1.  CONVERGENCE WHEN EDM .LT. 1.00e-03
 FCN=1989.07 FROM MIGRAD    STATUS=INITIATE        4 CALLS           5 TOTAL
                     EDM= unknown      STRATEGY= 1      NO ERROR MATRIX       
  EXT PARAMETER               CURRENT GUESS       STEP         FIRST   
  NO.   NAME      VALUE            ERROR          SIZE      DERIVATIVE 
   1  fracALT      8.50000e-01   7.50000e-02   2.16811e-01   3.88315e+02
                               ERR DEF= 0.5
 MIGRAD MINIMIZATION HAS CONVERGED.
 MIGRAD WILL VERIFY CONVERGENCE AND ERROR MATRIX.
 COVARIANCE MATRIX CALCULATED SUCCESSFULLY
 FCN=1890.6 FROM MIGRAD    STATUS=CONVERGED      17 CALLS          18 TOTAL
                     EDM=2.87963e-07    STRATEGY= 1      ERROR MATRIX ACCURATE 
  EXT PARAMETER                                   STEP         FIRST   
  NO.   NAME      VALUE            ERROR          SIZE      DERIVATIVE 
   1  fracALT      6.24683e-01   1.85941e-02   1.15017e-03   1.39706e-02
                               ERR DEF= 0.5
 EXTERNAL ERROR MATRIX.    NDIM=  25    NPAR=  1    ERR DEF=0.5
  3.459e-04 
 **********
 **   18 **HESSE         500
 **********
 COVARIANCE MATRIX CALCULATED SUCCESSFULLY
 FCN=1890.6 FROM HESSE     STATUS=OK              5 CALLS          23 TOTAL
                     EDM=2.87891e-07    STRATEGY= 1      ERROR MATRIX ACCURATE 
  EXT PARAMETER                                INTERNAL      INTERNAL  
  NO.   NAME      VALUE            ERROR       STEP SIZE       VALUE   
   1  fracALT      6.24683e-01   1.85941e-02   2.30034e-04   2.52026e-01
                               ERR DEF= 0.5
 EXTERNAL ERROR MATRIX.    NDIM=  25    NPAR=  1    ERR DEF=0.5
  3.459e-04 
[#1] INFO:Minization -- RooMinuit::optimizeConst: deactivating const optimization
[#1] INFO:Eval -- RooRealVar::setRange(sieie) new range named 'SR' created with bounds [0,1.79]
purity in SR:  0.829465471328 +/- 0.0227178458607
purity from fit:  0.641159709187 +/- 0.0175604265023
ALT purity in SR:  0.701189870651 +/- 0.0214218368717
ALT purity from fit:  0.624683371214 +/- 0.0185940819907
[?1034h######################
      Trigger         
HLT_Photon175_v3
######################
[#1] INFO:DataHandling -- RooDataHist::adjustBinning(promptDataHist): fit range of variable sieie expanded to nearest bin boundaries: [0,20] --> [0,20]
[#1] INFO:DataHandling -- RooDataHist::adjustBinning(nonpromptDataHist): fit range of variable sieie expanded to nearest bin boundaries: [0,20] --> [0,20]
[#1] INFO:DataHandling -- RooDataHist::adjustBinning(nonpromptHist): fit range of variable sieie expanded to nearest bin boundaries: [0,20] --> [0,20]
[#1] INFO:DataHandling -- RooDataHist::adjustBinning(dataHist): fit range of variable sieie expanded to nearest bin boundaries: [0,20] --> [0,20]
[#1] INFO:Minization -- RooMinuit::optimizeConst: activating const optimization
[#1] INFO:Minization --  The following expressions have been identified as constant and will be precalculated and cached: (promptPdf,nonpromptPdf)
 **********
 **   13 **MIGRAD         500           1
 **********
 FIRST CALL TO USER FUNCTION AT NEW START POINT, WITH IFLAG=4.
 START MIGRAD MINIMIZATION.  STRATEGY  1.  CONVERGENCE WHEN EDM .LT. 1.00e-03
 FCN=771.421 FROM MIGRAD    STATUS=INITIATE        4 CALLS           5 TOTAL
                     EDM= unknown      STRATEGY= 1      NO ERROR MATRIX       
  EXT PARAMETER               CURRENT GUESS       STEP         FIRST   
  NO.   NAME      VALUE            ERROR          SIZE      DERIVATIVE 
   1  frac         8.50000e-01   7.50000e-02   2.16811e-01   1.45838e+02
                               ERR DEF= 0.5
 MIGRAD MINIMIZATION HAS CONVERGED.
 MIGRAD WILL VERIFY CONVERGENCE AND ERROR MATRIX.
 COVARIANCE MATRIX CALCULATED SUCCESSFULLY
 FCN=741.801 FROM MIGRAD    STATUS=CONVERGED      17 CALLS          18 TOTAL
                     EDM=2.97759e-08    STRATEGY= 1      ERROR MATRIX ACCURATE 
  EXT PARAMETER                                   STEP         FIRST   
  NO.   NAME      VALUE            ERROR          SIZE      DERIVATIVE 
   1  frac         6.74846e-01   2.60413e-02   1.04454e-03   3.10237e-03
                               ERR DEF= 0.5
 EXTERNAL ERROR MATRIX.    NDIM=  25    NPAR=  1    ERR DEF=0.5
  6.788e-04 
 **********
 **   18 **HESSE         500
 **********
 COVARIANCE MATRIX CALCULATED SUCCESSFULLY
 FCN=741.801 FROM HESSE     STATUS=OK              5 CALLS          23 TOTAL
                     EDM=2.97646e-08    STRATEGY= 1      ERROR MATRIX ACCURATE 
  EXT PARAMETER                                INTERNAL      INTERNAL  
  NO.   NAME      VALUE            ERROR       STEP SIZE       VALUE   
   1  frac         6.74846e-01   2.60413e-02   2.08908e-04   3.57243e-01
                               ERR DEF= 0.5
 EXTERNAL ERROR MATRIX.    NDIM=  25    NPAR=  1    ERR DEF=0.5
  6.788e-04 
[#1] INFO:Minization -- RooMinuit::optimizeConst: deactivating const optimization
[#1] INFO:Minization -- RooMinuit::optimizeConst: activating const optimization
[#1] INFO:Minization --  The following expressions have been identified as constant and will be precalculated and cached: (promptPdf,nonpromptDataPdf)
 **********
 **   13 **MIGRAD         500           1
 **********
 FIRST CALL TO USER FUNCTION AT NEW START POINT, WITH IFLAG=4.
 START MIGRAD MINIMIZATION.  STRATEGY  1.  CONVERGENCE WHEN EDM .LT. 1.00e-03
 FCN=787.664 FROM MIGRAD    STATUS=INITIATE        4 CALLS           5 TOTAL
                     EDM= unknown      STRATEGY= 1      NO ERROR MATRIX       
  EXT PARAMETER               CURRENT GUESS       STEP         FIRST   
  NO.   NAME      VALUE            ERROR          SIZE      DERIVATIVE 
   1  fracALT      8.50000e-01   7.50000e-02   2.16811e-01   1.48865e+02
                               ERR DEF= 0.5
 MIGRAD MINIMIZATION HAS CONVERGED.
 MIGRAD WILL VERIFY CONVERGENCE AND ERROR MATRIX.
 COVARIANCE MATRIX CALCULATED SUCCESSFULLY
 FCN=754.805 FROM MIGRAD    STATUS=CONVERGED      17 CALLS          18 TOTAL
                     EDM=1.52166e-07    STRATEGY= 1      ERROR MATRIX ACCURATE 
  EXT PARAMETER                                   STEP         FIRST   
  NO.   NAME      VALUE            ERROR          SIZE      DERIVATIVE 
   1  fracALT      6.56473e-01   2.75860e-02   1.09958e-03   6.71141e-03
                               ERR DEF= 0.5
 EXTERNAL ERROR MATRIX.    NDIM=  25    NPAR=  1    ERR DEF=0.5
  7.618e-04 
 **********
 **   18 **HESSE         500
 **********
 COVARIANCE MATRIX CALCULATED SUCCESSFULLY
 FCN=754.805 FROM HESSE     STATUS=OK              5 CALLS          23 TOTAL
                     EDM=1.5213e-07    STRATEGY= 1      ERROR MATRIX ACCURATE 
  EXT PARAMETER                                INTERNAL      INTERNAL  
  NO.   NAME      VALUE            ERROR       STEP SIZE       VALUE   
   1  fracALT      6.56473e-01   2.75860e-02   2.19916e-04   3.18294e-01
                               ERR DEF= 0.5
 EXTERNAL ERROR MATRIX.    NDIM=  25    NPAR=  1    ERR DEF=0.5
  7.618e-04 
[#1] INFO:Minization -- RooMinuit::optimizeConst: deactivating const optimization
[#1] INFO:Eval -- RooRealVar::setRange(sieie) new range named 'SR' created with bounds [0,1.79]
purity in SR:  0.857714392696 +/- 0.0330978620196
purity from fit:  0.674846476255 +/- 0.0260412740484
ALT purity in SR:  0.78368486538 +/- 0.0338533303466
ALT purity from fit:  0.656473180038 +/- 0.0275860126252
[?1034h######################
      Trigger         
HLT_Photon175_v3
######################
[#1] INFO:DataHandling -- RooDataHist::adjustBinning(promptDataHist): fit range of variable sieie expanded to nearest bin boundaries: [0,20] --> [0,20]
[#1] INFO:DataHandling -- RooDataHist::adjustBinning(nonpromptDataHist): fit range of variable sieie expanded to nearest bin boundaries: [0,20] --> [0,20]
[#1] INFO:DataHandling -- RooDataHist::adjustBinning(nonpromptHist): fit range of variable sieie expanded to nearest bin boundaries: [0,20] --> [0,20]
[#1] INFO:DataHandling -- RooDataHist::adjustBinning(dataHist): fit range of variable sieie expanded to nearest bin boundaries: [0,20] --> [0,20]
[#1] INFO:Minization -- RooMinuit::optimizeConst: activating const optimization
[#1] INFO:Minization --  The following expressions have been identified as constant and will be precalculated and cached: (promptPdf,nonpromptPdf)
 **********
 **   13 **MIGRAD         500           1
 **********
 FIRST CALL TO USER FUNCTION AT NEW START POINT, WITH IFLAG=4.
 START MIGRAD MINIMIZATION.  STRATEGY  1.  CONVERGENCE WHEN EDM .LT. 1.00e-03
 FCN=610.829 FROM MIGRAD    STATUS=INITIATE        4 CALLS           5 TOTAL
                     EDM= unknown      STRATEGY= 1      NO ERROR MATRIX       
  EXT PARAMETER               CURRENT GUESS       STEP         FIRST   
  NO.   NAME      VALUE            ERROR          SIZE      DERIVATIVE 
   1  frac         8.50000e-01   7.50000e-02   2.16811e-01   8.79136e+01
                               ERR DEF= 0.5
 MIGRAD MINIMIZATION HAS CONVERGED.
 MIGRAD WILL VERIFY CONVERGENCE AND ERROR MATRIX.
 COVARIANCE MATRIX CALCULATED SUCCESSFULLY
 FCN=599.906 FROM MIGRAD    STATUS=CONVERGED      16 CALLS          17 TOTAL
                     EDM=6.81623e-08    STRATEGY= 1      ERROR MATRIX ACCURATE 
  EXT PARAMETER                                   STEP         FIRST   
  NO.   NAME      VALUE            ERROR          SIZE      DERIVATIVE 
   1  frac         7.49336e-01   2.38671e-02   9.29930e-04   4.73846e-03
                               ERR DEF= 0.5
 EXTERNAL ERROR MATRIX.    NDIM=  25    NPAR=  1    ERR DEF=0.5
  5.702e-04 
 **********
 **   18 **HESSE         500
 **********
 COVARIANCE MATRIX CALCULATED SUCCESSFULLY
 FCN=599.906 FROM HESSE     STATUS=OK              5 CALLS          22 TOTAL
                     EDM=6.81457e-08    STRATEGY= 1      ERROR MATRIX ACCURATE 
  EXT PARAMETER                                INTERNAL      INTERNAL  
  NO.   NAME      VALUE            ERROR       STEP SIZE       VALUE   
   1  frac         7.49336e-01   2.38671e-02   1.85986e-04   5.22066e-01
                               ERR DEF= 0.5
 EXTERNAL ERROR MATRIX.    NDIM=  25    NPAR=  1    ERR DEF=0.5
  5.702e-04 
[#1] INFO:Minization -- RooMinuit::optimizeConst: deactivating const optimization
[#1] INFO:Minization -- RooMinuit::optimizeConst: activating const optimization
[#1] INFO:Minization --  The following expressions have been identified as constant and will be precalculated and cached: (promptPdf,nonpromptDataPdf)
 **********
 **   13 **MIGRAD         500           1
 **********
 FIRST CALL TO USER FUNCTION AT NEW START POINT, WITH IFLAG=4.
 START MIGRAD MINIMIZATION.  STRATEGY  1.  CONVERGENCE WHEN EDM .LT. 1.00e-03
 FCN=609.766 FROM MIGRAD    STATUS=INITIATE        4 CALLS           5 TOTAL
                     EDM= unknown      STRATEGY= 1      NO ERROR MATRIX       
  EXT PARAMETER               CURRENT GUESS       STEP         FIRST   
  NO.   NAME      VALUE            ERROR          SIZE      DERIVATIVE 
   1  fracALT      8.50000e-01   7.50000e-02   2.16811e-01   9.94291e+01
                               ERR DEF= 0.5
 MIGRAD MINIMIZATION HAS CONVERGED.
 MIGRAD WILL VERIFY CONVERGENCE AND ERROR MATRIX.
 COVARIANCE MATRIX CALCULATED SUCCESSFULLY
 FCN=594.454 FROM MIGRAD    STATUS=CONVERGED      17 CALLS          18 TOTAL
                     EDM=1.32241e-08    STRATEGY= 1      ERROR MATRIX ACCURATE 
  EXT PARAMETER                                   STEP         FIRST   
  NO.   NAME      VALUE            ERROR          SIZE      DERIVATIVE 
   1  fracALT      7.21500e-01   2.62268e-02   9.84228e-04   1.96436e-03
                               ERR DEF= 0.5
 EXTERNAL ERROR MATRIX.    NDIM=  25    NPAR=  1    ERR DEF=0.5
  6.886e-04 
 **********
 **   18 **HESSE         500
 **********
 COVARIANCE MATRIX CALCULATED SUCCESSFULLY
 FCN=594.454 FROM HESSE     STATUS=OK              5 CALLS          23 TOTAL
                     EDM=1.32149e-08    STRATEGY= 1      ERROR MATRIX ACCURATE 
  EXT PARAMETER                                INTERNAL      INTERNAL  
  NO.   NAME      VALUE            ERROR       STEP SIZE       VALUE   
   1  fracALT      7.21500e-01   2.62268e-02   1.96846e-04   4.58942e-01
                               ERR DEF= 0.5
 EXTERNAL ERROR MATRIX.    NDIM=  25    NPAR=  1    ERR DEF=0.5
  6.886e-04 
[#1] INFO:Minization -- RooMinuit::optimizeConst: deactivating const optimization
[#1] INFO:Eval -- RooRealVar::setRange(sieie) new range named 'SR' created with bounds [0,1.79]
purity in SR:  0.926531481083 +/- 0.02951097878
purity from fit:  0.74933580997 +/- 0.0238671147593
ALT purity in SR:  0.793414843653 +/- 0.0299535793794
ALT purity from fit:  0.721500052546 +/- 0.0262267606162
