[?1034h######################
      Trigger         
0 HLT_DoubleEle8_CaloIdM_TrackIdM_Mass8_PFHT300_v4
1 HLT_DoubleMu8_Mass8_PFHT300_v4
2 HLT_Ele105_CaloIdVT_GsfTrkIdT_v3
3 HLT_Ele15_IsoVVVL_PFHT350_PFMET50_v2
4 HLT_Ele15_IsoVVVL_PFHT350_v2
5 HLT_Ele15_IsoVVVL_PFHT400_v
6 HLT_Ele15_IsoVVVL_PFHT600_v3
7 HLT_Ele23_Ele12_CaloIdL_TrackIdL_IsoVL_DZ_v3
8 HLT_Ele25_eta2p1_WPTight_v 
9 HLT_Ele27_WPTight_v
10 HLT_Ele27_eta2p1_WPLoose_v 
11 HLT_Ele45_WPLoose_v
12 HLT_Ele50_IsoVVVL_PFHT400_v
13 HLT_IsoMu22_eta2p1_v
14 HLT_IsoMu22_v2
15 HLT_IsoMu24_v 
16 HLT_IsoTkMu22_v2
17 HLT_Mu15_IsoVVVL_PFHT350_PFMET50_v2
18 HLT_Mu15_IsoVVVL_PFHT350_v2
19 HLT_Mu15_IsoVVVL_PFHT400_v
20 HLT_Mu15_IsoVVVL_PFHT600_v3
21 HLT_Mu17_TrkIsoVVL_Mu8_TrkIsoVVL_v2
22 HLT_Mu17_TrkIsoVVL_TkMu8_TrkIsoVVL_v2
23 HLT_Mu50_IsoVVVL_PFHT400_v
24 HLT_Mu50_v2
25 HLT_PFHT300_PFMET100_v1
26 HLT_PFHT300_PFMET110_v1
27 HLT_PFHT800_v2
28 HLT_PFHT900_v1
29 HLT_PFMET100_PFMHT100_IDTight_v2
30 HLT_PFMET110_PFMHT110_IDTight_v2
31 HLT_PFMET120_PFMHT120_IDTight_v2
32 HLT_PFMET90_PFMHT90_IDTight_v2
33 HLT_PFMETNoMu100_PFMHTNoMu100_IDTight_v1
34 HLT_PFMETNoMu110_PFMHTNoMu110_IDTight_v1
35 HLT_PFMETNoMu120_PFMHTNoMu120_IDTight_v1
36 HLT_PFMETNoMu90_PFMHTNoMu90_IDTight_v1
37 HLT_Photon165_HE10_v3
38 HLT_Photon175_v3
39 HLT_Photon90_CaloIdL_PFHT500_v3
40 HLT_TkMu50_v
######################
[#1] INFO:DataHandling -- RooDataHist::adjustBinning(promptDataHist): fit range of variable sieie expanded to nearest bin boundaries: [0,20] --> [0,20]
[#1] INFO:DataHandling -- RooDataHist::adjustBinning(nonpromptDataHist): fit range of variable sieie expanded to nearest bin boundaries: [0,20] --> [0,20]
[#1] INFO:DataHandling -- RooDataHist::adjustBinning(nonpromptHist): fit range of variable sieie expanded to nearest bin boundaries: [0,20] --> [0,20]
[#1] INFO:DataHandling -- RooDataHist::adjustBinning(dataHist): fit range of variable sieie expanded to nearest bin boundaries: [0,20] --> [0,20]
[#1] INFO:Minization -- RooMinuit::optimizeConst: activating const optimization
[#1] INFO:Minization --  The following expressions have been identified as constant and will be precalculated and cached: (promptPdf,nonpromptPdf)
 **********
 **   13 **MIGRAD         500           1
 **********
 FIRST CALL TO USER FUNCTION AT NEW START POINT, WITH IFLAG=4.
 START MIGRAD MINIMIZATION.  STRATEGY  1.  CONVERGENCE WHEN EDM .LT. 1.00e-03
 FCN=2107.7 FROM MIGRAD    STATUS=INITIATE        4 CALLS           5 TOTAL
                     EDM= unknown      STRATEGY= 1      NO ERROR MATRIX       
  EXT PARAMETER               CURRENT GUESS       STEP         FIRST   
  NO.   NAME      VALUE            ERROR          SIZE      DERIVATIVE 
   1  frac         8.50000e-01   7.50000e-02   2.16811e-01  -1.75919e+02
                               ERR DEF= 0.5
 MIGRAD MINIMIZATION HAS CONVERGED.
 MIGRAD WILL VERIFY CONVERGENCE AND ERROR MATRIX.
 COVARIANCE MATRIX CALCULATED SUCCESSFULLY
 FCN=2095.56 FROM MIGRAD    STATUS=CONVERGED      15 CALLS          16 TOTAL
                     EDM=4.88972e-07    STRATEGY= 1      ERROR MATRIX ACCURATE 
  EXT PARAMETER                                   STEP         FIRST   
  NO.   NAME      VALUE            ERROR          SIZE      DERIVATIVE 
   1  frac         8.95629e-01   8.49447e-03   8.78338e-04  -2.51654e-02
                               ERR DEF= 0.5
 EXTERNAL ERROR MATRIX.    NDIM=  25    NPAR=  1    ERR DEF=0.5
  7.217e-05 
 **********
 **   18 **HESSE         500
 **********
 COVARIANCE MATRIX CALCULATED SUCCESSFULLY
 FCN=2095.56 FROM HESSE     STATUS=OK              5 CALLS          21 TOTAL
                     EDM=4.89017e-07    STRATEGY= 1      ERROR MATRIX ACCURATE 
  EXT PARAMETER                                INTERNAL      INTERNAL  
  NO.   NAME      VALUE            ERROR       STEP SIZE       VALUE   
   1  frac         8.95629e-01   8.49447e-03   1.75668e-04   9.12864e-01
                               ERR DEF= 0.5
 EXTERNAL ERROR MATRIX.    NDIM=  25    NPAR=  1    ERR DEF=0.5
  7.217e-05 
[#1] INFO:Minization -- RooMinuit::optimizeConst: deactivating const optimization
[#1] INFO:Minization -- RooMinuit::optimizeConst: activating const optimization
[#1] INFO:Minization --  The following expressions have been identified as constant and will be precalculated and cached: (promptPdf,nonpromptDataPdf)
 **********
 **   13 **MIGRAD         500           1
 **********
 FIRST CALL TO USER FUNCTION AT NEW START POINT, WITH IFLAG=4.
 START MIGRAD MINIMIZATION.  STRATEGY  1.  CONVERGENCE WHEN EDM .LT. 1.00e-03
 FCN=2119.05 FROM MIGRAD    STATUS=INITIATE        4 CALLS           5 TOTAL
                     EDM= unknown      STRATEGY= 1      NO ERROR MATRIX       
  EXT PARAMETER               CURRENT GUESS       STEP         FIRST   
  NO.   NAME      VALUE            ERROR          SIZE      DERIVATIVE 
   1  fracALT      8.50000e-01   7.50000e-02   2.16811e-01  -1.94847e+02
                               ERR DEF= 0.5
 MIGRAD MINIMIZATION HAS CONVERGED.
 MIGRAD WILL VERIFY CONVERGENCE AND ERROR MATRIX.
 COVARIANCE MATRIX CALCULATED SUCCESSFULLY
 FCN=2104.03 FROM MIGRAD    STATUS=CONVERGED      15 CALLS          16 TOTAL
                     EDM=1.18059e-06    STRATEGY= 1      ERROR MATRIX ACCURATE 
  EXT PARAMETER                                   STEP         FIRST   
  NO.   NAME      VALUE            ERROR          SIZE      DERIVATIVE 
   1  fracALT      9.00441e-01   8.33994e-03   8.82317e-04  -3.90031e-02
                               ERR DEF= 0.5
 EXTERNAL ERROR MATRIX.    NDIM=  25    NPAR=  1    ERR DEF=0.5
  6.957e-05 
 **********
 **   18 **HESSE         500
 **********
 COVARIANCE MATRIX CALCULATED SUCCESSFULLY
 FCN=2104.03 FROM HESSE     STATUS=OK              5 CALLS          21 TOTAL
                     EDM=1.18066e-06    STRATEGY= 1      ERROR MATRIX ACCURATE 
  EXT PARAMETER                                INTERNAL      INTERNAL  
  NO.   NAME      VALUE            ERROR       STEP SIZE       VALUE   
   1  fracALT      9.00441e-01   8.33994e-03   1.76463e-04   9.28766e-01
                               ERR DEF= 0.5
 EXTERNAL ERROR MATRIX.    NDIM=  25    NPAR=  1    ERR DEF=0.5
  6.957e-05 
[#1] INFO:Minization -- RooMinuit::optimizeConst: deactivating const optimization
[#1] INFO:Eval -- RooRealVar::setRange(sieie) new range named 'SR' created with bounds [0,2.67]
purity in SR:  0.899330319235 +/- 0.00852957314818
purity from fit:  0.895629024708 +/- 0.00849446873578
ALT purity in SR:  0.902633189988 +/- 0.00831556972047
ALT purity from fit:  0.900440750014 +/- 0.00833993821692
[?1034h######################
      Trigger         
0 HLT_DoubleEle8_CaloIdM_TrackIdM_Mass8_PFHT300_v4
1 HLT_DoubleMu8_Mass8_PFHT300_v4
2 HLT_Ele105_CaloIdVT_GsfTrkIdT_v3
3 HLT_Ele15_IsoVVVL_PFHT350_PFMET50_v2
4 HLT_Ele15_IsoVVVL_PFHT350_v2
5 HLT_Ele15_IsoVVVL_PFHT400_v
6 HLT_Ele15_IsoVVVL_PFHT600_v3
7 HLT_Ele23_Ele12_CaloIdL_TrackIdL_IsoVL_DZ_v3
8 HLT_Ele25_eta2p1_WPTight_v 
9 HLT_Ele27_WPTight_v
10 HLT_Ele27_eta2p1_WPLoose_v 
11 HLT_Ele45_WPLoose_v
12 HLT_Ele50_IsoVVVL_PFHT400_v
13 HLT_IsoMu22_eta2p1_v
14 HLT_IsoMu22_v2
15 HLT_IsoMu24_v 
16 HLT_IsoTkMu22_v2
17 HLT_Mu15_IsoVVVL_PFHT350_PFMET50_v2
18 HLT_Mu15_IsoVVVL_PFHT350_v2
19 HLT_Mu15_IsoVVVL_PFHT400_v
20 HLT_Mu15_IsoVVVL_PFHT600_v3
21 HLT_Mu17_TrkIsoVVL_Mu8_TrkIsoVVL_v2
22 HLT_Mu17_TrkIsoVVL_TkMu8_TrkIsoVVL_v2
23 HLT_Mu50_IsoVVVL_PFHT400_v
24 HLT_Mu50_v2
25 HLT_PFHT300_PFMET100_v1
26 HLT_PFHT300_PFMET110_v1
27 HLT_PFHT800_v2
28 HLT_PFHT900_v1
29 HLT_PFMET100_PFMHT100_IDTight_v2
30 HLT_PFMET110_PFMHT110_IDTight_v2
31 HLT_PFMET120_PFMHT120_IDTight_v2
32 HLT_PFMET90_PFMHT90_IDTight_v2
33 HLT_PFMETNoMu100_PFMHTNoMu100_IDTight_v1
34 HLT_PFMETNoMu110_PFMHTNoMu110_IDTight_v1
35 HLT_PFMETNoMu120_PFMHTNoMu120_IDTight_v1
36 HLT_PFMETNoMu90_PFMHTNoMu90_IDTight_v1
37 HLT_Photon165_HE10_v3
38 HLT_Photon175_v3
39 HLT_Photon90_CaloIdL_PFHT500_v3
40 HLT_TkMu50_v
######################
[#1] INFO:DataHandling -- RooDataHist::adjustBinning(promptDataHist): fit range of variable sieie expanded to nearest bin boundaries: [0,20] --> [0,20]
[#1] INFO:DataHandling -- RooDataHist::adjustBinning(nonpromptDataHist): fit range of variable sieie expanded to nearest bin boundaries: [0,20] --> [0,20]
[#1] INFO:DataHandling -- RooDataHist::adjustBinning(nonpromptHist): fit range of variable sieie expanded to nearest bin boundaries: [0,20] --> [0,20]
[#1] INFO:DataHandling -- RooDataHist::adjustBinning(dataHist): fit range of variable sieie expanded to nearest bin boundaries: [0,20] --> [0,20]
[#1] INFO:Minization -- RooMinuit::optimizeConst: activating const optimization
[#1] INFO:Minization --  The following expressions have been identified as constant and will be precalculated and cached: (promptPdf,nonpromptPdf)
 **********
 **   13 **MIGRAD         500           1
 **********
 FIRST CALL TO USER FUNCTION AT NEW START POINT, WITH IFLAG=4.
 START MIGRAD MINIMIZATION.  STRATEGY  1.  CONVERGENCE WHEN EDM .LT. 1.00e-03
 FCN=2505.26 FROM MIGRAD    STATUS=INITIATE        4 CALLS           5 TOTAL
                     EDM= unknown      STRATEGY= 1      NO ERROR MATRIX       
  EXT PARAMETER               CURRENT GUESS       STEP         FIRST   
  NO.   NAME      VALUE            ERROR          SIZE      DERIVATIVE 
   1  frac         8.50000e-01   7.50000e-02   2.16811e-01  -4.87320e+01
                               ERR DEF= 0.5
 MIGRAD MINIMIZATION HAS CONVERGED.
 MIGRAD WILL VERIFY CONVERGENCE AND ERROR MATRIX.
 COVARIANCE MATRIX CALCULATED SUCCESSFULLY
 FCN=2504.51 FROM MIGRAD    STATUS=CONVERGED      12 CALLS          13 TOTAL
                     EDM=3.95124e-05    STRATEGY= 1      ERROR MATRIX ACCURATE 
  EXT PARAMETER                                   STEP         FIRST   
  NO.   NAME      VALUE            ERROR          SIZE      DERIVATIVE 
   1  frac         8.60875e-01   8.67257e-03   8.70703e-04   2.50811e-01
                               ERR DEF= 0.5
 EXTERNAL ERROR MATRIX.    NDIM=  25    NPAR=  1    ERR DEF=0.5
  7.523e-05 
 **********
 **   18 **HESSE         500
 **********
 COVARIANCE MATRIX CALCULATED SUCCESSFULLY
 FCN=2504.51 FROM HESSE     STATUS=OK              5 CALLS          18 TOTAL
                     EDM=3.95116e-05    STRATEGY= 1      ERROR MATRIX ACCURATE 
  EXT PARAMETER                                INTERNAL      INTERNAL  
  NO.   NAME      VALUE            ERROR       STEP SIZE       VALUE   
   1  frac         8.60875e-01   8.67257e-03   1.74141e-04   8.06327e-01
                               ERR DEF= 0.5
 EXTERNAL ERROR MATRIX.    NDIM=  25    NPAR=  1    ERR DEF=0.5
  7.523e-05 
[#1] INFO:Minization -- RooMinuit::optimizeConst: deactivating const optimization
[#1] INFO:Minization -- RooMinuit::optimizeConst: activating const optimization
[#1] INFO:Minization --  The following expressions have been identified as constant and will be precalculated and cached: (promptPdf,nonpromptDataPdf)
 **********
 **   13 **MIGRAD         500           1
 **********
 FIRST CALL TO USER FUNCTION AT NEW START POINT, WITH IFLAG=4.
 START MIGRAD MINIMIZATION.  STRATEGY  1.  CONVERGENCE WHEN EDM .LT. 1.00e-03
 FCN=2522.76 FROM MIGRAD    STATUS=INITIATE        4 CALLS           5 TOTAL
                     EDM= unknown      STRATEGY= 1      NO ERROR MATRIX       
  EXT PARAMETER               CURRENT GUESS       STEP         FIRST   
  NO.   NAME      VALUE            ERROR          SIZE      DERIVATIVE 
   1  fracALT      8.50000e-01   7.50000e-02   2.16811e-01  -1.25301e+02
                               ERR DEF= 0.5
 MIGRAD MINIMIZATION HAS CONVERGED.
 MIGRAD WILL VERIFY CONVERGENCE AND ERROR MATRIX.
 COVARIANCE MATRIX CALCULATED SUCCESSFULLY
 FCN=2517.94 FROM MIGRAD    STATUS=CONVERGED      15 CALLS          16 TOTAL
                     EDM=2.331e-07    STRATEGY= 1      ERROR MATRIX ACCURATE 
  EXT PARAMETER                                   STEP         FIRST   
  NO.   NAME      VALUE            ERROR          SIZE      DERIVATIVE 
   1  fracALT      8.76294e-01   8.08760e-03   8.51178e-04  -1.96530e-02
                               ERR DEF= 0.5
 EXTERNAL ERROR MATRIX.    NDIM=  25    NPAR=  1    ERR DEF=0.5
  6.542e-05 
 **********
 **   18 **HESSE         500
 **********
 COVARIANCE MATRIX CALCULATED SUCCESSFULLY
 FCN=2517.94 FROM HESSE     STATUS=OK              5 CALLS          21 TOTAL
                     EDM=2.33166e-07    STRATEGY= 1      ERROR MATRIX ACCURATE 
  EXT PARAMETER                                INTERNAL      INTERNAL  
  NO.   NAME      VALUE            ERROR       STEP SIZE       VALUE   
   1  fracALT      8.76294e-01   8.08760e-03   1.70236e-04   8.51983e-01
                               ERR DEF= 0.5
 EXTERNAL ERROR MATRIX.    NDIM=  25    NPAR=  1    ERR DEF=0.5
  6.542e-05 
[#1] INFO:Minization -- RooMinuit::optimizeConst: deactivating const optimization
[#1] INFO:Eval -- RooRealVar::setRange(sieie) new range named 'SR' created with bounds [0,2.67]
purity in SR:  0.867105626923 +/- 0.00873533437757
purity from fit:  0.86087494246 +/- 0.00867256565541
ALT purity in SR:  0.878633595803 +/- 0.0079665073672
ALT purity from fit:  0.876293944541 +/- 0.00808760088683
[?1034h######################
      Trigger         
0 HLT_DoubleEle8_CaloIdM_TrackIdM_Mass8_PFHT300_v4
1 HLT_DoubleMu8_Mass8_PFHT300_v4
2 HLT_Ele105_CaloIdVT_GsfTrkIdT_v3
3 HLT_Ele15_IsoVVVL_PFHT350_PFMET50_v2
4 HLT_Ele15_IsoVVVL_PFHT350_v2
5 HLT_Ele15_IsoVVVL_PFHT400_v
6 HLT_Ele15_IsoVVVL_PFHT600_v3
7 HLT_Ele23_Ele12_CaloIdL_TrackIdL_IsoVL_DZ_v3
8 HLT_Ele25_eta2p1_WPTight_v 
9 HLT_Ele27_WPTight_v
10 HLT_Ele27_eta2p1_WPLoose_v 
11 HLT_Ele45_WPLoose_v
12 HLT_Ele50_IsoVVVL_PFHT400_v
13 HLT_IsoMu22_eta2p1_v
14 HLT_IsoMu22_v2
15 HLT_IsoMu24_v 
16 HLT_IsoTkMu22_v2
17 HLT_Mu15_IsoVVVL_PFHT350_PFMET50_v2
18 HLT_Mu15_IsoVVVL_PFHT350_v2
19 HLT_Mu15_IsoVVVL_PFHT400_v
20 HLT_Mu15_IsoVVVL_PFHT600_v3
21 HLT_Mu17_TrkIsoVVL_Mu8_TrkIsoVVL_v2
22 HLT_Mu17_TrkIsoVVL_TkMu8_TrkIsoVVL_v2
23 HLT_Mu50_IsoVVVL_PFHT400_v
24 HLT_Mu50_v2
25 HLT_PFHT300_PFMET100_v1
26 HLT_PFHT300_PFMET110_v1
27 HLT_PFHT800_v2
28 HLT_PFHT900_v1
29 HLT_PFMET100_PFMHT100_IDTight_v2
30 HLT_PFMET110_PFMHT110_IDTight_v2
31 HLT_PFMET120_PFMHT120_IDTight_v2
32 HLT_PFMET90_PFMHT90_IDTight_v2
33 HLT_PFMETNoMu100_PFMHTNoMu100_IDTight_v1
34 HLT_PFMETNoMu110_PFMHTNoMu110_IDTight_v1
35 HLT_PFMETNoMu120_PFMHTNoMu120_IDTight_v1
36 HLT_PFMETNoMu90_PFMHTNoMu90_IDTight_v1
37 HLT_Photon165_HE10_v3
38 HLT_Photon175_v3
39 HLT_Photon90_CaloIdL_PFHT500_v3
40 HLT_TkMu50_v
######################
[#1] INFO:DataHandling -- RooDataHist::adjustBinning(promptDataHist): fit range of variable sieie expanded to nearest bin boundaries: [0,20] --> [0,20]
[#1] INFO:DataHandling -- RooDataHist::adjustBinning(nonpromptDataHist): fit range of variable sieie expanded to nearest bin boundaries: [0,20] --> [0,20]
[#1] INFO:DataHandling -- RooDataHist::adjustBinning(nonpromptHist): fit range of variable sieie expanded to nearest bin boundaries: [0,20] --> [0,20]
[#1] INFO:DataHandling -- RooDataHist::adjustBinning(dataHist): fit range of variable sieie expanded to nearest bin boundaries: [0,20] --> [0,20]
[#1] INFO:Minization -- RooMinuit::optimizeConst: activating const optimization
[#1] INFO:Minization --  The following expressions have been identified as constant and will be precalculated and cached: (promptPdf,nonpromptPdf)
 **********
 **   13 **MIGRAD         500           1
 **********
 FIRST CALL TO USER FUNCTION AT NEW START POINT, WITH IFLAG=4.
 START MIGRAD MINIMIZATION.  STRATEGY  1.  CONVERGENCE WHEN EDM .LT. 1.00e-03
 FCN=4104.5 FROM MIGRAD    STATUS=INITIATE        4 CALLS           5 TOTAL
                     EDM= unknown      STRATEGY= 1      NO ERROR MATRIX       
  EXT PARAMETER               CURRENT GUESS       STEP         FIRST   
  NO.   NAME      VALUE            ERROR          SIZE      DERIVATIVE 
   1  frac         8.50000e-01   7.50000e-02   2.16811e-01  -1.58286e+02
                               ERR DEF= 0.5
 MIGRAD MINIMIZATION HAS CONVERGED.
 MIGRAD WILL VERIFY CONVERGENCE AND ERROR MATRIX.
 COVARIANCE MATRIX CALCULATED SUCCESSFULLY
 FCN=4099.35 FROM MIGRAD    STATUS=CONVERGED      15 CALLS          16 TOTAL
                     EDM=6.32578e-10    STRATEGY= 1      ERROR MATRIX ACCURATE 
  EXT PARAMETER                                   STEP         FIRST   
  NO.   NAME      VALUE            ERROR          SIZE      DERIVATIVE 
   1  frac         8.72441e-01   6.74853e-03   8.94503e-04  -1.24320e-03
                               ERR DEF= 0.5
 EXTERNAL ERROR MATRIX.    NDIM=  25    NPAR=  1    ERR DEF=0.5
  4.555e-05 
 **********
 **   18 **HESSE         500
 **********
 COVARIANCE MATRIX CALCULATED SUCCESSFULLY
 FCN=4099.35 FROM HESSE     STATUS=OK              5 CALLS          21 TOTAL
                     EDM=6.33605e-10    STRATEGY= 1      ERROR MATRIX ACCURATE 
  EXT PARAMETER                                INTERNAL      INTERNAL  
  NO.   NAME      VALUE            ERROR       STEP SIZE       VALUE   
   1  frac         8.72441e-01   6.74853e-03   1.78901e-04   8.40359e-01
                               ERR DEF= 0.5
 EXTERNAL ERROR MATRIX.    NDIM=  25    NPAR=  1    ERR DEF=0.5
  4.555e-05 
[#1] INFO:Minization -- RooMinuit::optimizeConst: deactivating const optimization
[#1] INFO:Minization -- RooMinuit::optimizeConst: activating const optimization
[#1] INFO:Minization --  The following expressions have been identified as constant and will be precalculated and cached: (promptPdf,nonpromptDataPdf)
 **********
 **   13 **MIGRAD         500           1
 **********
 FIRST CALL TO USER FUNCTION AT NEW START POINT, WITH IFLAG=4.
 START MIGRAD MINIMIZATION.  STRATEGY  1.  CONVERGENCE WHEN EDM .LT. 1.00e-03
 FCN=4118.05 FROM MIGRAD    STATUS=INITIATE        4 CALLS           5 TOTAL
                     EDM= unknown      STRATEGY= 1      NO ERROR MATRIX       
  EXT PARAMETER               CURRENT GUESS       STEP         FIRST   
  NO.   NAME      VALUE            ERROR          SIZE      DERIVATIVE 
   1  fracALT      8.50000e-01   7.50000e-02   2.16811e-01  -1.85389e+02
                               ERR DEF= 0.5
 MIGRAD MINIMIZATION HAS CONVERGED.
 MIGRAD WILL VERIFY CONVERGENCE AND ERROR MATRIX.
 COVARIANCE MATRIX CALCULATED SUCCESSFULLY
 FCN=4111.05 FROM MIGRAD    STATUS=CONVERGED      15 CALLS          16 TOTAL
                     EDM=1.38586e-09    STRATEGY= 1      ERROR MATRIX ACCURATE 
  EXT PARAMETER                                   STEP         FIRST   
  NO.   NAME      VALUE            ERROR          SIZE      DERIVATIVE 
   1  fracALT      8.75910e-01   6.63918e-03   8.91722e-04  -1.84848e-03
                               ERR DEF= 0.5
 EXTERNAL ERROR MATRIX.    NDIM=  25    NPAR=  1    ERR DEF=0.5
  4.408e-05 
 **********
 **   18 **HESSE         500
 **********
 COVARIANCE MATRIX CALCULATED SUCCESSFULLY
 FCN=4111.05 FROM HESSE     STATUS=OK              5 CALLS          21 TOTAL
                     EDM=1.38723e-09    STRATEGY= 1      ERROR MATRIX ACCURATE 
  EXT PARAMETER                                INTERNAL      INTERNAL  
  NO.   NAME      VALUE            ERROR       STEP SIZE       VALUE   
   1  fracALT      8.75910e-01   6.63918e-03   1.78344e-04   8.50818e-01
                               ERR DEF= 0.5
 EXTERNAL ERROR MATRIX.    NDIM=  25    NPAR=  1    ERR DEF=0.5
  4.408e-05 
[#1] INFO:Minization -- RooMinuit::optimizeConst: deactivating const optimization
[#1] INFO:Eval -- RooRealVar::setRange(sieie) new range named 'SR' created with bounds [0,2.67]
purity in SR:  0.880032431267 +/- 0.00680725031487
purity from fit:  0.872441486928 +/- 0.00674853263992
ALT purity in SR:  0.878433450988 +/- 0.00663193836576
ALT purity from fit:  0.87590991616 +/- 0.00663917616907
[?1034h######################
      Trigger         
0 HLT_DoubleEle8_CaloIdM_TrackIdM_Mass8_PFHT300_v4
1 HLT_DoubleMu8_Mass8_PFHT300_v4
2 HLT_Ele105_CaloIdVT_GsfTrkIdT_v3
3 HLT_Ele15_IsoVVVL_PFHT350_PFMET50_v2
4 HLT_Ele15_IsoVVVL_PFHT350_v2
5 HLT_Ele15_IsoVVVL_PFHT400_v
6 HLT_Ele15_IsoVVVL_PFHT600_v3
7 HLT_Ele23_Ele12_CaloIdL_TrackIdL_IsoVL_DZ_v3
8 HLT_Ele25_eta2p1_WPTight_v 
9 HLT_Ele27_WPTight_v
10 HLT_Ele27_eta2p1_WPLoose_v 
11 HLT_Ele45_WPLoose_v
12 HLT_Ele50_IsoVVVL_PFHT400_v
13 HLT_IsoMu22_eta2p1_v
14 HLT_IsoMu22_v2
15 HLT_IsoMu24_v 
16 HLT_IsoTkMu22_v2
17 HLT_Mu15_IsoVVVL_PFHT350_PFMET50_v2
18 HLT_Mu15_IsoVVVL_PFHT350_v2
19 HLT_Mu15_IsoVVVL_PFHT400_v
20 HLT_Mu15_IsoVVVL_PFHT600_v3
21 HLT_Mu17_TrkIsoVVL_Mu8_TrkIsoVVL_v2
22 HLT_Mu17_TrkIsoVVL_TkMu8_TrkIsoVVL_v2
23 HLT_Mu50_IsoVVVL_PFHT400_v
24 HLT_Mu50_v2
25 HLT_PFHT300_PFMET100_v1
26 HLT_PFHT300_PFMET110_v1
27 HLT_PFHT800_v2
28 HLT_PFHT900_v1
29 HLT_PFMET100_PFMHT100_IDTight_v2
30 HLT_PFMET110_PFMHT110_IDTight_v2
31 HLT_PFMET120_PFMHT120_IDTight_v2
32 HLT_PFMET90_PFMHT90_IDTight_v2
33 HLT_PFMETNoMu100_PFMHTNoMu100_IDTight_v1
34 HLT_PFMETNoMu110_PFMHTNoMu110_IDTight_v1
35 HLT_PFMETNoMu120_PFMHTNoMu120_IDTight_v1
36 HLT_PFMETNoMu90_PFMHTNoMu90_IDTight_v1
37 HLT_Photon165_HE10_v3
38 HLT_Photon175_v3
39 HLT_Photon90_CaloIdL_PFHT500_v3
40 HLT_TkMu50_v
######################
[#1] INFO:DataHandling -- RooDataHist::adjustBinning(promptDataHist): fit range of variable sieie expanded to nearest bin boundaries: [0,20] --> [0,20]
[#1] INFO:DataHandling -- RooDataHist::adjustBinning(nonpromptDataHist): fit range of variable sieie expanded to nearest bin boundaries: [0,20] --> [0,20]
[#1] INFO:DataHandling -- RooDataHist::adjustBinning(nonpromptHist): fit range of variable sieie expanded to nearest bin boundaries: [0,20] --> [0,20]
[#1] INFO:DataHandling -- RooDataHist::adjustBinning(dataHist): fit range of variable sieie expanded to nearest bin boundaries: [0,20] --> [0,20]
[#1] INFO:Minization -- RooMinuit::optimizeConst: activating const optimization
[#1] INFO:Minization --  The following expressions have been identified as constant and will be precalculated and cached: (promptPdf,nonpromptPdf)
 **********
 **   13 **MIGRAD         500           1
 **********
 FIRST CALL TO USER FUNCTION AT NEW START POINT, WITH IFLAG=4.
 START MIGRAD MINIMIZATION.  STRATEGY  1.  CONVERGENCE WHEN EDM .LT. 1.00e-03
 FCN=2413.16 FROM MIGRAD    STATUS=INITIATE        4 CALLS           5 TOTAL
                     EDM= unknown      STRATEGY= 1      NO ERROR MATRIX       
  EXT PARAMETER               CURRENT GUESS       STEP         FIRST   
  NO.   NAME      VALUE            ERROR          SIZE      DERIVATIVE 
   1  frac         8.50000e-01   7.50000e-02   2.16811e-01  -1.32476e+02
                               ERR DEF= 0.5
 MIGRAD MINIMIZATION HAS CONVERGED.
 MIGRAD WILL VERIFY CONVERGENCE AND ERROR MATRIX.
 COVARIANCE MATRIX CALCULATED SUCCESSFULLY
 FCN=2406.87 FROM MIGRAD    STATUS=CONVERGED      15 CALLS          16 TOTAL
                     EDM=5.19248e-08    STRATEGY= 1      ERROR MATRIX ACCURATE 
  EXT PARAMETER                                   STEP         FIRST   
  NO.   NAME      VALUE            ERROR          SIZE      DERIVATIVE 
   1  frac         8.82195e-01   8.58360e-03   9.02163e-04  -8.55718e-03
                               ERR DEF= 0.5
 EXTERNAL ERROR MATRIX.    NDIM=  25    NPAR=  1    ERR DEF=0.5
  7.370e-05 
 **********
 **   18 **HESSE         500
 **********
 COVARIANCE MATRIX CALCULATED SUCCESSFULLY
 FCN=2406.87 FROM HESSE     STATUS=OK              5 CALLS          21 TOTAL
                     EDM=5.19403e-08    STRATEGY= 1      ERROR MATRIX ACCURATE 
  EXT PARAMETER                                INTERNAL      INTERNAL  
  NO.   NAME      VALUE            ERROR       STEP SIZE       VALUE   
   1  frac         8.82195e-01   8.58360e-03   1.80433e-04   8.70094e-01
                               ERR DEF= 0.5
 EXTERNAL ERROR MATRIX.    NDIM=  25    NPAR=  1    ERR DEF=0.5
  7.370e-05 
[#1] INFO:Minization -- RooMinuit::optimizeConst: deactivating const optimization
[#1] INFO:Minization -- RooMinuit::optimizeConst: activating const optimization
[#1] INFO:Minization --  The following expressions have been identified as constant and will be precalculated and cached: (promptPdf,nonpromptDataPdf)
 **********
 **   13 **MIGRAD         500           1
 **********
 FIRST CALL TO USER FUNCTION AT NEW START POINT, WITH IFLAG=4.
 START MIGRAD MINIMIZATION.  STRATEGY  1.  CONVERGENCE WHEN EDM .LT. 1.00e-03
 FCN=2426.85 FROM MIGRAD    STATUS=INITIATE        4 CALLS           5 TOTAL
                     EDM= unknown      STRATEGY= 1      NO ERROR MATRIX       
  EXT PARAMETER               CURRENT GUESS       STEP         FIRST   
  NO.   NAME      VALUE            ERROR          SIZE      DERIVATIVE 
   1  fracALT      8.50000e-01   7.50000e-02   2.16811e-01  -1.38899e+01
                               ERR DEF= 0.5
 MIGRAD MINIMIZATION HAS CONVERGED.
 MIGRAD WILL VERIFY CONVERGENCE AND ERROR MATRIX.
 COVARIANCE MATRIX CALCULATED SUCCESSFULLY
 FCN=2426.75 FROM MIGRAD    STATUS=CONVERGED      12 CALLS          13 TOTAL
                     EDM=1.11413e-06    STRATEGY= 1      ERROR MATRIX ACCURATE 
  EXT PARAMETER                                   STEP         FIRST   
  NO.   NAME      VALUE            ERROR          SIZE      DERIVATIVE 
   1  fracALT      8.55017e-01   1.12091e-02   1.08586e-03   3.31490e-02
                               ERR DEF= 0.5
 EXTERNAL ERROR MATRIX.    NDIM=  25    NPAR=  1    ERR DEF=0.5
  1.257e-04 
 **********
 **   18 **HESSE         500
 **********
 COVARIANCE MATRIX CALCULATED SUCCESSFULLY
 FCN=2426.75 FROM HESSE     STATUS=OK              5 CALLS          18 TOTAL
                     EDM=1.11396e-06    STRATEGY= 1      ERROR MATRIX ACCURATE 
  EXT PARAMETER                                INTERNAL      INTERNAL  
  NO.   NAME      VALUE            ERROR       STEP SIZE       VALUE   
   1  fracALT      8.55017e-01   1.12091e-02   2.17172e-04   7.89548e-01
                               ERR DEF= 0.5
 EXTERNAL ERROR MATRIX.    NDIM=  25    NPAR=  1    ERR DEF=0.5
  1.257e-04 
[#1] INFO:Minization -- RooMinuit::optimizeConst: deactivating const optimization
[#1] INFO:Eval -- RooRealVar::setRange(sieie) new range named 'SR' created with bounds [0,2.67]
purity in SR:  0.890046243047 +/- 0.00865999685586
purity from fit:  0.882194802539 +/- 0.00858360369018
ALT purity in SR:  0.857642219977 +/- 0.0116008572585
ALT purity from fit:  0.855017419526 +/- 0.0112090643304
[?1034h######################
      Trigger         
0 HLT_DoubleEle8_CaloIdM_TrackIdM_Mass8_PFHT300_v4
1 HLT_DoubleMu8_Mass8_PFHT300_v4
2 HLT_Ele105_CaloIdVT_GsfTrkIdT_v3
3 HLT_Ele15_IsoVVVL_PFHT350_PFMET50_v2
4 HLT_Ele15_IsoVVVL_PFHT350_v2
5 HLT_Ele15_IsoVVVL_PFHT400_v
6 HLT_Ele15_IsoVVVL_PFHT600_v3
7 HLT_Ele23_Ele12_CaloIdL_TrackIdL_IsoVL_DZ_v3
8 HLT_Ele25_eta2p1_WPTight_v 
9 HLT_Ele27_WPTight_v
10 HLT_Ele27_eta2p1_WPLoose_v 
11 HLT_Ele45_WPLoose_v
12 HLT_Ele50_IsoVVVL_PFHT400_v
13 HLT_IsoMu22_eta2p1_v
14 HLT_IsoMu22_v2
15 HLT_IsoMu24_v 
16 HLT_IsoTkMu22_v2
17 HLT_Mu15_IsoVVVL_PFHT350_PFMET50_v2
18 HLT_Mu15_IsoVVVL_PFHT350_v2
19 HLT_Mu15_IsoVVVL_PFHT400_v
20 HLT_Mu15_IsoVVVL_PFHT600_v3
21 HLT_Mu17_TrkIsoVVL_Mu8_TrkIsoVVL_v2
22 HLT_Mu17_TrkIsoVVL_TkMu8_TrkIsoVVL_v2
23 HLT_Mu50_IsoVVVL_PFHT400_v
24 HLT_Mu50_v2
25 HLT_PFHT300_PFMET100_v1
26 HLT_PFHT300_PFMET110_v1
27 HLT_PFHT800_v2
28 HLT_PFHT900_v1
29 HLT_PFMET100_PFMHT100_IDTight_v2
30 HLT_PFMET110_PFMHT110_IDTight_v2
31 HLT_PFMET120_PFMHT120_IDTight_v2
32 HLT_PFMET90_PFMHT90_IDTight_v2
33 HLT_PFMETNoMu100_PFMHTNoMu100_IDTight_v1
34 HLT_PFMETNoMu110_PFMHTNoMu110_IDTight_v1
35 HLT_PFMETNoMu120_PFMHTNoMu120_IDTight_v1
36 HLT_PFMETNoMu90_PFMHTNoMu90_IDTight_v1
37 HLT_Photon165_HE10_v3
38 HLT_Photon175_v3
39 HLT_Photon90_CaloIdL_PFHT500_v3
40 HLT_TkMu50_v
######################
[#1] INFO:DataHandling -- RooDataHist::adjustBinning(promptDataHist): fit range of variable sieie expanded to nearest bin boundaries: [0,20] --> [0,20]
[#1] INFO:DataHandling -- RooDataHist::adjustBinning(nonpromptDataHist): fit range of variable sieie expanded to nearest bin boundaries: [0,20] --> [0,20]
[#1] INFO:DataHandling -- RooDataHist::adjustBinning(nonpromptHist): fit range of variable sieie expanded to nearest bin boundaries: [0,20] --> [0,20]
[#1] INFO:DataHandling -- RooDataHist::adjustBinning(dataHist): fit range of variable sieie expanded to nearest bin boundaries: [0,20] --> [0,20]
[#1] INFO:Minization -- RooMinuit::optimizeConst: activating const optimization
[#1] INFO:Minization --  The following expressions have been identified as constant and will be precalculated and cached: (promptPdf,nonpromptPdf)
 **********
 **   13 **MIGRAD         500           1
 **********
 FIRST CALL TO USER FUNCTION AT NEW START POINT, WITH IFLAG=4.
 START MIGRAD MINIMIZATION.  STRATEGY  1.  CONVERGENCE WHEN EDM .LT. 1.00e-03
 FCN=992.112 FROM MIGRAD    STATUS=INITIATE        4 CALLS           5 TOTAL
                     EDM= unknown      STRATEGY= 1      NO ERROR MATRIX       
  EXT PARAMETER               CURRENT GUESS       STEP         FIRST   
  NO.   NAME      VALUE            ERROR          SIZE      DERIVATIVE 
   1  frac         8.50000e-01   7.50000e-02   2.16811e-01  -1.08931e+02
                               ERR DEF= 0.5
 MIGRAD MINIMIZATION HAS CONVERGED.
 MIGRAD WILL VERIFY CONVERGENCE AND ERROR MATRIX.
 COVARIANCE MATRIX CALCULATED SUCCESSFULLY
 FCN=983.526 FROM MIGRAD    STATUS=CONVERGED      15 CALLS          16 TOTAL
                     EDM=2.3705e-06    STRATEGY= 1      ERROR MATRIX ACCURATE 
  EXT PARAMETER                                   STEP         FIRST   
  NO.   NAME      VALUE            ERROR          SIZE      DERIVATIVE 
   1  frac         9.01398e-01   1.11857e-02   8.12576e-04  -4.10255e-02
                               ERR DEF= 0.5
 EXTERNAL ERROR MATRIX.    NDIM=  25    NPAR=  1    ERR DEF=0.5
  1.252e-04 
 **********
 **   18 **HESSE         500
 **********
 COVARIANCE MATRIX CALCULATED SUCCESSFULLY
 FCN=983.526 FROM HESSE     STATUS=OK              5 CALLS          21 TOTAL
                     EDM=2.37061e-06    STRATEGY= 1      ERROR MATRIX ACCURATE 
  EXT PARAMETER                                INTERNAL      INTERNAL  
  NO.   NAME      VALUE            ERROR       STEP SIZE       VALUE   
   1  frac         9.01398e-01   1.11857e-02   1.62515e-04   9.31971e-01
                               ERR DEF= 0.5
 EXTERNAL ERROR MATRIX.    NDIM=  25    NPAR=  1    ERR DEF=0.5
  1.252e-04 
[#1] INFO:Minization -- RooMinuit::optimizeConst: deactivating const optimization
[#1] INFO:Minization -- RooMinuit::optimizeConst: activating const optimization
[#1] INFO:Minization --  The following expressions have been identified as constant and will be precalculated and cached: (promptPdf,nonpromptDataPdf)
 **********
 **   13 **MIGRAD         500           1
 **********
 FIRST CALL TO USER FUNCTION AT NEW START POINT, WITH IFLAG=4.
 START MIGRAD MINIMIZATION.  STRATEGY  1.  CONVERGENCE WHEN EDM .LT. 1.00e-03
 FCN=990.522 FROM MIGRAD    STATUS=INITIATE        4 CALLS           5 TOTAL
                     EDM= unknown      STRATEGY= 1      NO ERROR MATRIX       
  EXT PARAMETER               CURRENT GUESS       STEP         FIRST   
  NO.   NAME      VALUE            ERROR          SIZE      DERIVATIVE 
   1  fracALT      8.50000e-01   7.50000e-02   2.16811e-01  -3.62183e+01
                               ERR DEF= 0.5
 MIGRAD MINIMIZATION HAS CONVERGED.
 MIGRAD WILL VERIFY CONVERGENCE AND ERROR MATRIX.
 COVARIANCE MATRIX CALCULATED SUCCESSFULLY
 FCN=989.199 FROM MIGRAD    STATUS=CONVERGED      15 CALLS          16 TOTAL
                     EDM=3.03196e-07    STRATEGY= 1      ERROR MATRIX ACCURATE 
  EXT PARAMETER                                   STEP         FIRST   
  NO.   NAME      VALUE            ERROR          SIZE      DERIVATIVE 
   1  fracALT      8.74975e-01   1.46701e-02   9.63528e-04  -1.24103e-02
                               ERR DEF= 0.5
 EXTERNAL ERROR MATRIX.    NDIM=  25    NPAR=  1    ERR DEF=0.5
  2.154e-04 
 **********
 **   18 **HESSE         500
 **********
 COVARIANCE MATRIX CALCULATED SUCCESSFULLY
 FCN=989.199 FROM HESSE     STATUS=OK              5 CALLS          21 TOTAL
                     EDM=3.03273e-07    STRATEGY= 1      ERROR MATRIX ACCURATE 
  EXT PARAMETER                                INTERNAL      INTERNAL  
  NO.   NAME      VALUE            ERROR       STEP SIZE       VALUE   
   1  fracALT      8.74975e-01   1.46701e-02   1.92706e-04   8.47988e-01
                               ERR DEF= 0.5
 EXTERNAL ERROR MATRIX.    NDIM=  25    NPAR=  1    ERR DEF=0.5
  2.154e-04 
[#1] INFO:Minization -- RooMinuit::optimizeConst: deactivating const optimization
[#1] INFO:Eval -- RooRealVar::setRange(sieie) new range named 'SR' created with bounds [0,2.67]
purity in SR:  0.908135212067 +/- 0.0112693374667
purity from fit:  0.901398362501 +/- 0.0111857377668
ALT purity in SR:  0.878544385284 +/- 0.0151747173822
ALT purity from fit:  0.874975419921 +/- 0.0146700584699
[?1034h######################
      Trigger         
0 HLT_DoubleEle8_CaloIdM_TrackIdM_Mass8_PFHT300_v4
1 HLT_DoubleMu8_Mass8_PFHT300_v4
2 HLT_Ele105_CaloIdVT_GsfTrkIdT_v3
3 HLT_Ele15_IsoVVVL_PFHT350_PFMET50_v2
4 HLT_Ele15_IsoVVVL_PFHT350_v2
5 HLT_Ele15_IsoVVVL_PFHT400_v
6 HLT_Ele15_IsoVVVL_PFHT600_v3
7 HLT_Ele23_Ele12_CaloIdL_TrackIdL_IsoVL_DZ_v3
8 HLT_Ele25_eta2p1_WPTight_v 
9 HLT_Ele27_WPTight_v
10 HLT_Ele27_eta2p1_WPLoose_v 
11 HLT_Ele45_WPLoose_v
12 HLT_Ele50_IsoVVVL_PFHT400_v
13 HLT_IsoMu22_eta2p1_v
14 HLT_IsoMu22_v2
15 HLT_IsoMu24_v 
16 HLT_IsoTkMu22_v2
17 HLT_Mu15_IsoVVVL_PFHT350_PFMET50_v2
18 HLT_Mu15_IsoVVVL_PFHT350_v2
19 HLT_Mu15_IsoVVVL_PFHT400_v
20 HLT_Mu15_IsoVVVL_PFHT600_v3
21 HLT_Mu17_TrkIsoVVL_Mu8_TrkIsoVVL_v2
22 HLT_Mu17_TrkIsoVVL_TkMu8_TrkIsoVVL_v2
23 HLT_Mu50_IsoVVVL_PFHT400_v
24 HLT_Mu50_v2
25 HLT_PFHT300_PFMET100_v1
26 HLT_PFHT300_PFMET110_v1
27 HLT_PFHT800_v2
28 HLT_PFHT900_v1
29 HLT_PFMET100_PFMHT100_IDTight_v2
30 HLT_PFMET110_PFMHT110_IDTight_v2
31 HLT_PFMET120_PFMHT120_IDTight_v2
32 HLT_PFMET90_PFMHT90_IDTight_v2
33 HLT_PFMETNoMu100_PFMHTNoMu100_IDTight_v1
34 HLT_PFMETNoMu110_PFMHTNoMu110_IDTight_v1
35 HLT_PFMETNoMu120_PFMHTNoMu120_IDTight_v1
36 HLT_PFMETNoMu90_PFMHTNoMu90_IDTight_v1
37 HLT_Photon165_HE10_v3
38 HLT_Photon175_v3
39 HLT_Photon90_CaloIdL_PFHT500_v3
40 HLT_TkMu50_v
######################
[#1] INFO:DataHandling -- RooDataHist::adjustBinning(promptDataHist): fit range of variable sieie expanded to nearest bin boundaries: [0,20] --> [0,20]
[#1] INFO:DataHandling -- RooDataHist::adjustBinning(nonpromptDataHist): fit range of variable sieie expanded to nearest bin boundaries: [0,20] --> [0,20]
[#1] INFO:DataHandling -- RooDataHist::adjustBinning(nonpromptHist): fit range of variable sieie expanded to nearest bin boundaries: [0,20] --> [0,20]
[#1] INFO:DataHandling -- RooDataHist::adjustBinning(dataHist): fit range of variable sieie expanded to nearest bin boundaries: [0,20] --> [0,20]
[#1] INFO:Minization -- RooMinuit::optimizeConst: activating const optimization
[#1] INFO:Minization --  The following expressions have been identified as constant and will be precalculated and cached: (promptPdf,nonpromptPdf)
 **********
 **   13 **MIGRAD         500           1
 **********
 FIRST CALL TO USER FUNCTION AT NEW START POINT, WITH IFLAG=4.
 START MIGRAD MINIMIZATION.  STRATEGY  1.  CONVERGENCE WHEN EDM .LT. 1.00e-03
 FCN=493.318 FROM MIGRAD    STATUS=INITIATE        4 CALLS           5 TOTAL
                     EDM= unknown      STRATEGY= 1      NO ERROR MATRIX       
  EXT PARAMETER               CURRENT GUESS       STEP         FIRST   
  NO.   NAME      VALUE            ERROR          SIZE      DERIVATIVE 
   1  frac         8.50000e-01   7.50000e-02   2.16811e-01  -8.74967e+01
                               ERR DEF= 0.5
 MIGRAD MINIMIZATION HAS CONVERGED.
 MIGRAD WILL VERIFY CONVERGENCE AND ERROR MATRIX.
 COVARIANCE MATRIX CALCULATED SUCCESSFULLY
 FCN=482.95 FROM MIGRAD    STATUS=CONVERGED      15 CALLS          16 TOTAL
                     EDM=1.59838e-05    STRATEGY= 1      ERROR MATRIX ACCURATE 
  EXT PARAMETER                                   STEP         FIRST   
  NO.   NAME      VALUE            ERROR          SIZE      DERIVATIVE 
   1  frac         9.23385e-01   1.35364e-02   7.72139e-04  -7.85230e-02
                               ERR DEF= 0.5
 EXTERNAL ERROR MATRIX.    NDIM=  25    NPAR=  1    ERR DEF=0.5
  1.834e-04 
 **********
 **   18 **HESSE         500
 **********
 COVARIANCE MATRIX CALCULATED SUCCESSFULLY
 FCN=482.95 FROM HESSE     STATUS=OK              5 CALLS          21 TOTAL
                     EDM=1.5984e-05    STRATEGY= 1      ERROR MATRIX ACCURATE 
  EXT PARAMETER                                INTERNAL      INTERNAL  
  NO.   NAME      VALUE            ERROR       STEP SIZE       VALUE   
   1  frac         9.23385e-01   1.35364e-02   1.54428e-04   1.00989e+00
                               ERR DEF= 0.5
 EXTERNAL ERROR MATRIX.    NDIM=  25    NPAR=  1    ERR DEF=0.5
  1.834e-04 
[#1] INFO:Minization -- RooMinuit::optimizeConst: deactivating const optimization
[#1] INFO:Minization -- RooMinuit::optimizeConst: activating const optimization
[#1] INFO:Minization --  The following expressions have been identified as constant and will be precalculated and cached: (promptPdf,nonpromptDataPdf)
 **********
 **   13 **MIGRAD         500           1
 **********
 FIRST CALL TO USER FUNCTION AT NEW START POINT, WITH IFLAG=4.
 START MIGRAD MINIMIZATION.  STRATEGY  1.  CONVERGENCE WHEN EDM .LT. 1.00e-03
 FCN=495.178 FROM MIGRAD    STATUS=INITIATE        4 CALLS           5 TOTAL
                     EDM= unknown      STRATEGY= 1      NO ERROR MATRIX       
  EXT PARAMETER               CURRENT GUESS       STEP         FIRST   
  NO.   NAME      VALUE            ERROR          SIZE      DERIVATIVE 
   1  fracALT      8.50000e-01   7.50000e-02   2.16811e-01  -4.67005e+01
                               ERR DEF= 0.5
 MIGRAD MINIMIZATION HAS CONVERGED.
 MIGRAD WILL VERIFY CONVERGENCE AND ERROR MATRIX.
 COVARIANCE MATRIX CALCULATED SUCCESSFULLY
 FCN=491.108 FROM MIGRAD    STATUS=CONVERGED      15 CALLS          16 TOTAL
                     EDM=3.67034e-05    STRATEGY= 1      ERROR MATRIX ACCURATE 
  EXT PARAMETER                                   STEP         FIRST   
  NO.   NAME      VALUE            ERROR          SIZE      DERIVATIVE 
   1  fracALT      9.05767e-01   1.73043e-02   9.05249e-04  -1.02224e-01
                               ERR DEF= 0.5
 EXTERNAL ERROR MATRIX.    NDIM=  25    NPAR=  1    ERR DEF=0.5
  2.998e-04 
 **********
 **   18 **HESSE         500
 **********
 COVARIANCE MATRIX CALCULATED SUCCESSFULLY
 FCN=491.108 FROM HESSE     STATUS=OK              5 CALLS          21 TOTAL
                     EDM=3.67041e-05    STRATEGY= 1      ERROR MATRIX ACCURATE 
  EXT PARAMETER                                INTERNAL      INTERNAL  
  NO.   NAME      VALUE            ERROR       STEP SIZE       VALUE   
   1  fracALT      9.05767e-01   1.73043e-02   1.81050e-04   9.46774e-01
                               ERR DEF= 0.5
 EXTERNAL ERROR MATRIX.    NDIM=  25    NPAR=  1    ERR DEF=0.5
  2.998e-04 
[#1] INFO:Minization -- RooMinuit::optimizeConst: deactivating const optimization
[#1] INFO:Eval -- RooRealVar::setRange(sieie) new range named 'SR' created with bounds [0,2.67]
purity in SR:  0.927764420639 +/- 0.013600574581
purity from fit:  0.923385464424 +/- 0.0135363812155
ALT purity in SR:  0.909775634832 +/- 0.0177189620286
ALT purity from fit:  0.90576727669 +/- 0.0173043063542
[?1034h######################
      Trigger         
0 HLT_DoubleEle8_CaloIdM_TrackIdM_Mass8_PFHT300_v4
1 HLT_DoubleMu8_Mass8_PFHT300_v4
2 HLT_Ele105_CaloIdVT_GsfTrkIdT_v3
3 HLT_Ele15_IsoVVVL_PFHT350_PFMET50_v2
4 HLT_Ele15_IsoVVVL_PFHT350_v2
5 HLT_Ele15_IsoVVVL_PFHT400_v
6 HLT_Ele15_IsoVVVL_PFHT600_v3
7 HLT_Ele23_Ele12_CaloIdL_TrackIdL_IsoVL_DZ_v3
8 HLT_Ele25_eta2p1_WPTight_v 
9 HLT_Ele27_WPTight_v
10 HLT_Ele27_eta2p1_WPLoose_v 
11 HLT_Ele45_WPLoose_v
12 HLT_Ele50_IsoVVVL_PFHT400_v
13 HLT_IsoMu22_eta2p1_v
14 HLT_IsoMu22_v2
15 HLT_IsoMu24_v 
16 HLT_IsoTkMu22_v2
17 HLT_Mu15_IsoVVVL_PFHT350_PFMET50_v2
18 HLT_Mu15_IsoVVVL_PFHT350_v2
19 HLT_Mu15_IsoVVVL_PFHT400_v
20 HLT_Mu15_IsoVVVL_PFHT600_v3
21 HLT_Mu17_TrkIsoVVL_Mu8_TrkIsoVVL_v2
22 HLT_Mu17_TrkIsoVVL_TkMu8_TrkIsoVVL_v2
23 HLT_Mu50_IsoVVVL_PFHT400_v
24 HLT_Mu50_v2
25 HLT_PFHT300_PFMET100_v1
26 HLT_PFHT300_PFMET110_v1
27 HLT_PFHT800_v2
28 HLT_PFHT900_v1
29 HLT_PFMET100_PFMHT100_IDTight_v2
30 HLT_PFMET110_PFMHT110_IDTight_v2
31 HLT_PFMET120_PFMHT120_IDTight_v2
32 HLT_PFMET90_PFMHT90_IDTight_v2
33 HLT_PFMETNoMu100_PFMHTNoMu100_IDTight_v1
34 HLT_PFMETNoMu110_PFMHTNoMu110_IDTight_v1
35 HLT_PFMETNoMu120_PFMHTNoMu120_IDTight_v1
36 HLT_PFMETNoMu90_PFMHTNoMu90_IDTight_v1
37 HLT_Photon165_HE10_v3
38 HLT_Photon175_v3
39 HLT_Photon90_CaloIdL_PFHT500_v3
40 HLT_TkMu50_v
######################
[#1] INFO:DataHandling -- RooDataHist::adjustBinning(promptDataHist): fit range of variable sieie expanded to nearest bin boundaries: [0,20] --> [0,20]
[#1] INFO:DataHandling -- RooDataHist::adjustBinning(nonpromptDataHist): fit range of variable sieie expanded to nearest bin boundaries: [0,20] --> [0,20]
[#1] INFO:DataHandling -- RooDataHist::adjustBinning(nonpromptHist): fit range of variable sieie expanded to nearest bin boundaries: [0,20] --> [0,20]
[#1] INFO:DataHandling -- RooDataHist::adjustBinning(dataHist): fit range of variable sieie expanded to nearest bin boundaries: [0,20] --> [0,20]
[#1] INFO:Minization -- RooMinuit::optimizeConst: activating const optimization
[#1] INFO:Minization --  The following expressions have been identified as constant and will be precalculated and cached: (promptPdf,nonpromptPdf)
 **********
 **   13 **MIGRAD         500           1
 **********
 FIRST CALL TO USER FUNCTION AT NEW START POINT, WITH IFLAG=4.
 START MIGRAD MINIMIZATION.  STRATEGY  1.  CONVERGENCE WHEN EDM .LT. 1.00e-03
 FCN=541.245 FROM MIGRAD    STATUS=INITIATE        4 CALLS           5 TOTAL
                     EDM= unknown      STRATEGY= 1      NO ERROR MATRIX       
  EXT PARAMETER               CURRENT GUESS       STEP         FIRST   
  NO.   NAME      VALUE            ERROR          SIZE      DERIVATIVE 
   1  frac         8.50000e-01   7.50000e-02   2.16811e-01  -1.77426e+02
                               ERR DEF= 0.5
 MIGRAD MINIMIZATION HAS CONVERGED.
 MIGRAD WILL VERIFY CONVERGENCE AND ERROR MATRIX.
 COVARIANCE MATRIX CALCULATED SUCCESSFULLY
 FCN=510.224 FROM MIGRAD    STATUS=CONVERGED      15 CALLS          16 TOTAL
                     EDM=5.99427e-06    STRATEGY= 1      ERROR MATRIX ACCURATE 
  EXT PARAMETER                                   STEP         FIRST   
  NO.   NAME      VALUE            ERROR          SIZE      DERIVATIVE 
   1  frac         9.50656e-01   9.46293e-03   6.81740e-04  -5.60190e-02
                               ERR DEF= 0.5
 EXTERNAL ERROR MATRIX.    NDIM=  25    NPAR=  1    ERR DEF=0.5
  8.960e-05 
 **********
 **   18 **HESSE         500
 **********
 COVARIANCE MATRIX CALCULATED SUCCESSFULLY
 FCN=510.224 FROM HESSE     STATUS=OK              5 CALLS          21 TOTAL
                     EDM=5.99434e-06    STRATEGY= 1      ERROR MATRIX ACCURATE 
  EXT PARAMETER                                INTERNAL      INTERNAL  
  NO.   NAME      VALUE            ERROR       STEP SIZE       VALUE   
   1  frac         9.50656e-01   9.46293e-03   1.36348e-04   1.12279e+00
                               ERR DEF= 0.5
 EXTERNAL ERROR MATRIX.    NDIM=  25    NPAR=  1    ERR DEF=0.5
  8.960e-05 
[#1] INFO:Minization -- RooMinuit::optimizeConst: deactivating const optimization
[#1] INFO:Minization -- RooMinuit::optimizeConst: activating const optimization
[#1] INFO:Minization --  The following expressions have been identified as constant and will be precalculated and cached: (promptPdf,nonpromptDataPdf)
 **********
 **   13 **MIGRAD         500           1
 **********
 FIRST CALL TO USER FUNCTION AT NEW START POINT, WITH IFLAG=4.
 START MIGRAD MINIMIZATION.  STRATEGY  1.  CONVERGENCE WHEN EDM .LT. 1.00e-03
 FCN=530.727 FROM MIGRAD    STATUS=INITIATE        4 CALLS           5 TOTAL
                     EDM= unknown      STRATEGY= 1      NO ERROR MATRIX       
  EXT PARAMETER               CURRENT GUESS       STEP         FIRST   
  NO.   NAME      VALUE            ERROR          SIZE      DERIVATIVE 
   1  fracALT      8.50000e-01   7.50000e-02   2.16811e-01  -1.07609e+02
                               ERR DEF= 0.5
 MIGRAD MINIMIZATION HAS CONVERGED.
 MIGRAD WILL VERIFY CONVERGENCE AND ERROR MATRIX.
 COVARIANCE MATRIX CALCULATED SUCCESSFULLY
 FCN=514.274 FROM MIGRAD    STATUS=CONVERGED      18 CALLS          19 TOTAL
                     EDM=4.92172e-10    STRATEGY= 1      ERROR MATRIX ACCURATE 
  EXT PARAMETER                                   STEP         FIRST   
  NO.   NAME      VALUE            ERROR          SIZE      DERIVATIVE 
   1  fracALT      9.40193e-01   1.22693e-02   8.11066e-04  -4.28579e-04
                               ERR DEF= 0.5
 EXTERNAL ERROR MATRIX.    NDIM=  25    NPAR=  1    ERR DEF=0.5
  1.507e-04 
 **********
 **   18 **HESSE         500
 **********
 COVARIANCE MATRIX CALCULATED SUCCESSFULLY
 FCN=514.274 FROM HESSE     STATUS=OK              5 CALLS          24 TOTAL
                     EDM=4.93126e-10    STRATEGY= 1      ERROR MATRIX ACCURATE 
  EXT PARAMETER                                INTERNAL      INTERNAL  
  NO.   NAME      VALUE            ERROR       STEP SIZE       VALUE   
   1  fracALT      9.40193e-01   1.22693e-02   1.62213e-04   1.07667e+00
                               ERR DEF= 0.5
 EXTERNAL ERROR MATRIX.    NDIM=  25    NPAR=  1    ERR DEF=0.5
  1.507e-04 
[#1] INFO:Minization -- RooMinuit::optimizeConst: deactivating const optimization
[#1] INFO:Eval -- RooRealVar::setRange(sieie) new range named 'SR' created with bounds [0,2.67]
purity in SR:  0.953129598349 +/- 0.00948755309022
purity from fit:  0.95065556582 +/- 0.00946292630809
ALT purity in SR:  0.941294647807 +/- 0.0124203372827
ALT purity from fit:  0.940192770932 +/- 0.0122692614267
[?1034h######################
      Trigger         
0 HLT_DoubleEle8_CaloIdM_TrackIdM_Mass8_PFHT300_v4
1 HLT_DoubleMu8_Mass8_PFHT300_v4
2 HLT_Ele105_CaloIdVT_GsfTrkIdT_v3
3 HLT_Ele15_IsoVVVL_PFHT350_PFMET50_v2
4 HLT_Ele15_IsoVVVL_PFHT350_v2
5 HLT_Ele15_IsoVVVL_PFHT400_v
6 HLT_Ele15_IsoVVVL_PFHT600_v3
7 HLT_Ele23_Ele12_CaloIdL_TrackIdL_IsoVL_DZ_v3
8 HLT_Ele25_eta2p1_WPTight_v 
9 HLT_Ele27_WPTight_v
10 HLT_Ele27_eta2p1_WPLoose_v 
11 HLT_Ele45_WPLoose_v
12 HLT_Ele50_IsoVVVL_PFHT400_v
13 HLT_IsoMu22_eta2p1_v
14 HLT_IsoMu22_v2
15 HLT_IsoMu24_v 
16 HLT_IsoTkMu22_v2
17 HLT_Mu15_IsoVVVL_PFHT350_PFMET50_v2
18 HLT_Mu15_IsoVVVL_PFHT350_v2
19 HLT_Mu15_IsoVVVL_PFHT400_v
20 HLT_Mu15_IsoVVVL_PFHT600_v3
21 HLT_Mu17_TrkIsoVVL_Mu8_TrkIsoVVL_v2
22 HLT_Mu17_TrkIsoVVL_TkMu8_TrkIsoVVL_v2
23 HLT_Mu50_IsoVVVL_PFHT400_v
24 HLT_Mu50_v2
25 HLT_PFHT300_PFMET100_v1
26 HLT_PFHT300_PFMET110_v1
27 HLT_PFHT800_v2
28 HLT_PFHT900_v1
29 HLT_PFMET100_PFMHT100_IDTight_v2
30 HLT_PFMET110_PFMHT110_IDTight_v2
31 HLT_PFMET120_PFMHT120_IDTight_v2
32 HLT_PFMET90_PFMHT90_IDTight_v2
33 HLT_PFMETNoMu100_PFMHTNoMu100_IDTight_v1
34 HLT_PFMETNoMu110_PFMHTNoMu110_IDTight_v1
35 HLT_PFMETNoMu120_PFMHTNoMu120_IDTight_v1
36 HLT_PFMETNoMu90_PFMHTNoMu90_IDTight_v1
37 HLT_Photon165_HE10_v3
38 HLT_Photon175_v3
39 HLT_Photon90_CaloIdL_PFHT500_v3
40 HLT_TkMu50_v
######################
[#1] INFO:DataHandling -- RooDataHist::adjustBinning(promptDataHist): fit range of variable sieie expanded to nearest bin boundaries: [0,20] --> [0,20]
[#1] INFO:DataHandling -- RooDataHist::adjustBinning(nonpromptDataHist): fit range of variable sieie expanded to nearest bin boundaries: [0,20] --> [0,20]
[#1] INFO:DataHandling -- RooDataHist::adjustBinning(nonpromptHist): fit range of variable sieie expanded to nearest bin boundaries: [0,20] --> [0,20]
[#1] INFO:DataHandling -- RooDataHist::adjustBinning(dataHist): fit range of variable sieie expanded to nearest bin boundaries: [0,20] --> [0,20]
[#1] INFO:Minization -- RooMinuit::optimizeConst: activating const optimization
[#1] INFO:Minization --  The following expressions have been identified as constant and will be precalculated and cached: (promptPdf,nonpromptPdf)
 **********
 **   13 **MIGRAD         500           1
 **********
 FIRST CALL TO USER FUNCTION AT NEW START POINT, WITH IFLAG=4.
 START MIGRAD MINIMIZATION.  STRATEGY  1.  CONVERGENCE WHEN EDM .LT. 1.00e-03
 FCN=2471.68 FROM MIGRAD    STATUS=INITIATE        4 CALLS           5 TOTAL
                     EDM= unknown      STRATEGY= 1      NO ERROR MATRIX       
  EXT PARAMETER               CURRENT GUESS       STEP         FIRST   
  NO.   NAME      VALUE            ERROR          SIZE      DERIVATIVE 
   1  frac         8.50000e-01   7.50000e-02   2.16811e-01   4.20446e+02
                               ERR DEF= 0.5
 MIGRAD MINIMIZATION HAS CONVERGED.
 MIGRAD WILL VERIFY CONVERGENCE AND ERROR MATRIX.
 COVARIANCE MATRIX CALCULATED SUCCESSFULLY
 FCN=2385.25 FROM MIGRAD    STATUS=CONVERGED      16 CALLS          17 TOTAL
                     EDM=6.99941e-07    STRATEGY= 1      ERROR MATRIX ACCURATE 
  EXT PARAMETER                                   STEP         FIRST   
  NO.   NAME      VALUE            ERROR          SIZE      DERIVATIVE 
   1  frac         6.74217e-01   1.52422e-02   1.09382e-03   2.57200e-02
                               ERR DEF= 0.5
 EXTERNAL ERROR MATRIX.    NDIM=  25    NPAR=  1    ERR DEF=0.5
  2.324e-04 
 **********
 **   18 **HESSE         500
 **********
 COVARIANCE MATRIX CALCULATED SUCCESSFULLY
 FCN=2385.25 FROM HESSE     STATUS=OK              5 CALLS          22 TOTAL
                     EDM=6.99843e-07    STRATEGY= 1      ERROR MATRIX ACCURATE 
  EXT PARAMETER                                INTERNAL      INTERNAL  
  NO.   NAME      VALUE            ERROR       STEP SIZE       VALUE   
   1  frac         6.74217e-01   1.52422e-02   2.18763e-04   3.55899e-01
                               ERR DEF= 0.5
 EXTERNAL ERROR MATRIX.    NDIM=  25    NPAR=  1    ERR DEF=0.5
  2.324e-04 
[#1] INFO:Minization -- RooMinuit::optimizeConst: deactivating const optimization
[#1] INFO:Minization -- RooMinuit::optimizeConst: activating const optimization
[#1] INFO:Minization --  The following expressions have been identified as constant and will be precalculated and cached: (promptPdf,nonpromptDataPdf)
 **********
 **   13 **MIGRAD         500           1
 **********
 FIRST CALL TO USER FUNCTION AT NEW START POINT, WITH IFLAG=4.
 START MIGRAD MINIMIZATION.  STRATEGY  1.  CONVERGENCE WHEN EDM .LT. 1.00e-03
 FCN=2492.15 FROM MIGRAD    STATUS=INITIATE        4 CALLS           5 TOTAL
                     EDM= unknown      STRATEGY= 1      NO ERROR MATRIX       
  EXT PARAMETER               CURRENT GUESS       STEP         FIRST   
  NO.   NAME      VALUE            ERROR          SIZE      DERIVATIVE 
   1  fracALT      8.50000e-01   7.50000e-02   2.16811e-01   4.16968e+02
                               ERR DEF= 0.5
 MIGRAD MINIMIZATION HAS CONVERGED.
 MIGRAD WILL VERIFY CONVERGENCE AND ERROR MATRIX.
 COVARIANCE MATRIX CALCULATED SUCCESSFULLY
 FCN=2408.36 FROM MIGRAD    STATUS=CONVERGED      18 CALLS          19 TOTAL
                     EDM=1.49429e-09    STRATEGY= 1      ERROR MATRIX ACCURATE 
  EXT PARAMETER                                   STEP         FIRST   
  NO.   NAME      VALUE            ERROR          SIZE      DERIVATIVE 
   1  fracALT      6.79578e-01   1.49250e-02   1.08409e-03   1.20840e-03
                               ERR DEF= 0.5
 EXTERNAL ERROR MATRIX.    NDIM=  25    NPAR=  1    ERR DEF=0.5
  2.228e-04 
 **********
 **   18 **HESSE         500
 **********
 COVARIANCE MATRIX CALCULATED SUCCESSFULLY
 FCN=2408.36 FROM HESSE     STATUS=OK              5 CALLS          24 TOTAL
                     EDM=1.49067e-09    STRATEGY= 1      ERROR MATRIX ACCURATE 
  EXT PARAMETER                                INTERNAL      INTERNAL  
  NO.   NAME      VALUE            ERROR       STEP SIZE       VALUE   
   1  fracALT      6.79578e-01   1.49250e-02   2.16818e-04   3.67363e-01
                               ERR DEF= 0.5
 EXTERNAL ERROR MATRIX.    NDIM=  25    NPAR=  1    ERR DEF=0.5
  2.228e-04 
[#1] INFO:Minization -- RooMinuit::optimizeConst: deactivating const optimization
[#1] INFO:Eval -- RooRealVar::setRange(sieie) new range named 'SR' created with bounds [0,1.79]
purity in SR:  0.744370737802 +/- 0.0168282043549
purity from fit:  0.674216747924 +/- 0.0152422128348
ALT purity in SR:  0.698482825057 +/- 0.0152191729204
ALT purity from fit:  0.679577893698 +/- 0.0149249975827
[?1034h######################
      Trigger         
0 HLT_DoubleEle8_CaloIdM_TrackIdM_Mass8_PFHT300_v4
1 HLT_DoubleMu8_Mass8_PFHT300_v4
2 HLT_Ele105_CaloIdVT_GsfTrkIdT_v3
3 HLT_Ele15_IsoVVVL_PFHT350_PFMET50_v2
4 HLT_Ele15_IsoVVVL_PFHT350_v2
5 HLT_Ele15_IsoVVVL_PFHT400_v
6 HLT_Ele15_IsoVVVL_PFHT600_v3
7 HLT_Ele23_Ele12_CaloIdL_TrackIdL_IsoVL_DZ_v3
8 HLT_Ele25_eta2p1_WPTight_v 
9 HLT_Ele27_WPTight_v
10 HLT_Ele27_eta2p1_WPLoose_v 
11 HLT_Ele45_WPLoose_v
12 HLT_Ele50_IsoVVVL_PFHT400_v
13 HLT_IsoMu22_eta2p1_v
14 HLT_IsoMu22_v2
15 HLT_IsoMu24_v 
16 HLT_IsoTkMu22_v2
17 HLT_Mu15_IsoVVVL_PFHT350_PFMET50_v2
18 HLT_Mu15_IsoVVVL_PFHT350_v2
19 HLT_Mu15_IsoVVVL_PFHT400_v
20 HLT_Mu15_IsoVVVL_PFHT600_v3
21 HLT_Mu17_TrkIsoVVL_Mu8_TrkIsoVVL_v2
22 HLT_Mu17_TrkIsoVVL_TkMu8_TrkIsoVVL_v2
23 HLT_Mu50_IsoVVVL_PFHT400_v
24 HLT_Mu50_v2
25 HLT_PFHT300_PFMET100_v1
26 HLT_PFHT300_PFMET110_v1
27 HLT_PFHT800_v2
28 HLT_PFHT900_v1
29 HLT_PFMET100_PFMHT100_IDTight_v2
30 HLT_PFMET110_PFMHT110_IDTight_v2
31 HLT_PFMET120_PFMHT120_IDTight_v2
32 HLT_PFMET90_PFMHT90_IDTight_v2
33 HLT_PFMETNoMu100_PFMHTNoMu100_IDTight_v1
34 HLT_PFMETNoMu110_PFMHTNoMu110_IDTight_v1
35 HLT_PFMETNoMu120_PFMHTNoMu120_IDTight_v1
36 HLT_PFMETNoMu90_PFMHTNoMu90_IDTight_v1
37 HLT_Photon165_HE10_v3
38 HLT_Photon175_v3
39 HLT_Photon90_CaloIdL_PFHT500_v3
40 HLT_TkMu50_v
######################
[#1] INFO:DataHandling -- RooDataHist::adjustBinning(promptDataHist): fit range of variable sieie expanded to nearest bin boundaries: [0,20] --> [0,20]
[#1] INFO:DataHandling -- RooDataHist::adjustBinning(nonpromptDataHist): fit range of variable sieie expanded to nearest bin boundaries: [0,20] --> [0,20]
[#1] INFO:DataHandling -- RooDataHist::adjustBinning(nonpromptHist): fit range of variable sieie expanded to nearest bin boundaries: [0,20] --> [0,20]
[#1] INFO:DataHandling -- RooDataHist::adjustBinning(dataHist): fit range of variable sieie expanded to nearest bin boundaries: [0,20] --> [0,20]
[#1] INFO:Minization -- RooMinuit::optimizeConst: activating const optimization
[#1] INFO:Minization --  The following expressions have been identified as constant and will be precalculated and cached: (promptPdf,nonpromptPdf)
 **********
 **   13 **MIGRAD         500           1
 **********
 FIRST CALL TO USER FUNCTION AT NEW START POINT, WITH IFLAG=4.
 START MIGRAD MINIMIZATION.  STRATEGY  1.  CONVERGENCE WHEN EDM .LT. 1.00e-03
 FCN=3434.04 FROM MIGRAD    STATUS=INITIATE        4 CALLS           5 TOTAL
                     EDM= unknown      STRATEGY= 1      NO ERROR MATRIX       
  EXT PARAMETER               CURRENT GUESS       STEP         FIRST   
  NO.   NAME      VALUE            ERROR          SIZE      DERIVATIVE 
   1  frac         8.50000e-01   7.50000e-02   2.16811e-01   6.80712e+02
                               ERR DEF= 0.5
 MIGRAD MINIMIZATION HAS CONVERGED.
 MIGRAD WILL VERIFY CONVERGENCE AND ERROR MATRIX.
 COVARIANCE MATRIX CALCULATED SUCCESSFULLY
 FCN=3252.67 FROM MIGRAD    STATUS=CONVERGED      17 CALLS          18 TOTAL
                     EDM=2.18023e-06    STRATEGY= 1      ERROR MATRIX ACCURATE 
  EXT PARAMETER                                   STEP         FIRST   
  NO.   NAME      VALUE            ERROR          SIZE      DERIVATIVE 
   1  frac         6.09685e-01   1.47142e-02   1.18297e-03   4.89449e-02
                               ERR DEF= 0.5
 EXTERNAL ERROR MATRIX.    NDIM=  25    NPAR=  1    ERR DEF=0.5
  2.166e-04 
 **********
 **   18 **HESSE         500
 **********
 COVARIANCE MATRIX CALCULATED SUCCESSFULLY
 FCN=3252.67 FROM HESSE     STATUS=OK              5 CALLS          23 TOTAL
                     EDM=2.17992e-06    STRATEGY= 1      ERROR MATRIX ACCURATE 
  EXT PARAMETER                                INTERNAL      INTERNAL  
  NO.   NAME      VALUE            ERROR       STEP SIZE       VALUE   
   1  frac         6.09685e-01   1.47142e-02   2.36593e-04   2.21168e-01
                               ERR DEF= 0.5
 EXTERNAL ERROR MATRIX.    NDIM=  25    NPAR=  1    ERR DEF=0.5
  2.166e-04 
[#1] INFO:Minization -- RooMinuit::optimizeConst: deactivating const optimization
[#1] INFO:Minization -- RooMinuit::optimizeConst: activating const optimization
[#1] INFO:Minization --  The following expressions have been identified as constant and will be precalculated and cached: (promptPdf,nonpromptDataPdf)
 **********
 **   13 **MIGRAD         500           1
 **********
 FIRST CALL TO USER FUNCTION AT NEW START POINT, WITH IFLAG=4.
 START MIGRAD MINIMIZATION.  STRATEGY  1.  CONVERGENCE WHEN EDM .LT. 1.00e-03
 FCN=3442.28 FROM MIGRAD    STATUS=INITIATE        4 CALLS           5 TOTAL
                     EDM= unknown      STRATEGY= 1      NO ERROR MATRIX       
  EXT PARAMETER               CURRENT GUESS       STEP         FIRST   
  NO.   NAME      VALUE            ERROR          SIZE      DERIVATIVE 
   1  fracALT      8.50000e-01   7.50000e-02   2.16811e-01   6.45539e+02
                               ERR DEF= 0.5
 MIGRAD MINIMIZATION HAS CONVERGED.
 MIGRAD WILL VERIFY CONVERGENCE AND ERROR MATRIX.
 COVARIANCE MATRIX CALCULATED SUCCESSFULLY
 FCN=3278.96 FROM MIGRAD    STATUS=CONVERGED      17 CALLS          18 TOTAL
                     EDM=7.07592e-07    STRATEGY= 1      ERROR MATRIX ACCURATE 
  EXT PARAMETER                                   STEP         FIRST   
  NO.   NAME      VALUE            ERROR          SIZE      DERIVATIVE 
   1  fracALT      6.24843e-01   1.44550e-02   1.17697e-03   2.81709e-02
                               ERR DEF= 0.5
 EXTERNAL ERROR MATRIX.    NDIM=  25    NPAR=  1    ERR DEF=0.5
  2.090e-04 
 **********
 **   18 **HESSE         500
 **********
 COVARIANCE MATRIX CALCULATED SUCCESSFULLY
 FCN=3278.96 FROM HESSE     STATUS=OK              5 CALLS          23 TOTAL
                     EDM=7.07426e-07    STRATEGY= 1      ERROR MATRIX ACCURATE 
  EXT PARAMETER                                INTERNAL      INTERNAL  
  NO.   NAME      VALUE            ERROR       STEP SIZE       VALUE   
   1  fracALT      6.24843e-01   1.44550e-02   2.35394e-04   2.52356e-01
                               ERR DEF= 0.5
 EXTERNAL ERROR MATRIX.    NDIM=  25    NPAR=  1    ERR DEF=0.5
  2.090e-04 
[#1] INFO:Minization -- RooMinuit::optimizeConst: deactivating const optimization
[#1] INFO:Eval -- RooRealVar::setRange(sieie) new range named 'SR' created with bounds [0,1.79]
purity in SR:  0.720704867939 +/- 0.0173936150814
purity from fit:  0.609684604689 +/- 0.0147142329777
ALT purity in SR:  0.65291657456 +/- 0.0147380028056
ALT purity from fit:  0.624842952834 +/- 0.0144549789931
[?1034h######################
      Trigger         
0 HLT_DoubleEle8_CaloIdM_TrackIdM_Mass8_PFHT300_v4
1 HLT_DoubleMu8_Mass8_PFHT300_v4
2 HLT_Ele105_CaloIdVT_GsfTrkIdT_v3
3 HLT_Ele15_IsoVVVL_PFHT350_PFMET50_v2
4 HLT_Ele15_IsoVVVL_PFHT350_v2
5 HLT_Ele15_IsoVVVL_PFHT400_v
6 HLT_Ele15_IsoVVVL_PFHT600_v3
7 HLT_Ele23_Ele12_CaloIdL_TrackIdL_IsoVL_DZ_v3
8 HLT_Ele25_eta2p1_WPTight_v 
9 HLT_Ele27_WPTight_v
10 HLT_Ele27_eta2p1_WPLoose_v 
11 HLT_Ele45_WPLoose_v
12 HLT_Ele50_IsoVVVL_PFHT400_v
13 HLT_IsoMu22_eta2p1_v
14 HLT_IsoMu22_v2
15 HLT_IsoMu24_v 
16 HLT_IsoTkMu22_v2
17 HLT_Mu15_IsoVVVL_PFHT350_PFMET50_v2
18 HLT_Mu15_IsoVVVL_PFHT350_v2
19 HLT_Mu15_IsoVVVL_PFHT400_v
20 HLT_Mu15_IsoVVVL_PFHT600_v3
21 HLT_Mu17_TrkIsoVVL_Mu8_TrkIsoVVL_v2
22 HLT_Mu17_TrkIsoVVL_TkMu8_TrkIsoVVL_v2
23 HLT_Mu50_IsoVVVL_PFHT400_v
24 HLT_Mu50_v2
25 HLT_PFHT300_PFMET100_v1
26 HLT_PFHT300_PFMET110_v1
27 HLT_PFHT800_v2
28 HLT_PFHT900_v1
29 HLT_PFMET100_PFMHT100_IDTight_v2
30 HLT_PFMET110_PFMHT110_IDTight_v2
31 HLT_PFMET120_PFMHT120_IDTight_v2
32 HLT_PFMET90_PFMHT90_IDTight_v2
33 HLT_PFMETNoMu100_PFMHTNoMu100_IDTight_v1
34 HLT_PFMETNoMu110_PFMHTNoMu110_IDTight_v1
35 HLT_PFMETNoMu120_PFMHTNoMu120_IDTight_v1
36 HLT_PFMETNoMu90_PFMHTNoMu90_IDTight_v1
37 HLT_Photon165_HE10_v3
38 HLT_Photon175_v3
39 HLT_Photon90_CaloIdL_PFHT500_v3
40 HLT_TkMu50_v
######################
[#1] INFO:DataHandling -- RooDataHist::adjustBinning(promptDataHist): fit range of variable sieie expanded to nearest bin boundaries: [0,20] --> [0,20]
[#1] INFO:DataHandling -- RooDataHist::adjustBinning(nonpromptDataHist): fit range of variable sieie expanded to nearest bin boundaries: [0,20] --> [0,20]
[#1] INFO:DataHandling -- RooDataHist::adjustBinning(nonpromptHist): fit range of variable sieie expanded to nearest bin boundaries: [0,20] --> [0,20]
[#1] INFO:DataHandling -- RooDataHist::adjustBinning(dataHist): fit range of variable sieie expanded to nearest bin boundaries: [0,20] --> [0,20]
[#1] INFO:Minization -- RooMinuit::optimizeConst: activating const optimization
[#1] INFO:Minization --  The following expressions have been identified as constant and will be precalculated and cached: (promptPdf,nonpromptPdf)
 **********
 **   13 **MIGRAD         500           1
 **********
 FIRST CALL TO USER FUNCTION AT NEW START POINT, WITH IFLAG=4.
 START MIGRAD MINIMIZATION.  STRATEGY  1.  CONVERGENCE WHEN EDM .LT. 1.00e-03
 FCN=5612.98 FROM MIGRAD    STATUS=INITIATE        4 CALLS           5 TOTAL
                     EDM= unknown      STRATEGY= 1      NO ERROR MATRIX       
  EXT PARAMETER               CURRENT GUESS       STEP         FIRST   
  NO.   NAME      VALUE            ERROR          SIZE      DERIVATIVE 
   1  frac         8.50000e-01   7.50000e-02   2.16811e-01   1.07205e+03
                               ERR DEF= 0.5
 MIGRAD MINIMIZATION HAS CONVERGED.
 MIGRAD WILL VERIFY CONVERGENCE AND ERROR MATRIX.
 COVARIANCE MATRIX CALCULATED SUCCESSFULLY
 FCN=5320.37 FROM MIGRAD    STATUS=CONVERGED      16 CALLS          17 TOTAL
                     EDM=3.10897e-06    STRATEGY= 1      ERROR MATRIX ACCURATE 
  EXT PARAMETER                                   STEP         FIRST   
  NO.   NAME      VALUE            ERROR          SIZE      DERIVATIVE 
   1  frac         6.07750e-01   1.15133e-02   1.18384e-03   7.47672e-02
                               ERR DEF= 0.5
 EXTERNAL ERROR MATRIX.    NDIM=  25    NPAR=  1    ERR DEF=0.5
  1.326e-04 
 **********
 **   18 **HESSE         500
 **********
 COVARIANCE MATRIX CALCULATED SUCCESSFULLY
 FCN=5320.37 FROM HESSE     STATUS=OK              5 CALLS          22 TOTAL
                     EDM=3.10869e-06    STRATEGY= 1      ERROR MATRIX ACCURATE 
  EXT PARAMETER                                INTERNAL      INTERNAL  
  NO.   NAME      VALUE            ERROR       STEP SIZE       VALUE   
   1  frac         6.07750e-01   1.15133e-02   2.36769e-04   2.17204e-01
                               ERR DEF= 0.5
 EXTERNAL ERROR MATRIX.    NDIM=  25    NPAR=  1    ERR DEF=0.5
  1.326e-04 
[#1] INFO:Minization -- RooMinuit::optimizeConst: deactivating const optimization
[#1] INFO:Minization -- RooMinuit::optimizeConst: activating const optimization
[#1] INFO:Minization --  The following expressions have been identified as constant and will be precalculated and cached: (promptPdf,nonpromptDataPdf)
 **********
 **   13 **MIGRAD         500           1
 **********
 FIRST CALL TO USER FUNCTION AT NEW START POINT, WITH IFLAG=4.
 START MIGRAD MINIMIZATION.  STRATEGY  1.  CONVERGENCE WHEN EDM .LT. 1.00e-03
 FCN=5646.69 FROM MIGRAD    STATUS=INITIATE        4 CALLS           5 TOTAL
                     EDM= unknown      STRATEGY= 1      NO ERROR MATRIX       
  EXT PARAMETER               CURRENT GUESS       STEP         FIRST   
  NO.   NAME      VALUE            ERROR          SIZE      DERIVATIVE 
   1  fracALT      8.50000e-01   7.50000e-02   2.16811e-01   1.02102e+03
                               ERR DEF= 0.5
 MIGRAD MINIMIZATION HAS CONVERGED.
 MIGRAD WILL VERIFY CONVERGENCE AND ERROR MATRIX.
 COVARIANCE MATRIX CALCULATED SUCCESSFULLY
 FCN=5372.19 FROM MIGRAD    STATUS=CONVERGED      16 CALLS          17 TOTAL
                     EDM=2.2333e-06    STRATEGY= 1      ERROR MATRIX ACCURATE 
  EXT PARAMETER                                   STEP         FIRST   
  NO.   NAME      VALUE            ERROR          SIZE      DERIVATIVE 
   1  fracALT      6.12119e-01   1.16620e-02   1.20771e-03   6.24349e-02
                               ERR DEF= 0.5
 EXTERNAL ERROR MATRIX.    NDIM=  25    NPAR=  1    ERR DEF=0.5
  1.360e-04 
 **********
 **   18 **HESSE         500
 **********
 COVARIANCE MATRIX CALCULATED SUCCESSFULLY
 FCN=5372.19 FROM HESSE     STATUS=OK              5 CALLS          22 TOTAL
                     EDM=2.23306e-06    STRATEGY= 1      ERROR MATRIX ACCURATE 
  EXT PARAMETER                                INTERNAL      INTERNAL  
  NO.   NAME      VALUE            ERROR       STEP SIZE       VALUE   
   1  fracALT      6.12119e-01   1.16620e-02   2.41543e-04   2.26161e-01
                               ERR DEF= 0.5
 EXTERNAL ERROR MATRIX.    NDIM=  25    NPAR=  1    ERR DEF=0.5
  1.360e-04 
[#1] INFO:Minization -- RooMinuit::optimizeConst: deactivating const optimization
[#1] INFO:Eval -- RooRealVar::setRange(sieie) new range named 'SR' created with bounds [0,1.79]
purity in SR:  0.760082256622 +/- 0.0143991343983
purity from fit:  0.607749986014 +/- 0.0115133245815
ALT purity in SR:  0.641804431646 +/- 0.0121402532434
ALT purity from fit:  0.612118855737 +/- 0.0116619612094
[?1034h######################
      Trigger         
0 HLT_DoubleEle8_CaloIdM_TrackIdM_Mass8_PFHT300_v4
1 HLT_DoubleMu8_Mass8_PFHT300_v4
2 HLT_Ele105_CaloIdVT_GsfTrkIdT_v3
3 HLT_Ele15_IsoVVVL_PFHT350_PFMET50_v2
4 HLT_Ele15_IsoVVVL_PFHT350_v2
5 HLT_Ele15_IsoVVVL_PFHT400_v
6 HLT_Ele15_IsoVVVL_PFHT600_v3
7 HLT_Ele23_Ele12_CaloIdL_TrackIdL_IsoVL_DZ_v3
8 HLT_Ele25_eta2p1_WPTight_v 
9 HLT_Ele27_WPTight_v
10 HLT_Ele27_eta2p1_WPLoose_v 
11 HLT_Ele45_WPLoose_v
12 HLT_Ele50_IsoVVVL_PFHT400_v
13 HLT_IsoMu22_eta2p1_v
14 HLT_IsoMu22_v2
15 HLT_IsoMu24_v 
16 HLT_IsoTkMu22_v2
17 HLT_Mu15_IsoVVVL_PFHT350_PFMET50_v2
18 HLT_Mu15_IsoVVVL_PFHT350_v2
19 HLT_Mu15_IsoVVVL_PFHT400_v
20 HLT_Mu15_IsoVVVL_PFHT600_v3
21 HLT_Mu17_TrkIsoVVL_Mu8_TrkIsoVVL_v2
22 HLT_Mu17_TrkIsoVVL_TkMu8_TrkIsoVVL_v2
23 HLT_Mu50_IsoVVVL_PFHT400_v
24 HLT_Mu50_v2
25 HLT_PFHT300_PFMET100_v1
26 HLT_PFHT300_PFMET110_v1
27 HLT_PFHT800_v2
28 HLT_PFHT900_v1
29 HLT_PFMET100_PFMHT100_IDTight_v2
30 HLT_PFMET110_PFMHT110_IDTight_v2
31 HLT_PFMET120_PFMHT120_IDTight_v2
32 HLT_PFMET90_PFMHT90_IDTight_v2
33 HLT_PFMETNoMu100_PFMHTNoMu100_IDTight_v1
34 HLT_PFMETNoMu110_PFMHTNoMu110_IDTight_v1
35 HLT_PFMETNoMu120_PFMHTNoMu120_IDTight_v1
36 HLT_PFMETNoMu90_PFMHTNoMu90_IDTight_v1
37 HLT_Photon165_HE10_v3
38 HLT_Photon175_v3
39 HLT_Photon90_CaloIdL_PFHT500_v3
40 HLT_TkMu50_v
######################
[#1] INFO:DataHandling -- RooDataHist::adjustBinning(promptDataHist): fit range of variable sieie expanded to nearest bin boundaries: [0,20] --> [0,20]
[#1] INFO:DataHandling -- RooDataHist::adjustBinning(nonpromptDataHist): fit range of variable sieie expanded to nearest bin boundaries: [0,20] --> [0,20]
[#1] INFO:DataHandling -- RooDataHist::adjustBinning(nonpromptHist): fit range of variable sieie expanded to nearest bin boundaries: [0,20] --> [0,20]
[#1] INFO:DataHandling -- RooDataHist::adjustBinning(dataHist): fit range of variable sieie expanded to nearest bin boundaries: [0,20] --> [0,20]
[#1] INFO:Minization -- RooMinuit::optimizeConst: activating const optimization
[#1] INFO:Minization --  The following expressions have been identified as constant and will be precalculated and cached: (promptPdf,nonpromptPdf)
 **********
 **   13 **MIGRAD         500           1
 **********
 FIRST CALL TO USER FUNCTION AT NEW START POINT, WITH IFLAG=4.
 START MIGRAD MINIMIZATION.  STRATEGY  1.  CONVERGENCE WHEN EDM .LT. 1.00e-03
 FCN=2689.46 FROM MIGRAD    STATUS=INITIATE        4 CALLS           5 TOTAL
                     EDM= unknown      STRATEGY= 1      NO ERROR MATRIX       
  EXT PARAMETER               CURRENT GUESS       STEP         FIRST   
  NO.   NAME      VALUE            ERROR          SIZE      DERIVATIVE 
   1  frac         8.50000e-01   7.50000e-02   2.16811e-01   5.13465e+02
                               ERR DEF= 0.5
 MIGRAD MINIMIZATION HAS CONVERGED.
 MIGRAD WILL VERIFY CONVERGENCE AND ERROR MATRIX.
 COVARIANCE MATRIX CALCULATED SUCCESSFULLY
 FCN=2557.65 FROM MIGRAD    STATUS=CONVERGED      16 CALLS          17 TOTAL
                     EDM=2.18876e-06    STRATEGY= 1      ERROR MATRIX ACCURATE 
  EXT PARAMETER                                   STEP         FIRST   
  NO.   NAME      VALUE            ERROR          SIZE      DERIVATIVE 
   1  frac         6.23627e-01   1.60469e-02   1.15245e-03   4.46581e-02
                               ERR DEF= 0.5
 EXTERNAL ERROR MATRIX.    NDIM=  25    NPAR=  1    ERR DEF=0.5
  2.576e-04 
 **********
 **   18 **HESSE         500
 **********
 COVARIANCE MATRIX CALCULATED SUCCESSFULLY
 FCN=2557.65 FROM HESSE     STATUS=OK              5 CALLS          22 TOTAL
                     EDM=2.18858e-06    STRATEGY= 1      ERROR MATRIX ACCURATE 
  EXT PARAMETER                                INTERNAL      INTERNAL  
  NO.   NAME      VALUE            ERROR       STEP SIZE       VALUE   
   1  frac         6.23627e-01   1.60469e-02   2.30490e-04   2.49846e-01
                               ERR DEF= 0.5
 EXTERNAL ERROR MATRIX.    NDIM=  25    NPAR=  1    ERR DEF=0.5
  2.576e-04 
[#1] INFO:Minization -- RooMinuit::optimizeConst: deactivating const optimization
[#1] INFO:Minization -- RooMinuit::optimizeConst: activating const optimization
[#1] INFO:Minization --  The following expressions have been identified as constant and will be precalculated and cached: (promptPdf,nonpromptDataPdf)
 **********
 **   13 **MIGRAD         500           1
 **********
 FIRST CALL TO USER FUNCTION AT NEW START POINT, WITH IFLAG=4.
 START MIGRAD MINIMIZATION.  STRATEGY  1.  CONVERGENCE WHEN EDM .LT. 1.00e-03
 FCN=2700.74 FROM MIGRAD    STATUS=INITIATE        4 CALLS           5 TOTAL
                     EDM= unknown      STRATEGY= 1      NO ERROR MATRIX       
  EXT PARAMETER               CURRENT GUESS       STEP         FIRST   
  NO.   NAME      VALUE            ERROR          SIZE      DERIVATIVE 
   1  fracALT      8.50000e-01   7.50000e-02   2.16811e-01   4.95634e+02
                               ERR DEF= 0.5
 MIGRAD MINIMIZATION HAS CONVERGED.
 MIGRAD WILL VERIFY CONVERGENCE AND ERROR MATRIX.
 COVARIANCE MATRIX CALCULATED SUCCESSFULLY
 FCN=2579.55 FROM MIGRAD    STATUS=CONVERGED      18 CALLS          19 TOTAL
                     EDM=2.50476e-09    STRATEGY= 1      ERROR MATRIX ACCURATE 
  EXT PARAMETER                                   STEP         FIRST   
  NO.   NAME      VALUE            ERROR          SIZE      DERIVATIVE 
   1  fracALT      6.37460e-01   1.55965e-02   1.13805e-03   1.54236e-03
                               ERR DEF= 0.5
 EXTERNAL ERROR MATRIX.    NDIM=  25    NPAR=  1    ERR DEF=0.5
  2.433e-04 
 **********
 **   18 **HESSE         500
 **********
 COVARIANCE MATRIX CALCULATED SUCCESSFULLY
 FCN=2579.55 FROM HESSE     STATUS=OK              5 CALLS          24 TOTAL
                     EDM=2.50005e-09    STRATEGY= 1      ERROR MATRIX ACCURATE 
  EXT PARAMETER                                INTERNAL      INTERNAL  
  NO.   NAME      VALUE            ERROR       STEP SIZE       VALUE   
   1  fracALT      6.37460e-01   1.55965e-02   2.27610e-04   2.78507e-01
                               ERR DEF= 0.5
 EXTERNAL ERROR MATRIX.    NDIM=  25    NPAR=  1    ERR DEF=0.5
  2.433e-04 
[#1] INFO:Minization -- RooMinuit::optimizeConst: deactivating const optimization
[#1] INFO:Eval -- RooRealVar::setRange(sieie) new range named 'SR' created with bounds [0,1.79]
purity in SR:  0.814570615026 +/- 0.0209601773188
purity from fit:  0.623627492837 +/- 0.0160469118203
ALT purity in SR:  0.6656642574 +/- 0.0159331210816
ALT purity from fit:  0.637460245709 +/- 0.015596479433
[?1034h######################
      Trigger         
0 HLT_DoubleEle8_CaloIdM_TrackIdM_Mass8_PFHT300_v4
1 HLT_DoubleMu8_Mass8_PFHT300_v4
2 HLT_Ele105_CaloIdVT_GsfTrkIdT_v3
3 HLT_Ele15_IsoVVVL_PFHT350_PFMET50_v2
4 HLT_Ele15_IsoVVVL_PFHT350_v2
5 HLT_Ele15_IsoVVVL_PFHT400_v
6 HLT_Ele15_IsoVVVL_PFHT600_v3
7 HLT_Ele23_Ele12_CaloIdL_TrackIdL_IsoVL_DZ_v3
8 HLT_Ele25_eta2p1_WPTight_v 
9 HLT_Ele27_WPTight_v
10 HLT_Ele27_eta2p1_WPLoose_v 
11 HLT_Ele45_WPLoose_v
12 HLT_Ele50_IsoVVVL_PFHT400_v
13 HLT_IsoMu22_eta2p1_v
14 HLT_IsoMu22_v2
15 HLT_IsoMu24_v 
16 HLT_IsoTkMu22_v2
17 HLT_Mu15_IsoVVVL_PFHT350_PFMET50_v2
18 HLT_Mu15_IsoVVVL_PFHT350_v2
19 HLT_Mu15_IsoVVVL_PFHT400_v
20 HLT_Mu15_IsoVVVL_PFHT600_v3
21 HLT_Mu17_TrkIsoVVL_Mu8_TrkIsoVVL_v2
22 HLT_Mu17_TrkIsoVVL_TkMu8_TrkIsoVVL_v2
23 HLT_Mu50_IsoVVVL_PFHT400_v
24 HLT_Mu50_v2
25 HLT_PFHT300_PFMET100_v1
26 HLT_PFHT300_PFMET110_v1
27 HLT_PFHT800_v2
28 HLT_PFHT900_v1
29 HLT_PFMET100_PFMHT100_IDTight_v2
30 HLT_PFMET110_PFMHT110_IDTight_v2
31 HLT_PFMET120_PFMHT120_IDTight_v2
32 HLT_PFMET90_PFMHT90_IDTight_v2
33 HLT_PFMETNoMu100_PFMHTNoMu100_IDTight_v1
34 HLT_PFMETNoMu110_PFMHTNoMu110_IDTight_v1
35 HLT_PFMETNoMu120_PFMHTNoMu120_IDTight_v1
36 HLT_PFMETNoMu90_PFMHTNoMu90_IDTight_v1
37 HLT_Photon165_HE10_v3
38 HLT_Photon175_v3
39 HLT_Photon90_CaloIdL_PFHT500_v3
40 HLT_TkMu50_v
######################
[#1] INFO:DataHandling -- RooDataHist::adjustBinning(promptDataHist): fit range of variable sieie expanded to nearest bin boundaries: [0,20] --> [0,20]
[#1] INFO:DataHandling -- RooDataHist::adjustBinning(nonpromptDataHist): fit range of variable sieie expanded to nearest bin boundaries: [0,20] --> [0,20]
[#1] INFO:DataHandling -- RooDataHist::adjustBinning(nonpromptHist): fit range of variable sieie expanded to nearest bin boundaries: [0,20] --> [0,20]
[#1] INFO:DataHandling -- RooDataHist::adjustBinning(dataHist): fit range of variable sieie expanded to nearest bin boundaries: [0,20] --> [0,20]
[#1] INFO:Minization -- RooMinuit::optimizeConst: activating const optimization
[#1] INFO:Minization --  The following expressions have been identified as constant and will be precalculated and cached: (promptPdf,nonpromptPdf)
 **********
 **   13 **MIGRAD         500           1
 **********
 FIRST CALL TO USER FUNCTION AT NEW START POINT, WITH IFLAG=4.
 START MIGRAD MINIMIZATION.  STRATEGY  1.  CONVERGENCE WHEN EDM .LT. 1.00e-03
 FCN=1320.93 FROM MIGRAD    STATUS=INITIATE        4 CALLS           5 TOTAL
                     EDM= unknown      STRATEGY= 1      NO ERROR MATRIX       
  EXT PARAMETER               CURRENT GUESS       STEP         FIRST   
  NO.   NAME      VALUE            ERROR          SIZE      DERIVATIVE 
   1  frac         8.50000e-01   7.50000e-02   2.16811e-01   2.81185e+02
                               ERR DEF= 0.5
 MIGRAD MINIMIZATION HAS CONVERGED.
 MIGRAD WILL VERIFY CONVERGENCE AND ERROR MATRIX.
 COVARIANCE MATRIX CALCULATED SUCCESSFULLY
 FCN=1246.42 FROM MIGRAD    STATUS=CONVERGED      17 CALLS          18 TOTAL
                     EDM=3.64628e-07    STRATEGY= 1      ERROR MATRIX ACCURATE 
  EXT PARAMETER                                   STEP         FIRST   
  NO.   NAME      VALUE            ERROR          SIZE      DERIVATIVE 
   1  frac         6.11870e-01   2.26151e-02   1.12855e-03   1.30074e-02
                               ERR DEF= 0.5
 EXTERNAL ERROR MATRIX.    NDIM=  25    NPAR=  1    ERR DEF=0.5
  5.118e-04 
 **********
 **   18 **HESSE         500
 **********
 COVARIANCE MATRIX CALCULATED SUCCESSFULLY
 FCN=1246.42 FROM HESSE     STATUS=OK              5 CALLS          23 TOTAL
                     EDM=3.64574e-07    STRATEGY= 1      ERROR MATRIX ACCURATE 
  EXT PARAMETER                                INTERNAL      INTERNAL  
  NO.   NAME      VALUE            ERROR       STEP SIZE       VALUE   
   1  frac         6.11870e-01   2.26151e-02   2.25709e-04   2.25650e-01
                               ERR DEF= 0.5
 EXTERNAL ERROR MATRIX.    NDIM=  25    NPAR=  1    ERR DEF=0.5
  5.118e-04 
[#1] INFO:Minization -- RooMinuit::optimizeConst: deactivating const optimization
[#1] INFO:Minization -- RooMinuit::optimizeConst: activating const optimization
[#1] INFO:Minization --  The following expressions have been identified as constant and will be precalculated and cached: (promptPdf,nonpromptDataPdf)
 **********
 **   13 **MIGRAD         500           1
 **********
 FIRST CALL TO USER FUNCTION AT NEW START POINT, WITH IFLAG=4.
 START MIGRAD MINIMIZATION.  STRATEGY  1.  CONVERGENCE WHEN EDM .LT. 1.00e-03
 FCN=1324.26 FROM MIGRAD    STATUS=INITIATE        4 CALLS           5 TOTAL
                     EDM= unknown      STRATEGY= 1      NO ERROR MATRIX       
  EXT PARAMETER               CURRENT GUESS       STEP         FIRST   
  NO.   NAME      VALUE            ERROR          SIZE      DERIVATIVE 
   1  fracALT      8.50000e-01   7.50000e-02   2.16811e-01   2.73207e+02
                               ERR DEF= 0.5
 MIGRAD MINIMIZATION HAS CONVERGED.
 MIGRAD WILL VERIFY CONVERGENCE AND ERROR MATRIX.
 COVARIANCE MATRIX CALCULATED SUCCESSFULLY
 FCN=1253.09 FROM MIGRAD    STATUS=CONVERGED      17 CALLS          18 TOTAL
                     EDM=1.11782e-07    STRATEGY= 1      ERROR MATRIX ACCURATE 
  EXT PARAMETER                                   STEP         FIRST   
  NO.   NAME      VALUE            ERROR          SIZE      DERIVATIVE 
   1  fracALT      6.18039e-01   2.24392e-02   1.12709e-03   7.23672e-03
                               ERR DEF= 0.5
 EXTERNAL ERROR MATRIX.    NDIM=  25    NPAR=  1    ERR DEF=0.5
  5.039e-04 
 **********
 **   18 **HESSE         500
 **********
 COVARIANCE MATRIX CALCULATED SUCCESSFULLY
 FCN=1253.09 FROM HESSE     STATUS=OK              5 CALLS          23 TOTAL
                     EDM=1.11754e-07    STRATEGY= 1      ERROR MATRIX ACCURATE 
  EXT PARAMETER                                INTERNAL      INTERNAL  
  NO.   NAME      VALUE            ERROR       STEP SIZE       VALUE   
   1  fracALT      6.18039e-01   2.24392e-02   2.25419e-04   2.38327e-01
                               ERR DEF= 0.5
 EXTERNAL ERROR MATRIX.    NDIM=  25    NPAR=  1    ERR DEF=0.5
  5.039e-04 
[#1] INFO:Minization -- RooMinuit::optimizeConst: deactivating const optimization
[#1] INFO:Eval -- RooRealVar::setRange(sieie) new range named 'SR' created with bounds [0,1.79]
purity in SR:  0.805030043421 +/- 0.0297543758535
purity from fit:  0.611869961462 +/- 0.0226150675439
ALT purity in SR:  0.669504893107 +/- 0.0240651647465
ALT purity from fit:  0.618038547233 +/- 0.0224391848809
[?1034h######################
      Trigger         
0 HLT_DoubleEle8_CaloIdM_TrackIdM_Mass8_PFHT300_v4
1 HLT_DoubleMu8_Mass8_PFHT300_v4
2 HLT_Ele105_CaloIdVT_GsfTrkIdT_v3
3 HLT_Ele15_IsoVVVL_PFHT350_PFMET50_v2
4 HLT_Ele15_IsoVVVL_PFHT350_v2
5 HLT_Ele15_IsoVVVL_PFHT400_v
6 HLT_Ele15_IsoVVVL_PFHT600_v3
7 HLT_Ele23_Ele12_CaloIdL_TrackIdL_IsoVL_DZ_v3
8 HLT_Ele25_eta2p1_WPTight_v 
9 HLT_Ele27_WPTight_v
10 HLT_Ele27_eta2p1_WPLoose_v 
11 HLT_Ele45_WPLoose_v
12 HLT_Ele50_IsoVVVL_PFHT400_v
13 HLT_IsoMu22_eta2p1_v
14 HLT_IsoMu22_v2
15 HLT_IsoMu24_v 
16 HLT_IsoTkMu22_v2
17 HLT_Mu15_IsoVVVL_PFHT350_PFMET50_v2
18 HLT_Mu15_IsoVVVL_PFHT350_v2
19 HLT_Mu15_IsoVVVL_PFHT400_v
20 HLT_Mu15_IsoVVVL_PFHT600_v3
21 HLT_Mu17_TrkIsoVVL_Mu8_TrkIsoVVL_v2
22 HLT_Mu17_TrkIsoVVL_TkMu8_TrkIsoVVL_v2
23 HLT_Mu50_IsoVVVL_PFHT400_v
24 HLT_Mu50_v2
25 HLT_PFHT300_PFMET100_v1
26 HLT_PFHT300_PFMET110_v1
27 HLT_PFHT800_v2
28 HLT_PFHT900_v1
29 HLT_PFMET100_PFMHT100_IDTight_v2
30 HLT_PFMET110_PFMHT110_IDTight_v2
31 HLT_PFMET120_PFMHT120_IDTight_v2
32 HLT_PFMET90_PFMHT90_IDTight_v2
33 HLT_PFMETNoMu100_PFMHTNoMu100_IDTight_v1
34 HLT_PFMETNoMu110_PFMHTNoMu110_IDTight_v1
35 HLT_PFMETNoMu120_PFMHTNoMu120_IDTight_v1
36 HLT_PFMETNoMu90_PFMHTNoMu90_IDTight_v1
37 HLT_Photon165_HE10_v3
38 HLT_Photon175_v3
39 HLT_Photon90_CaloIdL_PFHT500_v3
40 HLT_TkMu50_v
######################
[#1] INFO:DataHandling -- RooDataHist::adjustBinning(promptDataHist): fit range of variable sieie expanded to nearest bin boundaries: [0,20] --> [0,20]
[#1] INFO:DataHandling -- RooDataHist::adjustBinning(nonpromptDataHist): fit range of variable sieie expanded to nearest bin boundaries: [0,20] --> [0,20]
[#1] INFO:DataHandling -- RooDataHist::adjustBinning(nonpromptHist): fit range of variable sieie expanded to nearest bin boundaries: [0,20] --> [0,20]
[#1] INFO:DataHandling -- RooDataHist::adjustBinning(dataHist): fit range of variable sieie expanded to nearest bin boundaries: [0,20] --> [0,20]
[#1] INFO:Minization -- RooMinuit::optimizeConst: activating const optimization
[#1] INFO:Minization --  The following expressions have been identified as constant and will be precalculated and cached: (promptPdf,nonpromptPdf)
 **********
 **   13 **MIGRAD         500           1
 **********
 FIRST CALL TO USER FUNCTION AT NEW START POINT, WITH IFLAG=4.
 START MIGRAD MINIMIZATION.  STRATEGY  1.  CONVERGENCE WHEN EDM .LT. 1.00e-03
 FCN=486.134 FROM MIGRAD    STATUS=INITIATE        4 CALLS           5 TOTAL
                     EDM= unknown      STRATEGY= 1      NO ERROR MATRIX       
  EXT PARAMETER               CURRENT GUESS       STEP         FIRST   
  NO.   NAME      VALUE            ERROR          SIZE      DERIVATIVE 
   1  frac         8.50000e-01   7.50000e-02   2.16811e-01   9.62162e+01
                               ERR DEF= 0.5
 MIGRAD MINIMIZATION HAS CONVERGED.
 MIGRAD WILL VERIFY CONVERGENCE AND ERROR MATRIX.
 COVARIANCE MATRIX CALCULATED SUCCESSFULLY
 FCN=466.073 FROM MIGRAD    STATUS=CONVERGED      17 CALLS          18 TOTAL
                     EDM=1.70005e-07    STRATEGY= 1      ERROR MATRIX ACCURATE 
  EXT PARAMETER                                   STEP         FIRST   
  NO.   NAME      VALUE            ERROR          SIZE      DERIVATIVE 
   1  frac         6.67303e-01   3.33139e-02   1.05177e-03   5.82679e-03
                               ERR DEF= 0.5
 EXTERNAL ERROR MATRIX.    NDIM=  25    NPAR=  1    ERR DEF=0.5
  1.112e-03 
 **********
 **   18 **HESSE         500
 **********
 COVARIANCE MATRIX CALCULATED SUCCESSFULLY
 FCN=466.073 FROM HESSE     STATUS=OK              5 CALLS          23 TOTAL
                     EDM=1.69977e-07    STRATEGY= 1      ERROR MATRIX ACCURATE 
  EXT PARAMETER                                INTERNAL      INTERNAL  
  NO.   NAME      VALUE            ERROR       STEP SIZE       VALUE   
   1  frac         6.67303e-01   3.33139e-02   2.10354e-04   3.41186e-01
                               ERR DEF= 0.5
 EXTERNAL ERROR MATRIX.    NDIM=  25    NPAR=  1    ERR DEF=0.5
  1.112e-03 
[#1] INFO:Minization -- RooMinuit::optimizeConst: deactivating const optimization
[#1] INFO:Minization -- RooMinuit::optimizeConst: activating const optimization
[#1] INFO:Minization --  The following expressions have been identified as constant and will be precalculated and cached: (promptPdf,nonpromptDataPdf)
 **********
 **   13 **MIGRAD         500           1
 **********
 FIRST CALL TO USER FUNCTION AT NEW START POINT, WITH IFLAG=4.
 START MIGRAD MINIMIZATION.  STRATEGY  1.  CONVERGENCE WHEN EDM .LT. 1.00e-03
 FCN=492.166 FROM MIGRAD    STATUS=INITIATE        4 CALLS           5 TOTAL
                     EDM= unknown      STRATEGY= 1      NO ERROR MATRIX       
  EXT PARAMETER               CURRENT GUESS       STEP         FIRST   
  NO.   NAME      VALUE            ERROR          SIZE      DERIVATIVE 
   1  fracALT      8.50000e-01   7.50000e-02   2.16811e-01   9.18934e+01
                               ERR DEF= 0.5
 MIGRAD MINIMIZATION HAS CONVERGED.
 MIGRAD WILL VERIFY CONVERGENCE AND ERROR MATRIX.
 COVARIANCE MATRIX CALCULATED SUCCESSFULLY
 FCN=473.896 FROM MIGRAD    STATUS=CONVERGED      17 CALLS          18 TOTAL
                     EDM=5.88001e-08    STRATEGY= 1      ERROR MATRIX ACCURATE 
  EXT PARAMETER                                   STEP         FIRST   
  NO.   NAME      VALUE            ERROR          SIZE      DERIVATIVE 
   1  fracALT      6.77844e-01   3.26901e-02   1.05027e-03   3.46351e-03
                               ERR DEF= 0.5
 EXTERNAL ERROR MATRIX.    NDIM=  25    NPAR=  1    ERR DEF=0.5
  1.070e-03 
 **********
 **   18 **HESSE         500
 **********
 COVARIANCE MATRIX CALCULATED SUCCESSFULLY
 FCN=473.896 FROM HESSE     STATUS=OK              5 CALLS          23 TOTAL
                     EDM=5.87851e-08    STRATEGY= 1      ERROR MATRIX ACCURATE 
  EXT PARAMETER                                INTERNAL      INTERNAL  
  NO.   NAME      VALUE            ERROR       STEP SIZE       VALUE   
   1  fracALT      6.77844e-01   3.26901e-02   2.10053e-04   3.63649e-01
                               ERR DEF= 0.5
 EXTERNAL ERROR MATRIX.    NDIM=  25    NPAR=  1    ERR DEF=0.5
  1.070e-03 
[#1] INFO:Minization -- RooMinuit::optimizeConst: deactivating const optimization
[#1] INFO:Eval -- RooRealVar::setRange(sieie) new range named 'SR' created with bounds [0,1.79]
purity in SR:  0.833249376519 +/- 0.0415984604803
purity from fit:  0.667302629767 +/- 0.0333138707991
ALT purity in SR:  0.756199737265 +/- 0.0359018044084
ALT purity from fit:  0.677843541738 +/- 0.0326900694521
[?1034h######################
      Trigger         
0 HLT_DoubleEle8_CaloIdM_TrackIdM_Mass8_PFHT300_v4
1 HLT_DoubleMu8_Mass8_PFHT300_v4
2 HLT_Ele105_CaloIdVT_GsfTrkIdT_v3
3 HLT_Ele15_IsoVVVL_PFHT350_PFMET50_v2
4 HLT_Ele15_IsoVVVL_PFHT350_v2
5 HLT_Ele15_IsoVVVL_PFHT400_v
6 HLT_Ele15_IsoVVVL_PFHT600_v3
7 HLT_Ele23_Ele12_CaloIdL_TrackIdL_IsoVL_DZ_v3
8 HLT_Ele25_eta2p1_WPTight_v 
9 HLT_Ele27_WPTight_v
10 HLT_Ele27_eta2p1_WPLoose_v 
11 HLT_Ele45_WPLoose_v
12 HLT_Ele50_IsoVVVL_PFHT400_v
13 HLT_IsoMu22_eta2p1_v
14 HLT_IsoMu22_v2
15 HLT_IsoMu24_v 
16 HLT_IsoTkMu22_v2
17 HLT_Mu15_IsoVVVL_PFHT350_PFMET50_v2
18 HLT_Mu15_IsoVVVL_PFHT350_v2
19 HLT_Mu15_IsoVVVL_PFHT400_v
20 HLT_Mu15_IsoVVVL_PFHT600_v3
21 HLT_Mu17_TrkIsoVVL_Mu8_TrkIsoVVL_v2
22 HLT_Mu17_TrkIsoVVL_TkMu8_TrkIsoVVL_v2
23 HLT_Mu50_IsoVVVL_PFHT400_v
24 HLT_Mu50_v2
25 HLT_PFHT300_PFMET100_v1
26 HLT_PFHT300_PFMET110_v1
27 HLT_PFHT800_v2
28 HLT_PFHT900_v1
29 HLT_PFMET100_PFMHT100_IDTight_v2
30 HLT_PFMET110_PFMHT110_IDTight_v2
31 HLT_PFMET120_PFMHT120_IDTight_v2
32 HLT_PFMET90_PFMHT90_IDTight_v2
33 HLT_PFMETNoMu100_PFMHTNoMu100_IDTight_v1
34 HLT_PFMETNoMu110_PFMHTNoMu110_IDTight_v1
35 HLT_PFMETNoMu120_PFMHTNoMu120_IDTight_v1
36 HLT_PFMETNoMu90_PFMHTNoMu90_IDTight_v1
37 HLT_Photon165_HE10_v3
38 HLT_Photon175_v3
39 HLT_Photon90_CaloIdL_PFHT500_v3
40 HLT_TkMu50_v
######################
[#1] INFO:DataHandling -- RooDataHist::adjustBinning(promptDataHist): fit range of variable sieie expanded to nearest bin boundaries: [0,20] --> [0,20]
[#1] INFO:DataHandling -- RooDataHist::adjustBinning(nonpromptDataHist): fit range of variable sieie expanded to nearest bin boundaries: [0,20] --> [0,20]
[#1] INFO:DataHandling -- RooDataHist::adjustBinning(nonpromptHist): fit range of variable sieie expanded to nearest bin boundaries: [0,20] --> [0,20]
[#1] INFO:DataHandling -- RooDataHist::adjustBinning(dataHist): fit range of variable sieie expanded to nearest bin boundaries: [0,20] --> [0,20]
[#1] INFO:Minization -- RooMinuit::optimizeConst: activating const optimization
[#1] INFO:Minization --  The following expressions have been identified as constant and will be precalculated and cached: (promptPdf,nonpromptPdf)
 **********
 **   13 **MIGRAD         500           1
 **********
 FIRST CALL TO USER FUNCTION AT NEW START POINT, WITH IFLAG=4.
 START MIGRAD MINIMIZATION.  STRATEGY  1.  CONVERGENCE WHEN EDM .LT. 1.00e-03
 FCN=417.543 FROM MIGRAD    STATUS=INITIATE        4 CALLS           5 TOTAL
                     EDM= unknown      STRATEGY= 1      NO ERROR MATRIX       
  EXT PARAMETER               CURRENT GUESS       STEP         FIRST   
  NO.   NAME      VALUE            ERROR          SIZE      DERIVATIVE 
   1  frac         8.50000e-01   7.50000e-02   2.16811e-01   7.02974e+01
                               ERR DEF= 0.5
 MIGRAD MINIMIZATION HAS CONVERGED.
 MIGRAD WILL VERIFY CONVERGENCE AND ERROR MATRIX.
 COVARIANCE MATRIX CALCULATED SUCCESSFULLY
 FCN=405.778 FROM MIGRAD    STATUS=CONVERGED      18 CALLS          19 TOTAL
                     EDM=6.6182e-10    STRATEGY= 1      ERROR MATRIX ACCURATE 
  EXT PARAMETER                                   STEP         FIRST   
  NO.   NAME      VALUE            ERROR          SIZE      DERIVATIVE 
   1  frac         7.10508e-01   3.23184e-02   9.92591e-04   3.60708e-04
                               ERR DEF= 0.5
 EXTERNAL ERROR MATRIX.    NDIM=  25    NPAR=  1    ERR DEF=0.5
  1.046e-03 
 **********
 **   18 **HESSE         500
 **********
 COVARIANCE MATRIX CALCULATED SUCCESSFULLY
 FCN=405.778 FROM HESSE     STATUS=OK              5 CALLS          24 TOTAL
                     EDM=6.60894e-10    STRATEGY= 1      ERROR MATRIX ACCURATE 
  EXT PARAMETER                                INTERNAL      INTERNAL  
  NO.   NAME      VALUE            ERROR       STEP SIZE       VALUE   
   1  frac         7.10508e-01   3.23184e-02   1.98518e-04   4.34564e-01
                               ERR DEF= 0.5
 EXTERNAL ERROR MATRIX.    NDIM=  25    NPAR=  1    ERR DEF=0.5
  1.046e-03 
[#1] INFO:Minization -- RooMinuit::optimizeConst: deactivating const optimization
[#1] INFO:Minization -- RooMinuit::optimizeConst: activating const optimization
[#1] INFO:Minization --  The following expressions have been identified as constant and will be precalculated and cached: (promptPdf,nonpromptDataPdf)
 **********
 **   13 **MIGRAD         500           1
 **********
 FIRST CALL TO USER FUNCTION AT NEW START POINT, WITH IFLAG=4.
 START MIGRAD MINIMIZATION.  STRATEGY  1.  CONVERGENCE WHEN EDM .LT. 1.00e-03
 FCN=410.185 FROM MIGRAD    STATUS=INITIATE        4 CALLS           5 TOTAL
                     EDM= unknown      STRATEGY= 1      NO ERROR MATRIX       
  EXT PARAMETER               CURRENT GUESS       STEP         FIRST   
  NO.   NAME      VALUE            ERROR          SIZE      DERIVATIVE 
   1  fracALT      8.50000e-01   7.50000e-02   2.16811e-01   7.46201e+01
                               ERR DEF= 0.5
 MIGRAD MINIMIZATION HAS CONVERGED.
 MIGRAD WILL VERIFY CONVERGENCE AND ERROR MATRIX.
 COVARIANCE MATRIX CALCULATED SUCCESSFULLY
 FCN=397.199 FROM MIGRAD    STATUS=CONVERGED      17 CALLS          18 TOTAL
                     EDM=4.58161e-09    STRATEGY= 1      ERROR MATRIX ACCURATE 
  EXT PARAMETER                                   STEP         FIRST   
  NO.   NAME      VALUE            ERROR          SIZE      DERIVATIVE 
   1  fracALT      7.03394e-01   3.25836e-02   9.81867e-04   9.48047e-04
                               ERR DEF= 0.5
 EXTERNAL ERROR MATRIX.    NDIM=  25    NPAR=  1    ERR DEF=0.5
  1.063e-03 
 **********
 **   18 **HESSE         500
 **********
 COVARIANCE MATRIX CALCULATED SUCCESSFULLY
 FCN=397.199 FROM HESSE     STATUS=OK              5 CALLS          23 TOTAL
                     EDM=4.57826e-09    STRATEGY= 1      ERROR MATRIX ACCURATE 
  EXT PARAMETER                                INTERNAL      INTERNAL  
  NO.   NAME      VALUE            ERROR       STEP SIZE       VALUE   
   1  fracALT      7.03394e-01   3.25836e-02   1.96373e-04   4.18935e-01
                               ERR DEF= 0.5
 EXTERNAL ERROR MATRIX.    NDIM=  25    NPAR=  1    ERR DEF=0.5
  1.063e-03 
[#1] INFO:Minization -- RooMinuit::optimizeConst: deactivating const optimization
[#1] INFO:Eval -- RooRealVar::setRange(sieie) new range named 'SR' created with bounds [0,1.79]
purity in SR:  0.855600192597 +/- 0.0389180825518
purity from fit:  0.710507621494 +/- 0.032318359096
ALT purity in SR:  0.753272424757 +/- 0.0352470688342
ALT purity from fit:  0.703393950003 +/- 0.0325836290986
